                                     ======================
                                        ALPSO 1.1 (Serial)
                                     ======================

Parameters:
-------------------------------------------------------------------------------------------------
Swarmsize           :       10    MaxOuterIters     :      200    Seed:       1518385353.88234901
Cognitive Parameter :    2.000    MaxInnerIters     :        6    Scaling            :          1
Social Parameter    :    1.000    MinInnerIters     :        6    Stopping Criteria  :          1
Initial Weight      :    0.990    DynInnerIters     :        0    Number of Failures :         15
Final Weight        :    0.550    StoppingIters     :        5    Number of Successes:          5

Absolute Tolerance  : 1.00e-02    Number Initial Pos:        0    Neighbourhood Model:      gbest
Relative Tolerance  : 1.00e-02    Initial Velocity  :        1    Neighbourhood Size :         40
Inequality Tolerance: 1.00e-03    Maximum Velocity  :        2    Selfless           :          1
Equality Tolerance  : 1.00e-03    Craziness Velocity: 1.00e-04    Fileout            :          1
Global Distance     : 1.00e-01    Initial Penalty   :     1.00    File Name          :  ALPSO.out
-------------------------------------------------------------------------------------------------


================================================================================

NUMBER OF ITERATIONS: 1

NUMBER OF OBJECTIVE FUNCTION EVALUATIONS: 70

OBJECTIVE FUNCTION VALUE:
	F = 43.96833362883881

LAGRANGIAN MULTIPLIERS VALUES:

PENALTY FACTOR:

BEST POSITION:
	P(0) = 0.00109327774531983		P(1) = 0.01930879728198338		P(2) = 0.06190838445609617	
	P(3) = 0		P(4) = 0.08997125774165173		P(5) = 0.08231672987593558	
	P(6) = 0.02276901805943113		P(7) = 0.05115529871513902		P(8) = 0.099	
	P(9) = 0.05530035135253542		P(10) = 0.08288121682770633		P(11) = 0.01307430266437624	
	P(12) = 0.0593575100249915		P(13) = 0.05547719108278299		P(14) = 0.03570839380314783	
	P(15) = 0.01000848575494346		P(16) = 0.02654764989293148		P(17) = 0.02314791914200293	
	P(18) = 0.04859149831220505		P(19) = 0		P(20) = 0.02159215523581018	
	P(21) = 0.028731479140259		P(22) = 0.01489932315659999		P(23) = 0.07220134560880041	
	P(24) = 0.03788205837305567		P(25) = 0		P(26) = 0.060006242048508	
	P(27) = 0		P(28) = 0		P(29) = 0	
	P(30) = 0.099		P(31) = 0		P(32) = 0.04026608185787639	
	P(33) = 0		P(34) = 0		P(35) = 0.0007175438948898091	
	P(36) = 0.099		P(37) = 0		P(38) = 0.04026437188871901	
	P(39) = 0		P(40) = 0.02411068268585602		P(41) = 0.064732362566119	
	P(42) = 0.099		P(43) = 0		P(44) = 0.04598675120649057	
	P(45) = 0.05235492623845191		P(46) = 0.06542512604170814		P(47) = 0.099	
	P(48) = 0.03847530760017476		P(49) = 0.05237690281423767		P(50) = 0.0008493596819641458	
	P(51) = 0.09771287101280929		P(52) = 0		P(53) = 0.05038069329893184	
	P(54) = 0.05848258202982437		P(55) = 0.05235042206183491		P(56) = 0.01829874024173909	
	P(57) = 0.003007239687832501		P(58) = 0		P(59) = 0	
	P(60) = 0.01076131130777273		P(61) = 0.05319447449098388		P(62) = 0.0336200171047678	
	P(63) = 0	
================================================================================

================================================================================

NUMBER OF ITERATIONS: 2

NUMBER OF OBJECTIVE FUNCTION EVALUATIONS: 130

OBJECTIVE FUNCTION VALUE:
	F = 25.84765068129489

LAGRANGIAN MULTIPLIERS VALUES:

PENALTY FACTOR:

BEST POSITION:
	P(0) = 0.01871543080114738		P(1) = 0.00103586854376625		P(2) = 0.04242495717750269	
	P(3) = 0.0144816714985354		P(4) = 0.099		P(5) = 0.08039758573219853	
	P(6) = 0.04980632128840974		P(7) = 0.03589766686603083		P(8) = 0.099	
	P(9) = 0.02325939258625119		P(10) = 0.099		P(11) = 0.005965693192241418	
	P(12) = 0.04108212632546548		P(13) = 0		P(14) = 0.02962954061468486	
	P(15) = 0.001640964421398113		P(16) = 0		P(17) = 0.08091589928175549	
	P(18) = 0.01078515503354417		P(19) = 0		P(20) = 0.0008308459110248148	
	P(21) = 0		P(22) = 0.02151651451529666		P(23) = 0.09836273712343166	
	P(24) = 0.05386428970023547		P(25) = 0		P(26) = 0.04325273489680989	
	P(27) = 0		P(28) = 0		P(29) = 0.008846800374605945	
	P(30) = 0.09893719170935539		P(31) = 0		P(32) = 0.06646166587023392	
	P(33) = 0		P(34) = 0		P(35) = 0	
	P(36) = 0.09896259301074377		P(37) = 0		P(38) = 0.005336560673041217	
	P(39) = 0		P(40) = 0.01159166351403293		P(41) = 0	
	P(42) = 0.099		P(43) = 0		P(44) = 0.09734949480039033	
	P(45) = 0.0343535133294161		P(46) = 0.06628665420504114		P(47) = 0.045359574577833	
	P(48) = 0.05154132036906389		P(49) = 0.099		P(50) = 0.02006799368077149	
	P(51) = 0.03203884068563246		P(52) = 0.01656929810116244		P(53) = 0.06784431773802513	
	P(54) = 0.01754918990988234		P(55) = 0.005286707234032316		P(56) = 0	
	P(57) = 0		P(58) = 0		P(59) = 0	
	P(60) = 0		P(61) = 0.0102721895443412		P(62) = 0.05354871667422453	
	P(63) = 0	
================================================================================

================================================================================

NUMBER OF ITERATIONS: 3

NUMBER OF OBJECTIVE FUNCTION EVALUATIONS: 190

OBJECTIVE FUNCTION VALUE:
	F = 17.19778388589872

LAGRANGIAN MULTIPLIERS VALUES:

PENALTY FACTOR:

BEST POSITION:
	P(0) = 0		P(1) = 0		P(2) = 0.06206782170862032	
	P(3) = 0.02120576162373762		P(4) = 0.099		P(5) = 0.08283281121790062	
	P(6) = 0.05049260302830776		P(7) = 0.04170122094450102		P(8) = 0.099	
	P(9) = 0.02113241394040715		P(10) = 0.099		P(11) = 0	
	P(12) = 0.07218300261088004		P(13) = 0		P(14) = 0.005427751279575038	
	P(15) = 0		P(16) = 0		P(17) = 0.08313596609521696	
	P(18) = 0		P(19) = 0		P(20) = 0	
	P(21) = 0		P(22) = 0.02524955279321064		P(23) = 0.0986337582960473	
	P(24) = 0.05033139362200273		P(25) = 0		P(26) = 0.03357170298790734	
	P(27) = 0		P(28) = 0		P(29) = 0.004993945531046803	
	P(30) = 0.099		P(31) = 0.001955007026112905		P(32) = 0.09261682395267351	
	P(33) = 0		P(34) = 0		P(35) = 0	
	P(36) = 0.099		P(37) = 0		P(38) = 0	
	P(39) = 0		P(40) = 0.01440885486024374		P(41) = 0	
	P(42) = 0.06765913943680037		P(43) = 0		P(44) = 0.099	
	P(45) = 0.0186054801844445		P(46) = 0.06090737403409074		P(47) = 0.02138240395554815	
	P(48) = 0.06778658781118244		P(49) = 0.02509296070704395		P(50) = 0.03183831785343943	
	P(51) = 0.006950032016571552		P(52) = 0		P(53) = 0.03751240625115734	
	P(54) = 0.04118198140125306		P(55) = 0		P(56) = 0	
	P(57) = 0		P(58) = 0		P(59) = 0	
	P(60) = 0		P(61) = 0		P(62) = 0.08896085631865357	
	P(63) = 0	
================================================================================

================================================================================

NUMBER OF ITERATIONS: 4

NUMBER OF OBJECTIVE FUNCTION EVALUATIONS: 250

OBJECTIVE FUNCTION VALUE:
	F = 14.01315025520415

LAGRANGIAN MULTIPLIERS VALUES:

PENALTY FACTOR:

BEST POSITION:
	P(0) = 0		P(1) = 0		P(2) = 0.08771263022694947	
	P(3) = 0.004572934331260964		P(4) = 0.099		P(5) = 0.07695124367555634	
	P(6) = 0.01603622347552825		P(7) = 0.04850069844744943		P(8) = 0.099	
	P(9) = 0.01439002149011893		P(10) = 0.09899700115844304		P(11) = 0	
	P(12) = 0.070622734064926		P(13) = 0		P(14) = 0.006186469702842624	
	P(15) = 0		P(16) = 0		P(17) = 0.06421344783220495	
	P(18) = 0		P(19) = 1.736051113386539e-06		P(20) = 0	
	P(21) = 0		P(22) = 0.03394261330714976		P(23) = 0.099	
	P(24) = 0.05318140406111414		P(25) = 0		P(26) = 0.01329043234836594	
	P(27) = 0		P(28) = 0		P(29) = 0.007493907662941293	
	P(30) = 0.099		P(31) = 0.0002911038333468646		P(32) = 0.099	
	P(33) = 0		P(34) = 0		P(35) = 0	
	P(36) = 0.099		P(37) = 0		P(38) = 0	
	P(39) = 3.14952080589237e-07		P(40) = 0.001441065328252729		P(41) = 0	
	P(42) = 0.08155216965533837		P(43) = 0		P(44) = 0.09657659614606701	
	P(45) = 0		P(46) = 0.05850728176135322		P(47) = 0.02464401481323238	
	P(48) = 0.09796553815610244		P(49) = 0.003215804448555799		P(50) = 0	
	P(51) = 0.005353064071633676		P(52) = 0.0001228515946209568		P(53) = 0.02095062726357283	
	P(54) = 0.03871042911827179		P(55) = 0		P(56) = 0	
	P(57) = 0		P(58) = 0		P(59) = 0	
	P(60) = 0.0001614373940755365		P(61) = 0.0001221930260575516		P(62) = 0.07802750742539939	
	P(63) = 0	
================================================================================

================================================================================

NUMBER OF ITERATIONS: 5

NUMBER OF OBJECTIVE FUNCTION EVALUATIONS: 310

OBJECTIVE FUNCTION VALUE:
	F = 11.63060506810234

LAGRANGIAN MULTIPLIERS VALUES:

PENALTY FACTOR:

BEST POSITION:
	P(0) = 0		P(1) = 0		P(2) = 0.08819149904217792	
	P(3) = 0		P(4) = 0.099		P(5) = 0.0406854585366302	
	P(6) = 0.02181882612084223		P(7) = 0.08064401386842397		P(8) = 0.099	
	P(9) = 0.01000617034029741		P(10) = 0.099		P(11) = 0	
	P(12) = 0.0248759183144657		P(13) = 0		P(14) = 0.008297819348214205	
	P(15) = 0		P(16) = 0		P(17) = 0.04104760218887947	
	P(18) = 0		P(19) = 0		P(20) = 0	
	P(21) = 0		P(22) = 0.03283150480617239		P(23) = 0.099	
	P(24) = 0.05815335265988858		P(25) = 0		P(26) = 0	
	P(27) = 0		P(28) = 0		P(29) = 0.002368109233910363	
	P(30) = 0.099		P(31) = 0		P(32) = 0.09783658207202933	
	P(33) = 0		P(34) = 0		P(35) = 0	
	P(36) = 0.099		P(37) = 0		P(38) = 0	
	P(39) = 0		P(40) = 0		P(41) = 0	
	P(42) = 0.07894156233449867		P(43) = 0		P(44) = 0.09802086041030025	
	P(45) = 0		P(46) = 0.06311924383486645		P(47) = 0.0318803306421417	
	P(48) = 0.08354793638213019		P(49) = 0.01040938662604782		P(50) = 0.0007026790812376116	
	P(51) = 0		P(52) = 0		P(53) = 0	
	P(54) = 0.02147967272121283		P(55) = 0		P(56) = 0	
	P(57) = 0		P(58) = 0		P(59) = 0	
	P(60) = 0		P(61) = 0		P(62) = 0.03158481801564227	
	P(63) = 0	
================================================================================

================================================================================

NUMBER OF ITERATIONS: 6

NUMBER OF OBJECTIVE FUNCTION EVALUATIONS: 370

OBJECTIVE FUNCTION VALUE:
	F = 10.94648689156309

LAGRANGIAN MULTIPLIERS VALUES:

PENALTY FACTOR:

BEST POSITION:
	P(0) = 0		P(1) = 0		P(2) = 0.07862086347583484	
	P(3) = 0		P(4) = 0.099		P(5) = 0.001554933198243062	
	P(6) = 0.0267980255120032		P(7) = 0.09004150972464475		P(8) = 0.099	
	P(9) = 0.009881592784672308		P(10) = 0.099		P(11) = 0	
	P(12) = 0.005418393029075867		P(13) = 0		P(14) = 0.003017368357292043	
	P(15) = 0		P(16) = 0		P(17) = 0.04330639034632865	
	P(18) = 0		P(19) = 0		P(20) = 0	
	P(21) = 0		P(22) = 0.02513000310726992		P(23) = 0.099	
	P(24) = 0.0410716240119614		P(25) = 0		P(26) = 0	
	P(27) = 0		P(28) = 0		P(29) = 0	
	P(30) = 0.099		P(31) = 0		P(32) = 0.09819600870964935	
	P(33) = 0		P(34) = 0		P(35) = 0	
	P(36) = 0.099		P(37) = 0		P(38) = 0	
	P(39) = 0		P(40) = 0		P(41) = 0	
	P(42) = 0.07906868359016801		P(43) = 0		P(44) = 0.099	
	P(45) = 0		P(46) = 0.05957352950950467		P(47) = 0.02413672598062825	
	P(48) = 0.07388579720157276		P(49) = 0		P(50) = 0	
	P(51) = 0		P(52) = 0		P(53) = 0.005921836873445427	
	P(54) = 0.01209597470664016		P(55) = 0		P(56) = 0	
	P(57) = 0		P(58) = 0		P(59) = 0	
	P(60) = 0		P(61) = 0		P(62) = 0.02773084047942739	
	P(63) = 0	
================================================================================

================================================================================

NUMBER OF ITERATIONS: 7

NUMBER OF OBJECTIVE FUNCTION EVALUATIONS: 430

OBJECTIVE FUNCTION VALUE:
	F = 10.18420263571149

LAGRANGIAN MULTIPLIERS VALUES:

PENALTY FACTOR:

BEST POSITION:
	P(0) = 0.005121162037536812		P(1) = 0.0002949591490963785		P(2) = 0.0708897310848168	
	P(3) = 0		P(4) = 0.09854206667949553		P(5) = 0.003986700737965178	
	P(6) = 0.01741700830798598		P(7) = 0.09284301463598379		P(8) = 0.07162117739772843	
	P(9) = 0.03553229658519532		P(10) = 0.09474779088463231		P(11) = 0	
	P(12) = 0		P(13) = 0		P(14) = 0.000805481243681308	
	P(15) = 0.00350973674373966		P(16) = 0		P(17) = 0.0239266652314044	
	P(18) = 0		P(19) = 0.0008300094625608087		P(20) = 0	
	P(21) = 0		P(22) = 0.01769452074961713		P(23) = 0.099	
	P(24) = 0.005988785803994048		P(25) = 0		P(26) = 0.02321668491401071	
	P(27) = 0		P(28) = 0		P(29) = 0.005396550379344875	
	P(30) = 0.099		P(31) = 0.003142501580102763		P(32) = 0.099	
	P(33) = 0		P(34) = 0.008617370533473993		P(35) = 0	
	P(36) = 0.099		P(37) = 0		P(38) = 0	
	P(39) = 0		P(40) = 0		P(41) = 0.001214363652722608	
	P(42) = 0.04775503386833148		P(43) = 0		P(44) = 0.099	
	P(45) = 0		P(46) = 0.03865453783135897		P(47) = 0	
	P(48) = 0.03663169547462116		P(49) = 0		P(50) = 0.01653358655421994	
	P(51) = 0		P(52) = 0		P(53) = 0.00694480070294072	
	P(54) = 0		P(55) = 0		P(56) = 0	
	P(57) = 0.007346171066701816		P(58) = 0		P(59) = 0	
	P(60) = 0		P(61) = 0		P(62) = 0.03478245748439818	
	P(63) = 0.0001436422415727195	
================================================================================

================================================================================

NUMBER OF ITERATIONS: 8

NUMBER OF OBJECTIVE FUNCTION EVALUATIONS: 490

OBJECTIVE FUNCTION VALUE:
	F = 9.449187522740996

LAGRANGIAN MULTIPLIERS VALUES:

PENALTY FACTOR:

BEST POSITION:
	P(0) = 0		P(1) = 0		P(2) = 0.0336932074623571	
	P(3) = 0		P(4) = 0.099		P(5) = 0.001917682477734016	
	P(6) = 0.04421605039400524		P(7) = 0.099		P(8) = 0.04595857195399411	
	P(9) = 0.0617987408727239		P(10) = 0.09612998937494079		P(11) = 0	
	P(12) = 0		P(13) = 0		P(14) = 0	
	P(15) = 0.0002047943598731394		P(16) = 0		P(17) = 0	
	P(18) = 0		P(19) = 0		P(20) = 0	
	P(21) = 0		P(22) = 0.006749113783632764		P(23) = 0.099	
	P(24) = 0.008102258285803292		P(25) = 0		P(26) = 0.06941855896156167	
	P(27) = 0		P(28) = 0		P(29) = 0.001731585367158256	
	P(30) = 0.099		P(31) = 0		P(32) = 0.099	
	P(33) = 0		P(34) = 0.02339348680804895		P(35) = 0	
	P(36) = 0.099		P(37) = 0		P(38) = 0	
	P(39) = 0		P(40) = 0		P(41) = 0	
	P(42) = 0.07580143005324676		P(43) = 0		P(44) = 0.099	
	P(45) = 0		P(46) = 0.04543213157525838		P(47) = 0	
	P(48) = 0.0392424990995893		P(49) = 0		P(50) = 0.03302774614663478	
	P(51) = 0		P(52) = 0		P(53) = 0.009618504060825171	
	P(54) = 0		P(55) = 0		P(56) = 0	
	P(57) = 0		P(58) = 0		P(59) = 0	
	P(60) = 0		P(61) = 0		P(62) = 0.01449588888875326	
	P(63) = 0	
================================================================================

================================================================================

NUMBER OF ITERATIONS: 9

NUMBER OF OBJECTIVE FUNCTION EVALUATIONS: 550

OBJECTIVE FUNCTION VALUE:
	F = 8.793004355744767

LAGRANGIAN MULTIPLIERS VALUES:

PENALTY FACTOR:

BEST POSITION:
	P(0) = 0		P(1) = 0		P(2) = 0.009103451356022585	
	P(3) = 0		P(4) = 0.099		P(5) = 0	
	P(6) = 0.03294694040592591		P(7) = 0.099		P(8) = 0.0394791035543576	
	P(9) = 0.05677562590058405		P(10) = 0.09848658836514866		P(11) = 0	
	P(12) = 2.757483914331282e-06		P(13) = 1.707555130348037e-06		P(14) = 0	
	P(15) = 2.568655418276611e-06		P(16) = 2.901890575043864e-06		P(17) = 0	
	P(18) = 1.563160489763404e-06		P(19) = 0		P(20) = 0	
	P(21) = 1.958205889246445e-07		P(22) = 0.0234967782580469		P(23) = 0.099	
	P(24) = 0.002878952164028691		P(25) = 2.109241544742679e-06		P(26) = 0.09181988243879868	
	P(27) = 3.78568406754487e-07		P(28) = 2.341103613856532e-06		P(29) = 0	
	P(30) = 0.09899873567997602		P(31) = 0		P(32) = 0.099	
	P(33) = 4.469367622550457e-06		P(34) = 0		P(35) = 0	
	P(36) = 0.099		P(37) = 0.003196732477770255		P(38) = 8.745173328550404e-07	
	P(39) = 6.005021126555266e-06		P(40) = 6.480015997817334e-07		P(41) = 0	
	P(42) = 0.08996115316957637		P(43) = 1.237956654118189e-06		P(44) = 0.09899803687069439	
	P(45) = 8.891728041707236e-07		P(46) = 0.04667783237109728		P(47) = 0	
	P(48) = 0.008414448202281967		P(49) = 0		P(50) = 0.08340211569673239	
	P(51) = 2.164624853223662e-06		P(52) = 0		P(53) = 0.00552196888543089	
	P(54) = 1.538985448454322e-07		P(55) = 2.241627754730191e-06		P(56) = 0.00995866029514831	
	P(57) = 0		P(58) = 4.014862447082601e-07		P(59) = 2.638242879333952e-06	
	P(60) = 0		P(61) = 0		P(62) = 0.02212277114327526	
	P(63) = 4.322151147484465e-06	
================================================================================

================================================================================

NUMBER OF ITERATIONS: 10

NUMBER OF OBJECTIVE FUNCTION EVALUATIONS: 610

OBJECTIVE FUNCTION VALUE:
	F = 8.502493413227931

LAGRANGIAN MULTIPLIERS VALUES:

PENALTY FACTOR:

BEST POSITION:
	P(0) = 0		P(1) = 0		P(2) = 0	
	P(3) = 0		P(4) = 0.09634790813868516		P(5) = 0	
	P(6) = 0.02145263535094072		P(7) = 0.099		P(8) = 0	
	P(9) = 0.03290794384958352		P(10) = 0.099		P(11) = 0	
	P(12) = 0		P(13) = 0		P(14) = 0	
	P(15) = 0		P(16) = 0		P(17) = 0	
	P(18) = 0		P(19) = 0		P(20) = 0.0009770808990088725	
	P(21) = 0		P(22) = 0.03645654357303011		P(23) = 0.099	
	P(24) = 0.001826416431077928		P(25) = 0		P(26) = 0.08433249873825666	
	P(27) = 0		P(28) = 0		P(29) = 0	
	P(30) = 0.09039620134124432		P(31) = 0		P(32) = 0.099	
	P(33) = 0		P(34) = 0.0221352666645494		P(35) = 0	
	P(36) = 0.099		P(37) = 0.00950857742228179		P(38) = 0	
	P(39) = 0		P(40) = 0		P(41) = 0	
	P(42) = 0.09892730643343162		P(43) = 0		P(44) = 0.099	
	P(45) = 0		P(46) = 0.0607093529124085		P(47) = 0	
	P(48) = 0		P(49) = 0		P(50) = 0.08671411986996556	
	P(51) = 0		P(52) = 0		P(53) = 0.005402044733638436	
	P(54) = 0		P(55) = 0		P(56) = 0.02043553275937651	
	P(57) = 0		P(58) = 0.002700534968857755		P(59) = 0	
	P(60) = 0		P(61) = 0		P(62) = 0.0009940299510176123	
	P(63) = 0	
================================================================================

================================================================================

NUMBER OF ITERATIONS: 11

NUMBER OF OBJECTIVE FUNCTION EVALUATIONS: 670

OBJECTIVE FUNCTION VALUE:
	F = 8.267391745744114

LAGRANGIAN MULTIPLIERS VALUES:

PENALTY FACTOR:

BEST POSITION:
	P(0) = 0		P(1) = 0		P(2) = 0	
	P(3) = 0		P(4) = 0.099		P(5) = 0	
	P(6) = 0.008100896858479513		P(7) = 0.099		P(8) = 0.001562022866244482	
	P(9) = 0.03801115547040486		P(10) = 0.099		P(11) = 0	
	P(12) = 0		P(13) = 0		P(14) = 0	
	P(15) = 0		P(16) = 0		P(17) = 0	
	P(18) = 0		P(19) = 0		P(20) = 5.085004282755906e-05	
	P(21) = 0		P(22) = 0.001926613168505426		P(23) = 0.099	
	P(24) = 0.002864100315542753		P(25) = 0		P(26) = 0.06866017366749048	
	P(27) = 0		P(28) = 0		P(29) = 0	
	P(30) = 0.08431452200474904		P(31) = 0		P(32) = 0.099	
	P(33) = 0		P(34) = 0.02955492091779149		P(35) = 0	
	P(36) = 0.099		P(37) = 0.009565616851002066		P(38) = 0	
	P(39) = 0		P(40) = 0		P(41) = 0	
	P(42) = 0.09810701796950067		P(43) = 0		P(44) = 0.099	
	P(45) = 0		P(46) = 0.06675146150652783		P(47) = 0	
	P(48) = 0		P(49) = 0		P(50) = 0.099	
	P(51) = 0		P(52) = 0		P(53) = 0.009138506993757643	
	P(54) = 0		P(55) = 0		P(56) = 0.01011791408401909	
	P(57) = 0		P(58) = 0.003488731884855288		P(59) = 0	
	P(60) = 0		P(61) = 0		P(62) = 0	
	P(63) = 0	
================================================================================

================================================================================

NUMBER OF ITERATIONS: 12

NUMBER OF OBJECTIVE FUNCTION EVALUATIONS: 730

OBJECTIVE FUNCTION VALUE:
	F = 8.149601426487299

LAGRANGIAN MULTIPLIERS VALUES:

PENALTY FACTOR:

BEST POSITION:
	P(0) = 0		P(1) = 0		P(2) = 0	
	P(3) = 0		P(4) = 0.099		P(5) = 0	
	P(6) = 0.002324881196927565		P(7) = 0.099		P(8) = 0.001763599580239354	
	P(9) = 0.05206987823583793		P(10) = 0.099		P(11) = 0	
	P(12) = 0		P(13) = 0		P(14) = 0	
	P(15) = 0		P(16) = 0		P(17) = 0	
	P(18) = 0		P(19) = 0		P(20) = 0	
	P(21) = 0		P(22) = 0.0001463903782017717		P(23) = 0.099	
	P(24) = 0.001440427045429078		P(25) = 0		P(26) = 0.08313780529152043	
	P(27) = 0		P(28) = 0		P(29) = 0	
	P(30) = 0.08653648774189353		P(31) = 0		P(32) = 0.099	
	P(33) = 0		P(34) = 0.03424039684763837		P(35) = 0	
	P(36) = 0.099		P(37) = 0.01022555878869238		P(38) = 0	
	P(39) = 0		P(40) = 0		P(41) = 0	
	P(42) = 0.099		P(43) = 0		P(44) = 0.099	
	P(45) = 0		P(46) = 0.04165203052106434		P(47) = 0	
	P(48) = 0		P(49) = 0		P(50) = 0.099	
	P(51) = 0		P(52) = 0		P(53) = 0.01852218200474481	
	P(54) = 0		P(55) = 0		P(56) = 0.005999513577377061	
	P(57) = 0		P(58) = 0.002749269939706284		P(59) = 0	
	P(60) = 0		P(61) = 0		P(62) = 0	
	P(63) = 0	
================================================================================

================================================================================

NUMBER OF ITERATIONS: 13

NUMBER OF OBJECTIVE FUNCTION EVALUATIONS: 790

OBJECTIVE FUNCTION VALUE:
	F = 7.987967764126801

LAGRANGIAN MULTIPLIERS VALUES:

PENALTY FACTOR:

BEST POSITION:
	P(0) = 2.855896451811613e-06		P(1) = 0		P(2) = 2.612051066809562e-06	
	P(3) = 4.207703124488316e-06		P(4) = 0.099		P(5) = 0.0005875536432322012	
	P(6) = 0.0004969131098072344		P(7) = 0.099		P(8) = 0.0003554786984051872	
	P(9) = 0.05505111585185982		P(10) = 0.099		P(11) = 2.089982706551807e-07	
	P(12) = 0.001995127235959279		P(13) = 0		P(14) = 0	
	P(15) = 1.382248604978042e-06		P(16) = 0		P(17) = 0	
	P(18) = 0		P(19) = 0		P(20) = 0	
	P(21) = 0.0001134663270860592		P(22) = 0		P(23) = 0.07918555026693139	
	P(24) = 0		P(25) = 0		P(26) = 0.09265154983455284	
	P(27) = 3.603427082755906e-06		P(28) = 3.868203912626988e-06		P(29) = 8.431986501765409e-06	
	P(30) = 0.0937549556891302		P(31) = 5.350119460428848e-06		P(32) = 0.09899647922107854	
	P(33) = 0		P(34) = 0.03575764991881108		P(35) = 2.775050777850674e-06	
	P(36) = 0.099		P(37) = 0.008067575838021278		P(38) = 5.002568262836571e-06	
	P(39) = 0		P(40) = 0		P(41) = 0	
	P(42) = 0.099		P(43) = 0		P(44) = 0.09899692013628883	
	P(45) = 1.958966536229345e-06		P(46) = 0.04070638308195031		P(47) = 2.067183818753315e-06	
	P(48) = 2.670606252294649e-06		P(49) = 0.001899625853002108		P(50) = 0.099	
	P(51) = 0.002999048475790064		P(52) = 1.901235093887399e-06		P(53) = 0.01856406793584823	
	P(54) = 0		P(55) = 0		P(56) = 0.01087889614060567	
	P(57) = 0.001364497150375045		P(58) = 0		P(59) = 2.525960989284426e-06	
	P(60) = 3.500950278366444e-06		P(61) = 1.733786967113293e-06		P(62) = 6.089678220022599e-07	
	P(63) = 0	
================================================================================
