



   ---------------------------------------------------------------------------
     START OF THE SEQUENTIAL LEAST SQUARES PROGRAMMING ALGORIT  
   ---------------------------------------------------------------------------

     PARAMETERS:
        ACC =   0.1000D-05
        MAXITER = 50
        IPRINT =   1
IOUT =   6




     ITER =    1     OBJ =  0.79879643E+01
      0.2819E-05
     -0.3801E-07
     -0.3803E-07
      0.2569E-05
      0.4168E-05
     -0.3807E-07
      0.9890E-01
      0.5869E-03
     -0.3811E-07
      0.4964E-03
      0.9890E-01
     -0.3812E-07
      0.3551E-03
      0.5500E-01
     -0.3807E-07
      0.9890E-01
      0.1705E-06
     -0.3815E-07
      0.1993E-02
     -0.3806E-07
     -0.3805E-07
     -0.3798E-07
      0.1341E-05
     -0.3800E-07
     -0.3801E-07
     -0.3806E-07
     -0.3806E-07
     -0.3813E-07
     -0.3827E-07
     -0.3814E-07
     -0.3804E-07
      0.1133E-03
     -0.3807E-07
     -0.3801E-07
      0.7912E-01
     -0.3804E-07
     -0.3803E-07
     -0.3816E-07
     -0.3806E-07
      0.9261E-01
      0.3558E-05
     -0.3809E-07
      0.3828E-05
      0.8384E-05
     -0.3803E-07
      0.9371E-01
      0.5307E-05
     -0.3808E-07
      0.9890E-01
     -0.3830E-07
     -0.3812E-07
      0.3572E-01
      0.2739E-05
     -0.3811E-07
      0.9890E-01
      0.8062E-02
     -0.3802E-07
      0.4957E-05
     -0.3825E-07
     -0.3811E-07
     -0.3816E-07
     -0.3828E-07
     -0.3812E-07
      0.9890E-01
     -0.3808E-07
     -0.3806E-07
      0.9890E-01
      0.1920E-05
     -0.3804E-07
      0.4066E-01
      0.2030E-05
     -0.3813E-07
      0.2629E-05
      0.1898E-02
     -0.3810E-07
      0.9890E-01
      0.2997E-02
     -0.3802E-07
      0.1860E-05
      0.1855E-01
     -0.3804E-07
     -0.3807E-07
     -0.3831E-07
     -0.3811E-07
      0.1087E-01
      0.1363E-02
     -0.3809E-07
     -0.3797E-07
      0.2490E-05
     -0.3801E-07
      0.3459E-05
      0.1690E-05
     -0.3805E-07
      0.5703E-06
     -0.3848E-07
     -0.3819E-07


     ITER =    2     OBJ =  0.78554800E+01
      0.2655E-05
     -0.3580E-07
     -0.3582E-07
      0.2420E-05
      0.3925E-05
     -0.3585E-07
      0.9315E-01
      0.5528E-03
     -0.3590E-07
      0.4675E-03
      0.9315E-01
     -0.3590E-07
      0.3344E-03
      0.5180E-01
     -0.3585E-07
      0.9315E-01
      0.1606E-06
     -0.3593E-07
      0.1877E-02
     -0.3585E-07
     -0.3584E-07
      0.5763E-02
      0.5764E-02
      0.5763E-02
      0.5763E-02
     -0.3585E-07
     -0.3584E-07
     -0.3591E-07
     -0.3604E-07
     -0.3592E-07
     -0.3583E-07
      0.1067E-03
     -0.3585E-07
      0.5763E-02
      0.7452E-01
     -0.3582E-07
     -0.3582E-07
     -0.3594E-07
     -0.3585E-07
      0.8722E-01
      0.3351E-05
     -0.3587E-07
      0.5767E-02
      0.7896E-05
     -0.3582E-07
      0.8825E-01
      0.4998E-05
     -0.3587E-07
      0.9314E-01
     -0.3607E-07
     -0.3590E-07
      0.3364E-01
      0.2580E-05
     -0.3589E-07
      0.9891E-01
      0.7593E-02
     -0.3581E-07
      0.4669E-05
     -0.3602E-07
     -0.3589E-07
     -0.3594E-07
     -0.3606E-07
     -0.3590E-07
      0.9315E-01
     -0.3587E-07
     -0.3585E-07
      0.9314E-01
      0.5765E-02
     -0.3583E-07
      0.3829E-01
      0.1912E-05
     -0.3591E-07
      0.2476E-05
      0.1787E-02
     -0.3588E-07
      0.9891E-01
      0.8586E-02
     -0.3581E-07
      0.1752E-05
      0.1747E-01
     -0.3583E-07
     -0.3585E-07
     -0.3608E-07
     -0.3589E-07
      0.1024E-01
      0.1284E-02
     -0.3587E-07
      0.5763E-02
      0.5765E-02
      0.2758E-02
      0.3257E-05
      0.1592E-05
     -0.3584E-07
      0.5371E-06
     -0.3624E-07
     -0.3596E-07


     ITER =    3     OBJ =  0.75851806E+01
      0.2030E-05
      0.2331E-01
      0.1810E-01
      0.1850E-05
      0.3001E-05
     -0.2741E-07
      0.7122E-01
      0.4226E-03
     -0.2744E-07
      0.3574E-03
      0.7122E-01
     -0.2745E-07
      0.2557E-03
      0.3960E-01
     -0.2741E-07
      0.7122E-01
      0.1228E-06
     -0.2747E-07
      0.1435E-02
     -0.2741E-07
     -0.2740E-07
      0.2771E-01
      0.2772E-01
      0.2771E-01
      0.2771E-01
     -0.2741E-07
     -0.2740E-07
     -0.2746E-07
     -0.2756E-07
     -0.2747E-07
     -0.2739E-07
      0.8160E-04
     -0.2741E-07
      0.2771E-01
      0.5697E-01
     -0.2739E-07
      0.2029E-01
     -0.2748E-07
     -0.2741E-07
      0.6668E-01
      0.2562E-05
     -0.2743E-07
      0.2772E-01
      0.6037E-05
     -0.2738E-07
      0.6748E-01
      0.3821E-05
     -0.2742E-07
      0.7121E-01
     -0.2758E-07
     -0.2745E-07
      0.2572E-01
      0.1972E-05
     -0.2744E-07
      0.9893E-01
      0.5805E-02
      0.2331E-01
      0.3569E-05
     -0.2754E-07
     -0.2744E-07
     -0.2748E-07
     -0.2757E-07
     -0.2745E-07
      0.7122E-01
     -0.2743E-07
     -0.2741E-07
      0.7121E-01
      0.4408E-02
     -0.2739E-07
      0.2928E-01
      0.1461E-05
     -0.2746E-07
      0.1893E-05
      0.1366E-02
     -0.2744E-07
      0.9023E-01
      0.6564E-02
     -0.2738E-07
      0.1339E-05
      0.1335E-01
     -0.2739E-07
     -0.2741E-07
     -0.2759E-07
     -0.2744E-07
      0.7826E-02
      0.9815E-03
     -0.2743E-07
      0.2771E-01
      0.4408E-02
      0.6878E-02
      0.2490E-05
      0.1217E-05
     -0.2740E-07
      0.4106E-06
     -0.2772E-07
     -0.2750E-07
