                                     ======================
                                        ALPSO 1.1 (Serial)
                                     ======================

Parameters:
-------------------------------------------------------------------------------------------------
Swarmsize           :       10    MaxOuterIters     :      200    Seed:       1518387439.49897289
Cognitive Parameter :    2.000    MaxInnerIters     :        6    Scaling            :          1
Social Parameter    :    1.000    MinInnerIters     :        6    Stopping Criteria  :          1
Initial Weight      :    0.990    DynInnerIters     :        0    Number of Failures :         15
Final Weight        :    0.550    StoppingIters     :        5    Number of Successes:          5

Absolute Tolerance  : 1.00e-02    Number Initial Pos:        0    Neighbourhood Model:      gbest
Relative Tolerance  : 1.00e-02    Initial Velocity  :        1    Neighbourhood Size :         40
Inequality Tolerance: 1.00e-03    Maximum Velocity  :        2    Selfless           :          1
Equality Tolerance  : 1.00e-03    Craziness Velocity: 1.00e-04    Fileout            :          1
Global Distance     : 1.00e-01    Initial Penalty   :     1.00    File Name          :  ALPSO.out
-------------------------------------------------------------------------------------------------


================================================================================

NUMBER OF ITERATIONS: 1

NUMBER OF OBJECTIVE FUNCTION EVALUATIONS: 70

OBJECTIVE FUNCTION VALUE:
	F = 61.92086589642317

LAGRANGIAN MULTIPLIERS VALUES:

PENALTY FACTOR:

BEST POSITION:
	P(0) = 0.07075980031397228		P(1) = 0.07646092229012683		P(2) = 0.04419922077369864	
	P(3) = 0		P(4) = 0.03794558608486743		P(5) = 0.02279701349760474	
	P(6) = 0.03457329013377449		P(7) = 0.05675404552015686		P(8) = 0	
	P(9) = 0		P(10) = 0.08591416308061495		P(11) = 0.007041953353157916	
	P(12) = 0.0656649961078848		P(13) = 0.09304834389034222		P(14) = 0.05082257988729376	
	P(15) = 0.04084994422533134		P(16) = 0.05748935866932377		P(17) = 0.06133599487878303	
	P(18) = 0.05274403937859035		P(19) = 0.06928770275191377		P(20) = 0.05798604483676159	
	P(21) = 0.03723959104078377		P(22) = 0.05161702675664999		P(23) = 0.0217471256874958	
	P(24) = 0.0655152379404304		P(25) = 0.04360265660086587		P(26) = 0.04269798583745597	
	P(27) = 0.04666361811748776		P(28) = 0.04116231480875281		P(29) = 0	
	P(30) = 0.01082799881469373		P(31) = 0.05552551340838341		P(32) = 0.07927887116244245	
	P(33) = 0.005632863272732158		P(34) = 0.01404120798039079		P(35) = 0.01435913225164213	
	P(36) = 0.07359928074558629		P(37) = 0.06991884516260789		P(38) = 0.08278404065787931	
	P(39) = 0.06362139015652221		P(40) = 0.07193810332107378		P(41) = 0.03354997850113483	
	P(42) = 0.04226248552233202		P(43) = 0.07943655328153362		P(44) = 0.05224027158315681	
	P(45) = 0.07148153720714834		P(46) = 0.04790886428452566		P(47) = 0.02662037696215785	
	P(48) = 0.07076538725194853		P(49) = 0.01481433343968214		P(50) = 0.03410232430471	
	P(51) = 0.03301590976250555		P(52) = 0.03008500971475367		P(53) = 0	
	P(54) = 0.06038505008792911		P(55) = 0.0879259864963427		P(56) = 0.07306936203495962	
	P(57) = 0.04017024874661632		P(58) = 0.07638366539168724		P(59) = 0.02592074902102188	
	P(60) = 0.0683172419590983		P(61) = 0.04060304901424466		P(62) = 0.07947012324109448	
	P(63) = 0.07554774061064616	
================================================================================

================================================================================

NUMBER OF ITERATIONS: 2

NUMBER OF OBJECTIVE FUNCTION EVALUATIONS: 130

OBJECTIVE FUNCTION VALUE:
	F = 57.93679636696628

LAGRANGIAN MULTIPLIERS VALUES:

PENALTY FACTOR:

BEST POSITION:
	P(0) = 0.07189230914812952		P(1) = 0.07602900073083747		P(2) = 0.03975433041014334	
	P(3) = 0		P(4) = 0.03737586315143578		P(5) = 0.01037243590928184	
	P(6) = 0.03179133204083753		P(7) = 0.05658988357209924		P(8) = 0	
	P(9) = 0		P(10) = 0.09057022462376642		P(11) = 0.001232402543522242	
	P(12) = 0.05241370545099818		P(13) = 0.04976903656175032		P(14) = 0.04422373850522429	
	P(15) = 0		P(16) = 0.07681866413105312		P(17) = 0.07371951070278547	
	P(18) = 0.05025056045762707		P(19) = 0.03533347496671851		P(20) = 0.04578026958588954	
	P(21) = 0.03744120506753166		P(22) = 0.05991348102518003		P(23) = 0	
	P(24) = 0.08421955766319572		P(25) = 0.04994027667805452		P(26) = 0.03718745470822252	
	P(27) = 0.03903470738709096		P(28) = 0.05967508378019486		P(29) = 0	
	P(30) = 0		P(31) = 0.04890548630498857		P(32) = 0.0816481095360985	
	P(33) = 0.003782086098502925		P(34) = 0.006246490010696909		P(35) = 0.004129797420113684	
	P(36) = 0.06973660459869487		P(37) = 0.07343590465917349		P(38) = 0.08218110873392581	
	P(39) = 0.05931757689163211		P(40) = 0.08012030106891505		P(41) = 0.04809131709140931	
	P(42) = 0.04414910885995579		P(43) = 0.06276082633613125		P(44) = 0.02909808733740416	
	P(45) = 0.09162724689642449		P(46) = 0.03232030568028919		P(47) = 0.01954563239174128	
	P(48) = 0.07197266368143783		P(49) = 0.00869755900195137		P(50) = 0.099	
	P(51) = 0		P(52) = 0.05496880832160356		P(53) = 0	
	P(54) = 0.08382038126104709		P(55) = 0.07434423619944239		P(56) = 0.08057212736020809	
	P(57) = 0.05721928462241684		P(58) = 0.07553471854540694		P(59) = 0.02961666649739366	
	P(60) = 0.06318709356535422		P(61) = 0.032557716824952		P(62) = 0.099	
	P(63) = 0.08228744145096775	
================================================================================

================================================================================

NUMBER OF ITERATIONS: 3

NUMBER OF OBJECTIVE FUNCTION EVALUATIONS: 190

OBJECTIVE FUNCTION VALUE:
	F = 43.52663404738666

LAGRANGIAN MULTIPLIERS VALUES:

PENALTY FACTOR:

BEST POSITION:
	P(0) = 0.08348225540165211		P(1) = 0.07914396056784236		P(2) = 0.04667644229926925	
	P(3) = 0.006198752620341454		P(4) = 0.0304506483512589		P(5) = 0.009238174078873819	
	P(6) = 0.0305739247176438		P(7) = 0.06843670815737973		P(8) = 0	
	P(9) = 0.0007421267776867579		P(10) = 0.09806223352317389		P(11) = 0.0007978763095937216	
	P(12) = 0.04529830827657338		P(13) = 0.03265661995352649		P(14) = 0.05996330850328645	
	P(15) = 0.0002864449558558912		P(16) = 0.09214494381050256		P(17) = 0.06997896148737247	
	P(18) = 0.04135105920624227		P(19) = 0		P(20) = 0.05145861905383534	
	P(21) = 0.01293192198393931		P(22) = 0.07354238387051677		P(23) = 0	
	P(24) = 0.08452735028360708		P(25) = 0.03832146663096579		P(26) = 0.04065387892361929	
	P(27) = 0.0321260502713035		P(28) = 0.04041449382878031		P(29) = 0	
	P(30) = 0.0009469669665577163		P(31) = 0.04543770353891003		P(32) = 0.08520121127139088	
	P(33) = 0		P(34) = 0		P(35) = 0.001278827152873613	
	P(36) = 0.06176562366300997		P(37) = 0.07960562892829673		P(38) = 0.08332979658987552	
	P(39) = 0.06011768433369638		P(40) = 0.0867151124869439		P(41) = 0.02517292467980541	
	P(42) = 0.03848810601778603		P(43) = 0.0572488549841246		P(44) = 0.001682478751999894	
	P(45) = 0.08718600737335158		P(46) = 0.02560004706054669		P(47) = 0.01741851720922615	
	P(48) = 0.07314376055122776		P(49) = 0.01209454128012333		P(50) = 0.09057517775629781	
	P(51) = 0		P(52) = 0.05738816108742237		P(53) = 0	
	P(54) = 0.07307155930247583		P(55) = 0.06037644241223145		P(56) = 0.07248741327132047	
	P(57) = 0.05592483215872929		P(58) = 0.07616213263436317		P(59) = 0.03019562828412198	
	P(60) = 0.06396767614823334		P(61) = 0.05760770833826791		P(62) = 0.09706231298606682	
	P(63) = 0.099	
================================================================================

================================================================================

NUMBER OF ITERATIONS: 4

NUMBER OF OBJECTIVE FUNCTION EVALUATIONS: 250

OBJECTIVE FUNCTION VALUE:
	F = 45.28321204092573

LAGRANGIAN MULTIPLIERS VALUES:

PENALTY FACTOR:

BEST POSITION:
	P(0) = 0.08245647626771452		P(1) = 0.07698386177206852		P(2) = 0.04869943424079526	
	P(3) = 0.005287459754133639		P(4) = 0.02984503162002576		P(5) = 0.01104321391499795	
	P(6) = 0.03087872974191546		P(7) = 0.07168602439540672		P(8) = 0	
	P(9) = 0		P(10) = 0.099		P(11) = 0.0009271972217298613	
	P(12) = 0.04552478493774274		P(13) = 0.03943264746421016		P(14) = 0.06306609307348417	
	P(15) = 0		P(16) = 0.09896273460560703		P(17) = 0.07007261584604277	
	P(18) = 0.04140526514532311		P(19) = 0.005010347986451287		P(20) = 0.05224019689785017	
	P(21) = 0.003902561316801723		P(22) = 0.07375678778072088		P(23) = 0	
	P(24) = 0.08616672650905222		P(25) = 0.04547219218361225		P(26) = 0.03855412846564943	
	P(27) = 0.03094750966065485		P(28) = 0.03877460769661456		P(29) = 0	
	P(30) = 0.0002612166359632767		P(31) = 0.05263415915039595		P(32) = 0.07994257318413271	
	P(33) = 0		P(34) = 0		P(35) = 0.0009165993764612343	
	P(36) = 0.06515183938479453		P(37) = 0.08141282500148322		P(38) = 0.08233929957151906	
	P(39) = 0.0632357527148061		P(40) = 0.09284906406952023		P(41) = 0.02767502292356233	
	P(42) = 0.03535605287336297		P(43) = 0.05477551199105817		P(44) = 0	
	P(45) = 0.08646360190057228		P(46) = 0.02392421662157794		P(47) = 0.01163395545399378	
	P(48) = 0.07603330025826407		P(49) = 0.01221413209451742		P(50) = 0.09801016258643006	
	P(51) = 0		P(52) = 0.06703702576429654		P(53) = 0	
	P(54) = 0.07895475109378423		P(55) = 0.06456033744319133		P(56) = 0.07763707712217027	
	P(57) = 0.05984210361414812		P(58) = 0.07449104147427534		P(59) = 0.02712456353548614	
	P(60) = 0.04812577692392067		P(61) = 0.07087761885148099		P(62) = 0.09664805278020727	
	P(63) = 0.09737744736556113	
================================================================================

================================================================================

NUMBER OF ITERATIONS: 5

NUMBER OF OBJECTIVE FUNCTION EVALUATIONS: 310

OBJECTIVE FUNCTION VALUE:
	F = 52.38110831506141

LAGRANGIAN MULTIPLIERS VALUES:

PENALTY FACTOR:

BEST POSITION:
	P(0) = 0.099		P(1) = 0.06470981869404926		P(2) = 0.05367967401680344	
	P(3) = 0.01358882064736337		P(4) = 0.01003152572786118		P(5) = 0.02126260990079993	
	P(6) = 0.0003109329752737783		P(7) = 0.03351119652380555		P(8) = 0	
	P(9) = 0		P(10) = 0.04171891764942975		P(11) = 0	
	P(12) = 0.08630049428679171		P(13) = 0.04214279109353555		P(14) = 0.099	
	P(15) = 0		P(16) = 0.099		P(17) = 0.099	
	P(18) = 0.04071621520177046		P(19) = 0.03056060768439322		P(20) = 0.04038278737947996	
	P(21) = 0		P(22) = 0.08908799267529033		P(23) = 0	
	P(24) = 0.03824428359136224		P(25) = 0.006151940543086883		P(26) = 0.03481097132599717	
	P(27) = 0.01897212192787196		P(28) = 0.03584870443850313		P(29) = 0	
	P(30) = 0		P(31) = 0.01326611280299959		P(32) = 0.0354240584198949	
	P(33) = 0.02098822171565382		P(34) = 0.02091601182943994		P(35) = 0	
	P(36) = 0.099		P(37) = 0.099		P(38) = 0.099	
	P(39) = 0.099		P(40) = 0.099		P(41) = 0.05201228319677315	
	P(42) = 0.02712461094265756		P(43) = 0		P(44) = 0	
	P(45) = 0.06663154474895688		P(46) = 0.003786071521456921		P(47) = 0.008628022196700509	
	P(48) = 0.099		P(49) = 0.04384164478361003		P(50) = 0.09880808604429017	
	P(51) = 0		P(52) = 0.099		P(53) = 0	
	P(54) = 0.07741082881172419		P(55) = 0.0933635438813738		P(56) = 0.04709210187638142	
	P(57) = 0.03983109405557473		P(58) = 0.06759159587250713		P(59) = 0	
	P(60) = 0.05841592526521347		P(61) = 0.03503915234581487		P(62) = 0.05967128048079728	
	P(63) = 0.099	
================================================================================

================================================================================

NUMBER OF ITERATIONS: 6

NUMBER OF OBJECTIVE FUNCTION EVALUATIONS: 370

OBJECTIVE FUNCTION VALUE:
	F = 49.23646085068685

LAGRANGIAN MULTIPLIERS VALUES:

PENALTY FACTOR:

BEST POSITION:
	P(0) = 0.09894289389194552		P(1) = 0.06901386618111091		P(2) = 0.01587478018352369	
	P(3) = 0.001090877582076502		P(4) = 0.03368182163840358		P(5) = 0.04708643796953232	
	P(6) = 0.04533436315743437		P(7) = 0.05568622419687468		P(8) = 0.007944877758622217	
	P(9) = 0		P(10) = 0.06582723868999849		P(11) = 0.0009644340828033754	
	P(12) = 0.099		P(13) = 0.01722067967314984		P(14) = 0.06077634128369479	
	P(15) = 0.002450394659604241		P(16) = 0.08002344389426946		P(17) = 0.08151287021695593	
	P(18) = 0.01158062669070026		P(19) = 0.0162319854454779		P(20) = 0.03801411430536374	
	P(21) = 0		P(22) = 0.09321546362992614		P(23) = 0.006946115110776571	
	P(24) = 0.09270161556421179		P(25) = 0		P(26) = 0.06450999621120049	
	P(27) = 0.02297161297313042		P(28) = 0.0483896319009142		P(29) = 0	
	P(30) = 0		P(31) = 0		P(32) = 0.001170488404314669	
	P(33) = 0		P(34) = 0.03094701232577608		P(35) = 0.02229573738104001	
	P(36) = 0.04577082743953246		P(37) = 0.099		P(38) = 0.0477381230502406	
	P(39) = 0.07982390726833602		P(40) = 0.04336099675302083		P(41) = 0.0246127316878473	
	P(42) = 0.03377912281299456		P(43) = 0		P(44) = 0.001136658925077999	
	P(45) = 0.04254527657424411		P(46) = 0		P(47) = 0.01429599461269783	
	P(48) = 0.09776454682957764		P(49) = 0.03981614502511222		P(50) = 0.099	
	P(51) = 0		P(52) = 0.07715646512885696		P(53) = 0	
	P(54) = 0.01667925960617096		P(55) = 0.0815154302996665		P(56) = 0.06018894757274158	
	P(57) = 0.05884898230611349		P(58) = 0.06718753943142956		P(59) = 0.005063535535394278	
	P(60) = 0.04667151621069209		P(61) = 0.02076457505017136		P(62) = 0.08520172070118963	
	P(63) = 0.099	
================================================================================

================================================================================

NUMBER OF ITERATIONS: 7

NUMBER OF OBJECTIVE FUNCTION EVALUATIONS: 430

OBJECTIVE FUNCTION VALUE:
	F = 37.47070667073188

LAGRANGIAN MULTIPLIERS VALUES:

PENALTY FACTOR:

BEST POSITION:
	P(0) = 0.099		P(1) = 0.06234859241141025		P(2) = 0.01601509161662694	
	P(3) = 0.009421779022815976		P(4) = 0.04512457952510898		P(5) = 0.04154948238395013	
	P(6) = 0.0426106795662948		P(7) = 0.06726869416588796		P(8) = 0.01031078394749055	
	P(9) = 6.445856627762536e-07		P(10) = 0.05891536178659198		P(11) = 0.001382591077140581	
	P(12) = 0.099		P(13) = 0.01995709728877503		P(14) = 0.05904980608023321	
	P(15) = 0.002803087908848756		P(16) = 0.08062683522245392		P(17) = 0.08415773846988864	
	P(18) = 0.01065786646473083		P(19) = 0.01433613264739265		P(20) = 0.03888037673088015	
	P(21) = 0		P(22) = 0.08510085521031509		P(23) = 0.007329639273385584	
	P(24) = 0.099		P(25) = 0.000235155875614193		P(26) = 0.04289314772632843	
	P(27) = 0.02204000130655814		P(28) = 0.04949855808644812		P(29) = 0	
	P(30) = 1.415660636633342e-07		P(31) = 0.0007913668429701468		P(32) = 0.02699411302161136	
	P(33) = 0		P(34) = 0.03061675522482606		P(35) = 0.02174045698694424	
	P(36) = 0.05210338680160034		P(37) = 0.09899922959850473		P(38) = 0.04316980274829878	
	P(39) = 0.08526713246148289		P(40) = 0.04825149251089429		P(41) = 0.0211155447864266	
	P(42) = 0.03516565510526068		P(43) = 0		P(44) = 0	
	P(45) = 0.04050416776971227		P(46) = 0.0006147181640438482		P(47) = 0.01584721073959492	
	P(48) = 0.09059871106157298		P(49) = 0.03999156161178112		P(50) = 0.09894865587956239	
	P(51) = 0		P(52) = 0.07859356738050892		P(53) = 0	
	P(54) = 0.01659482313857693		P(55) = 0.08466150693567488		P(56) = 0.06940278345030246	
	P(57) = 0.0556972696430706		P(58) = 0.06484823799772935		P(59) = 0.005537495412391846	
	P(60) = 0.0449538562814935		P(61) = 0.03138374684185441		P(62) = 0.09205039115371422	
	P(63) = 0.099	
================================================================================

================================================================================

NUMBER OF ITERATIONS: 8

NUMBER OF OBJECTIVE FUNCTION EVALUATIONS: 490

OBJECTIVE FUNCTION VALUE:
	F = 37.47070667073188

LAGRANGIAN MULTIPLIERS VALUES:

PENALTY FACTOR:

BEST POSITION:
	P(0) = 0.099		P(1) = 0.06234859241141025		P(2) = 0.01601509161662694	
	P(3) = 0.009421779022815976		P(4) = 0.04512457952510898		P(5) = 0.04154948238395013	
	P(6) = 0.0426106795662948		P(7) = 0.06726869416588796		P(8) = 0.01031078394749055	
	P(9) = 6.445856627762536e-07		P(10) = 0.05891536178659198		P(11) = 0.001382591077140581	
	P(12) = 0.099		P(13) = 0.01995709728877503		P(14) = 0.05904980608023321	
	P(15) = 0.002803087908848756		P(16) = 0.08062683522245392		P(17) = 0.08415773846988864	
	P(18) = 0.01065786646473083		P(19) = 0.01433613264739265		P(20) = 0.03888037673088015	
	P(21) = 0		P(22) = 0.08510085521031509		P(23) = 0.007329639273385584	
	P(24) = 0.099		P(25) = 0.000235155875614193		P(26) = 0.04289314772632843	
	P(27) = 0.02204000130655814		P(28) = 0.04949855808644812		P(29) = 0	
	P(30) = 1.415660636633342e-07		P(31) = 0.0007913668429701468		P(32) = 0.02699411302161136	
	P(33) = 0		P(34) = 0.03061675522482606		P(35) = 0.02174045698694424	
	P(36) = 0.05210338680160034		P(37) = 0.09899922959850473		P(38) = 0.04316980274829878	
	P(39) = 0.08526713246148289		P(40) = 0.04825149251089429		P(41) = 0.0211155447864266	
	P(42) = 0.03516565510526068		P(43) = 0		P(44) = 0	
	P(45) = 0.04050416776971227		P(46) = 0.0006147181640438482		P(47) = 0.01584721073959492	
	P(48) = 0.09059871106157298		P(49) = 0.03999156161178112		P(50) = 0.09894865587956239	
	P(51) = 0		P(52) = 0.07859356738050892		P(53) = 0	
	P(54) = 0.01659482313857693		P(55) = 0.08466150693567488		P(56) = 0.06940278345030246	
	P(57) = 0.0556972696430706		P(58) = 0.06484823799772935		P(59) = 0.005537495412391846	
	P(60) = 0.0449538562814935		P(61) = 0.03138374684185441		P(62) = 0.09205039115371422	
	P(63) = 0.099	
================================================================================

================================================================================

NUMBER OF ITERATIONS: 9

NUMBER OF OBJECTIVE FUNCTION EVALUATIONS: 550

OBJECTIVE FUNCTION VALUE:
	F = 38.86829796689132

LAGRANGIAN MULTIPLIERS VALUES:

PENALTY FACTOR:

BEST POSITION:
	P(0) = 0.099		P(1) = 0.06309744965505323		P(2) = 0.01614359666941247	
	P(3) = 0.01294180812040897		P(4) = 0.03823035516656729		P(5) = 0.04214615249793282	
	P(6) = 0.04065439371071625		P(7) = 0.0713630721938454		P(8) = 0.01116234458191752	
	P(9) = 5.234004592236108e-07		P(10) = 0.05888091288286676		P(11) = 0.001390110648259058	
	P(12) = 0.099		P(13) = 0.0193193150122533		P(14) = 0.05057809642110839	
	P(15) = 0.002730447989681195		P(16) = 0.08039304409581943		P(17) = 0.0845271216094049	
	P(18) = 0.008885506092337812		P(19) = 0.01316440134955173		P(20) = 0.03933529926717717	
	P(21) = 0		P(22) = 0.08373894123944074		P(23) = 0.008615382928130133	
	P(24) = 0.099		P(25) = 0.0002577509641326844		P(26) = 0.05214720338293685	
	P(27) = 0.0220389720172914		P(28) = 0.04957309237062275		P(29) = 0	
	P(30) = 5.663196616899346e-06		P(31) = 0.0003162892041223553		P(32) = 0.02750648388839493	
	P(33) = 0		P(34) = 0.03413619470676497		P(35) = 0.02129877103034433	
	P(36) = 0.04743986711631731		P(37) = 0.09898479911878119		P(38) = 0.04241128139375581	
	P(39) = 0.08600993713967375		P(40) = 0.04772286985831616		P(41) = 0.01973756612516373	
	P(42) = 0.03528487407901566		P(43) = 2.326268240010476e-06		P(44) = 0	
	P(45) = 0.04148289272566836		P(46) = 0.0004044533241843382		P(47) = 0.01640499453306847	
	P(48) = 0.09061314751486205		P(49) = 0.04040419201195058		P(50) = 0.09896547149560106	
	P(51) = 3.208243893569607e-06		P(52) = 0.07860117478081219		P(53) = 0	
	P(54) = 0.01098425164674404		P(55) = 0.08461291243168209		P(56) = 0.07167418441745688	
	P(57) = 0.05438751095376999		P(58) = 0.06463543034465866		P(59) = 0.006936422708204999	
	P(60) = 0.04401834564751494		P(61) = 0.0315486353632257		P(62) = 0.09210526748812331	
	P(63) = 0.099	
================================================================================

================================================================================

NUMBER OF ITERATIONS: 10

NUMBER OF OBJECTIVE FUNCTION EVALUATIONS: 610

OBJECTIVE FUNCTION VALUE:
	F = 37.31256359297145

LAGRANGIAN MULTIPLIERS VALUES:

PENALTY FACTOR:

BEST POSITION:
	P(0) = 0.09899974052965203		P(1) = 0.06277229304971685		P(2) = 0.0163317262569275	
	P(3) = 0.01211435457207323		P(4) = 0.03888720634190045		P(5) = 0.04494553964867035	
	P(6) = 0.02923459311200546		P(7) = 0.06915924862322287		P(8) = 0.01089529065016526	
	P(9) = 0		P(10) = 0.06067604869987591		P(11) = 0.001514434311254385	
	P(12) = 0.099		P(13) = 0.0188649671036462		P(14) = 0.05391381319223552	
	P(15) = 0.002575401851239646		P(16) = 0.07854368093430622		P(17) = 0.0846782487672189	
	P(18) = 0.007710964692648981		P(19) = 0.0132385584828873		P(20) = 0.03937892186342912	
	P(21) = 0		P(22) = 0.08431537126685214		P(23) = 0.008343159298944414	
	P(24) = 0.09894834750641486		P(25) = 0.0003094634525676668		P(26) = 0.05004004017254878	
	P(27) = 0.02242917767357912		P(28) = 0.04922500640811224		P(29) = 0	
	P(30) = 0		P(31) = 0.0001992902139643857		P(32) = 0.01768064684334966	
	P(33) = 2.43313889506519e-06		P(34) = 0.03399053403378328		P(35) = 0.01419898410289862	
	P(36) = 0.04525757217801371		P(37) = 0.09898608416368804		P(38) = 0.04261985741794423	
	P(39) = 0.08596134308146849		P(40) = 0.04617733333191541		P(41) = 0.02019506170640236	
	P(42) = 0.03612041425497384		P(43) = 3.087957566358379e-06		P(44) = 4.343205720749865e-06	
	P(45) = 0.04117052951874284		P(46) = 0.0003651550578159107		P(47) = 0.0170407854140083	
	P(48) = 0.09078090040517359		P(49) = 0.0385382367898823		P(50) = 0.09896472733756878	
	P(51) = 3.124076532363962e-06		P(52) = 0.07861561068749956		P(53) = 0	
	P(54) = 0.007794416281875265		P(55) = 0.08475884436891398		P(56) = 0.07150288073068642	
	P(57) = 0.05412848319804187		P(58) = 0.06317645376988361		P(59) = 0.00865964846612375	
	P(60) = 0.04673153523488532		P(61) = 0.03148084350645962		P(62) = 0.09167953078319224	
	P(63) = 0.09896988067164639	
================================================================================

================================================================================

NUMBER OF ITERATIONS: 11

NUMBER OF OBJECTIVE FUNCTION EVALUATIONS: 670

OBJECTIVE FUNCTION VALUE:
	F = 37.18008984833765

LAGRANGIAN MULTIPLIERS VALUES:

PENALTY FACTOR:

BEST POSITION:
	P(0) = 0.099		P(1) = 0.06319525701125231		P(2) = 0.01643869180252576	
	P(3) = 0.01234514805405112		P(4) = 0.03831181416325933		P(5) = 0.04605589650166384	
	P(6) = 0.02392503136860732		P(7) = 0.06909066744923639		P(8) = 0.01116012400474189	
	P(9) = 0		P(10) = 0.06296926669372538		P(11) = 0.001554227798290737	
	P(12) = 0.099		P(13) = 0.01802016565762821		P(14) = 0.05192992743792271	
	P(15) = 0.002447984055350835		P(16) = 0.07783310410011782		P(17) = 0.08503003738654447	
	P(18) = 0.007665341771507614		P(19) = 0.01307911263519886		P(20) = 0.03835556029299664	
	P(21) = 0		P(22) = 0.08442691672288104		P(23) = 0.008179590969791331	
	P(24) = 0.09892675274800766		P(25) = 0.0003372740365392493		P(26) = 0.05078001591523622	
	P(27) = 0.02057164079884787		P(28) = 0.04896220062505999		P(29) = 2.480893982609311e-08	
	P(30) = 1.391843575545421e-05		P(31) = 5.017606421756082e-05		P(32) = 0.01047605569468722	
	P(33) = 0		P(34) = 0.0345997243955368		P(35) = 0.0108571234694502	
	P(36) = 0.04302532887722674		P(37) = 0.09898625662275089		P(38) = 0.04292895712191895	
	P(39) = 0.08543785825459702		P(40) = 0.04612483925369142		P(41) = 0.0203041661767091	
	P(42) = 0.03685597722565561		P(43) = 1.810106355096264e-06		P(44) = 1.57173959430823e-06	
	P(45) = 0.04111185750328603		P(46) = 0.0003832692739915988		P(47) = 0.01746208157261434	
	P(48) = 0.09116755167265597		P(49) = 0.03777352266093961		P(50) = 0.09895052374931172	
	P(51) = 4.651367758928826e-06		P(52) = 0.07833658028671969		P(53) = 3.68023698756742e-06	
	P(54) = 0.008116082943951254		P(55) = 0.08467733621554049		P(56) = 0.07141225617525308	
	P(57) = 0.05456449503996209		P(58) = 0.06269247751323005		P(59) = 0.009243329227035579	
	P(60) = 0.04720156113989587		P(61) = 0.031132130479138		P(62) = 0.09166014955480878	
	P(63) = 0.09895852606441161	
================================================================================

================================================================================

NUMBER OF ITERATIONS: 12

NUMBER OF OBJECTIVE FUNCTION EVALUATIONS: 730

OBJECTIVE FUNCTION VALUE:
	F = 37.11773534742408

LAGRANGIAN MULTIPLIERS VALUES:

PENALTY FACTOR:

BEST POSITION:
	P(0) = 0.099		P(1) = 0.06896586828136307		P(2) = 0.03034317638369159	
	P(3) = 0.01746150861629055		P(4) = 0.04507199525938868		P(5) = 0.03286509154481056	
	P(6) = 0.01452992409638687		P(7) = 0.06028454263599216		P(8) = 0.02330849073222703	
	P(9) = 0		P(10) = 0.06866999150859955		P(11) = 0	
	P(12) = 0.099		P(13) = 0.0139923382085102		P(14) = 0.05339711511213613	
	P(15) = 0.01002946123613618		P(16) = 0.0776793125783361		P(17) = 0.08464728035149083	
	P(18) = 0.009220709399140943		P(19) = 0.0199370389970272		P(20) = 0.04273246888031028	
	P(21) = 0.003054029170156278		P(22) = 0.07207954205804736		P(23) = 0.00181078450047991	
	P(24) = 0.07995959740305517		P(25) = 0		P(26) = 0.04668287302342789	
	P(27) = 0.01603388110071277		P(28) = 0.06378410755142735		P(29) = 0	
	P(30) = 0		P(31) = 0		P(32) = 0.01789953322888791	
	P(33) = 0		P(34) = 0.03157973389490228		P(35) = 0.0001829584752012364	
	P(36) = 0.04419870286955315		P(37) = 0.08554932236111222		P(38) = 0.05977305377603831	
	P(39) = 0.0936396403185917		P(40) = 0.04376363757317937		P(41) = 0.001734216907807139	
	P(42) = 0.01898903967293864		P(43) = 0		P(44) = 0.0008682297137796377	
	P(45) = 0.03796389562272795		P(46) = 0		P(47) = 0.01092467571365765	
	P(48) = 0.09293072487819216		P(49) = 0.04548855572514156		P(50) = 0.099	
	P(51) = 0		P(52) = 0.07307340515660404		P(53) = 0	
	P(54) = 0.0143658892319485		P(55) = 0.08924842696377419		P(56) = 0.06112023136995171	
	P(57) = 0.07121596460174404		P(58) = 0.02727163779026045		P(59) = 0.00877747981129489	
	P(60) = 0.04328604663999785		P(61) = 0.04150885997421876		P(62) = 0.09390151724606263	
	P(63) = 0.099	
================================================================================
