



   ---------------------------------------------------------------------------
     START OF THE SEQUENTIAL LEAST SQUARES PROGRAMMING ALGORIT  
   ---------------------------------------------------------------------------

     PARAMETERS:
        ACC =   0.1000D-05
        MAXITER = 50
        IPRINT =   1
IOUT =   6


>>ERROR:  1: Nonlinear line search solver did not converge. PETSc diverged line search.
>>  SOLVER_NEWTON_LINESEARCH_SOLVE
>>    SOLVER_NEWTON_SOLVE
>>      SOLVER_NONLINEAR_SOLVE
>>        SOLVER_SOLVE
>>          Problem_SolverEquationsQuasistaticNonlinearSolve
>>            PROBLEM_SOLVER_EQUATIONS_SOLVE
>>              PROBLEM_SOLVER_SOLVE
>>                PROBLEM_CONTROL_LOOP_SOLVE
>>                  PROBLEM_SOLVE
>>                    cmfe_Problem_SolveObj
>>ERROR:  1: Nonlinear line search solver did not converge. Exit due to PETSc diverged maximum iterations.
>>  SOLVER_NONLINEAR_DIVERGENCE_EXIT
>>    FiniteElasticity_PostSolve
>>      ELASTICITY_POST_SOLVE
>>        PROBLEM_SOLVER_POST_SOLVE
>>          PROBLEM_SOLVER_SOLVE
>>            PROBLEM_CONTROL_LOOP_SOLVE
>>              PROBLEM_SOLVE
>>                cmfe_Problem_SolveObj
>>ERROR:  1: Nonlinear line search solver did not converge. PETSc diverged line search.
>>  SOLVER_NEWTON_LINESEARCH_SOLVE
>>    SOLVER_NEWTON_SOLVE
>>      SOLVER_NONLINEAR_SOLVE
>>        SOLVER_SOLVE
>>          Problem_SolverEquationsQuasistaticNonlinearSolve
>>            PROBLEM_SOLVER_EQUATIONS_SOLVE
>>              PROBLEM_SOLVER_SOLVE
>>                PROBLEM_CONTROL_LOOP_SOLVE
>>                  PROBLEM_SOLVE
>>                    cmfe_Problem_SolveObj
>>ERROR:  1: Nonlinear line search solver did not converge. Exit due to PETSc diverged maximum iterations.
>>  SOLVER_NONLINEAR_DIVERGENCE_EXIT
>>    FiniteElasticity_PostSolve
>>      ELASTICITY_POST_SOLVE
>>        PROBLEM_SOLVER_POST_SOLVE
>>          PROBLEM_SOLVER_SOLVE
>>            PROBLEM_CONTROL_LOOP_SOLVE
>>              PROBLEM_SOLVE
>>                cmfe_Problem_SolveObj


     ITER =    1     OBJ =  0.10281427E+02
      0.9227E-04
      0.1773E-01
      0.9227E-04
      0.9453E-04
      0.9227E-04
      0.9227E-04
      0.9899E-01
      0.9227E-04
      0.9227E-04
      0.9227E-04
      0.1922E-01
      0.9227E-04
      0.9247E-01
      0.9900E-01
      0.9227E-04
      0.9669E-04
      0.9305E-04
      0.9227E-04
      0.9900E-01
      0.9227E-04
      0.9227E-04
      0.9227E-04
      0.9505E-04
      0.9227E-04
      0.9973E-04
      0.9227E-04
      0.9227E-04
      0.9271E-04
      0.9273E-04
      0.9227E-04
      0.8291E-01
      0.9227E-04
      0.9227E-04
      0.2729E-03
      0.9242E-04
      0.9227E-04
      0.9900E-01
      0.3768E-01
      0.9227E-04
      0.9227E-04
      0.9325E-04
      0.9227E-04
      0.9900E-01
      0.9227E-04
      0.9227E-04
      0.9900E-01
      0.9227E-04
      0.9227E-04
      0.9900E-01
      0.9227E-04
      0.9227E-04
      0.9227E-04
      0.9227E-04
      0.9227E-04
      0.9274E-04
      0.9430E-04
      0.9227E-04
      0.9900E-01
      0.9900E-01
      0.9227E-04
      0.9227E-04
      0.9227E-04
      0.9227E-04
      0.9227E-04
      0.4340E-01
      0.9227E-04
      0.9899E-01
      0.9982E-04
      0.9227E-04
      0.9890E-01
      0.9227E-04
      0.9227E-04
      0.9828E-01
      0.9227E-04
      0.9227E-04
      0.9900E-01
      0.9281E-04
      0.9227E-04
      0.9227E-04
      0.5531E-01
      0.9227E-04
      0.1031E-03
      0.9227E-04
      0.9227E-04
      0.9227E-04
      0.9227E-04
      0.9227E-04
      0.9900E-01
      0.9243E-04
      0.9227E-04
      0.9227E-04
      0.9227E-04
      0.9227E-04
      0.9227E-04
      0.1003E-03
      0.9227E-04


     ITER =    2     OBJ =  0.10200505E+02
      0.3399E-02
      0.2045E-01
      0.8919E-04
      0.3401E-02
      0.3399E-02
      0.3399E-02
      0.9568E-01
      0.8919E-04
      0.8919E-04
      0.8919E-04
      0.1857E-01
      0.8919E-04
      0.9269E-01
      0.9900E-01
      0.3399E-02
      0.9345E-04
      0.8994E-04
      0.8919E-04
      0.9569E-01
      0.8919E-04
      0.8919E-04
      0.3399E-02
      0.3402E-02
      0.3013E-02
      0.9640E-04
      0.3399E-02
      0.8919E-04
      0.8961E-04
      0.3399E-02
      0.8919E-04
      0.8014E-01
      0.8919E-04
      0.8919E-04
      0.2638E-03
      0.3399E-02
      0.8919E-04
      0.9569E-01
      0.3642E-01
      0.8919E-04
      0.8919E-04
      0.9013E-04
      0.8919E-04
      0.9569E-01
      0.8919E-04
      0.8919E-04
      0.9569E-01
      0.8919E-04
      0.8919E-04
      0.9569E-01
      0.8919E-04
      0.8919E-04
      0.3399E-02
      0.8919E-04
      0.8919E-04
      0.3399E-02
      0.9115E-04
      0.8919E-04
      0.9569E-01
      0.9569E-01
      0.8919E-04
      0.8919E-04
      0.8919E-04
      0.8919E-04
      0.8919E-04
      0.4195E-01
      0.8919E-04
      0.9899E-01
      0.9649E-04
      0.8919E-04
      0.9791E-01
      0.8919E-04
      0.8919E-04
      0.9500E-01
      0.8919E-04
      0.8919E-04
      0.9569E-01
      0.8970E-04
      0.8919E-04
      0.8919E-04
      0.5346E-01
      0.8919E-04
      0.9962E-04
      0.8919E-04
      0.8919E-04
      0.8919E-04
      0.8919E-04
      0.8919E-04
      0.9569E-01
      0.8934E-04
      0.8919E-04
      0.8919E-04
      0.8919E-04
      0.8919E-04
      0.8919E-04
      0.9691E-04
      0.8919E-04


     ITER =    3     OBJ =  0.97275801E+01
      0.2525E-02
      0.1519E-01
      0.6626E-04
      0.2527E-02
      0.2525E-02
      0.2525E-02
      0.7109E-01
      0.6626E-04
      0.6626E-04
      0.6626E-04
      0.1380E-01
      0.6626E-04
      0.9431E-01
      0.9900E-01
      0.2797E-01
      0.6943E-04
      0.6682E-04
      0.6626E-04
      0.7110E-01
      0.6626E-04
      0.6626E-04
      0.2797E-01
      0.2797E-01
      0.2768E-01
      0.2552E-01
      0.2797E-01
      0.1508E-01
      0.9787E-02
      0.2526E-02
      0.6626E-04
      0.5954E-01
      0.6626E-04
      0.6626E-04
      0.1960E-03
      0.2370E-01
      0.6626E-04
      0.7109E-01
      0.2706E-01
      0.6626E-04
      0.6626E-04
      0.6697E-04
      0.6626E-04
      0.9654E-01
      0.6626E-04
      0.6626E-04
      0.7110E-01
      0.6626E-04
      0.6626E-04
      0.7110E-01
      0.6626E-04
      0.6626E-04
      0.2525E-02
      0.6626E-04
      0.6626E-04
      0.2797E-01
      0.6772E-04
      0.6626E-04
      0.9654E-01
      0.7109E-01
      0.6626E-04
      0.6626E-04
      0.6626E-04
      0.6626E-04
      0.6626E-04
      0.3117E-01
      0.6626E-04
      0.9899E-01
      0.7169E-04
      0.2002E-01
      0.9819E-01
      0.6626E-04
      0.6626E-04
      0.7058E-01
      0.6626E-04
      0.6626E-04
      0.7110E-01
      0.6665E-04
      0.6626E-04
      0.6626E-04
      0.3972E-01
      0.6626E-04
      0.2552E-01
      0.6626E-04
      0.6626E-04
      0.6626E-04
      0.6626E-04
      0.6626E-04
      0.9654E-01
      0.6638E-04
      0.6626E-04
      0.6626E-04
      0.6626E-04
      0.6626E-04
      0.6626E-04
      0.7200E-04
      0.6626E-04
