                                     ======================
                                        ALPSO 1.1 (Serial)
                                     ======================

Parameters:
-------------------------------------------------------------------------------------------------
Swarmsize           :       10    MaxOuterIters     :      200    Seed:       1518385267.46487498
Cognitive Parameter :    2.000    MaxInnerIters     :        6    Scaling            :          1
Social Parameter    :    1.000    MinInnerIters     :        6    Stopping Criteria  :          1
Initial Weight      :    0.990    DynInnerIters     :        0    Number of Failures :         15
Final Weight        :    0.550    StoppingIters     :        5    Number of Successes:          5

Absolute Tolerance  : 1.00e-02    Number Initial Pos:        0    Neighbourhood Model:      gbest
Relative Tolerance  : 1.00e-02    Initial Velocity  :        1    Neighbourhood Size :         40
Inequality Tolerance: 1.00e-03    Maximum Velocity  :        2    Selfless           :          1
Equality Tolerance  : 1.00e-03    Craziness Velocity: 1.00e-04    Fileout            :          1
Global Distance     : 1.00e-01    Initial Penalty   :     1.00    File Name          :  ALPSO.out
-------------------------------------------------------------------------------------------------


================================================================================

NUMBER OF ITERATIONS: 1

NUMBER OF OBJECTIVE FUNCTION EVALUATIONS: 70

OBJECTIVE FUNCTION VALUE:
	F = 55.35859525069685

LAGRANGIAN MULTIPLIERS VALUES:

PENALTY FACTOR:

BEST POSITION:
	P(0) = 0.099		P(1) = 0.07944819469346848		P(2) = 0.0001966557216624074	
	P(3) = 0.05133481215985059		P(4) = 0.006877030406754386		P(5) = 0	
	P(6) = 0.03414958064662668		P(7) = 0.06676474529025786		P(8) = 0.01338735780596897	
	P(9) = 0.099		P(10) = 0.01506621011812335		P(11) = 0	
	P(12) = 0		P(13) = 0.06275637236991213		P(14) = 0.02809055526190348	
	P(15) = 0.08752725393052035		P(16) = 0.099		P(17) = 0.06648123867267787	
	P(18) = 0.0130670292730538		P(19) = 0.099		P(20) = 0.06049053971929261	
	P(21) = 0		P(22) = 0.07016511322634728		P(23) = 0	
	P(24) = 0		P(25) = 0		P(26) = 0.07053467291352858	
	P(27) = 0.01201679966147001		P(28) = 0.09818970448702771		P(29) = 0	
	P(30) = 5.934133443447065e-05		P(31) = 0.01175327139040915		P(32) = 0.05983326383061174	
	P(33) = 0.05656547788289399		P(34) = 0.06733954352133678		P(35) = 0.099	
	P(36) = 0.01172286889536253		P(37) = 0.09583106653819162		P(38) = 0	
	P(39) = 0		P(40) = 0.07252112875069018		P(41) = 0.099	
	P(42) = 0		P(43) = 0.0002499843802907867		P(44) = 0.0203285450898372	
	P(45) = 0.099		P(46) = 0.003284538924337617		P(47) = 0.02310283777307094	
	P(48) = 0.06451470502380408		P(49) = 0.001571996730446626		P(50) = 0.02768399749489142	
	P(51) = 0		P(52) = 0.02978028457522574		P(53) = 0.00503707233866213	
	P(54) = 0.099		P(55) = 0		P(56) = 0	
	P(57) = 0		P(58) = 0		P(59) = 0	
	P(60) = 0.03938156341986447		P(61) = 0.099		P(62) = 0.003587203102507965	
	P(63) = 0.0562904552152759	
================================================================================

================================================================================

NUMBER OF ITERATIONS: 2

NUMBER OF OBJECTIVE FUNCTION EVALUATIONS: 130

OBJECTIVE FUNCTION VALUE:
	F = 41.91580376621258

LAGRANGIAN MULTIPLIERS VALUES:

PENALTY FACTOR:

BEST POSITION:
	P(0) = 0.099		P(1) = 0.0390959337669759		P(2) = 0.02323354155695531	
	P(3) = 0.05309051264226671		P(4) = 0		P(5) = 0.02342506226527923	
	P(6) = 0.03002471131591366		P(7) = 0.05677968839291269		P(8) = 0	
	P(9) = 0.09810440885885031		P(10) = 0.0001405476107444251		P(11) = 0	
	P(12) = 0		P(13) = 0.06806488008511435		P(14) = 0	
	P(15) = 0		P(16) = 0.099		P(17) = 0	
	P(18) = 0.009897807694997998		P(19) = 0.099		P(20) = 0.05597123299359253	
	P(21) = 0		P(22) = 0.02948877472919905		P(23) = 0.02212818152210228	
	P(24) = 0.007246279388945044		P(25) = 0		P(26) = 0.05215390247114816	
	P(27) = 0.04109621665431285		P(28) = 0.09746060592725329		P(29) = 0.001631825799946106	
	P(30) = 0.01278040265239789		P(31) = 0.02037265232957533		P(32) = 0.03264904523463738	
	P(33) = 0		P(34) = 0.07567002125631198		P(35) = 0.08339581910746624	
	P(36) = 0.002256103904941374		P(37) = 0.07664268679740602		P(38) = 0.01984225771483965	
	P(39) = 0.005876753306037104		P(40) = 0.06116377604151557		P(41) = 0.099	
	P(42) = 0.02602436724786495		P(43) = 0		P(44) = 0	
	P(45) = 0.04294069215468203		P(46) = 0.04350215822242411		P(47) = 0.00120275347232357	
	P(48) = 0.05805519127266541		P(49) = 0		P(50) = 0	
	P(51) = 0.00225282135506099		P(52) = 0		P(53) = 0.01478865471636075	
	P(54) = 0.06064914360029578		P(55) = 0.05306187917301212		P(56) = 0	
	P(57) = 0		P(58) = 0		P(59) = 0.006361100657627058	
	P(60) = 0.03133121915998435		P(61) = 0.099		P(62) = 0	
	P(63) = 0.0006150874253068803	
================================================================================

================================================================================

NUMBER OF ITERATIONS: 3

NUMBER OF OBJECTIVE FUNCTION EVALUATIONS: 190

OBJECTIVE FUNCTION VALUE:
	F = 31.01012209973317

LAGRANGIAN MULTIPLIERS VALUES:

PENALTY FACTOR:

BEST POSITION:
	P(0) = 0.099		P(1) = 0		P(2) = 0.03805124669170688	
	P(3) = 0.03939409250740199		P(4) = 0.01098256391965532		P(5) = 0	
	P(6) = 0.02961835344853011		P(7) = 0.07495469974006988		P(8) = 0.01110205412749101	
	P(9) = 0.09837108518463702		P(10) = 0		P(11) = 0	
	P(12) = 0.001354583977454464		P(13) = 0.08501924409719366		P(14) = 0.0003643985933558316	
	P(15) = 0.0007611028651471827		P(16) = 0.099		P(17) = 0	
	P(18) = 0.006916284742739039		P(19) = 0.09341134578718366		P(20) = 0.04714691905278646	
	P(21) = 0		P(22) = 0.02569195951171421		P(23) = 0.03731500330041881	
	P(24) = 0		P(25) = 0		P(26) = 0.03238909383200548	
	P(27) = 0.001479174380228494		P(28) = 0.09656000506704418		P(29) = 0	
	P(30) = 0		P(31) = 0		P(32) = 0.03628065901543512	
	P(33) = 0		P(34) = 0.099		P(35) = 0.07641930170293144	
	P(36) = 0		P(37) = 0.07276771346098186		P(38) = 0.02818169128801553	
	P(39) = 0.001454462333796744		P(40) = 0.03295866375741629		P(41) = 0.08385309172357605	
	P(42) = 0.003897847592073719		P(43) = 0		P(44) = 0	
	P(45) = 0.03114778152984014		P(46) = 0.03440802518314116		P(47) = 0.0001047038665091329	
	P(48) = 0.04658894113346948		P(49) = 0		P(50) = 0	
	P(51) = 0		P(52) = 0		P(53) = 0.01351628104442984	
	P(54) = 0.04440549489823306		P(55) = 0.02221643979828532		P(56) = 0.001690160846268378	
	P(57) = 0		P(58) = 0		P(59) = 0	
	P(60) = 0.02866656900611508		P(61) = 0.09076507237334827		P(62) = 0.02591460073796561	
	P(63) = 0.002601789785428202	
================================================================================

================================================================================

NUMBER OF ITERATIONS: 4

NUMBER OF OBJECTIVE FUNCTION EVALUATIONS: 250

OBJECTIVE FUNCTION VALUE:
	F = 23.33106708984935

LAGRANGIAN MULTIPLIERS VALUES:

PENALTY FACTOR:

BEST POSITION:
	P(0) = 0.099		P(1) = 6.089249345390263e-05		P(2) = 0.07677463880498751	
	P(3) = 0.05995233615645047		P(4) = 0.004592882268890118		P(5) = 0	
	P(6) = 0.02614800804746855		P(7) = 0.054309954084997		P(8) = 0.01497967666197686	
	P(9) = 0.09892490623533826		P(10) = 0		P(11) = 2.373162725693989e-06	
	P(12) = 0		P(13) = 0.09387802962135353		P(14) = 0	
	P(15) = 0.001881438168403721		P(16) = 0.09899660023340637		P(17) = 0	
	P(18) = 0.0043868633304932		P(19) = 0.09775611815003224		P(20) = 0.03027221524321974	
	P(21) = 0		P(22) = 0.02227009229270399		P(23) = 0.03084631035177423	
	P(24) = 0		P(25) = 3.686960315635313e-06		P(26) = 0.0400882670793812	
	P(27) = 0		P(28) = 0.099		P(29) = 0	
	P(30) = 0		P(31) = 0		P(32) = 0.01901528233666104	
	P(33) = 0		P(34) = 0.099		P(35) = 0.05857402629500056	
	P(36) = 0		P(37) = 0.03477662982594195		P(38) = 0.06636036931317368	
	P(39) = 0		P(40) = 0.01707930459833149		P(41) = 0.07626068464519346	
	P(42) = 0		P(43) = 3.599693155206807e-06		P(44) = 0	
	P(45) = 0.007530328436306008		P(46) = 0.02123554402201353		P(47) = 0.005511824118269601	
	P(48) = 0.004735951113813516		P(49) = 0		P(50) = 4.118507848364927e-06	
	P(51) = 0		P(52) = 0		P(53) = 0.01508118444879927	
	P(54) = 0		P(55) = 0.002619550777852288		P(56) = 0.0001763154527206073	
	P(57) = 0		P(58) = 3.192246388408759e-06		P(59) = 0	
	P(60) = 0.03197773885373448		P(61) = 0.09699311715723025		P(62) = 0.001665705813477962	
	P(63) = 0.0005134555515710001	
================================================================================

================================================================================

NUMBER OF ITERATIONS: 5

NUMBER OF OBJECTIVE FUNCTION EVALUATIONS: 310

OBJECTIVE FUNCTION VALUE:
	F = 13.9538240956392

LAGRANGIAN MULTIPLIERS VALUES:

PENALTY FACTOR:

BEST POSITION:
	P(0) = 0.099		P(1) = 0		P(2) = 0.0809691318769783	
	P(3) = 0.03171038164984094		P(4) = 0.01495736000851382		P(5) = 0	
	P(6) = 0.02970505714911733		P(7) = 0.06991065878399599		P(8) = 0.02290968355962059	
	P(9) = 0.099		P(10) = 0		P(11) = 0.003201019726900754	
	P(12) = 0.001395806259662333		P(13) = 0.099		P(14) = 0	
	P(15) = 0		P(16) = 0.099		P(17) = 0	
	P(18) = 0.0006484212519267604		P(19) = 0.09345980505027764		P(20) = 0.01001007160524196	
	P(21) = 0		P(22) = 0.05055075303784291		P(23) = 0.003978406625409478	
	P(24) = 0		P(25) = 0.003243066742738852		P(26) = 0.03605506444274333	
	P(27) = 0		P(28) = 0.099		P(29) = 0	
	P(30) = 0		P(31) = 0		P(32) = 0.01511835466264496	
	P(33) = 0		P(34) = 0.09249402642981348		P(35) = 0	
	P(36) = 0		P(37) = 0.001990154346582784		P(38) = 0.02991427363314671	
	P(39) = 0		P(40) = 0		P(41) = 0.03361919903118615	
	P(42) = 0		P(43) = 0.005368387469084246		P(44) = 0	
	P(45) = 0		P(46) = 0.01700047776419955		P(47) = 0	
	P(48) = 0		P(49) = 0		P(50) = 0	
	P(51) = 0		P(52) = 0.01511228344500159		P(53) = 0.003920240985120574	
	P(54) = 0		P(55) = 0		P(56) = 0.01451150852704335	
	P(57) = 0.003226136580947947		P(58) = 0.01793010103493658		P(59) = 0	
	P(60) = 0		P(61) = 0.099		P(62) = 0	
	P(63) = 0	
================================================================================

================================================================================

NUMBER OF ITERATIONS: 6

NUMBER OF OBJECTIVE FUNCTION EVALUATIONS: 370

OBJECTIVE FUNCTION VALUE:
	F = 11.54686235211815

LAGRANGIAN MULTIPLIERS VALUES:

PENALTY FACTOR:

BEST POSITION:
	P(0) = 0.099		P(1) = 0		P(2) = 0.04658068603680121	
	P(3) = 0.01067143511312083		P(4) = 0.01346474283811867		P(5) = 0	
	P(6) = 0.03086666795659298		P(7) = 0.05482946376831588		P(8) = 0.01460209718696526	
	P(9) = 0.099		P(10) = 0		P(11) = 0	
	P(12) = 0		P(13) = 0.098855203778793		P(14) = 0	
	P(15) = 0		P(16) = 0.099		P(17) = 0	
	P(18) = 0		P(19) = 0.08160562460608373		P(20) = 0	
	P(21) = 0		P(22) = 0.08356950656734959		P(23) = 0.01251560092465388	
	P(24) = 0		P(25) = 0		P(26) = 0.0103866092499334	
	P(27) = 0		P(28) = 0.099		P(29) = 0	
	P(30) = 0		P(31) = 0		P(32) = 0.007727623185920837	
	P(33) = 0		P(34) = 0.0930602364656673		P(35) = 0	
	P(36) = 0		P(37) = 0		P(38) = 0.003518336509021454	
	P(39) = 0		P(40) = 0		P(41) = 0.01149809009462732	
	P(42) = 0		P(43) = 0.001899912214395068		P(44) = 0.01599902699309325	
	P(45) = 0		P(46) = 0.02701152350084914		P(47) = 0.004005798823501862	
	P(48) = 0		P(49) = 0		P(50) = 0	
	P(51) = 0		P(52) = 0		P(53) = 0	
	P(54) = 0		P(55) = 0		P(56) = 0.002428394731513323	
	P(57) = 0.0006236153798120855		P(58) = 0.03330508486205686		P(59) = 0	
	P(60) = 0		P(61) = 0.08781809759988501		P(62) = 0	
	P(63) = 0	
================================================================================

================================================================================

NUMBER OF ITERATIONS: 7

NUMBER OF OBJECTIVE FUNCTION EVALUATIONS: 430

OBJECTIVE FUNCTION VALUE:
	F = 10.20968409996655

LAGRANGIAN MULTIPLIERS VALUES:

PENALTY FACTOR:

BEST POSITION:
	P(0) = 0.099		P(1) = 0		P(2) = 0.01014493942569448	
	P(3) = 0.004007653541568269		P(4) = 0.00318629629148149		P(5) = 0	
	P(6) = 0.02808235200231661		P(7) = 0.02097600416431257		P(8) = 0	
	P(9) = 0.09899636301915146		P(10) = 0		P(11) = 0	
	P(12) = 0		P(13) = 0.099		P(14) = 8.448129722858633e-06	
	P(15) = 0		P(16) = 0.09532877615614686		P(17) = 0.0004670373078844992	
	P(18) = 0		P(19) = 0.07188300000913991		P(20) = 9.878146034542068e-05	
	P(21) = 0		P(22) = 0.03084236210131149		P(23) = 0.01676867714018388	
	P(24) = 1.217724460255559e-05		P(25) = 2.441362461974572e-05		P(26) = 0	
	P(27) = 0.0001753603749612351		P(28) = 0.08047767014216153		P(29) = 9.620125105344601e-07	
	P(30) = 0		P(31) = 2.956993544259157e-06		P(32) = 0.009462627061557601	
	P(33) = 0		P(34) = 0.09748023488229576		P(35) = 0	
	P(36) = 0.03291019456094896		P(37) = 0.002128067946900666		P(38) = 0.0004176869525219437	
	P(39) = 0		P(40) = 0		P(41) = 0	
	P(42) = 1.801898407871594e-06		P(43) = 0		P(44) = 0.0310742273657847	
	P(45) = 0.02964197771996476		P(46) = 0.04276346128436234		P(47) = 0.008477250139207665	
	P(48) = 0.0002964790585789356		P(49) = 0		P(50) = 8.788975995543957e-06	
	P(51) = 9.862053269294596e-05		P(52) = 0		P(53) = 0.001118284393280558	
	P(54) = 0		P(55) = 8.850826285031199e-06		P(56) = 0.01325715414391505	
	P(57) = 0		P(58) = 0.05009892875295318		P(59) = 1.245439183091002e-05	
	P(60) = 0.002465946149892227		P(61) = 0.07209713619230748		P(62) = 0.0138901941737728	
	P(63) = 0	
================================================================================

================================================================================

NUMBER OF ITERATIONS: 8

NUMBER OF OBJECTIVE FUNCTION EVALUATIONS: 490

OBJECTIVE FUNCTION VALUE:
	F = 9.491196114045611

LAGRANGIAN MULTIPLIERS VALUES:

PENALTY FACTOR:

BEST POSITION:
	P(0) = 0.09899823020584333		P(1) = 0		P(2) = 0.01508356298598473	
	P(3) = 0		P(4) = 0.000396975302788205		P(5) = 3.591813125911059e-06	
	P(6) = 0.06281543101741216		P(7) = 0		P(8) = 0	
	P(9) = 0.09160322502002105		P(10) = 4.580062321596357e-06		P(11) = 3.126873288711307e-06	
	P(12) = 0.004921821470110707		P(13) = 0.099		P(14) = 0	
	P(15) = 4.944124928317473e-06		P(16) = 0.099		P(17) = 0	
	P(18) = 1.885815558017034e-07		P(19) = 0.05294226603304147		P(20) = 0	
	P(21) = 0		P(22) = 0.0261209774092031		P(23) = 0.02038793181909674	
	P(24) = 0		P(25) = 0		P(26) = 0.04045581829621486	
	P(27) = 0		P(28) = 0.06707632787381546		P(29) = 2.909157252165007e-06	
	P(30) = 0		P(31) = 2.573418629123192e-06		P(32) = 0.0004333257334189142	
	P(33) = 7.301884998547892e-06		P(34) = 0.099		P(35) = 2.531102052567846e-06	
	P(36) = 0.05837498718657222		P(37) = 0.02441513077846656		P(38) = 0.003915373801156384	
	P(39) = 1.357103176901492e-05		P(40) = 4.813259800465208e-06		P(41) = 0	
	P(42) = 3.547128362466068e-06		P(43) = 2.050271081986688e-06		P(44) = 0.01607177712644587	
	P(45) = 0.03354187179962564		P(46) = 0.0151686896154625		P(47) = 0	
	P(48) = 2.612218789101173e-05		P(49) = 5.429221905939308e-07		P(50) = 0	
	P(51) = 0		P(52) = 0		P(53) = 0	
	P(54) = 0		P(55) = 5.40552813615286e-06		P(56) = 0.02163104482708234	
	P(57) = 1.318908082068027e-06		P(58) = 0.08352777227337058		P(59) = 4.071732002820794e-06	
	P(60) = 0.003951601856337451		P(61) = 0.04739730086077163		P(62) = 0.01440618571062317	
	P(63) = 6.982827328985697e-06	
================================================================================

================================================================================

NUMBER OF ITERATIONS: 9

NUMBER OF OBJECTIVE FUNCTION EVALUATIONS: 550

OBJECTIVE FUNCTION VALUE:
	F = 8.995775781761608

LAGRANGIAN MULTIPLIERS VALUES:

PENALTY FACTOR:

BEST POSITION:
	P(0) = 0.099		P(1) = 0		P(2) = 0.002419167842067395	
	P(3) = 0		P(4) = 0		P(5) = 0	
	P(6) = 0.06521759877654427		P(7) = 0		P(8) = 0	
	P(9) = 0.099		P(10) = 0		P(11) = 0	
	P(12) = 0.005982672659841808		P(13) = 0.099		P(14) = 0	
	P(15) = 0		P(16) = 0.099		P(17) = 0	
	P(18) = 0		P(19) = 0.02637412372562153		P(20) = 0	
	P(21) = 0		P(22) = 0.01607859669457095		P(23) = 0.02535186933269708	
	P(24) = 1.042254879131399e-06		P(25) = 0		P(26) = 0.07441624987731837	
	P(27) = 0		P(28) = 0.05894455609230019		P(29) = 0	
	P(30) = 0		P(31) = 0		P(32) = 0.0033598338898242	
	P(33) = 0		P(34) = 0.099		P(35) = 0	
	P(36) = 0.06635819645571261		P(37) = 0.02768823578911091		P(38) = 0.0005789788754259964	
	P(39) = 0		P(40) = 0		P(41) = 0.0006853364403467468	
	P(42) = 0		P(43) = 0		P(44) = 0.008452405422358582	
	P(45) = 0.05468890219942113		P(46) = 0.03921198473728828		P(47) = 0	
	P(48) = 0		P(49) = 0		P(50) = 0	
	P(51) = 0		P(52) = 0		P(53) = 0	
	P(54) = 3.977335735309839e-06		P(55) = 0		P(56) = 0.01011850544891807	
	P(57) = 5.867470785972384e-07		P(58) = 0.08532657618724079		P(59) = 0	
	P(60) = 0.003032028923541		P(61) = 0.03376366932901716		P(62) = 0.01186283644299022	
	P(63) = 0	
================================================================================

================================================================================

NUMBER OF ITERATIONS: 10

NUMBER OF OBJECTIVE FUNCTION EVALUATIONS: 610

OBJECTIVE FUNCTION VALUE:
	F = 8.634339278997183

LAGRANGIAN MULTIPLIERS VALUES:

PENALTY FACTOR:

BEST POSITION:
	P(0) = 0.099		P(1) = 0		P(2) = 0.004166710395293788	
	P(3) = 0		P(4) = 0		P(5) = 0	
	P(6) = 0.08524932967645045		P(7) = 0		P(8) = 0	
	P(9) = 0.099		P(10) = 0		P(11) = 0	
	P(12) = 0.0006305410669223202		P(13) = 0.099		P(14) = 0	
	P(15) = 0		P(16) = 0.099		P(17) = 0	
	P(18) = 0		P(19) = 0.003271046317350965		P(20) = 0	
	P(21) = 0		P(22) = 0.002639112816028709		P(23) = 0.05377730012763614	
	P(24) = 0		P(25) = 0		P(26) = 0.09164965820292839	
	P(27) = 0		P(28) = 0.06648880707337348		P(29) = 0	
	P(30) = 0		P(31) = 0		P(32) = 0	
	P(33) = 0		P(34) = 0.099		P(35) = 0	
	P(36) = 0.06680713409614518		P(37) = 0.02142068251625483		P(38) = 0	
	P(39) = 0		P(40) = 0		P(41) = 0	
	P(42) = 0		P(43) = 0		P(44) = 4.067899409249814e-05	
	P(45) = 0.06271747802688551		P(46) = 0.03208407777625522		P(47) = 0	
	P(48) = 0		P(49) = 0		P(50) = 0	
	P(51) = 0		P(52) = 0		P(53) = 0	
	P(54) = 0		P(55) = 0		P(56) = 0.006629501157261707	
	P(57) = 0		P(58) = 0.09888131488532069		P(59) = 0	
	P(60) = 0		P(61) = 0.03701538144868721		P(62) = 0	
	P(63) = 0	
================================================================================

================================================================================

NUMBER OF ITERATIONS: 11

NUMBER OF OBJECTIVE FUNCTION EVALUATIONS: 670

OBJECTIVE FUNCTION VALUE:
	F = 8.207770552072938

LAGRANGIAN MULTIPLIERS VALUES:

PENALTY FACTOR:

BEST POSITION:
	P(0) = 0.099		P(1) = 0		P(2) = 0.004059679912320813	
	P(3) = 0		P(4) = 0		P(5) = 0	
	P(6) = 0.0702310444513356		P(7) = 0		P(8) = 0	
	P(9) = 0.099		P(10) = 0		P(11) = 0	
	P(12) = 0		P(13) = 0.099		P(14) = 0	
	P(15) = 0		P(16) = 0.099		P(17) = 0	
	P(18) = 0		P(19) = 0		P(20) = 0	
	P(21) = 0		P(22) = 0.002019212815103887		P(23) = 0.06157580184038389	
	P(24) = 0		P(25) = 0		P(26) = 0.099	
	P(27) = 0		P(28) = 0.099		P(29) = 0	
	P(30) = 0		P(31) = 0		P(32) = 0	
	P(33) = 0		P(34) = 0.099		P(35) = 0	
	P(36) = 0.07884771345660721		P(37) = 0.005595357810780771		P(38) = 0	
	P(39) = 0		P(40) = 0		P(41) = 0.001345971225455732	
	P(42) = 0		P(43) = 0		P(44) = 0.005537200920141316	
	P(45) = 0.06423238846127398		P(46) = 0.09887757705593977		P(47) = 0	
	P(48) = 0		P(49) = 0		P(50) = 0	
	P(51) = 0		P(52) = 0		P(53) = 0	
	P(54) = 0		P(55) = 0		P(56) = 0	
	P(57) = 0		P(58) = 0.099		P(59) = 0	
	P(60) = 0.002167226640855828		P(61) = 0.03260332545763114		P(62) = 0	
	P(63) = 0	
================================================================================

================================================================================

NUMBER OF ITERATIONS: 12

NUMBER OF OBJECTIVE FUNCTION EVALUATIONS: 730

OBJECTIVE FUNCTION VALUE:
	F = 7.952422750278786

LAGRANGIAN MULTIPLIERS VALUES:

PENALTY FACTOR:

BEST POSITION:
	P(0) = 0.09899912207505071		P(1) = 7.49882578226363e-06		P(2) = 0	
	P(3) = 0		P(4) = 0		P(5) = 3.962570672200183e-06	
	P(6) = 0.05386862832552695		P(7) = 5.573027416203025e-06		P(8) = 2.454507776160353e-06	
	P(9) = 0.099		P(10) = 0		P(11) = 0	
	P(12) = 0		P(13) = 0.099		P(14) = 0	
	P(15) = 4.052864842521431e-06		P(16) = 0.099		P(17) = 0.001282178677176407	
	P(18) = 0		P(19) = 0.0005020246672403569		P(20) = 3.418346425421159e-06	
	P(21) = 0		P(22) = 0		P(23) = 0.06488566303770904	
	P(24) = 0		P(25) = 0		P(26) = 0.099	
	P(27) = 3.562957886629747e-06		P(28) = 0.099		P(29) = 0	
	P(30) = 0.002379056975963995		P(31) = 0		P(32) = 0	
	P(33) = 1.502664293655254e-06		P(34) = 0.099		P(35) = 2.170196584660999e-07	
	P(36) = 0.09278993368500911		P(37) = 0.01698506770025946		P(38) = 3.060694557230348e-06	
	P(39) = 1.761622210369462e-06		P(40) = 0		P(41) = 0	
	P(42) = 0.01963541781239383		P(43) = 0		P(44) = 0	
	P(45) = 0.06731994318878035		P(46) = 0.099		P(47) = 0	
	P(48) = 9.322591752021492e-06		P(49) = 8.871041168444227e-06		P(50) = 1.592235307545931e-06	
	P(51) = 0		P(52) = 0		P(53) = 0	
	P(54) = 1.396793549879316e-06		P(55) = 0.001990488199561886		P(56) = 0	
	P(57) = 0		P(58) = 0.099		P(59) = 0.005309886198263197	
	P(60) = 0.0003333281367728091		P(61) = 0.01234574130931731		P(62) = 0	
	P(63) = 0	
================================================================================

================================================================================

NUMBER OF ITERATIONS: 13

NUMBER OF OBJECTIVE FUNCTION EVALUATIONS: 790

OBJECTIVE FUNCTION VALUE:
	F = 7.826155438618676

LAGRANGIAN MULTIPLIERS VALUES:

PENALTY FACTOR:

BEST POSITION:
	P(0) = 0.099		P(1) = 1.939550947023527e-06		P(2) = 0.001346236635240569	
	P(3) = 0		P(4) = 1.730646376817135e-05		P(5) = 0	
	P(6) = 0.05355837155502265		P(7) = 2.063629830351132e-06		P(8) = 1.146217886966588e-05	
	P(9) = 0.099		P(10) = 3.001210662934017e-06		P(11) = 0	
	P(12) = 0		P(13) = 0.099		P(14) = 8.557103112774578e-06	
	P(15) = 1.902489247862515e-06		P(16) = 0.09899724722794456		P(17) = 0.002609729439551151	
	P(18) = 1.080571232175281e-05		P(19) = 0.0006755880879718637		P(20) = 1.746808464112709e-05	
	P(21) = 0		P(22) = 0		P(23) = 0.06192707387596039	
	P(24) = 4.064957647764711e-06		P(25) = 7.463711797051076e-06		P(26) = 0.0989965851002142	
	P(27) = 6.101687092807673e-07		P(28) = 0.099		P(29) = 1.001971197116258e-06	
	P(30) = 0.005567819025276553		P(31) = 5.329276422438856e-06		P(32) = 0	
	P(33) = 3.72277488761702e-06		P(34) = 0.09899634987769088		P(35) = 2.902180234201635e-06	
	P(36) = 0.099		P(37) = 0.01329562889296072		P(38) = 1.154863161531572e-06	
	P(39) = 1.815000084393059e-06		P(40) = 3.174258393537355e-06		P(41) = 0	
	P(42) = 0.03663979309870258		P(43) = 3.066952434273296e-06		P(44) = 0	
	P(45) = 0.06560203721305241		P(46) = 0.09208758344814934		P(47) = 0	
	P(48) = 8.075783528502245e-07		P(49) = 9.415297622522578e-07		P(50) = 0	
	P(51) = 0		P(52) = 2.98624919933127e-06		P(53) = 0	
	P(54) = 0		P(55) = 0		P(56) = 0	
	P(57) = 0		P(58) = 0.09898836970478483		P(59) = 0.01324726450723736	
	P(60) = 0.0004880169755804992		P(61) = 0.006906318405646351		P(62) = 0	
	P(63) = 1.385492906999519e-07	
================================================================================

================================================================================

NUMBER OF ITERATIONS: 14

NUMBER OF OBJECTIVE FUNCTION EVALUATIONS: 850

OBJECTIVE FUNCTION VALUE:
	F = 7.793471195052418

LAGRANGIAN MULTIPLIERS VALUES:

PENALTY FACTOR:

BEST POSITION:
	P(0) = 0.099		P(1) = 0		P(2) = 0	
	P(3) = 0		P(4) = 0		P(5) = 0	
	P(6) = 0.04819427702966915		P(7) = 2.077510557092765e-06		P(8) = 0	
	P(9) = 0.099		P(10) = 0		P(11) = 0	
	P(12) = 0		P(13) = 0.099		P(14) = 0	
	P(15) = 0		P(16) = 0.099		P(17) = 0.004265332397037476	
	P(18) = 0		P(19) = 0.0005806431099793022		P(20) = 0	
	P(21) = 0		P(22) = 0		P(23) = 0.05928519759307187	
	P(24) = 0		P(25) = 0		P(26) = 0.099	
	P(27) = 0		P(28) = 0.099		P(29) = 0	
	P(30) = 0.00599368505853691		P(31) = 0		P(32) = 0	
	P(33) = 0		P(34) = 0.099		P(35) = 0	
	P(36) = 0.09888736554118174		P(37) = 0.01926028145520406		P(38) = 0	
	P(39) = 0		P(40) = 0		P(41) = 0	
	P(42) = 0.03620519205921996		P(43) = 0		P(44) = 0	
	P(45) = 0.0608510815068884		P(46) = 0.09118838123388685		P(47) = 0	
	P(48) = 0		P(49) = 0		P(50) = 0	
	P(51) = 0		P(52) = 0		P(53) = 0	
	P(54) = 0		P(55) = 0		P(56) = 0	
	P(57) = 0		P(58) = 0.099		P(59) = 0.006512392117561314	
	P(60) = 0.000821818693556596		P(61) = 0.01095945313300817		P(62) = 0	
	P(63) = 0	
================================================================================

================================================================================

NUMBER OF ITERATIONS: 15

NUMBER OF OBJECTIVE FUNCTION EVALUATIONS: 910

OBJECTIVE FUNCTION VALUE:
	F = 7.781308565522513

LAGRANGIAN MULTIPLIERS VALUES:

PENALTY FACTOR:

BEST POSITION:
	P(0) = 0.09899860782370201		P(1) = 0		P(2) = 0	
	P(3) = 3.251998946962598e-06		P(4) = 0		P(5) = 1.95713633596023e-06	
	P(6) = 0.04613872773946226		P(7) = 8.402071542165657e-06		P(8) = 2.880871678656582e-06	
	P(9) = 0.09899742428545194		P(10) = 0		P(11) = 0	
	P(12) = 2.120825360815703e-07		P(13) = 0.099		P(14) = 1.003631850557407e-06	
	P(15) = 5.352318509739551e-06		P(16) = 0.099		P(17) = 0.005409752496050593	
	P(18) = 0		P(19) = 0.0004684108045956634		P(20) = 0	
	P(21) = 0		P(22) = 3.421846389413397e-06		P(23) = 0.05778568639308325	
	P(24) = 1.486376198824024e-06		P(25) = 0		P(26) = 0.099	
	P(27) = 3.496762774647666e-06		P(28) = 0.099		P(29) = 0	
	P(30) = 0.005319297546151805		P(31) = 2.369153044703975e-06		P(32) = 6.735111337183297e-07	
	P(33) = 5.51877875558382e-06		P(34) = 0.099		P(35) = 6.055323474106478e-06	
	P(36) = 0.099		P(37) = 0.01943279442343716		P(38) = 0	
	P(39) = 0		P(40) = 4.426998031353824e-08		P(41) = 1.63221982150269e-06	
	P(42) = 0.03711126150762101		P(43) = 0		P(44) = 0	
	P(45) = 0.06128064387329343		P(46) = 0.08891122657768566		P(47) = 5.18610963348709e-06	
	P(48) = 8.952651481194951e-07		P(49) = 0		P(50) = 0	
	P(51) = 0		P(52) = 0		P(53) = 0	
	P(54) = 8.628680355921015e-07		P(55) = 3.656265001178438e-08		P(56) = 5.664766272728272e-08	
	P(57) = 0		P(58) = 0.099		P(59) = 0.005580313710357963	
	P(60) = 0.0003618620791502811		P(61) = 0.01298547675335961		P(62) = 0	
	P(63) = 0	
================================================================================

================================================================================

NUMBER OF ITERATIONS: 16

NUMBER OF OBJECTIVE FUNCTION EVALUATIONS: 970

OBJECTIVE FUNCTION VALUE:
	F = 7.746565987230584

LAGRANGIAN MULTIPLIERS VALUES:

PENALTY FACTOR:

BEST POSITION:
	P(0) = 0.09899429452381059		P(1) = 2.193059983952861e-06		P(2) = 3.989543318970445e-05	
	P(3) = 0		P(4) = 1.844910218970486e-07		P(5) = 0	
	P(6) = 0.04529473883653949		P(7) = 0		P(8) = 0	
	P(9) = 0.099		P(10) = 3.103631285146513e-06		P(11) = 0	
	P(12) = 2.565057485352795e-06		P(13) = 0.099		P(14) = 4.882708055133078e-06	
	P(15) = 0		P(16) = 0.09899475727244472		P(17) = 0.006234283287603504	
	P(18) = 5.209439652174852e-06		P(19) = 1.051582190061268e-05		P(20) = 0	
	P(21) = 4.580047035150636e-06		P(22) = 2.426396989115009e-06		P(23) = 0.05764051362703834	
	P(24) = 1.480517490277944e-06		P(25) = 0		P(26) = 0.09899855666511703	
	P(27) = 0		P(28) = 0.099		P(29) = 0	
	P(30) = 0.00582383717513893		P(31) = 3.207905442628722e-06		P(32) = 0	
	P(33) = 0		P(34) = 0.099		P(35) = 0	
	P(36) = 0.09899706800626437		P(37) = 0.01929010151802882		P(38) = 0	
	P(39) = 0		P(40) = 2.661496291113397e-06		P(41) = 0	
	P(42) = 0.05506435626736771		P(43) = 0		P(44) = 0	
	P(45) = 0.05559702031587262		P(46) = 0.09297840070677296		P(47) = 6.43586866206497e-06	
	P(48) = 0		P(49) = 0		P(50) = 7.275710788498535e-07	
	P(51) = 8.31514338689443e-07		P(52) = 0		P(53) = 0	
	P(54) = 3.073770497560857e-06		P(55) = 0		P(56) = 0	
	P(57) = 2.533242193111795e-06		P(58) = 0.09899697001537616		P(59) = 0	
	P(60) = 4.363841820285291e-05		P(61) = 0.01441531922515534		P(62) = 0	
	P(63) = 0	
================================================================================

================================================================================

NUMBER OF ITERATIONS: 17

NUMBER OF OBJECTIVE FUNCTION EVALUATIONS: 1030

OBJECTIVE FUNCTION VALUE:
	F = 7.71576912937924

LAGRANGIAN MULTIPLIERS VALUES:

PENALTY FACTOR:

BEST POSITION:
	P(0) = 0.099		P(1) = 0		P(2) = 0	
	P(3) = 1.188738498560105e-06		P(4) = 0		P(5) = 0	
	P(6) = 0.04893431086571327		P(7) = 0		P(8) = 1.476945198419788e-06	
	P(9) = 0.099		P(10) = 2.560101583691521e-06		P(11) = 3.751527933991416e-06	
	P(12) = 5.60211696186419e-06		P(13) = 0.099		P(14) = 0	
	P(15) = 0		P(16) = 0.09899959411424536		P(17) = 0.007830038869419922	
	P(18) = 0		P(19) = 0		P(20) = 0	
	P(21) = 0		P(22) = 0		P(23) = 0.05811957531396601	
	P(24) = 2.021417767741895e-06		P(25) = 3.169679495665378e-06		P(26) = 0.099	
	P(27) = 3.197734344102809e-06		P(28) = 0.09899970826534696		P(29) = 1.939713354374983e-06	
	P(30) = 0.006351283698129588		P(31) = 1.450786299019013e-06		P(32) = 0	
	P(33) = 0		P(34) = 0.0989972019574638		P(35) = 0	
	P(36) = 0.09899824354131713		P(37) = 0.01945566472423663		P(38) = 0	
	P(39) = 0		P(40) = 3.960539685723963e-07		P(41) = 0	
	P(42) = 0.06525114893594629		P(43) = 0		P(44) = 4.707817140112147e-06	
	P(45) = 0.05364181209296122		P(46) = 0.09522067980201082		P(47) = 0	
	P(48) = 0		P(49) = 0		P(50) = 0	
	P(51) = 0		P(52) = 0		P(53) = 0	
	P(54) = 0		P(55) = 0		P(56) = 0	
	P(57) = 0		P(58) = 0.099		P(59) = 0	
	P(60) = 0		P(61) = 0.01277527463263103		P(62) = 0	
	P(63) = 0	
================================================================================

================================================================================

NUMBER OF ITERATIONS: 18

NUMBER OF OBJECTIVE FUNCTION EVALUATIONS: 1090

OBJECTIVE FUNCTION VALUE:
	F = 7.606281277617629

LAGRANGIAN MULTIPLIERS VALUES:

PENALTY FACTOR:

BEST POSITION:
	P(0) = 0.099		P(1) = 0		P(2) = 0	
	P(3) = 0		P(4) = 0		P(5) = 9.84042508922478e-07	
	P(6) = 0.03906044998051363		P(7) = 0		P(8) = 0	
	P(9) = 0.099		P(10) = 0		P(11) = 0	
	P(12) = 4.052284856309596e-06		P(13) = 0.0989990165303722		P(14) = 0	
	P(15) = 0		P(16) = 0.099		P(17) = 0.005586914237976734	
	P(18) = 2.696079566870402e-06		P(19) = 6.238540688173477e-06		P(20) = 0	
	P(21) = 0		P(22) = 0		P(23) = 0.05954108200419401	
	P(24) = 5.921330042055195e-07		P(25) = 0		P(26) = 0.09899786519633119	
	P(27) = 0		P(28) = 0.099		P(29) = 0.001612675564414148	
	P(30) = 0.01053346928400194		P(31) = 0		P(32) = 0	
	P(33) = 9.569968857647826e-07		P(34) = 0.099		P(35) = 0	
	P(36) = 0.099		P(37) = 0.02037166115501907		P(38) = 0	
	P(39) = 0.005451116479694137		P(40) = 4.319251379891753e-07		P(41) = 0	
	P(42) = 0.06800790010139227		P(43) = 0		P(44) = 0.008142791493661448	
	P(45) = 0.04666203374174812		P(46) = 0.08356820913979619		P(47) = 0	
	P(48) = 0		P(49) = 0		P(50) = 0.02507952436447256	
	P(51) = 0		P(52) = 1.635098893212894e-06		P(53) = 0	
	P(54) = 2.590908033242578e-06		P(55) = 0		P(56) = 0	
	P(57) = 1.024518978286204e-06		P(58) = 0.099		P(59) = 0.0006552381384393319	
	P(60) = 6.310395926432955e-06		P(61) = 0.001959103611921746		P(62) = 0	
	P(63) = 0	
================================================================================

================================================================================

NUMBER OF ITERATIONS: 19

NUMBER OF OBJECTIVE FUNCTION EVALUATIONS: 1150

OBJECTIVE FUNCTION VALUE:
	F = 7.373260392083749

LAGRANGIAN MULTIPLIERS VALUES:

PENALTY FACTOR:

BEST POSITION:
	P(0) = 0.099		P(1) = 0		P(2) = 0	
	P(3) = 0		P(4) = 0		P(5) = 0	
	P(6) = 0.02469361593862473		P(7) = 0		P(8) = 0	
	P(9) = 0.099		P(10) = 0		P(11) = 0	
	P(12) = 0		P(13) = 0.099		P(14) = 0	
	P(15) = 0		P(16) = 0.099		P(17) = 0	
	P(18) = 0		P(19) = 0		P(20) = 0	
	P(21) = 0		P(22) = 0		P(23) = 0.05862479355824305	
	P(24) = 0		P(25) = 0.005139437992497421		P(26) = 0.099	
	P(27) = 0		P(28) = 0.099		P(29) = 0	
	P(30) = 0.03635549301621031		P(31) = 0		P(32) = 0	
	P(33) = 0		P(34) = 0.08729300859575986		P(35) = 0	
	P(36) = 0.099		P(37) = 0.02783795383589838		P(38) = 0	
	P(39) = 0.0003203114011067903		P(40) = 0		P(41) = 0	
	P(42) = 0.05159860410319744		P(43) = 0		P(44) = 0.01089306698239571	
	P(45) = 0.03609000275842073		P(46) = 0.07840369539799515		P(47) = 0	
	P(48) = 0		P(49) = 0		P(50) = 0.05556560027331907	
	P(51) = 0		P(52) = 0		P(53) = 0	
	P(54) = 0		P(55) = 0		P(56) = 0	
	P(57) = 0		P(58) = 0.099		P(59) = 0	
	P(60) = 0		P(61) = 5.24075816454167e-05		P(62) = 0	
	P(63) = 0	
================================================================================
