



   ---------------------------------------------------------------------------
     START OF THE SEQUENTIAL LEAST SQUARES PROGRAMMING ALGORIT  
   ---------------------------------------------------------------------------

     PARAMETERS:
        ACC =   0.1000D-05
        MAXITER = 50
        IPRINT =   1
IOUT =   6




     ITER =    1     OBJ =  0.73751462E+01
      0.9892E-01
      0.1500E-04
      0.1495E-04
      0.1491E-04
      0.1490E-04
      0.1492E-04
      0.1491E-04
      0.1501E-04
      0.1494E-04
      0.2468E-01
      0.1498E-04
      0.1494E-04
      0.1494E-04
      0.9892E-01
      0.1494E-04
      0.1497E-04
      0.1497E-04
      0.1496E-04
      0.1499E-04
      0.9892E-01
      0.1498E-04
      0.1493E-04
      0.1491E-04
      0.1493E-04
      0.9892E-01
      0.1488E-04
      0.1492E-04
      0.1498E-04
      0.1495E-04
      0.1496E-04
      0.1497E-04
      0.1498E-04
      0.1496E-04
      0.1494E-04
      0.5856E-01
      0.1493E-04
      0.1491E-04
      0.5149E-02
      0.1492E-04
      0.9892E-01
      0.1494E-04
      0.1493E-04
      0.9892E-01
      0.1494E-04
      0.1493E-04
      0.3638E-01
      0.1491E-04
      0.1492E-04
      0.1493E-04
      0.1490E-04
      0.1492E-04
      0.8722E-01
      0.1492E-04
      0.1492E-04
      0.9892E-01
      0.2779E-01
      0.1492E-04
      0.1490E-04
      0.3349E-03
      0.1493E-04
      0.1493E-04
      0.1493E-04
      0.1493E-04
      0.5156E-01
      0.1484E-04
      0.1490E-04
      0.1090E-01
      0.3608E-01
      0.1492E-04
      0.7834E-01
      0.1498E-04
      0.1494E-04
      0.1494E-04
      0.1496E-04
      0.1494E-04
      0.5553E-01
      0.1482E-04
      0.1489E-04
      0.1491E-04
      0.1484E-04
      0.1491E-04
      0.1492E-04
      0.1498E-04
      0.1494E-04
      0.1496E-04
      0.1500E-04
      0.1495E-04
      0.9892E-01
      0.1491E-04
      0.1492E-04
      0.1493E-04
      0.6723E-04
      0.1491E-04
      0.1494E-04
      0.1504E-04
      0.1496E-04


     ITER =    2     OBJ =  0.73241583E+01
      0.9602E-01
      0.1456E-04
      0.1451E-04
      0.1448E-04
      0.1446E-04
      0.1448E-04
      0.1447E-04
      0.1457E-04
      0.1450E-04
      0.2396E-01
      0.1454E-04
      0.1450E-04
      0.1450E-04
      0.9602E-01
      0.1450E-04
      0.1453E-04
      0.1453E-04
      0.1452E-04
      0.1455E-04
      0.9602E-01
      0.1454E-04
      0.1450E-04
      0.1447E-04
      0.1450E-04
      0.9602E-01
      0.2917E-02
      0.1448E-04
      0.1454E-04
      0.1451E-04
      0.1452E-04
      0.1453E-04
      0.1454E-04
      0.1452E-04
      0.1450E-04
      0.5684E-01
      0.1449E-04
      0.1447E-04
      0.7901E-02
      0.1448E-04
      0.9602E-01
      0.1451E-04
      0.1450E-04
      0.9892E-01
      0.1450E-04
      0.1449E-04
      0.3531E-01
      0.1447E-04
      0.1449E-04
      0.1449E-04
      0.1447E-04
      0.1448E-04
      0.8467E-01
      0.1448E-04
      0.1448E-04
      0.9892E-01
      0.2697E-01
      0.1448E-04
      0.1446E-04
      0.3251E-03
      0.1449E-04
      0.1450E-04
      0.1449E-04
      0.1449E-04
      0.5296E-01
      0.2917E-02
      0.2280E-02
      0.1058E-01
      0.3793E-01
      0.1448E-04
      0.7604E-01
      0.1454E-04
      0.1450E-04
      0.1450E-04
      0.1452E-04
      0.1450E-04
      0.5680E-01
      0.2917E-02
      0.2917E-02
      0.1447E-04
      0.2917E-02
      0.1447E-04
      0.1449E-04
      0.1454E-04
      0.1450E-04
      0.1452E-04
      0.1456E-04
      0.1451E-04
      0.9602E-01
      0.1448E-04
      0.1448E-04
      0.1450E-04
      0.2968E-02
      0.1448E-04
      0.1450E-04
      0.1460E-04
      0.1452E-04


     ITER =    3     OBJ =  0.70516611E+01
      0.7514E-01
      0.1139E-04
      0.1135E-04
      0.2154E-01
      0.2154E-01
      0.4560E-02
      0.2154E-01
      0.1140E-04
      0.1135E-04
      0.3355E-01
      0.1138E-04
      0.1135E-04
      0.1135E-04
      0.7514E-01
      0.1135E-04
      0.1137E-04
      0.1137E-04
      0.1136E-04
      0.1139E-04
      0.7514E-01
      0.1138E-04
      0.1134E-04
      0.1132E-04
      0.1134E-04
      0.9667E-01
      0.2381E-01
      0.1134E-04
      0.1138E-04
      0.1136E-04
      0.1136E-04
      0.1137E-04
      0.1138E-04
      0.1137E-04
      0.1135E-04
      0.4448E-01
      0.1134E-04
      0.1803E-01
      0.6183E-02
      0.1133E-04
      0.7514E-01
      0.1135E-04
      0.1134E-04
      0.9894E-01
      0.1135E-04
      0.1134E-04
      0.2764E-01
      0.1132E-04
      0.1134E-04
      0.1134E-04
      0.1132E-04
      0.1133E-04
      0.6626E-01
      0.1133E-04
      0.1133E-04
      0.9894E-01
      0.2111E-01
      0.1133E-04
      0.2154E-01
      0.2544E-03
      0.1134E-04
      0.1134E-04
      0.1134E-04
      0.1134E-04
      0.6297E-01
      0.2283E-02
      0.1784E-02
      0.8278E-02
      0.2968E-01
      0.1133E-04
      0.5951E-01
      0.1138E-04
      0.1135E-04
      0.1135E-04
      0.1136E-04
      0.1135E-04
      0.6598E-01
      0.2283E-02
      0.2283E-02
      0.1132E-04
      0.2381E-01
      0.9715E-03
      0.1134E-04
      0.1138E-04
      0.1135E-04
      0.1136E-04
      0.1139E-04
      0.1136E-04
      0.7514E-01
      0.1133E-04
      0.1133E-04
      0.1134E-04
      0.2323E-02
      0.1133E-04
      0.1135E-04
      0.1142E-04
      0.1137E-04


     ITER =    4     OBJ =  0.64451896E+01
      0.4997E-01
      0.7575E-05
      0.7551E-05
      0.1432E-01
      0.1432E-01
      0.3033E-02
      0.4749E-01
      0.7581E-05
      0.7546E-05
      0.5548E-01
      0.7567E-05
      0.7548E-05
      0.7545E-05
      0.4997E-01
      0.7547E-05
      0.7560E-05
      0.7563E-05
      0.7556E-05
      0.7571E-05
      0.4997E-01
      0.7566E-05
      0.3317E-01
      0.3317E-01
      0.7544E-05
      0.8800E-01
      0.4900E-01
      0.7538E-05
      0.7568E-05
      0.7553E-05
      0.7555E-05
      0.7561E-05
      0.7569E-05
      0.7558E-05
      0.7548E-05
      0.2958E-01
      0.7542E-05
      0.4515E-01
      0.4112E-02
      0.7535E-05
      0.4997E-01
      0.7549E-05
      0.7544E-05
      0.9896E-01
      0.7548E-05
      0.7540E-05
      0.1838E-01
      0.7531E-05
      0.7538E-05
      0.7539E-05
      0.7528E-05
      0.7537E-05
      0.4406E-01
      0.7535E-05
      0.7536E-05
      0.9896E-01
      0.1404E-01
      0.7535E-05
      0.4749E-01
      0.1692E-03
      0.7541E-05
      0.7544E-05
      0.7542E-05
      0.7541E-05
      0.7504E-01
      0.1518E-02
      0.1186E-02
      0.9310E-02
      0.1974E-01
      0.7535E-05
      0.3957E-01
      0.7565E-05
      0.7547E-05
      0.7547E-05
      0.7557E-05
      0.7548E-05
      0.7704E-01
      0.1518E-02
      0.1518E-02
      0.7531E-05
      0.4736E-01
      0.6460E-03
      0.7539E-05
      0.7569E-05
      0.7547E-05
      0.7555E-05
      0.7575E-05
      0.7553E-05
      0.4997E-01
      0.7534E-05
      0.7537E-05
      0.7544E-05
      0.1545E-02
      0.7534E-05
      0.7545E-05
      0.7597E-05
      0.7559E-05


     ITER =    5     OBJ =  0.61935372E+01
      0.4610E-01
      0.6988E-05
      0.6966E-05
      0.1321E-01
      0.1321E-01
      0.2798E-02
      0.4381E-01
      0.6994E-05
      0.6962E-05
      0.5118E-01
      0.6980E-05
      0.6963E-05
      0.6961E-05
      0.4741E-01
      0.6962E-05
      0.6975E-05
      0.6977E-05
      0.6970E-05
      0.6985E-05
      0.4610E-01
      0.6980E-05
      0.3827E-01
      0.3827E-01
      0.7679E-02
      0.8118E-01
      0.4520E-01
      0.6954E-05
      0.6982E-05
      0.6968E-05
      0.6970E-05
      0.6975E-05
      0.6983E-05
      0.6973E-05
      0.7679E-02
      0.3496E-01
      0.7679E-02
      0.4165E-01
      0.3793E-02
      0.6952E-05
      0.4610E-01
      0.6964E-05
      0.6959E-05
      0.9896E-01
      0.6963E-05
      0.7679E-02
      0.1695E-01
      0.6948E-05
      0.6954E-05
      0.6955E-05
      0.6945E-05
      0.6953E-05
      0.4832E-01
      0.6951E-05
      0.6952E-05
      0.9578E-01
      0.1295E-01
      0.6951E-05
      0.4381E-01
      0.1561E-03
      0.6957E-05
      0.6960E-05
      0.6957E-05
      0.6957E-05
      0.7689E-01
      0.1576E-02
      0.8766E-02
      0.1626E-01
      0.1821E-01
      0.6952E-05
      0.3651E-01
      0.6979E-05
      0.6962E-05
      0.6962E-05
      0.6972E-05
      0.6963E-05
      0.7107E-01
      0.1400E-02
      0.1400E-02
      0.6947E-05
      0.4369E-01
      0.5960E-03
      0.6955E-05
      0.6982E-05
      0.6962E-05
      0.6970E-05
      0.6988E-05
      0.6968E-05
      0.4610E-01
      0.6950E-05
      0.6953E-05
      0.6959E-05
      0.1425E-02
      0.6951E-05
      0.6960E-05
      0.7008E-05
      0.6973E-05
