                                     ======================
                                        ALPSO 1.1 (Serial)
                                     ======================

Parameters:
-------------------------------------------------------------------------------------------------
Swarmsize           :       10    MaxOuterIters     :      200    Seed:       1518225850.70690393
Cognitive Parameter :    2.000    MaxInnerIters     :        6    Scaling            :          1
Social Parameter    :    1.000    MinInnerIters     :        6    Stopping Criteria  :          1
Initial Weight      :    0.990    DynInnerIters     :        0    Number of Failures :         15
Final Weight        :    0.550    StoppingIters     :        5    Number of Successes:          5

Absolute Tolerance  : 1.00e-02    Number Initial Pos:        0    Neighbourhood Model:      gbest
Relative Tolerance  : 1.00e-02    Initial Velocity  :        1    Neighbourhood Size :         40
Inequality Tolerance: 1.00e-03    Maximum Velocity  :        2    Selfless           :          1
Equality Tolerance  : 1.00e-03    Craziness Velocity: 1.00e-04    Fileout            :          1
Global Distance     : 1.00e-01    Initial Penalty   :     1.00    File Name          :  ALPSO.out
-------------------------------------------------------------------------------------------------


================================================================================

NUMBER OF ITERATIONS: 1

NUMBER OF OBJECTIVE FUNCTION EVALUATIONS: 70

OBJECTIVE FUNCTION VALUE:
	F = 38.59846123166365

LAGRANGIAN MULTIPLIERS VALUES:

PENALTY FACTOR:

BEST POSITION:
	P(0) = 0.07542920355373842		P(1) = 0		P(2) = 0	
	P(3) = 0.02161611369926906		P(4) = 0.09409420724607177		P(5) = 0.03218829689134209	
	P(6) = 0.07961885807758939		P(7) = 0.099		P(8) = 0.069608430835507	
	P(9) = 0.06427854275393581		P(10) = 0.0975634812436828		P(11) = 0.05659531770994007	
	P(12) = 0.06346496410045081		P(13) = 0.01064014339602926		P(14) = 0.03700011934408282	
	P(15) = 0.06895443042121012		P(16) = 0.03826154101951873		P(17) = 0	
	P(18) = 0.09621195820303294		P(19) = 0.002847916511201982		P(20) = 0.04444350508980907	
	P(21) = 0.005623974700150643		P(22) = 0.09888974205572545		P(23) = 0	
	P(24) = 0.01798503011385912		P(25) = 0.00132199522057623		P(26) = 0.09185401381116898	
	P(27) = 0.01738358814513367		P(28) = 0.01567711097198467		P(29) = 0.099	
	P(30) = 0		P(31) = 0		P(32) = 0	
	P(33) = 0.01810617839138178		P(34) = 0.04155843334880909		P(35) = 0.05917984473641132	
	P(36) = 0.003060023403304142		P(37) = 0		P(38) = 0.03950408597751587	
	P(39) = 0.01438224633516333		P(40) = 0		P(41) = 0.07612843637071576	
	P(42) = 0		P(43) = 0		P(44) = 0.06020737746189045	
	P(45) = 0.099		P(46) = 0		P(47) = 0.0910190145053317	
	P(48) = 0		P(49) = 0.0007649793196746746		P(50) = 0.02095685768149911	
	P(51) = 0.0359074910043498		P(52) = 0.001140563886223432		P(53) = 0.04886981389367193	
	P(54) = 0		P(55) = 0.0172651721997332		P(56) = 0.0110788335693278	
	P(57) = 0		P(58) = 0.03751713757361534		P(59) = 0	
	P(60) = 0.03303848471337544		P(61) = 0		P(62) = 0	
	P(63) = 0	
================================================================================

================================================================================

NUMBER OF ITERATIONS: 2

NUMBER OF OBJECTIVE FUNCTION EVALUATIONS: 130

OBJECTIVE FUNCTION VALUE:
	F = 28.79546762653389

LAGRANGIAN MULTIPLIERS VALUES:

PENALTY FACTOR:

BEST POSITION:
	P(0) = 0.07235367950721924		P(1) = 0		P(2) = 0	
	P(3) = 0		P(4) = 0.099		P(5) = 0.01511060325985799	
	P(6) = 0.07346179809517456		P(7) = 0.099		P(8) = 0.06149220231255259	
	P(9) = 0.08989682738058062		P(10) = 0.099		P(11) = 0.03568306724901289	
	P(12) = 0.0874729858453623		P(13) = 0.02700708612999822		P(14) = 0.03837376982901899	
	P(15) = 0.08432345194304122		P(16) = 0.099		P(17) = 0	
	P(18) = 0.099		P(19) = 0		P(20) = 0.03562432452578929	
	P(21) = 0.003881206360912659		P(22) = 0.099		P(23) = 0	
	P(24) = 0		P(25) = 0		P(26) = 0.099	
	P(27) = 0		P(28) = 0.001776544258250266		P(29) = 0.099	
	P(30) = 0		P(31) = 0		P(32) = 0	
	P(33) = 0		P(34) = 0.008909592831039224		P(35) = 0.004237537865852334	
	P(36) = 0		P(37) = 0		P(38) = 0.02621755868094884	
	P(39) = 0.01632884640341365		P(40) = 0		P(41) = 0.08052208070022787	
	P(42) = 0		P(43) = 0		P(44) = 0.07332501843438985	
	P(45) = 0.099		P(46) = 0		P(47) = 0.099	
	P(48) = 0		P(49) = 0		P(50) = 0	
	P(51) = 0		P(52) = 0		P(53) = 0.04158301322768299	
	P(54) = 0		P(55) = 0.01758356252805576		P(56) = 0.02327476814835534	
	P(57) = 0		P(58) = 0.05728598178341974		P(59) = 0	
	P(60) = 0.07240743239166098		P(61) = 0		P(62) = 0	
	P(63) = 0	
================================================================================

================================================================================

NUMBER OF ITERATIONS: 3

NUMBER OF OBJECTIVE FUNCTION EVALUATIONS: 190

OBJECTIVE FUNCTION VALUE:
	F = 25.19639854153022

LAGRANGIAN MULTIPLIERS VALUES:

PENALTY FACTOR:

BEST POSITION:
	P(0) = 0.099		P(1) = 0		P(2) = 0	
	P(3) = 0		P(4) = 0.099		P(5) = 0.009653327351895058	
	P(6) = 0.06220122878841271		P(7) = 0.099		P(8) = 0.07769910494246046	
	P(9) = 0.0892251399931544		P(10) = 0.099		P(11) = 0.02579999509505471	
	P(12) = 0.05506409893670029		P(13) = 0.02338258801170449		P(14) = 0.0348892308847903	
	P(15) = 0.09772530318993611		P(16) = 0.099		P(17) = 0	
	P(18) = 0.099		P(19) = 0		P(20) = 0.03433724596938802	
	P(21) = 0		P(22) = 0.099		P(23) = 0	
	P(24) = 0		P(25) = 0		P(26) = 0.099	
	P(27) = 0		P(28) = 0		P(29) = 0.099	
	P(30) = 0		P(31) = 0		P(32) = 0	
	P(33) = 0		P(34) = 0.02164003939989427		P(35) = 0.001579690067031694	
	P(36) = 0		P(37) = 0		P(38) = 0.03639904346662278	
	P(39) = 0.004471765987898418		P(40) = 0		P(41) = 0.05191870949483547	
	P(42) = 0		P(43) = 0		P(44) = 0.05149128827604281	
	P(45) = 0.099		P(46) = 0		P(47) = 0.0977810802233593	
	P(48) = 0		P(49) = 0		P(50) = 0	
	P(51) = 0		P(52) = 0		P(53) = 0.04126291688492263	
	P(54) = 0		P(55) = 0		P(56) = 0.03475334040376366	
	P(57) = 0		P(58) = 0.05922552962323134		P(59) = 0	
	P(60) = 0.07331179917240352		P(61) = 0		P(62) = 0	
	P(63) = 0	
================================================================================

================================================================================

NUMBER OF ITERATIONS: 4

NUMBER OF OBJECTIVE FUNCTION EVALUATIONS: 250

OBJECTIVE FUNCTION VALUE:
	F = 21.53132618363688

LAGRANGIAN MULTIPLIERS VALUES:

PENALTY FACTOR:

BEST POSITION:
	P(0) = 0.099		P(1) = 0		P(2) = 0	
	P(3) = 0		P(4) = 0.099		P(5) = 0.02019909608179029	
	P(6) = 0.06281752746151398		P(7) = 0.099		P(8) = 0	
	P(9) = 0.092647920169262		P(10) = 0.099		P(11) = 0.01280538177181324	
	P(12) = 0.03937379640245024		P(13) = 0.02640942700250671		P(14) = 0.02881821974960286	
	P(15) = 0.09580836168839825		P(16) = 0.099		P(17) = 0	
	P(18) = 0.099		P(19) = 0		P(20) = 0.0198771343513529	
	P(21) = 0		P(22) = 0.099		P(23) = 0	
	P(24) = 0		P(25) = 0		P(26) = 0.099	
	P(27) = 0		P(28) = 0		P(29) = 0.099	
	P(30) = 0		P(31) = 0		P(32) = 0	
	P(33) = 0		P(34) = 0.002757478788095256		P(35) = 0	
	P(36) = 0.0348385626272601		P(37) = 0		P(38) = 0.03001294892985444	
	P(39) = 0.0008642699880535565		P(40) = 0.004024735982055896		P(41) = 0.03953205086942618	
	P(42) = 0		P(43) = 0		P(44) = 0.04699631873321687	
	P(45) = 0.099		P(46) = 0		P(47) = 0.099	
	P(48) = 0		P(49) = 0		P(50) = 0	
	P(51) = 0		P(52) = 0		P(53) = 0	
	P(54) = 0		P(55) = 0		P(56) = 0.02587764006213092	
	P(57) = 0		P(58) = 0		P(59) = 0	
	P(60) = 0.08177180312164971		P(61) = 0		P(62) = 0	
	P(63) = 0	
================================================================================

================================================================================

NUMBER OF ITERATIONS: 5

NUMBER OF OBJECTIVE FUNCTION EVALUATIONS: 310

OBJECTIVE FUNCTION VALUE:
	F = 18.01299750682951

LAGRANGIAN MULTIPLIERS VALUES:

PENALTY FACTOR:

BEST POSITION:
	P(0) = 0.09899688077918455		P(1) = 0		P(2) = 0	
	P(3) = 0		P(4) = 0.099		P(5) = 0.004132764604187107	
	P(6) = 0.099		P(7) = 0.099		P(8) = 0	
	P(9) = 0.09598771923344032		P(10) = 0.099		P(11) = 0	
	P(12) = 0		P(13) = 0.005281888478897566		P(14) = 0.01561974993693869	
	P(15) = 0.09745520718137787		P(16) = 0.099		P(17) = 0	
	P(18) = 0.099		P(19) = 0		P(20) = 0	
	P(21) = 0		P(22) = 0.099		P(23) = 0	
	P(24) = 0		P(25) = 0		P(26) = 0.099	
	P(27) = 0		P(28) = 0.001992179358859855		P(29) = 0.099	
	P(30) = 0		P(31) = 0		P(32) = 0	
	P(33) = 0		P(34) = 0		P(35) = 0	
	P(36) = 0.001899696653205704		P(37) = 1.251623006741365e-05		P(38) = 0.003801862834391274	
	P(39) = 0		P(40) = 0		P(41) = 0	
	P(42) = 0.001351625797124605		P(43) = 0		P(44) = 0.04470090217362231	
	P(45) = 0.099		P(46) = 0		P(47) = 0.099	
	P(48) = 0.001184561018429633		P(49) = 0		P(50) = 0	
	P(51) = 0		P(52) = 0		P(53) = 0	
	P(54) = 0		P(55) = 0.0002567402682630143		P(56) = 0.0163887927126972	
	P(57) = 0		P(58) = 0		P(59) = 0	
	P(60) = 0.09725271350086043		P(61) = 0		P(62) = 0	
	P(63) = 0	
================================================================================

================================================================================

NUMBER OF ITERATIONS: 6

NUMBER OF OBJECTIVE FUNCTION EVALUATIONS: 370

OBJECTIVE FUNCTION VALUE:
	F = 17.68985971539674

LAGRANGIAN MULTIPLIERS VALUES:

PENALTY FACTOR:

BEST POSITION:
	P(0) = 0.099		P(1) = 0		P(2) = 0	
	P(3) = 0		P(4) = 0.099		P(5) = 0	
	P(6) = 0.099		P(7) = 0.099		P(8) = 0	
	P(9) = 0.09709594951106501		P(10) = 0.099		P(11) = 0	
	P(12) = 0		P(13) = 0		P(14) = 0	
	P(15) = 0.09899244144433088		P(16) = 0.099		P(17) = 0	
	P(18) = 0.099		P(19) = 0		P(20) = 0	
	P(21) = 0		P(22) = 0.099		P(23) = 0	
	P(24) = 0		P(25) = 0		P(26) = 0.099	
	P(27) = 0		P(28) = 0.0006211427172863257		P(29) = 0.099	
	P(30) = 0		P(31) = 0		P(32) = 0	
	P(33) = 0		P(34) = 0		P(35) = 0	
	P(36) = 0		P(37) = 0		P(38) = 0.002811422438967662	
	P(39) = 0		P(40) = 0		P(41) = 0	
	P(42) = 0		P(43) = 0		P(44) = 0.03523686913066649	
	P(45) = 0.099		P(46) = 0		P(47) = 0.099	
	P(48) = 0		P(49) = 0		P(50) = 0	
	P(51) = 0		P(52) = 0		P(53) = 0	
	P(54) = 0		P(55) = 0		P(56) = 0.01220167679266841	
	P(57) = 0		P(58) = 0		P(59) = 0	
	P(60) = 0.099		P(61) = 0		P(62) = 0	
	P(63) = 0	
================================================================================

================================================================================

NUMBER OF ITERATIONS: 7

NUMBER OF OBJECTIVE FUNCTION EVALUATIONS: 430

OBJECTIVE FUNCTION VALUE:
	F = 17.52477723188289

LAGRANGIAN MULTIPLIERS VALUES:

PENALTY FACTOR:

BEST POSITION:
	P(0) = 0.099		P(1) = 0		P(2) = 0	
	P(3) = 0		P(4) = 0.099		P(5) = 0	
	P(6) = 0.099		P(7) = 0.099		P(8) = 0	
	P(9) = 0.08557957301868947		P(10) = 0.099		P(11) = 0	
	P(12) = 0		P(13) = 0		P(14) = 0	
	P(15) = 0.09844275379756953		P(16) = 0.099		P(17) = 0	
	P(18) = 0.099		P(19) = 0		P(20) = 0	
	P(21) = 0		P(22) = 0.099		P(23) = 0	
	P(24) = 0		P(25) = 0		P(26) = 0.099	
	P(27) = 0		P(28) = 0		P(29) = 0.099	
	P(30) = 0		P(31) = 0		P(32) = 0	
	P(33) = 0		P(34) = 0		P(35) = 0	
	P(36) = 0		P(37) = 0		P(38) = 0.002403808019283797	
	P(39) = 0		P(40) = 0		P(41) = 0	
	P(42) = 0		P(43) = 0		P(44) = 0.01892396398716112	
	P(45) = 0.099		P(46) = 0		P(47) = 0.099	
	P(48) = 0		P(49) = 0		P(50) = 0	
	P(51) = 0		P(52) = 0		P(53) = 0	
	P(54) = 0		P(55) = 0		P(56) = 0.0001163215113360941	
	P(57) = 0		P(58) = 0		P(59) = 0	
	P(60) = 0.099		P(61) = 0		P(62) = 0	
	P(63) = 0	
================================================================================

================================================================================

NUMBER OF ITERATIONS: 8

NUMBER OF OBJECTIVE FUNCTION EVALUATIONS: 490

OBJECTIVE FUNCTION VALUE:
	F = 16.96938516276673

LAGRANGIAN MULTIPLIERS VALUES:

PENALTY FACTOR:

BEST POSITION:
	P(0) = 0.099		P(1) = 0		P(2) = 0	
	P(3) = 0		P(4) = 0.099		P(5) = 0	
	P(6) = 0.099		P(7) = 0.099		P(8) = 0.000261005526049303	
	P(9) = 0.03586340960686566		P(10) = 0.099		P(11) = 0	
	P(12) = 0		P(13) = 0		P(14) = 0	
	P(15) = 0.099		P(16) = 0.099		P(17) = 0	
	P(18) = 0.099		P(19) = 0		P(20) = 0	
	P(21) = 0		P(22) = 0.099		P(23) = 0	
	P(24) = 0		P(25) = 0		P(26) = 0.099	
	P(27) = 0		P(28) = 0		P(29) = 0.099	
	P(30) = 0		P(31) = 0		P(32) = 0	
	P(33) = 0		P(34) = 0		P(35) = 0	
	P(36) = 0		P(37) = 0		P(38) = 0	
	P(39) = 0		P(40) = 0		P(41) = 0	
	P(42) = 0		P(43) = 0		P(44) = 0.02204944611761003	
	P(45) = 0.099		P(46) = 0		P(47) = 0.099	
	P(48) = 0		P(49) = 0		P(50) = 0	
	P(51) = 0		P(52) = 0		P(53) = 0	
	P(54) = 0		P(55) = 0		P(56) = 0	
	P(57) = 0		P(58) = 0.00134381666164346		P(59) = 0	
	P(60) = 0.099		P(61) = 0		P(62) = 0	
	P(63) = 0	
================================================================================

================================================================================

NUMBER OF ITERATIONS: 9

NUMBER OF OBJECTIVE FUNCTION EVALUATIONS: 550

OBJECTIVE FUNCTION VALUE:
	F = 16.72850312864695

LAGRANGIAN MULTIPLIERS VALUES:

PENALTY FACTOR:

BEST POSITION:
	P(0) = 0.099		P(1) = 0		P(2) = 0	
	P(3) = 0		P(4) = 0.099		P(5) = 0	
	P(6) = 0.099		P(7) = 0.099		P(8) = 0	
	P(9) = 0		P(10) = 0.09753841755039412		P(11) = 0	
	P(12) = 0		P(13) = 0		P(14) = 0	
	P(15) = 0.099		P(16) = 0.099		P(17) = 0	
	P(18) = 0.099		P(19) = 0		P(20) = 0	
	P(21) = 0		P(22) = 0.099		P(23) = 0	
	P(24) = 0		P(25) = 0		P(26) = 0.099	
	P(27) = 0		P(28) = 0		P(29) = 0.099	
	P(30) = 0		P(31) = 0		P(32) = 0	
	P(33) = 0		P(34) = 0		P(35) = 0	
	P(36) = 0		P(37) = 0		P(38) = 0	
	P(39) = 0		P(40) = 0		P(41) = 0	
	P(42) = 0		P(43) = 0		P(44) = 0.05790059906581768	
	P(45) = 0.099		P(46) = 0		P(47) = 0.099	
	P(48) = 0		P(49) = 0		P(50) = 0	
	P(51) = 0		P(52) = 0		P(53) = 0	
	P(54) = 0		P(55) = 0		P(56) = 0	
	P(57) = 0		P(58) = 0.0002399498580831355		P(59) = 0	
	P(60) = 0.099		P(61) = 0		P(62) = 0	
	P(63) = 0	
================================================================================

================================================================================

NUMBER OF ITERATIONS: 10

NUMBER OF OBJECTIVE FUNCTION EVALUATIONS: 610

OBJECTIVE FUNCTION VALUE:
	F = 16.54513230127798

LAGRANGIAN MULTIPLIERS VALUES:

PENALTY FACTOR:

BEST POSITION:
	P(0) = 0.099		P(1) = 0		P(2) = 0	
	P(3) = 0		P(4) = 0.099		P(5) = 0	
	P(6) = 0.08033714198700032		P(7) = 0.099		P(8) = 0	
	P(9) = 0		P(10) = 0.099		P(11) = 0	
	P(12) = 0		P(13) = 0		P(14) = 0	
	P(15) = 0.09860414527979447		P(16) = 0.099		P(17) = 0.03548224033046035	
	P(18) = 0.06626048651295213		P(19) = 0.009665679537762997		P(20) = 0	
	P(21) = 0		P(22) = 0.099		P(23) = 0	
	P(24) = 0.001073039096823936		P(25) = 0		P(26) = 0.06621131583969377	
	P(27) = 0		P(28) = 0.006325447886776962		P(29) = 0.099	
	P(30) = 0		P(31) = 0		P(32) = 0	
	P(33) = 0		P(34) = 0		P(35) = 0	
	P(36) = 0.001058578331579275		P(37) = 0.02614977570706333		P(38) = 0	
	P(39) = 0		P(40) = 0		P(41) = 0.001520081206458627	
	P(42) = 0.01023780679462799		P(43) = 0		P(44) = 0.07513425612166406	
	P(45) = 0.06567335819337354		P(46) = 0		P(47) = 0.099	
	P(48) = 0		P(49) = 0		P(50) = 0	
	P(51) = 0.001299414505819579		P(52) = 0		P(53) = 0	
	P(54) = 0.01315975360356429		P(55) = 0		P(56) = 0	
	P(57) = 0		P(58) = 0.0155470665026531		P(59) = 0	
	P(60) = 0.099		P(61) = 0		P(62) = 0	
	P(63) = 0	
================================================================================

================================================================================

NUMBER OF ITERATIONS: 11

NUMBER OF OBJECTIVE FUNCTION EVALUATIONS: 670

OBJECTIVE FUNCTION VALUE:
	F = 15.02371282813589

LAGRANGIAN MULTIPLIERS VALUES:

PENALTY FACTOR:

BEST POSITION:
	P(0) = 0.099		P(1) = 0		P(2) = 0	
	P(3) = 0		P(4) = 0.099		P(5) = 4.70992876525772e-06	
	P(6) = 0.09561341206374568		P(7) = 0.09899468481503651		P(8) = 4.053196512365798e-06	
	P(9) = 0		P(10) = 0.09723170967973667		P(11) = 0	
	P(12) = 2.081719229815593e-06		P(13) = 0		P(14) = 0	
	P(15) = 0.099		P(16) = 0.09899733066866498		P(17) = 0.02418343285289125	
	P(18) = 0.08275441437535272		P(19) = 0.003895676070243534		P(20) = 8.539156305664708e-07	
	P(21) = 2.785490872680985e-06		P(22) = 0.099		P(23) = 0	
	P(24) = 0		P(25) = 4.674955701680639e-06		P(26) = 0.09634851904801828	
	P(27) = 3.037750358203528e-08		P(28) = 0		P(29) = 0.099	
	P(30) = 2.322894990490487e-06		P(31) = 0		P(32) = 0	
	P(33) = 0		P(34) = 0		P(35) = 5.164103350566163e-06	
	P(36) = 0		P(37) = 0		P(38) = 1.737462561379743e-06	
	P(39) = 0		P(40) = 7.668441154295991e-08		P(41) = 0	
	P(42) = 0.0008968670664101994		P(43) = 4.410577232993873e-06		P(44) = 0.09458695525547305	
	P(45) = 0.02461215235822261		P(46) = 0		P(47) = 0.09899891522873756	
	P(48) = 2.947222730725896e-07		P(49) = 7.541911604541651e-07		P(50) = 3.805235803899798e-06	
	P(51) = 0		P(52) = 7.315047688936926e-06		P(53) = 0	
	P(54) = 0		P(55) = 6.282349648070729e-07		P(56) = 0	
	P(57) = 8.648744039413403e-07		P(58) = 0		P(59) = 0	
	P(60) = 0.099		P(61) = 1.016195494377148e-06		P(62) = 3.506568353926764e-06	
	P(63) = 0	
================================================================================

================================================================================

NUMBER OF ITERATIONS: 12

NUMBER OF OBJECTIVE FUNCTION EVALUATIONS: 730

OBJECTIVE FUNCTION VALUE:
	F = 13.25168289437157

LAGRANGIAN MULTIPLIERS VALUES:

PENALTY FACTOR:

BEST POSITION:
	P(0) = 0.0696129278442372		P(1) = 0		P(2) = 0	
	P(3) = 0		P(4) = 0.099		P(5) = 0	
	P(6) = 0.099		P(7) = 0.099		P(8) = 0	
	P(9) = 0		P(10) = 0.0988821898420288		P(11) = 0	
	P(12) = 0		P(13) = 0		P(14) = 0	
	P(15) = 0.099		P(16) = 0.099		P(17) = 0.03068610784000126	
	P(18) = 0.0001364031793276502		P(19) = 0		P(20) = 0	
	P(21) = 0		P(22) = 0.099		P(23) = 0	
	P(24) = 0		P(25) = 0.001432843028206773		P(26) = 0.08215496532390226	
	P(27) = 0		P(28) = 0		P(29) = 0.099	
	P(30) = 0		P(31) = 0		P(32) = 0	
	P(33) = 0		P(34) = 0		P(35) = 0	
	P(36) = 0		P(37) = 0		P(38) = 0	
	P(39) = 0		P(40) = 0		P(41) = 0	
	P(42) = 0		P(43) = 0		P(44) = 0.099	
	P(45) = 0		P(46) = 0		P(47) = 0.099	
	P(48) = 0		P(49) = 0		P(50) = 0	
	P(51) = 0		P(52) = 0		P(53) = 0.001294302175567218	
	P(54) = 0		P(55) = 0		P(56) = 0	
	P(57) = 0		P(58) = 0		P(59) = 0	
	P(60) = 0.099		P(61) = 0.0007216714897500184		P(62) = 0	
	P(63) = 0	
================================================================================

================================================================================

NUMBER OF ITERATIONS: 13

NUMBER OF OBJECTIVE FUNCTION EVALUATIONS: 790

OBJECTIVE FUNCTION VALUE:
	F = 12.93431715921791

LAGRANGIAN MULTIPLIERS VALUES:

PENALTY FACTOR:

BEST POSITION:
	P(0) = 0.05197844640848295		P(1) = 0		P(2) = 0.00412875283207409	
	P(3) = 0.00277047970363184		P(4) = 0.09590726750125347		P(5) = 0	
	P(6) = 0.099		P(7) = 0.099		P(8) = 0.01328958732846719	
	P(9) = 5.732254769741374e-07		P(10) = 0.09899448611913909		P(11) = 0	
	P(12) = 0.0008818451046769815		P(13) = 0		P(14) = 0.003009078465314757	
	P(15) = 0.099		P(16) = 0.09576064624681516		P(17) = 0.03022264031182008	
	P(18) = 0		P(19) = 5.33152183464225e-07		P(20) = 1.517184000363048e-06	
	P(21) = 0		P(22) = 0.099		P(23) = 0	
	P(24) = 0.004048083573355822		P(25) = 0.001268698000675805		P(26) = 0.099	
	P(27) = 0.0001263926100386961		P(28) = 0.00611523741952804		P(29) = 0.0724138086738111	
	P(30) = 0.003375475432965243		P(31) = 0		P(32) = 0.02177942158019157	
	P(33) = 0		P(34) = 0		P(35) = 0	
	P(36) = 0		P(37) = 0		P(38) = 0	
	P(39) = 0		P(40) = 0		P(41) = 0.0006189406318296634	
	P(42) = 0		P(43) = 0		P(44) = 0.099	
	P(45) = 0		P(46) = 0.01335030701832151		P(47) = 0.099	
	P(48) = 0		P(49) = 0		P(50) = 0	
	P(51) = 3.907225672006298e-06		P(52) = 0		P(53) = 0.00806390224417889	
	P(54) = 0		P(55) = 0		P(56) = 0.06129442524746027	
	P(57) = 3.76808562004699e-06		P(58) = 0		P(59) = 0	
	P(60) = 0.099		P(61) = 0		P(62) = 0	
	P(63) = 0	
================================================================================

================================================================================

NUMBER OF ITERATIONS: 14

NUMBER OF OBJECTIVE FUNCTION EVALUATIONS: 850

OBJECTIVE FUNCTION VALUE:
	F = 12.28428940213746

LAGRANGIAN MULTIPLIERS VALUES:

PENALTY FACTOR:

BEST POSITION:
	P(0) = 0.05068333201921858		P(1) = 0		P(2) = 0	
	P(3) = 0		P(4) = 0.09750991486676905		P(5) = 0	
	P(6) = 0.099		P(7) = 0.099		P(8) = 0.007510512087823079	
	P(9) = 0		P(10) = 0.099		P(11) = 0	
	P(12) = 0		P(13) = 0		P(14) = 0	
	P(15) = 0.099		P(16) = 0.099		P(17) = 0.05809190502329378	
	P(18) = 0		P(19) = 0		P(20) = 0	
	P(21) = 0		P(22) = 0.099		P(23) = 0	
	P(24) = 0.009897513206910132		P(25) = 0		P(26) = 0.09817647751282081	
	P(27) = 0		P(28) = 0.005491446833671865		P(29) = 0.03882656815486189	
	P(30) = 0.001651405142280231		P(31) = 0		P(32) = 0.01187669456875753	
	P(33) = 0		P(34) = 0		P(35) = 0	
	P(36) = 0		P(37) = 0		P(38) = 0	
	P(39) = 0		P(40) = 0		P(41) = 0	
	P(42) = 0		P(43) = 0		P(44) = 0.099	
	P(45) = 0		P(46) = 0.006685970878549309		P(47) = 0.099	
	P(48) = 0		P(49) = 0		P(50) = 0	
	P(51) = 0		P(52) = 0		P(53) = 0.01083157852700196	
	P(54) = 0		P(55) = 0		P(56) = 0.01309322797425128	
	P(57) = 0		P(58) = 0		P(59) = 0	
	P(60) = 0.099		P(61) = 0		P(62) = 0	
	P(63) = 0	
================================================================================

================================================================================

NUMBER OF ITERATIONS: 15

NUMBER OF OBJECTIVE FUNCTION EVALUATIONS: 910

OBJECTIVE FUNCTION VALUE:
	F = 11.77338450648829

LAGRANGIAN MULTIPLIERS VALUES:

PENALTY FACTOR:

BEST POSITION:
	P(0) = 0.04552444566923088		P(1) = 0		P(2) = 0	
	P(3) = 0		P(4) = 0.09358606902873075		P(5) = 0	
	P(6) = 0.099		P(7) = 0.099		P(8) = 0.00384088938451331	
	P(9) = 0		P(10) = 0.099		P(11) = 0	
	P(12) = 0		P(13) = 0		P(14) = 0	
	P(15) = 0.099		P(16) = 0.099		P(17) = 0.06641308060871556	
	P(18) = 0		P(19) = 0		P(20) = 0	
	P(21) = 0		P(22) = 0.099		P(23) = 0	
	P(24) = 0.011352501285874		P(25) = 0		P(26) = 0.099	
	P(27) = 0		P(28) = 0.004696917890398639		P(29) = 0	
	P(30) = 0		P(31) = 0		P(32) = 0	
	P(33) = 0		P(34) = 0		P(35) = 0	
	P(36) = 0		P(37) = 0		P(38) = 0	
	P(39) = 0		P(40) = 0		P(41) = 0	
	P(42) = 0		P(43) = 0		P(44) = 0.099	
	P(45) = 0		P(46) = 0.006362666951165649		P(47) = 0.099	
	P(48) = 0		P(49) = 0		P(50) = 0	
	P(51) = 0		P(52) = 0		P(53) = 0.04111364899922833	
	P(54) = 0		P(55) = 0		P(56) = 0	
	P(57) = 0		P(58) = 0		P(59) = 0	
	P(60) = 0.099		P(61) = 0		P(62) = 0	
	P(63) = 0	
================================================================================

================================================================================

NUMBER OF ITERATIONS: 16

NUMBER OF OBJECTIVE FUNCTION EVALUATIONS: 970

OBJECTIVE FUNCTION VALUE:
	F = 11.7121919444094

LAGRANGIAN MULTIPLIERS VALUES:

PENALTY FACTOR:

BEST POSITION:
	P(0) = 0.02175778362197006		P(1) = 0		P(2) = 0	
	P(3) = 0		P(4) = 0.09396470424578812		P(5) = 0	
	P(6) = 0.099		P(7) = 0.099		P(8) = 0.0006642968838011173	
	P(9) = 0		P(10) = 0.099		P(11) = 0	
	P(12) = 0		P(13) = 0		P(14) = 0	
	P(15) = 0.099		P(16) = 0.099		P(17) = 0.05850798340846024	
	P(18) = 0		P(19) = 0		P(20) = 0	
	P(21) = 0		P(22) = 0.099		P(23) = 0	
	P(24) = 0.02412041770324515		P(25) = 0		P(26) = 0.0989324805771091	
	P(27) = 0		P(28) = 0.005845325940347555		P(29) = 0	
	P(30) = 0		P(31) = 0		P(32) = 0.005648896297885439	
	P(33) = 0		P(34) = 0		P(35) = 0	
	P(36) = 0		P(37) = 0		P(38) = 0	
	P(39) = 0		P(40) = 0		P(41) = 0	
	P(42) = 0		P(43) = 0		P(44) = 0.099	
	P(45) = 0		P(46) = 0.01115347065341541		P(47) = 0.099	
	P(48) = 0		P(49) = 0		P(50) = 0	
	P(51) = 0		P(52) = 0		P(53) = 0.03960972103758317	
	P(54) = 0		P(55) = 0		P(56) = 0	
	P(57) = 0		P(58) = 0		P(59) = 0	
	P(60) = 0.099		P(61) = 0		P(62) = 0	
	P(63) = 0	
================================================================================
