



   ---------------------------------------------------------------------------
     START OF THE SEQUENTIAL LEAST SQUARES PROGRAMMING ALGORIT  
   ---------------------------------------------------------------------------

     PARAMETERS:
        ACC =   0.1000D-05
        MAXITER = 50
        IPRINT =   1
IOUT =   6


>>ERROR:  1: Nonlinear line search solver did not converge. PETSc diverged line search.
>>  SOLVER_NEWTON_LINESEARCH_SOLVE
>>    SOLVER_NEWTON_SOLVE
>>      SOLVER_NONLINEAR_SOLVE
>>        SOLVER_SOLVE
>>          Problem_SolverEquationsQuasistaticNonlinearSolve
>>            PROBLEM_SOLVER_EQUATIONS_SOLVE
>>              PROBLEM_SOLVER_SOLVE
>>                PROBLEM_CONTROL_LOOP_SOLVE
>>                  PROBLEM_SOLVE
>>                    cmfe_Problem_SolveObj
>>ERROR:  1: Nonlinear line search solver did not converge. PETSc diverged line search.
>>  SOLVER_NEWTON_LINESEARCH_SOLVE
>>    SOLVER_NEWTON_SOLVE
>>      SOLVER_NONLINEAR_SOLVE
>>        SOLVER_SOLVE
>>          Problem_SolverEquationsQuasistaticNonlinearSolve
>>            PROBLEM_SOLVER_EQUATIONS_SOLVE
>>              PROBLEM_SOLVER_SOLVE
>>                PROBLEM_CONTROL_LOOP_SOLVE
>>                  PROBLEM_SOLVE
>>                    cmfe_Problem_SolveObj
>>ERROR:  1: Nonlinear line search solver did not converge. Exit due to PETSc diverged maximum iterations.
>>  SOLVER_NONLINEAR_DIVERGENCE_EXIT
>>    FiniteElasticity_PostSolve
>>      ELASTICITY_POST_SOLVE
>>        PROBLEM_SOLVER_POST_SOLVE
>>          PROBLEM_SOLVER_SOLVE
>>            PROBLEM_CONTROL_LOOP_SOLVE
>>              PROBLEM_SOLVE
>>                cmfe_Problem_SolveObj
>>ERROR:  1: Nonlinear line search solver did not converge. Exit due to PETSc diverged maximum iterations.
>>  SOLVER_NONLINEAR_DIVERGENCE_EXIT
>>    FiniteElasticity_PostSolve
>>      ELASTICITY_POST_SOLVE
>>        PROBLEM_SOLVER_POST_SOLVE
>>          PROBLEM_SOLVER_SOLVE
>>            PROBLEM_CONTROL_LOOP_SOLVE
>>              PROBLEM_SOLVE
>>                cmfe_Problem_SolveObj


     ITER =    1     OBJ =  0.11730313E+02
      0.2184E-01
      0.1081E-03
      0.1081E-03
      0.1081E-03
      0.1081E-03
      0.1081E-03
      0.9398E-01
      0.1081E-03
      0.1081E-03
      0.9901E-01
      0.9901E-01
      0.1081E-03
      0.7718E-03
      0.1081E-03
      0.1081E-03
      0.9901E-01
      0.1081E-03
      0.1081E-03
      0.1081E-03
      0.1081E-03
      0.1081E-03
      0.1081E-03
      0.9901E-01
      0.1081E-03
      0.9901E-01
      0.5856E-01
      0.1081E-03
      0.1081E-03
      0.1081E-03
      0.1081E-03
      0.1081E-03
      0.1081E-03
      0.1081E-03
      0.9901E-01
      0.1081E-03
      0.1081E-03
      0.2421E-01
      0.1081E-03
      0.1081E-03
      0.9891E-01
      0.1081E-03
      0.1081E-03
      0.5948E-02
      0.1081E-03
      0.1081E-03
      0.1081E-03
      0.1081E-03
      0.1081E-03
      0.5752E-02
      0.1081E-03
      0.1081E-03
      0.1081E-03
      0.1081E-03
      0.1081E-03
      0.1081E-03
      0.1081E-03
      0.1081E-03
      0.1081E-03
      0.1081E-03
      0.1081E-03
      0.1081E-03
      0.1081E-03
      0.1081E-03
      0.1081E-03
      0.1081E-03
      0.1081E-03
      0.9901E-01
      0.1081E-03
      0.1081E-03
      0.1130E-01
      0.9901E-01
      0.1081E-03
      0.1081E-03
      0.1081E-03
      0.1081E-03
      0.1081E-03
      0.1081E-03
      0.1081E-03
      0.1081E-03
      0.3968E-01
      0.1081E-03
      0.1081E-03
      0.1081E-03
      0.1081E-03
      0.1081E-03
      0.1081E-03
      0.1081E-03
      0.1081E-03
      0.1081E-03
      0.1081E-03
      0.9901E-01
      0.1081E-03
      0.1081E-03
      0.1081E-03
      0.1081E-03
      0.1081E-03


     ITER =    2     OBJ =  0.11048147E+02
      0.1980E-01
      0.9798E-04
      0.9798E-04
      0.9798E-04
      0.9798E-04
      0.9798E-04
      0.8518E-01
      0.9797E-04
      0.9798E-04
      0.8974E-01
      0.8974E-01
      0.9798E-04
      0.6995E-03
      0.9798E-04
      0.9798E-04
      0.8974E-01
      0.9797E-04
      0.9798E-04
      0.9797E-04
      0.9797E-04
      0.9797E-04
      0.9797E-04
      0.8974E-01
      0.9798E-04
      0.8974E-01
      0.5307E-01
      0.9798E-04
      0.9797E-04
      0.9798E-04
      0.9798E-04
      0.9797E-04
      0.9796E-04
      0.9797E-04
      0.8974E-01
      0.9797E-04
      0.9798E-04
      0.2194E-01
      0.9370E-02
      0.9798E-04
      0.9892E-01
      0.9798E-04
      0.9798E-04
      0.1466E-01
      0.9797E-04
      0.9798E-04
      0.9798E-04
      0.9797E-04
      0.9798E-04
      0.5213E-02
      0.9370E-02
      0.9798E-04
      0.6111E-02
      0.9798E-04
      0.9798E-04
      0.9370E-02
      0.9798E-04
      0.9798E-04
      0.9370E-02
      0.9797E-04
      0.9798E-04
      0.9798E-04
      0.9798E-04
      0.9798E-04
      0.9798E-04
      0.9370E-02
      0.9370E-02
      0.8974E-01
      0.9798E-04
      0.9798E-04
      0.1024E-01
      0.8974E-01
      0.9797E-04
      0.9798E-04
      0.9797E-04
      0.9798E-04
      0.9370E-02
      0.9370E-02
      0.9370E-02
      0.8644E-03
      0.4524E-01
      0.9798E-04
      0.9798E-04
      0.9796E-04
      0.9798E-04
      0.9798E-04
      0.9797E-04
      0.9798E-04
      0.9798E-04
      0.9798E-04
      0.9798E-04
      0.8974E-01
      0.9798E-04
      0.9798E-04
      0.9797E-04
      0.9795E-04
      0.9797E-04


     ITER =    3     OBJ =  0.81799841E+01
      0.9597E-02
      0.4749E-04
      0.4749E-04
      0.4749E-04
      0.4749E-04
      0.4749E-04
      0.4129E-01
      0.4749E-04
      0.4749E-04
      0.4350E-01
      0.4350E-01
      0.4749E-04
      0.3391E-03
      0.5106E-01
      0.4749E-04
      0.4350E-01
      0.4749E-04
      0.4749E-04
      0.4749E-04
      0.4749E-04
      0.4749E-04
      0.4749E-04
      0.4350E-01
      0.4749E-04
      0.4350E-01
      0.2573E-01
      0.4749E-04
      0.4749E-04
      0.4749E-04
      0.4749E-04
      0.4749E-04
      0.4749E-04
      0.4749E-04
      0.4350E-01
      0.4749E-04
      0.4749E-04
      0.1063E-01
      0.4542E-02
      0.4749E-04
      0.9896E-01
      0.4749E-04
      0.4749E-04
      0.5812E-01
      0.4749E-04
      0.4749E-04
      0.4749E-04
      0.4749E-04
      0.4749E-04
      0.2527E-02
      0.4542E-02
      0.4749E-04
      0.5397E-01
      0.4750E-04
      0.4749E-04
      0.5555E-01
      0.4749E-04
      0.1042E-01
      0.5555E-01
      0.4749E-04
      0.4749E-04
      0.4749E-04
      0.4749E-04
      0.4749E-04
      0.5106E-01
      0.4542E-02
      0.5555E-01
      0.9451E-01
      0.4749E-04
      0.4749E-04
      0.5598E-01
      0.4350E-01
      0.4749E-04
      0.4749E-04
      0.4749E-04
      0.4749E-04
      0.5555E-01
      0.4542E-02
      0.4542E-02
      0.5143E-01
      0.2193E-01
      0.4749E-04
      0.4749E-04
      0.4748E-04
      0.4749E-04
      0.4749E-04
      0.4749E-04
      0.4749E-04
      0.2705E-01
      0.4749E-04
      0.4749E-04
      0.4350E-01
      0.4749E-04
      0.4749E-04
      0.4749E-04
      0.4748E-04
      0.4749E-04
