                                     ======================
                                        ALPSO 1.1 (Serial)
                                     ======================

Parameters:
-------------------------------------------------------------------------------------------------
Swarmsize           :       10    MaxOuterIters     :      200    Seed:       1518386299.75294089
Cognitive Parameter :    2.000    MaxInnerIters     :        6    Scaling            :          1
Social Parameter    :    1.000    MinInnerIters     :        6    Stopping Criteria  :          1
Initial Weight      :    0.990    DynInnerIters     :        0    Number of Failures :         15
Final Weight        :    0.550    StoppingIters     :        5    Number of Successes:          5

Absolute Tolerance  : 1.00e-02    Number Initial Pos:        0    Neighbourhood Model:      gbest
Relative Tolerance  : 1.00e-02    Initial Velocity  :        1    Neighbourhood Size :         40
Inequality Tolerance: 1.00e-03    Maximum Velocity  :        2    Selfless           :          1
Equality Tolerance  : 1.00e-03    Craziness Velocity: 1.00e-04    Fileout            :          1
Global Distance     : 1.00e-01    Initial Penalty   :     1.00    File Name          :  ALPSO.out
-------------------------------------------------------------------------------------------------


================================================================================

NUMBER OF ITERATIONS: 1

NUMBER OF OBJECTIVE FUNCTION EVALUATIONS: 70

OBJECTIVE FUNCTION VALUE:
	F = 41.20191617693776

LAGRANGIAN MULTIPLIERS VALUES:

PENALTY FACTOR:

BEST POSITION:
	P(0) = 0.07648921627555987		P(1) = 0.001855530547953024		P(2) = 0.03696125992451675	
	P(3) = 0.04121748252385622		P(4) = 0.08870575786723736		P(5) = 0.06904408490484931	
	P(6) = 0.0135518870762		P(7) = 0.004408396234088521		P(8) = 0	
	P(9) = 0.02324055371106735		P(10) = 0.05680777764621892		P(11) = 0.0194550585167613	
	P(12) = 0.01409506846876545		P(13) = 0		P(14) = 0.099	
	P(15) = 0.06776271761456065		P(16) = 0.02050767279587428		P(17) = 0.004005355695641435	
	P(18) = 0.06048423771128836		P(19) = 0		P(20) = 0	
	P(21) = 0.03045861093736217		P(22) = 0.06265609280874616		P(23) = 0.0387963186306935	
	P(24) = 0.08852882885784388		P(25) = 0.02387015813194201		P(26) = 0	
	P(27) = 0.099		P(28) = 0		P(29) = 7.174653115624152e-05	
	P(30) = 0.07085956108529842		P(31) = 0.09492354771925333		P(32) = 0	
	P(33) = 0.08874413136382887		P(34) = 0		P(35) = 0.03542648511097866	
	P(36) = 0		P(37) = 0.02855081578474131		P(38) = 0.06496721005397894	
	P(39) = 0.02796646700327518		P(40) = 0.08540773439369739		P(41) = 0.03622054541767103	
	P(42) = 0.01438351805815336		P(43) = 0.04669847404566119		P(44) = 0.03552559637428057	
	P(45) = 0		P(46) = 0.05394693364753968		P(47) = 0.01028483037567112	
	P(48) = 0.05392623812820502		P(49) = 0.04728840386668477		P(50) = 0.02539362036993204	
	P(51) = 0.06203092004150224		P(52) = 0.05839240227544146		P(53) = 0.05725669222842724	
	P(54) = 0.06234035766368238		P(55) = 0.099		P(56) = 0	
	P(57) = 0.09390841886864598		P(58) = 0.0740474479432833		P(59) = 0.02444606550567067	
	P(60) = 0.09258788332043072		P(61) = 0.01499387190204494		P(62) = 0.01979413638413571	
	P(63) = 0.03468158901721275	
================================================================================

================================================================================

NUMBER OF ITERATIONS: 2

NUMBER OF OBJECTIVE FUNCTION EVALUATIONS: 130

OBJECTIVE FUNCTION VALUE:
	F = 41.79408952920958

LAGRANGIAN MULTIPLIERS VALUES:

PENALTY FACTOR:

BEST POSITION:
	P(0) = 0.07311665116042386		P(1) = 0.01106287731686973		P(2) = 0.04336765901357058	
	P(3) = 0		P(4) = 0.09176965536635728		P(5) = 0.08734673738158871	
	P(6) = 0.01220643665255885		P(7) = 0		P(8) = 0	
	P(9) = 0.03785432501301208		P(10) = 0.07161383433479535		P(11) = 0	
	P(12) = 0		P(13) = 0		P(14) = 0.08081410768765135	
	P(15) = 0.01681350708586025		P(16) = 0.03245990277317835		P(17) = 0.01539935816222298	
	P(18) = 0.08575717736045632		P(19) = 0.009549757842664937		P(20) = 0	
	P(21) = 0.009947866995331039		P(22) = 0.0742471362043948		P(23) = 0.01341642815782069	
	P(24) = 0.03628895252648625		P(25) = 0.01588357182194726		P(26) = 0	
	P(27) = 0.05669974568517236		P(28) = 0		P(29) = 0.02356361416368994	
	P(30) = 0.06319003016130381		P(31) = 0.099		P(32) = 0	
	P(33) = 0.099		P(34) = 0		P(35) = 0.04026034048559865	
	P(36) = 0		P(37) = 0.03872265083771574		P(38) = 0.01200213973273236	
	P(39) = 0.03751258821368291		P(40) = 0.06941603524886025		P(41) = 0.03363074861555502	
	P(42) = 0.008782059433008242		P(43) = 0.05833046554851517		P(44) = 0.01753419600461174	
	P(45) = 0		P(46) = 0.07940631511874922		P(47) = 0.02630773532369714	
	P(48) = 0.0423244082731369		P(49) = 0.0552211083657106		P(50) = 0.01287803603865391	
	P(51) = 0.05946095332949126		P(52) = 0.04292239585573866		P(53) = 0.07463300690747718	
	P(54) = 0.06917091873226917		P(55) = 0.099		P(56) = 0	
	P(57) = 0.099		P(58) = 0.08853771901771113		P(59) = 0.02218262635256381	
	P(60) = 0.099		P(61) = 0.001340527590802783		P(62) = 0.003774167260149265	
	P(63) = 0.02881363891928018	
================================================================================

================================================================================

NUMBER OF ITERATIONS: 3

NUMBER OF OBJECTIVE FUNCTION EVALUATIONS: 190

OBJECTIVE FUNCTION VALUE:
	F = 40.9389314831988

LAGRANGIAN MULTIPLIERS VALUES:

PENALTY FACTOR:

BEST POSITION:
	P(0) = 0.07262060012748124		P(1) = 0.008297308294259599		P(2) = 0.03750055597691254	
	P(3) = 0.0022570645064139		P(4) = 0.0939954612319869		P(5) = 0.08051700282799892	
	P(6) = 0.008739704868244352		P(7) = 0.002166552265715604		P(8) = 0	
	P(9) = 0.04026694140730134		P(10) = 0.06873367308672748		P(11) = 0.01179950675148771	
	P(12) = 0		P(13) = 0.008122832781022146		P(14) = 0.07281768316075107	
	P(15) = 0.01960670415553017		P(16) = 0.03386491099283553		P(17) = 0.01653852153580195	
	P(18) = 0.06874856725777703		P(19) = 0.01269895024740825		P(20) = 0.01195543513785654	
	P(21) = 0.02219112481153641		P(22) = 0.0698344280512358		P(23) = 0	
	P(24) = 0.0291671106924346		P(25) = 0.005326854235760979		P(26) = 0	
	P(27) = 0.04462642640450259		P(28) = 0		P(29) = 0.0163317947619357	
	P(30) = 0.06608122203478817		P(31) = 0.099		P(32) = 0	
	P(33) = 0.099		P(34) = 0		P(35) = 0.03819409157291249	
	P(36) = 0		P(37) = 0.03905622155542106		P(38) = 0.003182533885436205	
	P(39) = 0.02827954710620486		P(40) = 0.05540519500870222		P(41) = 0.03284743945250817	
	P(42) = 0.009684179222126804		P(43) = 0.05862572584620249		P(44) = 0.01352617810686922	
	P(45) = 0		P(46) = 0.06624791590959225		P(47) = 0.02976107980070336	
	P(48) = 0.02959632334897149		P(49) = 0.05460877782308542		P(50) = 0.02031217197804521	
	P(51) = 0.0579774088763972		P(52) = 0.03415433067120943		P(53) = 0.07060188009403104	
	P(54) = 0.07770371017912094		P(55) = 0.05478069967769792		P(56) = 0	
	P(57) = 0.099		P(58) = 0.07670137709583233		P(59) = 0.02167296400878576	
	P(60) = 0.099		P(61) = 0		P(62) = 0	
	P(63) = 0.01813278878056727	
================================================================================

================================================================================

NUMBER OF ITERATIONS: 4

NUMBER OF OBJECTIVE FUNCTION EVALUATIONS: 250

OBJECTIVE FUNCTION VALUE:
	F = 39.28832322467728

LAGRANGIAN MULTIPLIERS VALUES:

PENALTY FACTOR:

BEST POSITION:
	P(0) = 0.08020498198097406		P(1) = 0.008017386925242731		P(2) = 0.03445948252995976	
	P(3) = 0		P(4) = 0.09809354494183439		P(5) = 0.06792254035206138	
	P(6) = 0.007644440421073734		P(7) = 0.0007088692949445835		P(8) = 0	
	P(9) = 0.04208820151777452		P(10) = 0.06211328759215414		P(11) = 0.01648938135116781	
	P(12) = 0		P(13) = 0		P(14) = 0.05593935128397524	
	P(15) = 0.006743447773166142		P(16) = 0.01749825413162411		P(17) = 0.01848460993369615	
	P(18) = 0.05601453642884278		P(19) = 0.01936923966413006		P(20) = 0.01923171032355686	
	P(21) = 0		P(22) = 0.0599441274015189		P(23) = 0	
	P(24) = 0.03005737837142068		P(25) = 0.0005715157977747923		P(26) = 0	
	P(27) = 0.0292653143369146		P(28) = 0		P(29) = 0.0105216655762741	
	P(30) = 0.0669025680765863		P(31) = 0.099		P(32) = 0	
	P(33) = 0.099		P(34) = 0		P(35) = 0	
	P(36) = 0		P(37) = 0.03254900524992002		P(38) = 0.01922084393342039	
	P(39) = 0		P(40) = 0.05160264320000468		P(41) = 0.03822626186638199	
	P(42) = 0.01206386422991533		P(43) = 0.05832422854470284		P(44) = 0.01090595166581275	
	P(45) = 0		P(46) = 0.06266560761193118		P(47) = 0.03084176645044789	
	P(48) = 0.01896301656792428		P(49) = 0.03712359268536154		P(50) = 0.02264400687490728	
	P(51) = 0.05859534037629018		P(52) = 0.02892999959220432		P(53) = 0.06178842929046823	
	P(54) = 0.08187788165291222		P(55) = 0.01010533112074613		P(56) = 0	
	P(57) = 0.099		P(58) = 0.06800541065088825		P(59) = 0.01734593460675588	
	P(60) = 0.08822370650888177		P(61) = 0		P(62) = 0	
	P(63) = 0.01448926166834331	
================================================================================

================================================================================

NUMBER OF ITERATIONS: 5

NUMBER OF OBJECTIVE FUNCTION EVALUATIONS: 310

OBJECTIVE FUNCTION VALUE:
	F = 38.92776503308765

LAGRANGIAN MULTIPLIERS VALUES:

PENALTY FACTOR:

BEST POSITION:
	P(0) = 0.08069573747489478		P(1) = 0.00357096708167369		P(2) = 0.04765299576590053	
	P(3) = 0.0003756805973242558		P(4) = 0.09646605730273866		P(5) = 0.0611035178908886	
	P(6) = 0.0003551097879779114		P(7) = 0.0005421778060889088		P(8) = 0	
	P(9) = 0.03887300917565964		P(10) = 0.05834107570992442		P(11) = 0.0003397780181282825	
	P(12) = 0		P(13) = 0.003382224802874485		P(14) = 0.05693274077091394	
	P(15) = 0.02207742708720975		P(16) = 0.009438774717539448		P(17) = 0.005479231044850361	
	P(18) = 0.08413899022691525		P(19) = 0.005692417260927111		P(20) = 0.02163083076141646	
	P(21) = 0.001762435795029285		P(22) = 0.04981545650853146		P(23) = 0	
	P(24) = 0.02062827722388201		P(25) = 0		P(26) = 0	
	P(27) = 0.01733693163035573		P(28) = 0		P(29) = 0	
	P(30) = 0.07056358385872184		P(31) = 0.099		P(32) = 0	
	P(33) = 0.099		P(34) = 0		P(35) = 0.01514173412196729	
	P(36) = 0		P(37) = 0.04322840756372465		P(38) = 0.02084047000896293	
	P(39) = 0.003944175030393481		P(40) = 0.0215559884977973		P(41) = 0.03335898269248794	
	P(42) = 0.02104726462167797		P(43) = 0.04613353188154852		P(44) = 0.01036842892281846	
	P(45) = 0		P(46) = 0.05373313468452651		P(47) = 0.02107300678474746	
	P(48) = 0.01305678878721684		P(49) = 0.03979605049689364		P(50) = 0.0402111118522426	
	P(51) = 0.05316478953804256		P(52) = 0.02118373882644693		P(53) = 0.07218829479758129	
	P(54) = 0.08253684339516294		P(55) = 0		P(56) = 0	
	P(57) = 0.099		P(58) = 0.07078799381564864		P(59) = 0.00964749337706125	
	P(60) = 0.08665668744556157		P(61) = 0		P(62) = 0	
	P(63) = 0.01286951708148944	
================================================================================

================================================================================

NUMBER OF ITERATIONS: 6

NUMBER OF OBJECTIVE FUNCTION EVALUATIONS: 370

OBJECTIVE FUNCTION VALUE:
	F = 38.16237492452511

LAGRANGIAN MULTIPLIERS VALUES:

PENALTY FACTOR:

BEST POSITION:
	P(0) = 0.07908797542916483		P(1) = 0.00532409712393369		P(2) = 0.06897984247517618	
	P(3) = 0.009623946108285771		P(4) = 0.09885204067911417		P(5) = 0.08721931883847399	
	P(6) = 0.003932834289814773		P(7) = 0		P(8) = 0	
	P(9) = 0.03225794366332173		P(10) = 0.06921086813311642		P(11) = 0.01323496671502825	
	P(12) = 0		P(13) = 0.02920317099655049		P(14) = 0.05149595386084109	
	P(15) = 0.02289183155169929		P(16) = 0.008690277597530882		P(17) = 0	
	P(18) = 0.07957255397276997		P(19) = 0.004713908786740516		P(20) = 0.01403722984768675	
	P(21) = 0.0004467351933583052		P(22) = 0.06435372681583151		P(23) = 0.002763168782371109	
	P(24) = 0.0228368650416936		P(25) = 0.02223805560332517		P(26) = 0	
	P(27) = 0		P(28) = 0		P(29) = 0	
	P(30) = 0.06416782819251414		P(31) = 0.099		P(32) = 0	
	P(33) = 0.099		P(34) = 0		P(35) = 0	
	P(36) = 0		P(37) = 0.02551542466625713		P(38) = 0.01982823730843985	
	P(39) = 0.005276862579112154		P(40) = 0		P(41) = 0.06594304547429103	
	P(42) = 0.0002556904408930818		P(43) = 0.05314104714149725		P(44) = 0.003057380645226787	
	P(45) = 0		P(46) = 0.00950886036425215		P(47) = 0.02627515299165518	
	P(48) = 0.009460285003419201		P(49) = 0.03056699418586988		P(50) = 0.03017967527922766	
	P(51) = 0.01899371393139655		P(52) = 0.01242473076343349		P(53) = 0.07277081345340113	
	P(54) = 0.07844587621904826		P(55) = 0		P(56) = 0	
	P(57) = 0.099		P(58) = 0.099		P(59) = 0.01447742892677994	
	P(60) = 0.08763371151331548		P(61) = 2.496280691528102e-05		P(62) = 0	
	P(63) = 0.004104411264121602	
================================================================================

================================================================================

NUMBER OF ITERATIONS: 7

NUMBER OF OBJECTIVE FUNCTION EVALUATIONS: 430

OBJECTIVE FUNCTION VALUE:
	F = 37.70649339806785

LAGRANGIAN MULTIPLIERS VALUES:

PENALTY FACTOR:

BEST POSITION:
	P(0) = 0.07933767836737526		P(1) = 0.002297647337136464		P(2) = 0.07459642722274272	
	P(3) = 0.01441046120242126		P(4) = 0.099		P(5) = 0.08670049220290801	
	P(6) = 0.002010973027439911		P(7) = 0		P(8) = 0	
	P(9) = 0.08023637918653612		P(10) = 0.08559245612169086		P(11) = 0.01100338229070019	
	P(12) = 0		P(13) = 0.04609965474035497		P(14) = 0.04546903189746304	
	P(15) = 0.026037205999146		P(16) = 0.006351458635075531		P(17) = 0	
	P(18) = 0.07809442956350819		P(19) = 0.004724306526330047		P(20) = 0	
	P(21) = 0		P(22) = 0		P(23) = 0.005952530791168371	
	P(24) = 0.02016212216166023		P(25) = 0.02536570237656168		P(26) = 0.0003818599813285653	
	P(27) = 0		P(28) = 0		P(29) = 0	
	P(30) = 0.06019881104750138		P(31) = 0.05275196236381459		P(32) = 0	
	P(33) = 0.0959731188514476		P(34) = 0		P(35) = 0	
	P(36) = 0.03522967472769944		P(37) = 0.02201410006050143		P(38) = 0.01424171836123105	
	P(39) = 0.002940101575682058		P(40) = 0.005495044715520724		P(41) = 0.05564451019489625	
	P(42) = 0.000261052818143169		P(43) = 0.04855172156828216		P(44) = 0.004885272111931675	
	P(45) = 0		P(46) = 0.03005881120243548		P(47) = 0.02201117656780809	
	P(48) = 0.008806904965273442		P(49) = 0.03575325758936494		P(50) = 0.03234262290693209	
	P(51) = 0.02046976307060511		P(52) = 0		P(53) = 0.07526821025659827	
	P(54) = 0.07426125782676862		P(55) = 0		P(56) = 0	
	P(57) = 0.099		P(58) = 0.09859887130050859		P(59) = 0.01637933453973995	
	P(60) = 0.09618384535048283		P(61) = 0		P(62) = 0.006685241950021951	
	P(63) = 0	
================================================================================

================================================================================

NUMBER OF ITERATIONS: 8

NUMBER OF OBJECTIVE FUNCTION EVALUATIONS: 490

OBJECTIVE FUNCTION VALUE:
	F = 37.73919342549473

LAGRANGIAN MULTIPLIERS VALUES:

PENALTY FACTOR:

BEST POSITION:
	P(0) = 0.08052206377787585		P(1) = 0.004980957072847465		P(2) = 0.08098303038135879	
	P(3) = 0.01593686563009072		P(4) = 0.09897303498932064		P(5) = 0.08445206711869534	
	P(6) = 0.008869782528038758		P(7) = 0		P(8) = 0	
	P(9) = 0.01531341590765693		P(10) = 0.06527956407376512		P(11) = 0.00372264606030883	
	P(12) = 0		P(13) = 0.03301239766622273		P(14) = 0.03447819893476106	
	P(15) = 0.02203176934856106		P(16) = 0.006121292580188266		P(17) = 0	
	P(18) = 0.07775607053158931		P(19) = 0.000810872796415299		P(20) = 0	
	P(21) = 0		P(22) = 0.022184690931202		P(23) = 0.005009775962995913	
	P(24) = 0.02152745971658068		P(25) = 0.02958627276051786		P(26) = 0.0006594973083865543	
	P(27) = 0		P(28) = 0		P(29) = 0	
	P(30) = 0.06264372179983986		P(31) = 0.05710608941453565		P(32) = 0	
	P(33) = 0.0984084557698269		P(34) = 0		P(35) = 0	
	P(36) = 0.04723120579277501		P(37) = 0.02554784227030467		P(38) = 0.007700199701642332	
	P(39) = 0.003888565615872516		P(40) = 0.006470863703271434		P(41) = 0.06247973227235932	
	P(42) = 0.0006431773470540539		P(43) = 0.05838028990844563		P(44) = 0.004616041634404454	
	P(45) = 0		P(46) = 0.03387917438760799		P(47) = 0.02027875778144018	
	P(48) = 0.007981853467120555		P(49) = 0.0332709820393107		P(50) = 0.03557755280169464	
	P(51) = 0.01666495312667433		P(52) = 0.006207061041409105		P(53) = 0.07606012079860759	
	P(54) = 0.07441681885294958		P(55) = 0		P(56) = 0	
	P(57) = 0.099		P(58) = 0.099		P(59) = 0.02480359926503452	
	P(60) = 0.09506363633432599		P(61) = 0		P(62) = 0.002273103121830267	
	P(63) = 0.002995108383769748	
================================================================================

================================================================================

NUMBER OF ITERATIONS: 9

NUMBER OF OBJECTIVE FUNCTION EVALUATIONS: 550

OBJECTIVE FUNCTION VALUE:
	F = 37.41989685787078

LAGRANGIAN MULTIPLIERS VALUES:

PENALTY FACTOR:

BEST POSITION:
	P(0) = 0.08693622102073315		P(1) = 0.01536899453000711		P(2) = 0.04623373027583414	
	P(3) = 0.03416312024049312		P(4) = 0.099		P(5) = 0.078842414751252	
	P(6) = 0.01450320343405409		P(7) = 0		P(8) = 0	
	P(9) = 0.002190426947175778		P(10) = 0.06053948193681642		P(11) = 0	
	P(12) = 0		P(13) = 0.01042344756364427		P(14) = 0.03130622017134915	
	P(15) = 0.01507604014466669		P(16) = 0.005694470111049843		P(17) = 0	
	P(18) = 0.08139082951160072		P(19) = 0.0002319854002509544		P(20) = 0	
	P(21) = 0		P(22) = 0.02034161892040314		P(23) = 0.00472013853969723	
	P(24) = 0.0340440162628975		P(25) = 0.02632593902926894		P(26) = 0.000324411944997112	
	P(27) = 0		P(28) = 0		P(29) = 0	
	P(30) = 0.07702491978078689		P(31) = 0.02725372996783833		P(32) = 0	
	P(33) = 0.099		P(34) = 0		P(35) = 0	
	P(36) = 0.04146154773618529		P(37) = 0.005594223060051404		P(38) = 0.006557387343883614	
	P(39) = 0.002216465109197999		P(40) = 0.00427777167251716		P(41) = 0.05093056881668668	
	P(42) = 0		P(43) = 0.02768698597713223		P(44) = 0.003829793834268562	
	P(45) = 0		P(46) = 0.04949011911746615		P(47) = 0.02462774727934092	
	P(48) = 0.0144686300041921		P(49) = 0.03031382821584279		P(50) = 0.02374659935651513	
	P(51) = 0		P(52) = 0.004056839961142679		P(53) = 0.0720987720174273	
	P(54) = 0.04977342875842924		P(55) = 0		P(56) = 0	
	P(57) = 0.099		P(58) = 0.099		P(59) = 0.03370974267826935	
	P(60) = 0.09631275544916106		P(61) = 0		P(62) = 0.00089030400981812	
	P(63) = 0.004894168966622751	
================================================================================

================================================================================

NUMBER OF ITERATIONS: 10

NUMBER OF OBJECTIVE FUNCTION EVALUATIONS: 610

OBJECTIVE FUNCTION VALUE:
	F = 37.06591350649697

LAGRANGIAN MULTIPLIERS VALUES:

PENALTY FACTOR:

BEST POSITION:
	P(0) = 0.04217787190382494		P(1) = 0.009507043661388562		P(2) = 0.05505156687910692	
	P(3) = 0.04627200441179062		P(4) = 0.099		P(5) = 0.08206584733130778	
	P(6) = 0.002604424694848222		P(7) = 5.032590377485047e-06		P(8) = 3.023896063845954e-06	
	P(9) = 0.0006485916775700457		P(10) = 0.04767221941104444		P(11) = 2.672218150538003e-05	
	P(12) = 0		P(13) = 0.01086536357491334		P(14) = 0.04066607716075463	
	P(15) = 0.01425974547492603		P(16) = 0.01162175906323316		P(17) = 0	
	P(18) = 0.08491969582412587		P(19) = 0		P(20) = 4.593504549649241e-08	
	P(21) = 3.656650764967406e-06		P(22) = 0.02157583951339036		P(23) = 0	
	P(24) = 0.0491189514987885		P(25) = 0.03913258117632212		P(26) = 0	
	P(27) = 5.878325000166496e-07		P(28) = 1.457289351414204e-07		P(29) = 0	
	P(30) = 0.08554487381723772		P(31) = 0.003640283447679325		P(32) = 1.268023987685551e-07	
	P(33) = 0.099		P(34) = 0		P(35) = 9.974389611824841e-07	
	P(36) = 0.05610088368202713		P(37) = 0.00464122163236106		P(38) = 0.008073463066203324	
	P(39) = 0		P(40) = 0.002173073454858447		P(41) = 0.04230528771885627	
	P(42) = 0		P(43) = 0.005113609633888565		P(44) = 0.000505264305360846	
	P(45) = 1.659237207067565e-06		P(46) = 0.07167693871890035		P(47) = 0.03286229920232846	
	P(48) = 0.0137538215601271		P(49) = 0.01696399260149914		P(50) = 0.01979436943783138	
	P(51) = 0.001289160450817319		P(52) = 0.004503552259540473		P(53) = 0.07513652953512977	
	P(54) = 0.07163884103145929		P(55) = 0		P(56) = 0	
	P(57) = 0.099		P(58) = 0.09899289741925259		P(59) = 0.0260615251474247	
	P(60) = 0.099		P(61) = 0		P(62) = 0.002380259347284246	
	P(63) = 0.007048308419022875	
================================================================================

================================================================================

NUMBER OF ITERATIONS: 11

NUMBER OF OBJECTIVE FUNCTION EVALUATIONS: 670

OBJECTIVE FUNCTION VALUE:
	F = 36.61684075799041

LAGRANGIAN MULTIPLIERS VALUES:

PENALTY FACTOR:

BEST POSITION:
	P(0) = 0.0248207715819272		P(1) = 0.003903228365546546		P(2) = 0.06968298033349986	
	P(3) = 0.04425746087403409		P(4) = 0.099		P(5) = 0.099	
	P(6) = 0.0146866922156005		P(7) = 0		P(8) = 0	
	P(9) = 0		P(10) = 0.05200317215640347		P(11) = 0	
	P(12) = 0		P(13) = 0.002213089192885799		P(14) = 0.03761872978244323	
	P(15) = 0.007658981201050685		P(16) = 0.008847220995207392		P(17) = 0	
	P(18) = 0.07903633420671474		P(19) = 0		P(20) = 0	
	P(21) = 0		P(22) = 0.0210441722740144		P(23) = 0	
	P(24) = 0.06409690430380757		P(25) = 0.05272614860668274		P(26) = 0	
	P(27) = 0		P(28) = 0		P(29) = 0	
	P(30) = 0.099		P(31) = 0		P(32) = 0	
	P(33) = 0.099		P(34) = 0		P(35) = 0	
	P(36) = 0.06893775991903471		P(37) = 0.005125892440922854		P(38) = 0.01624019388787591	
	P(39) = 0		P(40) = 0		P(41) = 0.006965405356719162	
	P(42) = 0		P(43) = 0		P(44) = 0	
	P(45) = 0		P(46) = 0.099		P(47) = 0.03584257341803111	
	P(48) = 0.0203920750794272		P(49) = 0.02681087630946603		P(50) = 0.03368472026184265	
	P(51) = 0		P(52) = 0.006932718301809561		P(53) = 0.08201908308660269	
	P(54) = 0.07512206438094077		P(55) = 0		P(56) = 0	
	P(57) = 0.099		P(58) = 0.099		P(59) = 0.03057663956194853	
	P(60) = 0.09840724706705267		P(61) = 0		P(62) = 0	
	P(63) = 0.001077556059894895	
================================================================================

================================================================================

NUMBER OF ITERATIONS: 12

NUMBER OF OBJECTIVE FUNCTION EVALUATIONS: 730

OBJECTIVE FUNCTION VALUE:
	F = 36.61684075799041

LAGRANGIAN MULTIPLIERS VALUES:

PENALTY FACTOR:

BEST POSITION:
	P(0) = 0.0248207715819272		P(1) = 0.003903228365546546		P(2) = 0.06968298033349986	
	P(3) = 0.04425746087403409		P(4) = 0.099		P(5) = 0.099	
	P(6) = 0.0146866922156005		P(7) = 0		P(8) = 0	
	P(9) = 0		P(10) = 0.05200317215640347		P(11) = 0	
	P(12) = 0		P(13) = 0.002213089192885799		P(14) = 0.03761872978244323	
	P(15) = 0.007658981201050685		P(16) = 0.008847220995207392		P(17) = 0	
	P(18) = 0.07903633420671474		P(19) = 0		P(20) = 0	
	P(21) = 0		P(22) = 0.0210441722740144		P(23) = 0	
	P(24) = 0.06409690430380757		P(25) = 0.05272614860668274		P(26) = 0	
	P(27) = 0		P(28) = 0		P(29) = 0	
	P(30) = 0.099		P(31) = 0		P(32) = 0	
	P(33) = 0.099		P(34) = 0		P(35) = 0	
	P(36) = 0.06893775991903471		P(37) = 0.005125892440922854		P(38) = 0.01624019388787591	
	P(39) = 0		P(40) = 0		P(41) = 0.006965405356719162	
	P(42) = 0		P(43) = 0		P(44) = 0	
	P(45) = 0		P(46) = 0.099		P(47) = 0.03584257341803111	
	P(48) = 0.0203920750794272		P(49) = 0.02681087630946603		P(50) = 0.03368472026184265	
	P(51) = 0		P(52) = 0.006932718301809561		P(53) = 0.08201908308660269	
	P(54) = 0.07512206438094077		P(55) = 0		P(56) = 0	
	P(57) = 0.099		P(58) = 0.099		P(59) = 0.03057663956194853	
	P(60) = 0.09840724706705267		P(61) = 0		P(62) = 0	
	P(63) = 0.001077556059894895	
================================================================================

================================================================================

NUMBER OF ITERATIONS: 13

NUMBER OF OBJECTIVE FUNCTION EVALUATIONS: 790

OBJECTIVE FUNCTION VALUE:
	F = 36.7793424792804

LAGRANGIAN MULTIPLIERS VALUES:

PENALTY FACTOR:

BEST POSITION:
	P(0) = 0.03103538314800998		P(1) = 0.003017751512989268		P(2) = 0.05763241600660664	
	P(3) = 0.05375538787197359		P(4) = 0.099		P(5) = 0.099	
	P(6) = 0		P(7) = 0.002353558406881347		P(8) = 0	
	P(9) = 0.02013849725287008		P(10) = 0.04662549379787564		P(11) = 0.01449464986974899	
	P(12) = 0		P(13) = 0.002895483277123988		P(14) = 0.03881315453678712	
	P(15) = 0.009859548373056581		P(16) = 0.008424406177543212		P(17) = 0	
	P(18) = 0.07496403327765584		P(19) = 0		P(20) = 0	
	P(21) = 0		P(22) = 0.00709798334137049		P(23) = 0.001168307117053388	
	P(24) = 0.06279521671808866		P(25) = 0.05756247678467695		P(26) = 0	
	P(27) = 0		P(28) = 0.0009287337426678866		P(29) = 0	
	P(30) = 0.09148853272353247		P(31) = 0		P(32) = 0	
	P(33) = 0.099		P(34) = 0.002900827535245933		P(35) = 0	
	P(36) = 0.05906108183352945		P(37) = 0		P(38) = 0	
	P(39) = 4.134933346972014e-07		P(40) = 0.001369259994287539		P(41) = 0.00698153466790815	
	P(42) = 0		P(43) = 0.0001581347399814692		P(44) = 0.0006001312829145011	
	P(45) = 0		P(46) = 0.099		P(47) = 0.04533060277711179	
	P(48) = 0.02305472422416057		P(49) = 0		P(50) = 0.0356585008933701	
	P(51) = 0		P(52) = 0.004693271588680749		P(53) = 0.09615457677991078	
	P(54) = 0.06859307122085931		P(55) = 0		P(56) = 0.003451852713282778	
	P(57) = 0.09899702117105569		P(58) = 0.09899566683439656		P(59) = 0.02962052920169732	
	P(60) = 0.09477343305964711		P(61) = 9.236006216217785e-07		P(62) = 0.0001994584440365155	
	P(63) = 0.003530666117119677	
================================================================================

================================================================================

NUMBER OF ITERATIONS: 14

NUMBER OF OBJECTIVE FUNCTION EVALUATIONS: 850

OBJECTIVE FUNCTION VALUE:
	F = 36.61601808326759

LAGRANGIAN MULTIPLIERS VALUES:

PENALTY FACTOR:

BEST POSITION:
	P(0) = 0.02568403310792641		P(1) = 0.003380587062398938		P(2) = 0.08349188706682587	
	P(3) = 0.04957578291378142		P(4) = 0.09899476869064434		P(5) = 0.09409578783158173	
	P(6) = 0.002571740098338375		P(7) = 0.0004106687673491108		P(8) = 5.190416720868285e-07	
	P(9) = 0.01049310860281372		P(10) = 0.04719789312521473		P(11) = 0.01003180719218747	
	P(12) = 0		P(13) = 0.002483841376943026		P(14) = 0.03510374324297056	
	P(15) = 0.01043032556232969		P(16) = 0.007080359585138522		P(17) = 3.35060187878905e-06	
	P(18) = 0.07126712045073844		P(19) = 0		P(20) = 0	
	P(21) = 1.525996521291317e-06		P(22) = 0.003624823305473861		P(23) = 0	
	P(24) = 0.06022350608155347		P(25) = 0.0413467473152459		P(26) = 1.857085949602544e-07	
	P(27) = 0		P(28) = 0.0003175622916818319		P(29) = 0	
	P(30) = 0.099		P(31) = 0.01311019716325666		P(32) = 0	
	P(33) = 0.099		P(34) = 0.000977606158110822		P(35) = 0	
	P(36) = 0.07653516623145903		P(37) = 0		P(38) = 0.0001024908315624268	
	P(39) = 5.921304753513101e-06		P(40) = 0		P(41) = 0.00945323206185833	
	P(42) = 8.611324339657944e-06		P(43) = 0		P(44) = 0	
	P(45) = 0		P(46) = 0.099		P(47) = 0.04433340265536075	
	P(48) = 0.01049227661293335		P(49) = 0.01273196671288885		P(50) = 0.03542386201349031	
	P(51) = 0		P(52) = 0.005139832425087129		P(53) = 0.08536130893428749	
	P(54) = 0.07794402991889281		P(55) = 0		P(56) = 0	
	P(57) = 0.09899096961428622		P(58) = 0.09899720694791692		P(59) = 0.032150358486565	
	P(60) = 0.09431815527285803		P(61) = 8.153673059230204e-07		P(62) = 0.0001130523734746008	
	P(63) = 0.003539908396552445	
================================================================================

================================================================================

NUMBER OF ITERATIONS: 15

NUMBER OF OBJECTIVE FUNCTION EVALUATIONS: 910

OBJECTIVE FUNCTION VALUE:
	F = 36.60487386664138

LAGRANGIAN MULTIPLIERS VALUES:

PENALTY FACTOR:

BEST POSITION:
	P(0) = 0.02320014392453106		P(1) = 0.004096822726751465		P(2) = 0.09334645259268473	
	P(3) = 0.06192002082290957		P(4) = 0.099		P(5) = 0.09436251713349736	
	P(6) = 0.002870061511602733		P(7) = 0.0001672408330707364		P(8) = 0	
	P(9) = 0.01309471593865413		P(10) = 0.04791847911711251		P(11) = 0.006433936703895998	
	P(12) = 0		P(13) = 0.001872719141956004		P(14) = 0.03539847148941523	
	P(15) = 0.01578904453149981		P(16) = 0.008444392547921981		P(17) = 0	
	P(18) = 0.07024048314530534		P(19) = 0		P(20) = 0	
	P(21) = 0		P(22) = 0.003104374487761796		P(23) = 0	
	P(24) = 0.06155504468977029		P(25) = 0.04653678596934719		P(26) = 0	
	P(27) = 0		P(28) = 0.0003242755135578063		P(29) = 0	
	P(30) = 0.09858923547924289		P(31) = 0.01509699372444084		P(32) = 0	
	P(33) = 0.099		P(34) = 0.0004829291655665743		P(35) = 0	
	P(36) = 0.08520607888020892		P(37) = 0		P(38) = 9.287589371330396e-05	
	P(39) = 0		P(40) = 0		P(41) = 0.0136028511595926	
	P(42) = 0		P(43) = 0.0007328222331784082		P(44) = 0	
	P(45) = 0		P(46) = 0.099		P(47) = 0.04246487924415216	
	P(48) = 0.009442682145399062		P(49) = 0.009556251856025239		P(50) = 0.03786058373717012	
	P(51) = 0		P(52) = 0.003270724307872667		P(53) = 0.0879761022879461	
	P(54) = 0.08032960535415688		P(55) = 0		P(56) = 0	
	P(57) = 0.099		P(58) = 0.099		P(59) = 0.03782489067612087	
	P(60) = 0.0976476268108192		P(61) = 0		P(62) = 0	
	P(63) = 0.002298612340473717	
================================================================================

================================================================================

NUMBER OF ITERATIONS: 16

NUMBER OF OBJECTIVE FUNCTION EVALUATIONS: 970

OBJECTIVE FUNCTION VALUE:
	F = 36.59303604655823

LAGRANGIAN MULTIPLIERS VALUES:

PENALTY FACTOR:

BEST POSITION:
	P(0) = 0.01254746111034782		P(1) = 0.002972800431224221		P(2) = 0.09153368392525038	
	P(3) = 0.0618462451626639		P(4) = 0.099		P(5) = 0.09360251251871091	
	P(6) = 0.003385938643514767		P(7) = 0.001045304521727457		P(8) = 0	
	P(9) = 0.01313489973590076		P(10) = 0.0250504115714947		P(11) = 0.008028123409341323	
	P(12) = 0		P(13) = 0.002945524032439695		P(14) = 0.04058391817764916	
	P(15) = 0.01946550680695823		P(16) = 0.004303822695704819		P(17) = 0	
	P(18) = 0.06254044361982908		P(19) = 0		P(20) = 0	
	P(21) = 0		P(22) = 0		P(23) = 0	
	P(24) = 0.06787755305857072		P(25) = 0.04952287080000865		P(26) = 0	
	P(27) = 0		P(28) = 0.0003269086170222188		P(29) = 0	
	P(30) = 0.09884041609235669		P(31) = 0.01057105929962587		P(32) = 0	
	P(33) = 0.099		P(34) = 0.00100243239595884		P(35) = 0	
	P(36) = 0.07896465977150333		P(37) = 0.001941985628896879		P(38) = 0.0002880466587131258	
	P(39) = 0		P(40) = 0		P(41) = 0.0124712898584653	
	P(42) = 0		P(43) = 0.0002207652050791389		P(44) = 0.0001309458069085612	
	P(45) = 0		P(46) = 0.099		P(47) = 0.04500025430194941	
	P(48) = 0.01585248205374562		P(49) = 0.01214429301555214		P(50) = 0.03676779316369481	
	P(51) = 0		P(52) = 0.002671030155081022		P(53) = 0.09014139072264236	
	P(54) = 0.08708800583371967		P(55) = 0		P(56) = 0	
	P(57) = 0.099		P(58) = 0.099		P(59) = 0.04569014702337417	
	P(60) = 0.09899418521507139		P(61) = 0		P(62) = 0	
	P(63) = 0.00237354071107234	
================================================================================

================================================================================

NUMBER OF ITERATIONS: 17

NUMBER OF OBJECTIVE FUNCTION EVALUATIONS: 1030

OBJECTIVE FUNCTION VALUE:
	F = 36.58855478946629

LAGRANGIAN MULTIPLIERS VALUES:

PENALTY FACTOR:

BEST POSITION:
	P(0) = 0.01394199193454551		P(1) = 0.003856495236711499		P(2) = 0.099	
	P(3) = 0.05885807161469092		P(4) = 0.09899700162407532		P(5) = 0.09192654775962197	
	P(6) = 0.003478132998848665		P(7) = 0.0007012965400639143		P(8) = 1.048161974621931e-05	
	P(9) = 0.01721111046075273		P(10) = 0.03929259680907036		P(11) = 0.01057932682484636	
	P(12) = 2.830159163344503e-06		P(13) = 0.002763266943696004		P(14) = 0.03992627311771745	
	P(15) = 0.02218079333249333		P(16) = 0.002263169912912352		P(17) = 0	
	P(18) = 0.06378492477605009		P(19) = 4.910202247854212e-07		P(20) = 1.761214592668064e-05	
	P(21) = 9.344116555433379e-06		P(22) = 0		P(23) = 8.659260939278268e-06	
	P(24) = 0.07177505129629175		P(25) = 0.04561006712562163		P(26) = 1.069847579372729e-05	
	P(27) = 1.292857112068779e-06		P(28) = 0.0004374643591786506		P(29) = 9.228212124665069e-07	
	P(30) = 0.09870933561702011		P(31) = 0.01182322342363892		P(32) = 5.434512082888587e-06	
	P(33) = 0.09887874918844347		P(34) = 0.001463808503604419		P(35) = 1.032007735608798e-06	
	P(36) = 0.08329502518903074		P(37) = 0.001430722519117578		P(38) = 0.0002075655734064957	
	P(39) = 4.822133328627465e-06		P(40) = 0		P(41) = 0.009672411472151164	
	P(42) = 2.490525519940889e-06		P(43) = 0.00013685305077972		P(44) = 0.0001638354076643547	
	P(45) = 3.206374579990678e-06		P(46) = 0.099		P(47) = 0.03564936090568978	
	P(48) = 0.01657527901689908		P(49) = 0.01289567434545692		P(50) = 0.03850787481248955	
	P(51) = 2.181975161483218e-06		P(52) = 0.003430637252816351		P(53) = 0.09049117677285887	
	P(54) = 0.08428970269356469		P(55) = 0		P(56) = 2.215912043324053e-05	
	P(57) = 0.09899837770813985		P(58) = 0.099		P(59) = 0.03859493279649744	
	P(60) = 0.099		P(61) = 0		P(62) = 8.885032347083488e-07	
	P(63) = 0.001867068732193278	
================================================================================

================================================================================

NUMBER OF ITERATIONS: 18

NUMBER OF OBJECTIVE FUNCTION EVALUATIONS: 1090

OBJECTIVE FUNCTION VALUE:
	F = 36.32137274762157

LAGRANGIAN MULTIPLIERS VALUES:

PENALTY FACTOR:

BEST POSITION:
	P(0) = 0.01942055726818181		P(1) = 0.004626657999302695		P(2) = 0.09771720408091715	
	P(3) = 0.0584560562779441		P(4) = 0.099		P(5) = 0.08925712878218794	
	P(6) = 0.002402368702995948		P(7) = 0.0001604745331128116		P(8) = 0	
	P(9) = 0.02026928573382708		P(10) = 0.02780551353283416		P(11) = 0.007076645985985418	
	P(12) = 0		P(13) = 0		P(14) = 0.02179097472483608	
	P(15) = 0.01762440806578375		P(16) = 0		P(17) = 0	
	P(18) = 0.06522225868103695		P(19) = 0		P(20) = 0	
	P(21) = 0		P(22) = 0		P(23) = 0	
	P(24) = 0.07031871192332464		P(25) = 0.03067703755181142		P(26) = 0	
	P(27) = 0		P(28) = 0.0003334843320051545		P(29) = 0	
	P(30) = 0.099		P(31) = 0.006164948353550789		P(32) = 0	
	P(33) = 0.09895034029087071		P(34) = 0.0004529778847881388		P(35) = 0	
	P(36) = 0.09687083476322743		P(37) = 0.0001586265833619857		P(38) = 0.0001049382389932546	
	P(39) = 0.000147543175405114		P(40) = 0.004514477150165189		P(41) = 0.00719189719840943	
	P(42) = 0		P(43) = 1.381499753985715e-05		P(44) = 7.960786079648507e-05	
	P(45) = 0		P(46) = 0.099		P(47) = 0.005680560253122982	
	P(48) = 0.01315297845696686		P(49) = 0.01194091536998709		P(50) = 0.03547602088561164	
	P(51) = 4.996164664414215e-07		P(52) = 0		P(53) = 0.099	
	P(54) = 0.07572827015081503		P(55) = 0		P(56) = 0	
	P(57) = 0.099		P(58) = 0.09899800855585197		P(59) = 0.045670765162516	
	P(60) = 0.08824274473796659		P(61) = 0		P(62) = 0	
	P(63) = 0.001468524265128605	
================================================================================

================================================================================

NUMBER OF ITERATIONS: 19

NUMBER OF OBJECTIVE FUNCTION EVALUATIONS: 1150

OBJECTIVE FUNCTION VALUE:
	F = 36.1897331866496

LAGRANGIAN MULTIPLIERS VALUES:

PENALTY FACTOR:

BEST POSITION:
	P(0) = 0.02043235341074885		P(1) = 0		P(2) = 0.099	
	P(3) = 0.07642667831992575		P(4) = 0.099		P(5) = 0.099	
	P(6) = 0		P(7) = 0		P(8) = 0	
	P(9) = 0.01618544964644865		P(10) = 0.03329711853472103		P(11) = 0.002914114542944088	
	P(12) = 0		P(13) = 0		P(14) = 0.02354001767729471	
	P(15) = 0.005255172994288133		P(16) = 0		P(17) = 0	
	P(18) = 0.05085265910804165		P(19) = 0		P(20) = 0.005502400949671367	
	P(21) = 0		P(22) = 0		P(23) = 0	
	P(24) = 0.09632865142676729		P(25) = 0.003790722048902399		P(26) = 0	
	P(27) = 0		P(28) = 0		P(29) = 0.01019443041154926	
	P(30) = 0.099		P(31) = 0.01192547336131931		P(32) = 0	
	P(33) = 0.099		P(34) = 0.008994380519295027		P(35) = 0	
	P(36) = 0.099		P(37) = 0		P(38) = 0	
	P(39) = 0		P(40) = 0		P(41) = 0.02220865520244026	
	P(42) = 0		P(43) = 0		P(44) = 0.02215245381740201	
	P(45) = 0		P(46) = 0.099		P(47) = 0.001877860387452475	
	P(48) = 0.008785745271740607		P(49) = 0.03615974504171793		P(50) = 0.03438947338269997	
	P(51) = 0.002513209054365126		P(52) = 0		P(53) = 0.099	
	P(54) = 0.0777210402540888		P(55) = 0		P(56) = 0	
	P(57) = 0.099		P(58) = 0.09621208191790218		P(59) = 0.02907973900113997	
	P(60) = 0.09627164615948054		P(61) = 0		P(62) = 0	
	P(63) = 0.008083219053735484	
================================================================================

================================================================================

NUMBER OF ITERATIONS: 20

NUMBER OF OBJECTIVE FUNCTION EVALUATIONS: 1210

OBJECTIVE FUNCTION VALUE:
	F = 35.90329221302943

LAGRANGIAN MULTIPLIERS VALUES:

PENALTY FACTOR:

BEST POSITION:
	P(0) = 0.02587765313925901		P(1) = 0		P(2) = 0.09766249879609143	
	P(3) = 0.0945044750244073		P(4) = 0.099		P(5) = 0.09821014136719372	
	P(6) = 0		P(7) = 0		P(8) = 0	
	P(9) = 0.02440368623198631		P(10) = 0.03126083156752933		P(11) = 0.003147537277541017	
	P(12) = 0		P(13) = 0		P(14) = 0.02865154033824998	
	P(15) = 0.007207057393884449		P(16) = 0		P(17) = 0	
	P(18) = 0.04792216669376116		P(19) = 0		P(20) = 0.003916325912967721	
	P(21) = 0.0005532700076805522		P(22) = 0		P(23) = 0	
	P(24) = 0.07818992358376214		P(25) = 0.0002325695123687258		P(26) = 0	
	P(27) = 0		P(28) = 0		P(29) = 0.006592976935861035	
	P(30) = 0.099		P(31) = 0.01058783032003151		P(32) = 0	
	P(33) = 0.099		P(34) = 0.009264585263062383		P(35) = 0	
	P(36) = 0.099		P(37) = 0		P(38) = 0.0005198042423662647	
	P(39) = 0		P(40) = 0		P(41) = 0.004254695557591018	
	P(42) = 0		P(43) = 0		P(44) = 0.02202366084637402	
	P(45) = 0		P(46) = 0.099		P(47) = 0.001513565774534861	
	P(48) = 0.00252487106331005		P(49) = 0.03632543927833269		P(50) = 0.03154969180697286	
	P(51) = 0.002513889477046949		P(52) = 0		P(53) = 0.09899808880562486	
	P(54) = 0.06851414715644749		P(55) = 0		P(56) = 0.000140696323456535	
	P(57) = 0.099		P(58) = 0.09846304294779887		P(59) = 0.02510770605992344	
	P(60) = 0.0915944778770402		P(61) = 0		P(62) = 0.0002021454877077639	
	P(63) = 0.004745746594920774	
================================================================================

================================================================================

NUMBER OF ITERATIONS: 21

NUMBER OF OBJECTIVE FUNCTION EVALUATIONS: 1270

OBJECTIVE FUNCTION VALUE:
	F = 35.86800441320848

LAGRANGIAN MULTIPLIERS VALUES:

PENALTY FACTOR:

BEST POSITION:
	P(0) = 0.03164729082656249		P(1) = 0		P(2) = 0.09775528175034973	
	P(3) = 0.09595850174469833		P(4) = 0.0989859656682507		P(5) = 0.09898277416972895	
	P(6) = 0.001047059123934796		P(7) = 2.427787522595037e-06		P(8) = 0.0003669164491319141	
	P(9) = 0.02281476653442315		P(10) = 0.03506748805084639		P(11) = 0.002528936447429159	
	P(12) = 4.710118063994129e-06		P(13) = 0		P(14) = 0.03167819831954722	
	P(15) = 0.005473686607037613		P(16) = 0		P(17) = 2.32410043361081e-06	
	P(18) = 0.04479655315211662		P(19) = 0		P(20) = 0.003011381264911343	
	P(21) = 0.0002495453158849192		P(22) = 0		P(23) = 0	
	P(24) = 0.08243509889980286		P(25) = 0		P(26) = 0.0003940448217112993	
	P(27) = 0		P(28) = 0		P(29) = 0.002640027788481075	
	P(30) = 0.099		P(31) = 0.00806831921477652		P(32) = 1.466350004926398e-06	
	P(33) = 0.0905639205955007		P(34) = 0.01069481890318058		P(35) = 3.689466673277575e-06	
	P(36) = 0.099		P(37) = 5.578462437400011e-07		P(38) = 0.001378041663974795	
	P(39) = 0		P(40) = 0		P(41) = 0	
	P(42) = 1.092413675660153e-05		P(43) = 0		P(44) = 0.02936159109040834	
	P(45) = 0		P(46) = 0.099		P(47) = 0.002545531774375803	
	P(48) = 0		P(49) = 0.03636476005074045		P(50) = 0.02953719116914071	
	P(51) = 0		P(52) = 0		P(53) = 0.099	
	P(54) = 0.06569191322185257		P(55) = 5.164941408224155e-06		P(56) = 0	
	P(57) = 0.09899208472571827		P(58) = 0.09889978589314435		P(59) = 0.004785995055523455	
	P(60) = 0.099		P(61) = 7.49877776799468e-05		P(62) = 0.0002419325944819292	
	P(63) = 0.007484389219383838	
================================================================================

================================================================================

NUMBER OF ITERATIONS: 22

NUMBER OF OBJECTIVE FUNCTION EVALUATIONS: 1330

OBJECTIVE FUNCTION VALUE:
	F = 35.78263609816795

LAGRANGIAN MULTIPLIERS VALUES:

PENALTY FACTOR:

BEST POSITION:
	P(0) = 0.02544455604354454		P(1) = 9.141648138755176e-07		P(2) = 0.09729683038940024	
	P(3) = 0.099		P(4) = 0.0989882890226661		P(5) = 0.09798708751908922	
	P(6) = 0.0004085975372590811		P(7) = 0		P(8) = 0.000800111674265705	
	P(9) = 0.02928739077520202		P(10) = 0.03156822700615546		P(11) = 0.002396595221750682	
	P(12) = 2.062643046862878e-06		P(13) = 0		P(14) = 0.02942436992752451	
	P(15) = 0.007024562941353542		P(16) = 0		P(17) = 3.037874658946838e-06	
	P(18) = 0.04442655166948008		P(19) = 0		P(20) = 0.0007584276020238603	
	P(21) = 0.0002148748521755769		P(22) = 3.499937291533139e-06		P(23) = 3.03225910103927e-06	
	P(24) = 0.08069750608580169		P(25) = 0		P(26) = 0	
	P(27) = 0		P(28) = 0		P(29) = 0	
	P(30) = 0.09899876297736346		P(31) = 0.007374999166448876		P(32) = 0	
	P(33) = 0.09187639013742191		P(34) = 0.00982560737812737		P(35) = 2.072805647332365e-07	
	P(36) = 0.09899899028024675		P(37) = 0		P(38) = 0.001753962293449589	
	P(39) = 0		P(40) = 0		P(41) = 0.0005556533801730837	
	P(42) = 2.412486892873489e-05		P(43) = 4.80266231826787e-06		P(44) = 0.03152323097878809	
	P(45) = 3.844959200922926e-06		P(46) = 0.09899993361366799		P(47) = 0.002092476707251205	
	P(48) = 0		P(49) = 0.03857427213280463		P(50) = 0.03064801505191175	
	P(51) = 0		P(52) = 0		P(53) = 0.09899626850083711	
	P(54) = 0.06853980765987108		P(55) = 0		P(56) = 0	
	P(57) = 0.099		P(58) = 0.09893975160728997		P(59) = 0.006213627596226907	
	P(60) = 0.099		P(61) = 9.137272169008892e-06		P(62) = 0.0001647127631150686	
	P(63) = 0.009170052397958088	
================================================================================
