                                     ======================
                                        ALPSO 1.1 (Serial)
                                     ======================

Parameters:
-------------------------------------------------------------------------------------------------
Swarmsize           :       10    MaxOuterIters     :      200    Seed:       1518225738.69636989
Cognitive Parameter :    2.000    MaxInnerIters     :        6    Scaling            :          1
Social Parameter    :    1.000    MinInnerIters     :        6    Stopping Criteria  :          1
Initial Weight      :    0.990    DynInnerIters     :        0    Number of Failures :         15
Final Weight        :    0.550    StoppingIters     :        5    Number of Successes:          5

Absolute Tolerance  : 1.00e-02    Number Initial Pos:        0    Neighbourhood Model:      gbest
Relative Tolerance  : 1.00e-02    Initial Velocity  :        1    Neighbourhood Size :         40
Inequality Tolerance: 1.00e-03    Maximum Velocity  :        2    Selfless           :          1
Equality Tolerance  : 1.00e-03    Craziness Velocity: 1.00e-04    Fileout            :          1
Global Distance     : 1.00e-01    Initial Penalty   :     1.00    File Name          :  ALPSO.out
-------------------------------------------------------------------------------------------------


================================================================================

NUMBER OF ITERATIONS: 1

NUMBER OF OBJECTIVE FUNCTION EVALUATIONS: 70

OBJECTIVE FUNCTION VALUE:
	F = 40.92232174737988

LAGRANGIAN MULTIPLIERS VALUES:

PENALTY FACTOR:

BEST POSITION:
	P(0) = 0.06170789462152863		P(1) = 0.0184650761663673		P(2) = 0	
	P(3) = 0.07185814246150901		P(4) = 0.06577645912130223		P(5) = 0.099	
	P(6) = 0.03743157547414454		P(7) = 0.099		P(8) = 0	
	P(9) = 0.02611157985272361		P(10) = 0.00933649710929145		P(11) = 7.858767156005558e-05	
	P(12) = 0.099		P(13) = 0.0001451886865898311		P(14) = 0.08778533498962982	
	P(15) = 0.07048053561270781		P(16) = 0		P(17) = 0.003047484974113654	
	P(18) = 0.06736575362655815		P(19) = 0.01600683209451675		P(20) = 0.099	
	P(21) = 0.01052340124697781		P(22) = 0		P(23) = 0.099	
	P(24) = 0.03935625058550787		P(25) = 0		P(26) = 0.099	
	P(27) = 0.01038824485192502		P(28) = 0.03687178834701828		P(29) = 0.07531468209023556	
	P(30) = 0.099		P(31) = 0.06836538445262741		P(32) = 0.02075950907292002	
	P(33) = 0		P(34) = 0.01997264970997966		P(35) = 0.01982707023468223	
	P(36) = 0.02136532226212795		P(37) = 0.04427386937238682		P(38) = 0.009522926273362403	
	P(39) = 0		P(40) = 0.02580289032220355		P(41) = 0.06869463402801873	
	P(42) = 0.099		P(43) = 0		P(44) = 0	
	P(45) = 0		P(46) = 0.01418240200856096		P(47) = 0.03310450725460121	
	P(48) = 0.06610958198653637		P(49) = 0.07171349565014037		P(50) = 0.02178689935763921	
	P(51) = 0		P(52) = 0.04557274871432298		P(53) = 0.05670155816627045	
	P(54) = 0		P(55) = 0.004241170915168388		P(56) = 0	
	P(57) = 0.01504186729889416		P(58) = 0		P(59) = 0.00723785531192607	
	P(60) = 0.0538035045714626		P(61) = 0.03401415404205373		P(62) = 0.02423208865979224	
	P(63) = 0.005354744093284597	
================================================================================

================================================================================

NUMBER OF ITERATIONS: 2

NUMBER OF OBJECTIVE FUNCTION EVALUATIONS: 130

OBJECTIVE FUNCTION VALUE:
	F = 30.73682306094837

LAGRANGIAN MULTIPLIERS VALUES:

PENALTY FACTOR:

BEST POSITION:
	P(0) = 0.0821229796705884		P(1) = 0.01284925697346535		P(2) = 0	
	P(3) = 0.099		P(4) = 0.06186709447725494		P(5) = 0.099	
	P(6) = 0.05770789960381116		P(7) = 0.099		P(8) = 0	
	P(9) = 0.02864793930381762		P(10) = 0		P(11) = 0	
	P(12) = 0.099		P(13) = 0		P(14) = 0.099	
	P(15) = 0.07380702259558236		P(16) = 0.01866769238810799		P(17) = 0	
	P(18) = 0.07259613404356596		P(19) = 0.008790641101233496		P(20) = 0.099	
	P(21) = 0		P(22) = 0		P(23) = 0.099	
	P(24) = 0.0006292058325902683		P(25) = 0		P(26) = 0.099	
	P(27) = 0.04649416442551581		P(28) = 0		P(29) = 0.06231968780809857	
	P(30) = 0.099		P(31) = 0.08260227462340322		P(32) = 0	
	P(33) = 0		P(34) = 0		P(35) = 0.009484154577869108	
	P(36) = 0.02861629503473938		P(37) = 0.01844060305070924		P(38) = 0.02164036082731702	
	P(39) = 0		P(40) = 0.02938576806427724		P(41) = 0.06312197350666786	
	P(42) = 0.099		P(43) = 0		P(44) = 0	
	P(45) = 0		P(46) = 0.02344824909890859		P(47) = 0.0428137947879661	
	P(48) = 0.0601618212197579		P(49) = 0.07149579361265961		P(50) = 0.02004129065597187	
	P(51) = 0		P(52) = 0.06891732851403812		P(53) = 0.03683706126409118	
	P(54) = 0		P(55) = 0		P(56) = 0	
	P(57) = 0.008530771448953138		P(58) = 0		P(59) = 0.0006532511412376124	
	P(60) = 0.02193232550628058		P(61) = 0.03602244589904183		P(62) = 0.009063687664377602	
	P(63) = 0.01041476335647475	
================================================================================

================================================================================

NUMBER OF ITERATIONS: 3

NUMBER OF OBJECTIVE FUNCTION EVALUATIONS: 190

OBJECTIVE FUNCTION VALUE:
	F = 29.71952282962398

LAGRANGIAN MULTIPLIERS VALUES:

PENALTY FACTOR:

BEST POSITION:
	P(0) = 0.09217865961800731		P(1) = 0.005773287722487051		P(2) = 0	
	P(3) = 0.099		P(4) = 0.05458568751168538		P(5) = 0.099	
	P(6) = 0.03466394941074895		P(7) = 0.099		P(8) = 0	
	P(9) = 0.0008988502980667584		P(10) = 0		P(11) = 0	
	P(12) = 0.099		P(13) = 0		P(14) = 0.099	
	P(15) = 0.06474981344356892		P(16) = 0.004012073147768823		P(17) = 0.003310108987832225	
	P(18) = 0.099		P(19) = 0.0160547191611892		P(20) = 0.099	
	P(21) = 6.228588885964781e-06		P(22) = 0		P(23) = 0.099	
	P(24) = 0		P(25) = 0		P(26) = 0.099	
	P(27) = 0.04603212291959823		P(28) = 0		P(29) = 0.04813419481696789	
	P(30) = 0.099		P(31) = 0.07371986490965551		P(32) = 0	
	P(33) = 0		P(34) = 0		P(35) = 0.0114546272730796	
	P(36) = 0.04642283500387942		P(37) = 0.01500148553922635		P(38) = 0.02081343096803167	
	P(39) = 0		P(40) = 0.02260225425911295		P(41) = 0.04791512518130648	
	P(42) = 0.099		P(43) = 0		P(44) = 0	
	P(45) = 0		P(46) = 0.01660130613313222		P(47) = 0.06423508488781142	
	P(48) = 0.0573059399728458		P(49) = 0.09012390989747224		P(50) = 0.02512593717186387	
	P(51) = 2.052146720193937e-06		P(52) = 0.05725698114144153		P(53) = 0.01748898499810415	
	P(54) = 0		P(55) = 0		P(56) = 0	
	P(57) = 0.003607358061595768		P(58) = 0		P(59) = 0.0004089694454781426	
	P(60) = 0.0005022542949121994		P(61) = 0.05150013117430599		P(62) = 0.01225382451955696	
	P(63) = 0	
================================================================================

================================================================================

NUMBER OF ITERATIONS: 4

NUMBER OF OBJECTIVE FUNCTION EVALUATIONS: 250

OBJECTIVE FUNCTION VALUE:
	F = 28.62895319260599

LAGRANGIAN MULTIPLIERS VALUES:

PENALTY FACTOR:

BEST POSITION:
	P(0) = 0.08722814115860933		P(1) = 0.006634074434881072		P(2) = 0	
	P(3) = 0.099		P(4) = 0.05777143023471524		P(5) = 0.099	
	P(6) = 0.04104535959922558		P(7) = 0.099		P(8) = 0	
	P(9) = 0		P(10) = 0.0007327976988771717		P(11) = 0	
	P(12) = 0.099		P(13) = 0		P(14) = 0.099	
	P(15) = 0.07854392523705736		P(16) = 0.004481571167525046		P(17) = 0.001026597604889684	
	P(18) = 0.06835835504201129		P(19) = 0.01618865357049343		P(20) = 0.099	
	P(21) = 0		P(22) = 0		P(23) = 0.099	
	P(24) = 0		P(25) = 0		P(26) = 0.099	
	P(27) = 0.0326796330644301		P(28) = 0		P(29) = 0.0484750139930375	
	P(30) = 0.099		P(31) = 0.0830456274078433		P(32) = 0	
	P(33) = 0		P(34) = 0		P(35) = 0.01731504382422785	
	P(36) = 0.03431100250238989		P(37) = 0.02295032041090707		P(38) = 0.01914102144561834	
	P(39) = 0		P(40) = 0.01721587705840041		P(41) = 0.04156345012324787	
	P(42) = 0.099		P(43) = 0		P(44) = 0	
	P(45) = 3.098131236860951e-05		P(46) = 0.02273450152637083		P(47) = 0	
	P(48) = 0.05480476714272564		P(49) = 0.07839762603622613		P(50) = 0.01527900671071813	
	P(51) = 0		P(52) = 0.05576630167590033		P(53) = 0.01471411814071096	
	P(54) = 0		P(55) = 0		P(56) = 0	
	P(57) = 0.006279863126754291		P(58) = 0		P(59) = 0.0005646604962810872	
	P(60) = 0.01185447592203652		P(61) = 0.03268934624281893		P(62) = 0.011475309910607	
	P(63) = 0.004135306850678144	
================================================================================

================================================================================

NUMBER OF ITERATIONS: 5

NUMBER OF OBJECTIVE FUNCTION EVALUATIONS: 310

OBJECTIVE FUNCTION VALUE:
	F = 24.56534621244738

LAGRANGIAN MULTIPLIERS VALUES:

PENALTY FACTOR:

BEST POSITION:
	P(0) = 0.08887251027037429		P(1) = 0.003219842257727812		P(2) = 0	
	P(3) = 0.099		P(4) = 0.05061215390757163		P(5) = 0.099	
	P(6) = 0.04172232038446731		P(7) = 0.099		P(8) = 0	
	P(9) = 0		P(10) = 0		P(11) = 0	
	P(12) = 0.099		P(13) = 0		P(14) = 0.099	
	P(15) = 0.08737657963401498		P(16) = 0.001065368330357384		P(17) = 0	
	P(18) = 0.09696170934948356		P(19) = 0.007598020412168435		P(20) = 0.099	
	P(21) = 0		P(22) = 0		P(23) = 0.099	
	P(24) = 0		P(25) = 0		P(26) = 0.09884522464700563	
	P(27) = 0.02171824656638		P(28) = 0		P(29) = 0.05112832047810196	
	P(30) = 0.099		P(31) = 0.09665758224321983		P(32) = 0	
	P(33) = 0		P(34) = 0		P(35) = 0.005067540790253879	
	P(36) = 0.02032290862353641		P(37) = 0		P(38) = 0.008728332485049749	
	P(39) = 0		P(40) = 0.03444957080175235		P(41) = 0.02631924921263693	
	P(42) = 0.099		P(43) = 0		P(44) = 0	
	P(45) = 0		P(46) = 0.0134608012094988		P(47) = 0	
	P(48) = 0.09007751440112204		P(49) = 0.06001546260778189		P(50) = 0.01520377922020099	
	P(51) = 0		P(52) = 0.05555465203922859		P(53) = 0	
	P(54) = 0		P(55) = 0		P(56) = 0	
	P(57) = 0		P(58) = 0		P(59) = 0	
	P(60) = 0.009305187509944052		P(61) = 0.03980751348234853		P(62) = 0	
	P(63) = 0.005297722151686043	
================================================================================

================================================================================

NUMBER OF ITERATIONS: 6

NUMBER OF OBJECTIVE FUNCTION EVALUATIONS: 370

OBJECTIVE FUNCTION VALUE:
	F = 22.48764667063141

LAGRANGIAN MULTIPLIERS VALUES:

PENALTY FACTOR:

BEST POSITION:
	P(0) = 0.08267702849791184		P(1) = 0.003708316990533242		P(2) = 0	
	P(3) = 0.099		P(4) = 0.05241170000321798		P(5) = 0.099	
	P(6) = 0.04224058599158585		P(7) = 0.099		P(8) = 2.061869020547613e-06	
	P(9) = 0		P(10) = 0		P(11) = 0	
	P(12) = 0.099		P(13) = 0		P(14) = 0.099	
	P(15) = 0.08774175445339319		P(16) = 0.001370848843514551		P(17) = 0	
	P(18) = 0.09521283361342106		P(19) = 0.007398141813651941		P(20) = 0.099	
	P(21) = 0		P(22) = 0		P(23) = 0.099	
	P(24) = 0		P(25) = 0		P(26) = 0.099	
	P(27) = 0.02132828501204597		P(28) = 0		P(29) = 0.05083072032272905	
	P(30) = 0.099		P(31) = 0.09469897782967969		P(32) = 0	
	P(33) = 0		P(34) = 0		P(35) = 0.003110592259733598	
	P(36) = 0.01496553805859142		P(37) = 0		P(38) = 0.01222778399229023	
	P(39) = 0		P(40) = 0.03482443056690436		P(41) = 0.006122756909206502	
	P(42) = 0.099		P(43) = 0		P(44) = 0	
	P(45) = 0		P(46) = 0.006580117050624223		P(47) = 0	
	P(48) = 0.099		P(49) = 0.05720327751348074		P(50) = 0.01488258515830335	
	P(51) = 0		P(52) = 0.05638776100607511		P(53) = 0	
	P(54) = 0		P(55) = 0		P(56) = 0	
	P(57) = 0		P(58) = 0		P(59) = 3.157045202879794e-05	
	P(60) = 0.01259294835120821		P(61) = 0.04590033868616911		P(62) = 0	
	P(63) = 0.006946616802044281	
================================================================================

================================================================================

NUMBER OF ITERATIONS: 7

NUMBER OF OBJECTIVE FUNCTION EVALUATIONS: 430

OBJECTIVE FUNCTION VALUE:
	F = 22.84680500388295

LAGRANGIAN MULTIPLIERS VALUES:

PENALTY FACTOR:

BEST POSITION:
	P(0) = 0.08880938990244946		P(1) = 0.00228863117416319		P(2) = 0	
	P(3) = 0.099		P(4) = 0.04795013943817217		P(5) = 0.099	
	P(6) = 0.06100541963490953		P(7) = 0.099		P(8) = 0	
	P(9) = 0		P(10) = 0		P(11) = 0	
	P(12) = 0.099		P(13) = 0		P(14) = 0.099	
	P(15) = 0.09154542994912934		P(16) = 0.0007175759893353895		P(17) = 0	
	P(18) = 0.099		P(19) = 0.01248164835576487		P(20) = 0.099	
	P(21) = 0		P(22) = 0		P(23) = 0.099	
	P(24) = 0		P(25) = 0		P(26) = 0.099	
	P(27) = 0.01150558041360532		P(28) = 0		P(29) = 0.05263173056105742	
	P(30) = 0.099		P(31) = 0.09217247433305191		P(32) = 0	
	P(33) = 0		P(34) = 0		P(35) = 0.001339863362174988	
	P(36) = 0.027199824283123		P(37) = 0		P(38) = 0.01445277687750028	
	P(39) = 0		P(40) = 0.03257723168151516		P(41) = 0.01219608042129277	
	P(42) = 0.099		P(43) = 0		P(44) = 0	
	P(45) = 0		P(46) = 0		P(47) = 0	
	P(48) = 0.08976760698473102		P(49) = 0.05385194112621857		P(50) = 0.01059003948216556	
	P(51) = 0		P(52) = 0.03426055991761778		P(53) = 0	
	P(54) = 0		P(55) = 0		P(56) = 0	
	P(57) = 0		P(58) = 0		P(59) = 0	
	P(60) = 0.01036977057933224		P(61) = 0.04896939361781173		P(62) = 0	
	P(63) = 0	
================================================================================

================================================================================

NUMBER OF ITERATIONS: 8

NUMBER OF OBJECTIVE FUNCTION EVALUATIONS: 490

OBJECTIVE FUNCTION VALUE:
	F = 22.57170709803244

LAGRANGIAN MULTIPLIERS VALUES:

PENALTY FACTOR:

BEST POSITION:
	P(0) = 0.07504604357958559		P(1) = 0.001793908116477526		P(2) = 0	
	P(3) = 0.099		P(4) = 0.03576337971607034		P(5) = 0.099	
	P(6) = 0.06038260922047486		P(7) = 0.099		P(8) = 0	
	P(9) = 0		P(10) = 0		P(11) = 0	
	P(12) = 0.099		P(13) = 0		P(14) = 0.099	
	P(15) = 0.09688867134063125		P(16) = 0		P(17) = 0	
	P(18) = 0.099		P(19) = 0		P(20) = 0.099	
	P(21) = 0		P(22) = 0		P(23) = 0.099	
	P(24) = 0		P(25) = 0		P(26) = 0.099	
	P(27) = 0.0041385874083971		P(28) = 0		P(29) = 0.05401661761987971	
	P(30) = 0.099		P(31) = 0.0974678955889772		P(32) = 0	
	P(33) = 0		P(34) = 0		P(35) = 0	
	P(36) = 0.01612836964062433		P(37) = 0		P(38) = 0.002417379305518975	
	P(39) = 0		P(40) = 0.01408802864408217		P(41) = 0	
	P(42) = 0.099		P(43) = 0		P(44) = 0	
	P(45) = 0		P(46) = 0		P(47) = 0	
	P(48) = 0.09439503968439074		P(49) = 0.05911545085750877		P(50) = 0.003025626766517249	
	P(51) = 0		P(52) = 0.04386351709338325		P(53) = 0	
	P(54) = 0		P(55) = 0.00143917218856604		P(56) = 0	
	P(57) = 0		P(58) = 0		P(59) = 0	
	P(60) = 0.006817685796715843		P(61) = 0.04656773610489001		P(62) = 0	
	P(63) = 0.005971467552292643	
================================================================================

================================================================================

NUMBER OF ITERATIONS: 9

NUMBER OF OBJECTIVE FUNCTION EVALUATIONS: 550

OBJECTIVE FUNCTION VALUE:
	F = 21.1980918645847

LAGRANGIAN MULTIPLIERS VALUES:

PENALTY FACTOR:

BEST POSITION:
	P(0) = 0.07512585890407525		P(1) = 0.001783539630443837		P(2) = 1.412267560424452e-06	
	P(3) = 0.0989950899943748		P(4) = 0.03401393320187963		P(5) = 0.099	
	P(6) = 0.06290738758308004		P(7) = 0.099		P(8) = 1.499179351938107e-06	
	P(9) = 1.199530396407689e-06		P(10) = 0		P(11) = 1.655928419108665e-06	
	P(12) = 0.09899597419900397		P(13) = 7.725300027808246e-07		P(14) = 0.099	
	P(15) = 0.09744162009777568		P(16) = 0		P(17) = 0	
	P(18) = 0.099		P(19) = 0		P(20) = 0.09899577670023274	
	P(21) = 2.528595938765255e-06		P(22) = 3.30358357501781e-06		P(23) = 0.099	
	P(24) = 4.584647031138922e-06		P(25) = 4.254082909445345e-06		P(26) = 0.099	
	P(27) = 0.001931610157648762		P(28) = 0		P(29) = 0.05329156779445238	
	P(30) = 0.09899333248219024		P(31) = 0.099		P(32) = 0	
	P(33) = 0		P(34) = 1.234140915892801e-06		P(35) = 0.0008380237027341073	
	P(36) = 0.0138275659970583		P(37) = 7.51323033337109e-06		P(38) = 0	
	P(39) = 4.436749418218477e-06		P(40) = 0.01333524006372242		P(41) = 0.008098407338362625	
	P(42) = 0.09899667594858719		P(43) = 4.766015260247725e-06		P(44) = 6.090521378419866e-06	
	P(45) = 0		P(46) = 0		P(47) = 0	
	P(48) = 0.09748260327439137		P(49) = 0.05707694509805879		P(50) = 6.530900831513975e-05	
	P(51) = 1.861198538698206e-06		P(52) = 0.04438335841322114		P(53) = 0	
	P(54) = 0		P(55) = 0.0008221400060481471		P(56) = 0	
	P(57) = 8.036026568372656e-05		P(58) = 4.435723834697591e-07		P(59) = 1.211843772733201e-06	
	P(60) = 0.004784942659122021		P(61) = 0.04711787113415235		P(62) = 2.169394239241729e-06	
	P(63) = 0.004827453937544128	
================================================================================

================================================================================

NUMBER OF ITERATIONS: 10

NUMBER OF OBJECTIVE FUNCTION EVALUATIONS: 610

OBJECTIVE FUNCTION VALUE:
	F = 20.13285654005038

LAGRANGIAN MULTIPLIERS VALUES:

PENALTY FACTOR:

BEST POSITION:
	P(0) = 0.099		P(1) = 0		P(2) = 0	
	P(3) = 0.099		P(4) = 0.010608014084064		P(5) = 0.099	
	P(6) = 0		P(7) = 0.099		P(8) = 0	
	P(9) = 0		P(10) = 0		P(11) = 0	
	P(12) = 0.099		P(13) = 0		P(14) = 0.099	
	P(15) = 0.099		P(16) = 0		P(17) = 0	
	P(18) = 0.099		P(19) = 0		P(20) = 0.099	
	P(21) = 0		P(22) = 0		P(23) = 0.099	
	P(24) = 0		P(25) = 0		P(26) = 0.099	
	P(27) = 0.01318628967472564		P(28) = 0		P(29) = 0.007009558583932839	
	P(30) = 0.099		P(31) = 0.09422799300195298		P(32) = 0	
	P(33) = 0		P(34) = 0		P(35) = 0	
	P(36) = 0.0187387551103348		P(37) = 0		P(38) = 0	
	P(39) = 0		P(40) = 0		P(41) = 0.001122126971489217	
	P(42) = 0.099		P(43) = 0		P(44) = 0	
	P(45) = 0		P(46) = 0		P(47) = 0	
	P(48) = 0.099		P(49) = 0.03461720550854742		P(50) = 0	
	P(51) = 0		P(52) = 0.03278760710039744		P(53) = 0	
	P(54) = 0		P(55) = 0		P(56) = 0	
	P(57) = 0		P(58) = 0		P(59) = 0	
	P(60) = 0.01267800208851665		P(61) = 0.09026534986052243		P(62) = 0	
	P(63) = 0	
================================================================================

================================================================================

NUMBER OF ITERATIONS: 11

NUMBER OF OBJECTIVE FUNCTION EVALUATIONS: 670

OBJECTIVE FUNCTION VALUE:
	F = 19.88631372078227

LAGRANGIAN MULTIPLIERS VALUES:

PENALTY FACTOR:

BEST POSITION:
	P(0) = 0.099		P(1) = 0.0003142770255803659		P(2) = 0	
	P(3) = 0.099		P(4) = 0.01551660950394194		P(5) = 0.09899817788464765	
	P(6) = 0		P(7) = 0.09899529518714828		P(8) = 8.026521548257226e-06	
	P(9) = 4.401428943257013e-07		P(10) = 7.342562233794703e-06		P(11) = 0	
	P(12) = 0.09899289765816308		P(13) = 0		P(14) = 0.09899892310071581	
	P(15) = 0.099		P(16) = 0		P(17) = 0	
	P(18) = 0.099		P(19) = 0		P(20) = 0.099	
	P(21) = 1.880988295607788e-07		P(22) = 0		P(23) = 0.099	
	P(24) = 2.801722368141191e-06		P(25) = 6.97101067059086e-06		P(26) = 0.09899873092806427	
	P(27) = 0.01231674190515277		P(28) = 0		P(29) = 0.009621399872867212	
	P(30) = 0.09899960384952269		P(31) = 0.09686223573367554		P(32) = 0	
	P(33) = 3.256082814186156e-06		P(34) = 2.965924160699962e-06		P(35) = 0	
	P(36) = 0.01857241473816684		P(37) = 0		P(38) = 0	
	P(39) = 0		P(40) = 0		P(41) = 0.0009027119446236437	
	P(42) = 0.09899661443704859		P(43) = 0		P(44) = 0	
	P(45) = 0		P(46) = 0		P(47) = 0	
	P(48) = 0.099		P(49) = 0.03141137748189546		P(50) = 0	
	P(51) = 1.218672014526023e-05		P(52) = 0.03193067565354539		P(53) = 0	
	P(54) = 8.902846887481886e-08		P(55) = 0.0003764159069129733		P(56) = 0	
	P(57) = 6.432320519347834e-07		P(58) = 0		P(59) = 0	
	P(60) = 0.01559831516350134		P(61) = 0.08079123383009697		P(62) = 2.322629163081791e-06	
	P(63) = 0	
================================================================================
