                                     ======================
                                        ALPSO 1.1 (Serial)
                                     ======================

Parameters:
-------------------------------------------------------------------------------------------------
Swarmsize           :       10    MaxOuterIters     :      200    Seed:       1518225525.11043811
Cognitive Parameter :    2.000    MaxInnerIters     :        6    Scaling            :          1
Social Parameter    :    1.000    MinInnerIters     :        6    Stopping Criteria  :          1
Initial Weight      :    0.990    DynInnerIters     :        0    Number of Failures :         15
Final Weight        :    0.550    StoppingIters     :        5    Number of Successes:          5

Absolute Tolerance  : 1.00e-02    Number Initial Pos:        0    Neighbourhood Model:      gbest
Relative Tolerance  : 1.00e-02    Initial Velocity  :        1    Neighbourhood Size :         40
Inequality Tolerance: 1.00e-03    Maximum Velocity  :        2    Selfless           :          1
Equality Tolerance  : 1.00e-03    Craziness Velocity: 1.00e-04    Fileout            :          1
Global Distance     : 1.00e-01    Initial Penalty   :     1.00    File Name          :  ALPSO.out
-------------------------------------------------------------------------------------------------


================================================================================

NUMBER OF ITERATIONS: 1

NUMBER OF OBJECTIVE FUNCTION EVALUATIONS: 70

OBJECTIVE FUNCTION VALUE:
	F = 49.22898715431356

LAGRANGIAN MULTIPLIERS VALUES:

PENALTY FACTOR:

BEST POSITION:
	P(0) = 0.07614346412562489		P(1) = 0.01968076081340206		P(2) = 0.04473462674690403	
	P(3) = 0.03274452574669071		P(4) = 0.04969538923844161		P(5) = 0.099	
	P(6) = 0.06538719035786793		P(7) = 0.0468938712727043		P(8) = 0.05127799623547451	
	P(9) = 0.00203712515175733		P(10) = 0.01567974822429997		P(11) = 0	
	P(12) = 0.04394222583023942		P(13) = 0.07413865263372291		P(14) = 0.06668538991135463	
	P(15) = 0.099		P(16) = 0.04964064151754348		P(17) = 0.03540322205702072	
	P(18) = 0.03621919685040241		P(19) = 0.077392957357417		P(20) = 0.001722615658169759	
	P(21) = 0.04977938599074597		P(22) = 0.01931804035375137		P(23) = 0.07111332423626895	
	P(24) = 0		P(25) = 0.03138874266012123		P(26) = 0.04750697933212084	
	P(27) = 0.01626119932170193		P(28) = 0.06996916984911604		P(29) = 0.03958565886647323	
	P(30) = 0.07351153681477587		P(31) = 0.099		P(32) = 0.04333842399077336	
	P(33) = 0.00222846525173466		P(34) = 0.03327208637984766		P(35) = 1.870382755231326e-06	
	P(36) = 0.04516194690560017		P(37) = 0.02157045586077449		P(38) = 0.08749356244392993	
	P(39) = 0.09469059322225251		P(40) = 0.06208546003018978		P(41) = 0.01313117117376554	
	P(42) = 0.05313525347619852		P(43) = 0.04987299934476262		P(44) = 0.08853215228956898	
	P(45) = 0.01493027012582916		P(46) = 0.03187944520255883		P(47) = 0.05906604624884353	
	P(48) = 0.006291586988174509		P(49) = 0.08584824865373304		P(50) = 0.07656883414404077	
	P(51) = 0.099		P(52) = 0.07391979362921286		P(53) = 0.07714545880681131	
	P(54) = 0.09226773885245985		P(55) = 0.07474132375149672		P(56) = 0.06657778060517594	
	P(57) = 0.06900080686522052		P(58) = 0.02252976483949632		P(59) = 0.03454464285272346	
	P(60) = 0.09251128842421924		P(61) = 0.06623660267694542		P(62) = 0.04049825154061746	
	P(63) = 0.05331257271505697	
================================================================================

================================================================================

NUMBER OF ITERATIONS: 2

NUMBER OF OBJECTIVE FUNCTION EVALUATIONS: 130

OBJECTIVE FUNCTION VALUE:
	F = 44.9186031646707

LAGRANGIAN MULTIPLIERS VALUES:

PENALTY FACTOR:

BEST POSITION:
	P(0) = 0.08282090827449975		P(1) = 0.0261665690428172		P(2) = 0.04620141746601285	
	P(3) = 0.02917890386843214		P(4) = 0.05497947354693026		P(5) = 0.09693773881452554	
	P(6) = 0.09018121635481249		P(7) = 0.03079678313858448		P(8) = 0.0594999501790569	
	P(9) = 0.005438125849696177		P(10) = 0.01627553999123547		P(11) = 0	
	P(12) = 0.03291403810143452		P(13) = 0.04675924770482993		P(14) = 0.06707442531676835	
	P(15) = 0.09680371145390795		P(16) = 0.04624213781699692		P(17) = 0.006200267715803821	
	P(18) = 0.04525466520982319		P(19) = 0.099		P(20) = 0	
	P(21) = 0.05220536070998883		P(22) = 0.01616147688497579		P(23) = 0.07392829627904211	
	P(24) = 0.003521451271136712		P(25) = 0.03857922037035882		P(26) = 0.06537190125734574	
	P(27) = 0.01583988974458712		P(28) = 0.07995768561984049		P(29) = 0.03237872328693948	
	P(30) = 0.06900130444206388		P(31) = 0.099		P(32) = 0.04406509395299648	
	P(33) = 0		P(34) = 0.03391942648057247		P(35) = 0	
	P(36) = 0.05478692804610381		P(37) = 0.02597351339949315		P(38) = 0.08899783190382948	
	P(39) = 0.09345596424357511		P(40) = 0.08190593179739936		P(41) = 0	
	P(42) = 0.02769017829031209		P(43) = 0.0743085746954478		P(44) = 0.09330426308737025	
	P(45) = 0.02081849590962894		P(46) = 0.03775589316061043		P(47) = 0.06201660023090018	
	P(48) = 0.006488559583519814		P(49) = 0.08867210326635636		P(50) = 0.08235024246844858	
	P(51) = 0.09755575528257572		P(52) = 0.09647297114367402		P(53) = 0.07382982726136546	
	P(54) = 0.09442127639208012		P(55) = 0.06428050958383391		P(56) = 0.066308395397162	
	P(57) = 0.04371836284272897		P(58) = 0.003960017801093403		P(59) = 0.03699939521169715	
	P(60) = 0.095463430192085		P(61) = 0.07618715287051438		P(62) = 0.03603308357732398	
	P(63) = 0.06551456929551719	
================================================================================

================================================================================

NUMBER OF ITERATIONS: 3

NUMBER OF OBJECTIVE FUNCTION EVALUATIONS: 190

OBJECTIVE FUNCTION VALUE:
	F = 37.39312262460048

LAGRANGIAN MULTIPLIERS VALUES:

PENALTY FACTOR:

BEST POSITION:
	P(0) = 0.09195054171875847		P(1) = 0.02653928809365346		P(2) = 0.03994547447288243	
	P(3) = 0.02531223219405175		P(4) = 0.02421623747044898		P(5) = 0.09331542451509504	
	P(6) = 0.08706471737962196		P(7) = 0.03558119975775027		P(8) = 0.07146514759112849	
	P(9) = 0.007037563691946809		P(10) = 0.04315946185257699		P(11) = 0	
	P(12) = 0.05003424679805659		P(13) = 0.06600789442589186		P(14) = 0.05965723948039171	
	P(15) = 0.04737555654746441		P(16) = 0.04180945879046486		P(17) = 0.01265693999447392	
	P(18) = 0.0327077945061763		P(19) = 0.09482270764062398		P(20) = 0.008529681733928741	
	P(21) = 0.05682740773945104		P(22) = 0.0685519167724294		P(23) = 0.0820100604906088	
	P(24) = 0.001977151523606918		P(25) = 0.029111826282123		P(26) = 0.06071313133678175	
	P(27) = 0.01941715416609825		P(28) = 0.07383583931509562		P(29) = 0.03019192011522206	
	P(30) = 0.07638925719208996		P(31) = 0.099		P(32) = 0.06058758367318525	
	P(33) = 0.001445005296590973		P(34) = 0.03418488050164499		P(35) = 0.004181403421852602	
	P(36) = 0.0657517149440042		P(37) = 0.02051371899963327		P(38) = 0.09348514940123427	
	P(39) = 0.09418319704150352		P(40) = 0.07487312145589504		P(41) = 0.01497312817683562	
	P(42) = 0.02660853196374302		P(43) = 0.03980950980259546		P(44) = 0.09338569989865669	
	P(45) = 0.01520575355448704		P(46) = 0.04842481336465063		P(47) = 0.06558979200875227	
	P(48) = 0.009123478261723508		P(49) = 0.08689856460113765		P(50) = 0.09457072672916722	
	P(51) = 0.05859248468072591		P(52) = 0.08428705682819834		P(53) = 0.01465925451263685	
	P(54) = 0.099		P(55) = 0.07486123444582998		P(56) = 0.05737127319613435	
	P(57) = 0.0436738420149414		P(58) = 0.02576265341216579		P(59) = 0.03341988327835492	
	P(60) = 0.08721905112645972		P(61) = 0.07465755068460177		P(62) = 0.04214296954250057	
	P(63) = 0.0602418411844458	
================================================================================

================================================================================

NUMBER OF ITERATIONS: 4

NUMBER OF OBJECTIVE FUNCTION EVALUATIONS: 250

OBJECTIVE FUNCTION VALUE:
	F = 30.62857650196686

LAGRANGIAN MULTIPLIERS VALUES:

PENALTY FACTOR:

BEST POSITION:
	P(0) = 0.05043956894985298		P(1) = 0.01213322947789962		P(2) = 0.005549230681979614	
	P(3) = 0.0398776827914717		P(4) = 0.0266619416890891		P(5) = 0.099	
	P(6) = 0.099		P(7) = 0		P(8) = 0.07798365111122253	
	P(9) = 0		P(10) = 0.02592404053573906		P(11) = 0	
	P(12) = 0.02494146584957848		P(13) = 0.04457422455692528		P(14) = 0.01018362614469034	
	P(15) = 0		P(16) = 0.03469248320086767		P(17) = 0	
	P(18) = 0		P(19) = 0.096540984576874		P(20) = 0.01088301556493637	
	P(21) = 0		P(22) = 0.02988217658263436		P(23) = 0.099	
	P(24) = 0		P(25) = 0.01225237378460445		P(26) = 0.07956101666192371	
	P(27) = 0.001445725779419975		P(28) = 0.04086407393293756		P(29) = 0.03259647238660773	
	P(30) = 0.099		P(31) = 0.099		P(32) = 0	
	P(33) = 0.00145687215962341		P(34) = 0.03647402306328858		P(35) = 0	
	P(36) = 0.09565268655349358		P(37) = 0.04225753120730937		P(38) = 0.099	
	P(39) = 0.099		P(40) = 0.05316162121832335		P(41) = 0	
	P(42) = 0.03390364442328497		P(43) = 0		P(44) = 0.099	
	P(45) = 0.01449513209777838		P(46) = 0.004960407573884273		P(47) = 0.08556284446362161	
	P(48) = 0		P(49) = 0.099		P(50) = 0.06928680769930498	
	P(51) = 0.03462897557506281		P(52) = 0.08775372159367227		P(53) = 0.099	
	P(54) = 0.086233400021761		P(55) = 0.099		P(56) = 0.07016660599113808	
	P(57) = 0.0272656118906907		P(58) = 0.006031051565441772		P(59) = 0.05056762617453957	
	P(60) = 0.099		P(61) = 0.02848827217042302		P(62) = 0.0426996439561204	
	P(63) = 0.0709985285331287	
================================================================================

================================================================================

NUMBER OF ITERATIONS: 5

NUMBER OF OBJECTIVE FUNCTION EVALUATIONS: 310

OBJECTIVE FUNCTION VALUE:
	F = 27.65455052789127

LAGRANGIAN MULTIPLIERS VALUES:

PENALTY FACTOR:

BEST POSITION:
	P(0) = 0.005365412831703893		P(1) = 0		P(2) = 0	
	P(3) = 0.04465968439346986		P(4) = 0.02821368943572622		P(5) = 0.06781948461596903	
	P(6) = 0.099		P(7) = 0.02325139543804486		P(8) = 0.099	
	P(9) = 0.0003983607690585395		P(10) = 0.006099952330220634		P(11) = 0.00382771302922353	
	P(12) = 0.02309996198551966		P(13) = 0.05569870840126429		P(14) = 0	
	P(15) = 0.02776809773047461		P(16) = 0.0429943698169459		P(17) = 0.001276508262135205	
	P(18) = 0		P(19) = 0.09832272479017659		P(20) = 0	
	P(21) = 0		P(22) = 0.01282275288570884		P(23) = 0.099	
	P(24) = 0		P(25) = 0.01785135370667337		P(26) = 0.06733181972029616	
	P(27) = 0		P(28) = 0.02228056105089402		P(29) = 0.02183510481066716	
	P(30) = 0.099		P(31) = 0.099		P(32) = 0	
	P(33) = 0		P(34) = 0.03752323948847186		P(35) = 0	
	P(36) = 0.09515635564178734		P(37) = 0.04148062674088489		P(38) = 0.09881742311308334	
	P(39) = 0.099		P(40) = 0.0428383417980002		P(41) = 0.02236333431756058	
	P(42) = 0.03029292522213728		P(43) = 0		P(44) = 0.099	
	P(45) = 0.002635776370054979		P(46) = 0.01980214022600447		P(47) = 0.09138814245417548	
	P(48) = 0.006067754783019394		P(49) = 0.05076269121740724		P(50) = 0.05184493909042481	
	P(51) = 0.01403618912275799		P(52) = 0.08007996745075996		P(53) = 0	
	P(54) = 0.07704214942652265		P(55) = 0.099		P(56) = 0.05339690244029999	
	P(57) = 0.004138568579137789		P(58) = 0		P(59) = 0.06142100182851735	
	P(60) = 0.09737858050853958		P(61) = 0		P(62) = 0.08245012879512391	
	P(63) = 0.08928618652826792	
================================================================================

================================================================================

NUMBER OF ITERATIONS: 6

NUMBER OF OBJECTIVE FUNCTION EVALUATIONS: 370

OBJECTIVE FUNCTION VALUE:
	F = 26.17907289817781

LAGRANGIAN MULTIPLIERS VALUES:

PENALTY FACTOR:

BEST POSITION:
	P(0) = 0.06465870728954308		P(1) = 0.007653045447267165		P(2) = 0	
	P(3) = 0.05749098478785929		P(4) = 0.01458322349645215		P(5) = 0.09424916221589227	
	P(6) = 0.099		P(7) = 0.02236516839675043		P(8) = 0.099	
	P(9) = 0.007336144506571315		P(10) = 0.06830127544276664		P(11) = 0.009665942740958104	
	P(12) = 0.01388485022361118		P(13) = 0.05767959886523887		P(14) = 0	
	P(15) = 0.01498475046496595		P(16) = 0.008188757457012363		P(17) = 0	
	P(18) = 0		P(19) = 0.099		P(20) = 0	
	P(21) = 0		P(22) = 0		P(23) = 0.099	
	P(24) = 0		P(25) = 0		P(26) = 0.05947840846396217	
	P(27) = 0		P(28) = 0.099		P(29) = 0.008142325450056477	
	P(30) = 0.099		P(31) = 0.099		P(32) = 0	
	P(33) = 0		P(34) = 0.03211065337083886		P(35) = 0	
	P(36) = 0.099		P(37) = 0.0463603765912393		P(38) = 0.099	
	P(39) = 0.099		P(40) = 0.06502145906876483		P(41) = 0.02889271818352767	
	P(42) = 0.0335318896076814		P(43) = 0		P(44) = 0.099	
	P(45) = 0.01237479507414659		P(46) = 0.004645028449943883		P(47) = 0.07716897032349648	
	P(48) = 0.001951723836522548		P(49) = 0.04845206893141624		P(50) = 0.05702509694310034	
	P(51) = 0.01470760601089573		P(52) = 0.08259926417616784		P(53) = 0	
	P(54) = 0.07515374790526666		P(55) = 0.099		P(56) = 0.06406471988544855	
	P(57) = 0		P(58) = 0		P(59) = 0.05918352707571964	
	P(60) = 0.09538326185872736		P(61) = 0		P(62) = 0.07145526260087104	
	P(63) = 0.099	
================================================================================

================================================================================

NUMBER OF ITERATIONS: 7

NUMBER OF OBJECTIVE FUNCTION EVALUATIONS: 430

OBJECTIVE FUNCTION VALUE:
	F = 25.847810058375

LAGRANGIAN MULTIPLIERS VALUES:

PENALTY FACTOR:

BEST POSITION:
	P(0) = 0.04255164926104302		P(1) = 0.0106432068605677		P(2) = 0	
	P(3) = 0.05617666198729727		P(4) = 0.04461161683202094		P(5) = 0.09825285888963224	
	P(6) = 0.099		P(7) = 0.01731448075955346		P(8) = 0.08771771364604364	
	P(9) = 0		P(10) = 0.05451749661152937		P(11) = 0.01550969786856728	
	P(12) = 0.01893791735530861		P(13) = 0.05397260809622086		P(14) = 0	
	P(15) = 0.005820537770317241		P(16) = 0.008359686939471915		P(17) = 0	
	P(18) = 0		P(19) = 0.09573558075312749		P(20) = 0	
	P(21) = 0		P(22) = 0		P(23) = 0.099	
	P(24) = 0		P(25) = 0		P(26) = 0.02711972244733283	
	P(27) = 0		P(28) = 0.099		P(29) = 0.004681916541777478	
	P(30) = 0.099		P(31) = 0.099		P(32) = 0	
	P(33) = 0		P(34) = 0.01250383750032011		P(35) = 0	
	P(36) = 0.099		P(37) = 0.01684171418430686		P(38) = 0.099	
	P(39) = 0.099		P(40) = 0.05605666685148428		P(41) = 0.01107213610127485	
	P(42) = 0.03172977441535271		P(43) = 0		P(44) = 0.099	
	P(45) = 0		P(46) = 0.01030203657188825		P(47) = 0.08104323765887264	
	P(48) = 0.001908230035393886		P(49) = 0.02943209181602268		P(50) = 0.03575347748459479	
	P(51) = 0.001585215116627722		P(52) = 0.08040714736813487		P(53) = 0	
	P(54) = 0.06211355144160675		P(55) = 0.099		P(56) = 0.06106317128978155	
	P(57) = 0		P(58) = 0		P(59) = 0.05484174977677948	
	P(60) = 0.099		P(61) = 0		P(62) = 0.04424306906934999	
	P(63) = 0.099	
================================================================================

================================================================================

NUMBER OF ITERATIONS: 8

NUMBER OF OBJECTIVE FUNCTION EVALUATIONS: 490

OBJECTIVE FUNCTION VALUE:
	F = 21.21862337635628

LAGRANGIAN MULTIPLIERS VALUES:

PENALTY FACTOR:

BEST POSITION:
	P(0) = 0.04139359697710131		P(1) = 0.0254618050187086		P(2) = 2.33577200428603e-07	
	P(3) = 0.05898728361279303		P(4) = 0		P(5) = 0.09256012615008502	
	P(6) = 0.099		P(7) = 0.01246235703165643		P(8) = 0.08949144876228746	
	P(9) = 0		P(10) = 0.04201322946708839		P(11) = 0.03200639468087059	
	P(12) = 0.008103011736921586		P(13) = 0.05360793187673381		P(14) = 0	
	P(15) = 0		P(16) = 0		P(17) = 0	
	P(18) = 0		P(19) = 0.08218732389119046		P(20) = 0	
	P(21) = 0		P(22) = 0.001237774287998331		P(23) = 0.09034550235684712	
	P(24) = 0		P(25) = 1.693845468307004e-05		P(26) = 0.03820812936810478	
	P(27) = 3.963762230108081e-06		P(28) = 0.09899952767091666		P(29) = 0	
	P(30) = 0.09691756890914252		P(31) = 0.09899846891982084		P(32) = 0.0008820102198218507	
	P(33) = 0		P(34) = 0.0308872754938924		P(35) = 2.583089783882164e-06	
	P(36) = 0.09899574541661896		P(37) = 0.02937541164329675		P(38) = 0.099	
	P(39) = 0.099		P(40) = 0.06139292974571887		P(41) = 0.008879576925679686	
	P(42) = 0		P(43) = 4.503378017634008e-06		P(44) = 0.099	
	P(45) = 0		P(46) = 0.0260079495056842		P(47) = 0.09145844026952213	
	P(48) = 0		P(49) = 0.006960038373489401		P(50) = 0	
	P(51) = 0		P(52) = 0.08740098932264079		P(53) = 0.007659594060719414	
	P(54) = 0.04943210565464802		P(55) = 0.099		P(56) = 0.0374564452136394	
	P(57) = 0		P(58) = 0.007314556995254178		P(59) = 0.0171260857946069	
	P(60) = 0.099		P(61) = 6.142860822004603e-06		P(62) = 0.06933576601709829	
	P(63) = 0.099	
================================================================================
