                                     ======================
                                        ALPSO 1.1 (Serial)
                                     ======================

Parameters:
-------------------------------------------------------------------------------------------------
Swarmsize           :       10    MaxOuterIters     :      200    Seed:       1519595583.50219011
Cognitive Parameter :    2.000    MaxInnerIters     :        6    Scaling            :          1
Social Parameter    :    1.000    MinInnerIters     :        6    Stopping Criteria  :          1
Initial Weight      :    0.990    DynInnerIters     :        0    Number of Failures :         15
Final Weight        :    0.550    StoppingIters     :        5    Number of Successes:          5

Absolute Tolerance  : 1.00e-02    Number Initial Pos:        0    Neighbourhood Model:      gbest
Relative Tolerance  : 1.00e-02    Initial Velocity  :        1    Neighbourhood Size :         40
Inequality Tolerance: 1.00e-03    Maximum Velocity  :        2    Selfless           :          1
Equality Tolerance  : 1.00e-03    Craziness Velocity: 1.00e-04    Fileout            :          1
Global Distance     : 1.00e-01    Initial Penalty   :     1.00    File Name          :  ALPSO.out
-------------------------------------------------------------------------------------------------


================================================================================

NUMBER OF ITERATIONS: 1

NUMBER OF OBJECTIVE FUNCTION EVALUATIONS: 70

OBJECTIVE FUNCTION VALUE:
	F = 30.81714729759648

LAGRANGIAN MULTIPLIERS VALUES:

PENALTY FACTOR:

BEST POSITION:
	P(0) = 0.04752020271503694		P(1) = 0.099		P(2) = 0	
	P(3) = 0		P(4) = 0		P(5) = 0.099	
	P(6) = 0.02561447972240711		P(7) = 0.06110968622702046		P(8) = 0.08065949952091982	
	P(9) = 0.06730423836052969		P(10) = 0.01638189964929138		P(11) = 0.06999832628323413	
	P(12) = 0.099		P(13) = 0		P(14) = 0	
	P(15) = 0.03097308441801253		P(16) = 0.09534635802704411		P(17) = 0.07918496907582516	
	P(18) = 0.03840641178059384		P(19) = 0.07406443857070674		P(20) = 0.05933286012475758	
	P(21) = 0.002184016810500108		P(22) = 0.07740348072536683		P(23) = 0.04080970303756124	
	P(24) = 0.006534664315204705		P(25) = 0		P(26) = 0.001323568882394613	
	P(27) = 0.02107572047090677		P(28) = 0		P(29) = 0	
	P(30) = 0		P(31) = 0.06971733745446046		P(32) = 0.03942739051440618	
	P(33) = 0.02016163628298588		P(34) = 0.005551851038666261		P(35) = 0.09032616467993071	
	P(36) = 0.099		P(37) = 0.06644412386515799		P(38) = 0.01859675128113443	
	P(39) = 0		P(40) = 0		P(41) = 0.099	
	P(42) = 0.01008437802342181		P(43) = 0.09770003926018703		P(44) = 0	
	P(45) = 0.002471210769346789		P(46) = 0.006442981614146498		P(47) = 0.02706089886632802	
	P(48) = 0		P(49) = 0.04064460802952252		P(50) = 0.09846251444492472	
	P(51) = 0.01521580805102939		P(52) = 0		P(53) = 0	
	P(54) = 0.099		P(55) = 0.09862433078970294		P(56) = 0.06710877879367785	
	P(57) = 0.07216335135777449		P(58) = 0.02075088754080007		P(59) = 0	
	P(60) = 0.09323136552048697		P(61) = 0		P(62) = 0	
	P(63) = 0.0423652656761627	
================================================================================

================================================================================

NUMBER OF ITERATIONS: 2

NUMBER OF OBJECTIVE FUNCTION EVALUATIONS: 130

OBJECTIVE FUNCTION VALUE:
	F = 28.72066582853354

LAGRANGIAN MULTIPLIERS VALUES:

PENALTY FACTOR:

BEST POSITION:
	P(0) = 0.0342196368905191		P(1) = 0.099		P(2) = 0	
	P(3) = 0		P(4) = 0		P(5) = 0.099	
	P(6) = 0.00894573586136542		P(7) = 0.08277124460682134		P(8) = 0.099	
	P(9) = 0.04441248778732282		P(10) = 0.03891362803079246		P(11) = 0.0936060721612221	
	P(12) = 0.099		P(13) = 0		P(14) = 0	
	P(15) = 0.01012841372847997		P(16) = 0.06889551534118574		P(17) = 0.07320004873945433	
	P(18) = 0.01616015853519371		P(19) = 0.02024641988637677		P(20) = 0.06841810399476755	
	P(21) = 0		P(22) = 0.07327120900552797		P(23) = 0.03566448149457323	
	P(24) = 0.006522386957239702		P(25) = 0		P(26) = 0	
	P(27) = 0.002993727906560988		P(28) = 0		P(29) = 0.00111792580610845	
	P(30) = 0		P(31) = 0.06481627083547756		P(32) = 0.02667444219893321	
	P(33) = 0.0163407419551871		P(34) = 0.0003383772677708549		P(35) = 0.07887670830738341	
	P(36) = 0.099		P(37) = 0.09455062755784377		P(38) = 0	
	P(39) = 6.946461012026506e-05		P(40) = 0		P(41) = 0.099	
	P(42) = 0.00982589455806647		P(43) = 0.099		P(44) = 0	
	P(45) = 0		P(46) = 0		P(47) = 0.01078151268597848	
	P(48) = 0		P(49) = 0.02042793247240374		P(50) = 0.099	
	P(51) = 0		P(52) = 0		P(53) = 0	
	P(54) = 0.099		P(55) = 0.099		P(56) = 0.05362703316463376	
	P(57) = 0.06672811288099902		P(58) = 0.023415838669496		P(59) = 0	
	P(60) = 0.0902358471011214		P(61) = 0		P(62) = 0	
	P(63) = 0.04428645549654819	
================================================================================

================================================================================

NUMBER OF ITERATIONS: 3

NUMBER OF OBJECTIVE FUNCTION EVALUATIONS: 190

OBJECTIVE FUNCTION VALUE:
	F = 27.37668386407258

LAGRANGIAN MULTIPLIERS VALUES:

PENALTY FACTOR:

BEST POSITION:
	P(0) = 0.02824541738232069		P(1) = 0.099		P(2) = 0	
	P(3) = 0		P(4) = 0		P(5) = 0.099	
	P(6) = 0.003771460396213303		P(7) = 0.099		P(8) = 0.09156370835545315	
	P(9) = 0.03181853895895124		P(10) = 0.0524416800405406		P(11) = 0.09838391288542964	
	P(12) = 0.099		P(13) = 0		P(14) = 0	
	P(15) = 0.002999284016479059		P(16) = 0.05270481884683276		P(17) = 0.09140415404782193	
	P(18) = 0		P(19) = 0.02473272882293655		P(20) = 0.07877188266422933	
	P(21) = 0		P(22) = 0.04266207773004965		P(23) = 0.02965439399547033	
	P(24) = 0.007893753052941502		P(25) = 0		P(26) = 0	
	P(27) = 0		P(28) = 0		P(29) = 0	
	P(30) = 0		P(31) = 0.07164610230431256		P(32) = 0.02238768877247365	
	P(33) = 0.01399814118474412		P(34) = 0.0004703606602716806		P(35) = 0.09575973620875702	
	P(36) = 0.099		P(37) = 0.03590425585176186		P(38) = 0	
	P(39) = 0		P(40) = 0		P(41) = 0.099	
	P(42) = 0.005923198013074067		P(43) = 0.099		P(44) = 0	
	P(45) = 0		P(46) = 0		P(47) = 0.05022807830223407	
	P(48) = 0		P(49) = 0.02813696200359446		P(50) = 0.09781513101245362	
	P(51) = 0.007499683543105796		P(52) = 0		P(53) = 0	
	P(54) = 0.099		P(55) = 0.099		P(56) = 0.03722106451707294	
	P(57) = 0.066218322411897		P(58) = 0.02092156888894846		P(59) = 0	
	P(60) = 0.08045079302335628		P(61) = 0		P(62) = 0.004306866810151716	
	P(63) = 0.04648665827809458	
================================================================================

================================================================================

NUMBER OF ITERATIONS: 4

NUMBER OF OBJECTIVE FUNCTION EVALUATIONS: 250

OBJECTIVE FUNCTION VALUE:
	F = 26.21667982592612

LAGRANGIAN MULTIPLIERS VALUES:

PENALTY FACTOR:

BEST POSITION:
	P(0) = 0.02040596471185913		P(1) = 0.099		P(2) = 0	
	P(3) = 0		P(4) = 0		P(5) = 0.099	
	P(6) = 0		P(7) = 0.099		P(8) = 0.099	
	P(9) = 0.0245366325207351		P(10) = 0.099		P(11) = 0.099	
	P(12) = 0.099		P(13) = 0		P(14) = 0	
	P(15) = 0		P(16) = 0.07121488701625558		P(17) = 0.099	
	P(18) = 0		P(19) = 0.001866637527046446		P(20) = 0.099	
	P(21) = 0		P(22) = 0.02046497015686797		P(23) = 0	
	P(24) = 0.002427466203671493		P(25) = 0		P(26) = 0	
	P(27) = 0		P(28) = 0		P(29) = 0	
	P(30) = 0		P(31) = 0.09618618227689504		P(32) = 0.004863343038309632	
	P(33) = 0		P(34) = 0		P(35) = 0.06357973902282708	
	P(36) = 0.099		P(37) = 0.04405803232331597		P(38) = 0	
	P(39) = 0		P(40) = 0		P(41) = 0.099	
	P(42) = 0		P(43) = 0.099		P(44) = 0	
	P(45) = 0		P(46) = 0		P(47) = 0.07726107891020369	
	P(48) = 0		P(49) = 0		P(50) = 0.099	
	P(51) = 0.00156087809353949		P(52) = 0		P(53) = 0	
	P(54) = 0.099		P(55) = 0.099		P(56) = 0.08691753946771988	
	P(57) = 0.06583233824854218		P(58) = 0		P(59) = 0	
	P(60) = 0.099		P(61) = 0		P(62) = 0	
	P(63) = 0	
================================================================================

================================================================================

NUMBER OF ITERATIONS: 5

NUMBER OF OBJECTIVE FUNCTION EVALUATIONS: 310

OBJECTIVE FUNCTION VALUE:
	F = 24.59901374597055

LAGRANGIAN MULTIPLIERS VALUES:

PENALTY FACTOR:

BEST POSITION:
	P(0) = 0.0792146255274034		P(1) = 0.099		P(2) = 0.01996172445300541	
	P(3) = 0		P(4) = 0.009675261269990118		P(5) = 0.099	
	P(6) = 0		P(7) = 0.08367792238779706		P(8) = 0.0778819267162805	
	P(9) = 0		P(10) = 0.09810558913864045		P(11) = 0.07313459660631767	
	P(12) = 0.099		P(13) = 0		P(14) = 0	
	P(15) = 0		P(16) = 0.05429302549499818		P(17) = 0.099	
	P(18) = 0.009196985288532265		P(19) = 0		P(20) = 0.099	
	P(21) = 0.004494652046945775		P(22) = 0.01986797892034917		P(23) = 0	
	P(24) = 0.009379771491990832		P(25) = 0		P(26) = 0.02342132997730608	
	P(27) = 0		P(28) = 0		P(29) = 0	
	P(30) = 0		P(31) = 0.099		P(32) = 0	
	P(33) = 0		P(34) = 0.001250628736334511		P(35) = 0.04839799613253185	
	P(36) = 0.09731574186692188		P(37) = 0.01081513096924582		P(38) = 0	
	P(39) = 0.01174466286220609		P(40) = 0.03315311205091855		P(41) = 0.099	
	P(42) = 0		P(43) = 0.099		P(44) = 0.0114849591248063	
	P(45) = 0		P(46) = 0		P(47) = 0.099	
	P(48) = 0.01867935510005082		P(49) = 0		P(50) = 0.099	
	P(51) = 0		P(52) = 0.03893953627121835		P(53) = 0	
	P(54) = 0.099		P(55) = 0.05274084293727969		P(56) = 0.08461839802683882	
	P(57) = 0.03362813337581855		P(58) = 0		P(59) = 0	
	P(60) = 0.099		P(61) = 0		P(62) = 0	
	P(63) = 0.03784685276952854	
================================================================================

================================================================================

NUMBER OF ITERATIONS: 6

NUMBER OF OBJECTIVE FUNCTION EVALUATIONS: 370

OBJECTIVE FUNCTION VALUE:
	F = 23.7080019336463

LAGRANGIAN MULTIPLIERS VALUES:

PENALTY FACTOR:

BEST POSITION:
	P(0) = 0.099		P(1) = 0.099		P(2) = 0.02171389181778121	
	P(3) = 0		P(4) = 0.01076366560730335		P(5) = 0.099	
	P(6) = 0		P(7) = 0.08066894550731085		P(8) = 0.05473747102802861	
	P(9) = 0		P(10) = 0.09858866107514838		P(11) = 0.05758869175835289	
	P(12) = 0.099		P(13) = 0		P(14) = 0	
	P(15) = 0		P(16) = 0.05956431492161369		P(17) = 0.099	
	P(18) = 0.0193103946224961		P(19) = 0		P(20) = 0.099	
	P(21) = 0.005587791005924922		P(22) = 0.009337472930132006		P(23) = 0	
	P(24) = 0.007560638863377961		P(25) = 0		P(26) = 0.01614916072133341	
	P(27) = 0		P(28) = 0		P(29) = 0	
	P(30) = 0		P(31) = 0.099		P(32) = 0	
	P(33) = 0		P(34) = 0		P(35) = 0.02857583438229638	
	P(36) = 0.099		P(37) = 0		P(38) = 0	
	P(39) = 0.0243783230897431		P(40) = 0.03994576419373725		P(41) = 0.099	
	P(42) = 0		P(43) = 0.099		P(44) = 0.00117727548541819	
	P(45) = 0		P(46) = 0		P(47) = 0.099	
	P(48) = 0.02289215252353773		P(49) = 0		P(50) = 0.099	
	P(51) = 0.005771619271916301		P(52) = 0.05072401313554513		P(53) = 0	
	P(54) = 0.099		P(55) = 0.05333130009787315		P(56) = 0.08727280354114481	
	P(57) = 0.001822111900017187		P(58) = 0		P(59) = 0	
	P(60) = 0.099		P(61) = 0		P(62) = 0	
	P(63) = 0.03502244403656449	
================================================================================

================================================================================

NUMBER OF ITERATIONS: 7

NUMBER OF OBJECTIVE FUNCTION EVALUATIONS: 430

OBJECTIVE FUNCTION VALUE:
	F = 23.1885663842647

LAGRANGIAN MULTIPLIERS VALUES:

PENALTY FACTOR:

BEST POSITION:
	P(0) = 0.099		P(1) = 0.099		P(2) = 0.02789482148702564	
	P(3) = 0		P(4) = 0.01117889422847667		P(5) = 0.099	
	P(6) = 0		P(7) = 0.08206876863032184		P(8) = 0.04914233778069103	
	P(9) = 0		P(10) = 0.099		P(11) = 0.05235277664748288	
	P(12) = 0.099		P(13) = 0		P(14) = 0.003820734562562551	
	P(15) = 0		P(16) = 0.03317472332064444		P(17) = 0.099	
	P(18) = 0.0152615945707007		P(19) = 0		P(20) = 0.099	
	P(21) = 0.0005640242094395106		P(22) = 0.005093897373468818		P(23) = 0	
	P(24) = 0.009895343890255655		P(25) = 0		P(26) = 0.003003448397567464	
	P(27) = 0		P(28) = 0		P(29) = 0	
	P(30) = 0		P(31) = 0.099		P(32) = 0	
	P(33) = 0		P(34) = 0		P(35) = 0.002418706785587768	
	P(36) = 0.0950199309154717		P(37) = 0		P(38) = 0	
	P(39) = 0.01965007520061125		P(40) = 0.02639542386171445		P(41) = 0.099	
	P(42) = 0		P(43) = 0.099		P(44) = 0	
	P(45) = 0		P(46) = 0		P(47) = 0.099	
	P(48) = 0.02296085065112767		P(49) = 0		P(50) = 0.099	
	P(51) = 0		P(52) = 0.03253686924822328		P(53) = 0	
	P(54) = 0.099		P(55) = 0.09770717959351244		P(56) = 0.08495580803667124	
	P(57) = 0.000229343071758821		P(58) = 0		P(59) = 0	
	P(60) = 0.099		P(61) = 0		P(62) = 0	
	P(63) = 0.0379329894534059	
================================================================================

================================================================================

NUMBER OF ITERATIONS: 8

NUMBER OF OBJECTIVE FUNCTION EVALUATIONS: 490

OBJECTIVE FUNCTION VALUE:
	F = 22.84189596129862

LAGRANGIAN MULTIPLIERS VALUES:

PENALTY FACTOR:

BEST POSITION:
	P(0) = 0.099		P(1) = 0.099		P(2) = 0.03226546622979536	
	P(3) = 0		P(4) = 0.0006725076144146191		P(5) = 0.099	
	P(6) = 0		P(7) = 0.08093717259493984		P(8) = 0.02791023699547943	
	P(9) = 0		P(10) = 0.099		P(11) = 0.02017490411455433	
	P(12) = 0.099		P(13) = 0		P(14) = 0.0001254573105636536	
	P(15) = 0		P(16) = 0.0547839930887984		P(17) = 0.099	
	P(18) = 0.005875665850535991		P(19) = 0		P(20) = 0.099	
	P(21) = 0		P(22) = 0.002812765794700856		P(23) = 0	
	P(24) = 0.003064486132147763		P(25) = 0		P(26) = 0.002774319639775182	
	P(27) = 0		P(28) = 0		P(29) = 0	
	P(30) = 0.0001644170644847162		P(31) = 0.099		P(32) = 0	
	P(33) = 0.002048263841631856		P(34) = 0		P(35) = 0	
	P(36) = 0.09491984923879565		P(37) = 0		P(38) = 0	
	P(39) = 0.01671944710024565		P(40) = 0.01107476805049442		P(41) = 0.099	
	P(42) = 0		P(43) = 0.099		P(44) = 0	
	P(45) = 0		P(46) = 0		P(47) = 0.099	
	P(48) = 0.02602927633759992		P(49) = 0		P(50) = 0.099	
	P(51) = 0.001581783030786876		P(52) = 0.01697943981435604		P(53) = 0	
	P(54) = 0.099		P(55) = 0.099		P(56) = 0.09058230816761101	
	P(57) = 0		P(58) = 0		P(59) = 0	
	P(60) = 0.099		P(61) = 0		P(62) = 0	
	P(63) = 0.0452982900744375	
================================================================================

================================================================================

NUMBER OF ITERATIONS: 9

NUMBER OF OBJECTIVE FUNCTION EVALUATIONS: 550

OBJECTIVE FUNCTION VALUE:
	F = 22.57939969942519

LAGRANGIAN MULTIPLIERS VALUES:

PENALTY FACTOR:

BEST POSITION:
	P(0) = 0.099		P(1) = 0.099		P(2) = 0.03376938106004324	
	P(3) = 0		P(4) = 0.005092820346992176		P(5) = 0.099	
	P(6) = 0		P(7) = 0.08362993739861198		P(8) = 0.03860462585858369	
	P(9) = 0		P(10) = 0.099		P(11) = 0.0006793976281427028	
	P(12) = 0.099		P(13) = 0		P(14) = 0	
	P(15) = 0		P(16) = 0.09453253934089456		P(17) = 0.099	
	P(18) = 0.003283099606057695		P(19) = 0		P(20) = 0.099	
	P(21) = 0		P(22) = 0.003719885160459055		P(23) = 0	
	P(24) = 0.001990341240015778		P(25) = 0		P(26) = 0	
	P(27) = 0		P(28) = 0		P(29) = 0	
	P(30) = 0		P(31) = 0.099		P(32) = 0	
	P(33) = 0		P(34) = 0		P(35) = 0	
	P(36) = 0.09546177743231818		P(37) = 0		P(38) = 0	
	P(39) = 0.02359793239925949		P(40) = 0.02024770937669057		P(41) = 0.099	
	P(42) = 0		P(43) = 0.099		P(44) = 0	
	P(45) = 0		P(46) = 0		P(47) = 0.099	
	P(48) = 0.02105376042743842		P(49) = 0		P(50) = 0.099	
	P(51) = 0.0004146704406245497		P(52) = 0.03346269325772031		P(53) = 0	
	P(54) = 0.099		P(55) = 0.099		P(56) = 0.08583527274859844	
	P(57) = 0		P(58) = 0		P(59) = 0	
	P(60) = 0.099		P(61) = 0		P(62) = 0	
	P(63) = 0.02787435479193601	
================================================================================

================================================================================

NUMBER OF ITERATIONS: 10

NUMBER OF OBJECTIVE FUNCTION EVALUATIONS: 610

OBJECTIVE FUNCTION VALUE:
	F = 22.53366108779331

LAGRANGIAN MULTIPLIERS VALUES:

PENALTY FACTOR:

BEST POSITION:
	P(0) = 0.099		P(1) = 0.099		P(2) = 0.03441296552327585	
	P(3) = 0		P(4) = 0.002670799922930477		P(5) = 0.099	
	P(6) = 0		P(7) = 0.0846581325004612		P(8) = 0.02514503986513052	
	P(9) = 0		P(10) = 0.099		P(11) = 0	
	P(12) = 0.099		P(13) = 0		P(14) = 0	
	P(15) = 0		P(16) = 0.09379243974879262		P(17) = 0.099	
	P(18) = 0.006966574909999135		P(19) = 0		P(20) = 0.099	
	P(21) = 0		P(22) = 0.001846536941628854		P(23) = 0	
	P(24) = 0		P(25) = 0		P(26) = 0	
	P(27) = 0		P(28) = 0		P(29) = 0	
	P(30) = 0		P(31) = 0.099		P(32) = 0	
	P(33) = 0		P(34) = 0		P(35) = 0	
	P(36) = 0.09490837249850234		P(37) = 0		P(38) = 0	
	P(39) = 0.006341297651958566		P(40) = 0.01426584196164681		P(41) = 0.099	
	P(42) = 0		P(43) = 0.099		P(44) = 0	
	P(45) = 0		P(46) = 0		P(47) = 0.099	
	P(48) = 0.01616530582567498		P(49) = 0		P(50) = 0.099	
	P(51) = 3.232122453721009e-05		P(52) = 0.02938515912600743		P(53) = 0	
	P(54) = 0.099		P(55) = 0.099		P(56) = 0.08692446983153511	
	P(57) = 0		P(58) = 0		P(59) = 0	
	P(60) = 0.099		P(61) = 0		P(62) = 0	
	P(63) = 0.03354728984115356	
================================================================================
