                                     ======================
                                        ALPSO 1.1 (Serial)
                                     ======================

Parameters:
-------------------------------------------------------------------------------------------------
Swarmsize           :       10    MaxOuterIters     :      200    Seed:       1518386264.47353601
Cognitive Parameter :    2.000    MaxInnerIters     :        6    Scaling            :          1
Social Parameter    :    1.000    MinInnerIters     :        6    Stopping Criteria  :          1
Initial Weight      :    0.990    DynInnerIters     :        0    Number of Failures :         15
Final Weight        :    0.550    StoppingIters     :        5    Number of Successes:          5

Absolute Tolerance  : 1.00e-02    Number Initial Pos:        0    Neighbourhood Model:      gbest
Relative Tolerance  : 1.00e-02    Initial Velocity  :        1    Neighbourhood Size :         40
Inequality Tolerance: 1.00e-03    Maximum Velocity  :        2    Selfless           :          1
Equality Tolerance  : 1.00e-03    Craziness Velocity: 1.00e-04    Fileout            :          1
Global Distance     : 1.00e-01    Initial Penalty   :     1.00    File Name          :  ALPSO.out
-------------------------------------------------------------------------------------------------


================================================================================

NUMBER OF ITERATIONS: 1

NUMBER OF OBJECTIVE FUNCTION EVALUATIONS: 70

OBJECTIVE FUNCTION VALUE:
	F = 47.19594258445828

LAGRANGIAN MULTIPLIERS VALUES:

PENALTY FACTOR:

BEST POSITION:
	P(0) = 0.08536272365133268		P(1) = 0.09773340203794298		P(2) = 0.0005947687916637578	
	P(3) = 0		P(4) = 0.05736078150914544		P(5) = 0.03509694399593972	
	P(6) = 0.06352781782440745		P(7) = 0.05046893990062785		P(8) = 0.04695231129105026	
	P(9) = 0		P(10) = 0.05991579985081749		P(11) = 0.09252530954077078	
	P(12) = 0.06678436851588029		P(13) = 0.04497672104325225		P(14) = 0.02406162939879522	
	P(15) = 0.04664577327452035		P(16) = 0.04336104952618992		P(17) = 0.02937794257335269	
	P(18) = 0.01350075288964722		P(19) = 0		P(20) = 0.04772202677687213	
	P(21) = 0.04475905007106406		P(22) = 0.03531334674055712		P(23) = 0.04345933957598406	
	P(24) = 0.07536590138250668		P(25) = 0.02393617243007296		P(26) = 0.03260032857506438	
	P(27) = 0.02028828419603161		P(28) = 0.08354344202448433		P(29) = 0.06349255827767496	
	P(30) = 0.0389251281857531		P(31) = 0.05925682405629687		P(32) = 0.099	
	P(33) = 0.09292303400595997		P(34) = 0.05567819093008786		P(35) = 0.08487476147351608	
	P(36) = 0.008008897070335842		P(37) = 0.04990046685871163		P(38) = 0.04877459748598091	
	P(39) = 0.02920014001730122		P(40) = 0.06626912783497266		P(41) = 0.08698219341178823	
	P(42) = 0.05694784431467797		P(43) = 0.01428898256037001		P(44) = 0.02251528151578973	
	P(45) = 0.0487929338608597		P(46) = 0.02807718119868664		P(47) = 0	
	P(48) = 0.02740293074743137		P(49) = 0.02822965375197998		P(50) = 0.0875222161121863	
	P(51) = 0.06029621680820383		P(52) = 0.0488365716027773		P(53) = 0.05977873316537878	
	P(54) = 0.04610027489752146		P(55) = 0.05009412200900452		P(56) = 0.05963104241533759	
	P(57) = 0.03036234795423454		P(58) = 0.04621198756171128		P(59) = 0.05616289067433329	
	P(60) = 0.07616141505901197		P(61) = 0.07722665290777739		P(62) = 0.09122925150824181	
	P(63) = 0.02453305992774651	
================================================================================

================================================================================

NUMBER OF ITERATIONS: 2

NUMBER OF OBJECTIVE FUNCTION EVALUATIONS: 130

OBJECTIVE FUNCTION VALUE:
	F = 45.23977473176041

LAGRANGIAN MULTIPLIERS VALUES:

PENALTY FACTOR:

BEST POSITION:
	P(0) = 0.09879031174332005		P(1) = 0.099		P(2) = 0	
	P(3) = 0		P(4) = 0.07500364208808008		P(5) = 0.006573023141935211	
	P(6) = 0.08636524971832019		P(7) = 0.04261942620782896		P(8) = 0	
	P(9) = 0		P(10) = 0.05142212128336986		P(11) = 0.099	
	P(12) = 0.0735867687780212		P(13) = 0.03332521702109133		P(14) = 0.01350631160836747	
	P(15) = 0.04637647057227397		P(16) = 0.01854847152551734		P(17) = 0.02765333114818681	
	P(18) = 0		P(19) = 0.0262298433521467		P(20) = 0.05778742877475344	
	P(21) = 0.03524854993327577		P(22) = 0.03807914262722356		P(23) = 0.06220935302584842	
	P(24) = 0.07131996938428053		P(25) = 0.02270231704078621		P(26) = 0.02643042562978853	
	P(27) = 0.02032655814248704		P(28) = 0.08913343905351062		P(29) = 0.01773408546857753	
	P(30) = 0.04623723482198841		P(31) = 0.0637967198305701		P(32) = 0.099	
	P(33) = 0.09897951404172332		P(34) = 0.06152456584286043		P(35) = 0.09087539490325358	
	P(36) = 0.03090928353094835		P(37) = 0.099		P(38) = 0.04636482028541131	
	P(39) = 0.03356728159038062		P(40) = 0.07687877092995141		P(41) = 0.09428251056637771	
	P(42) = 0.04859077440580833		P(43) = 0		P(44) = 0.007694926248701162	
	P(45) = 0.05298705069729807		P(46) = 0.03279868617903015		P(47) = 0	
	P(48) = 0.01857497065829858		P(49) = 0.01295828210030672		P(50) = 0.099	
	P(51) = 0.08197600745406369		P(52) = 0.05773874603675955		P(53) = 0.04298069181116541	
	P(54) = 0.03147681078643511		P(55) = 0.03392289263533301		P(56) = 0.06924626127080648	
	P(57) = 0.03895668833154434		P(58) = 0.0448353721202706		P(59) = 0.06539135036581011	
	P(60) = 0.05209471865886066		P(61) = 0.09331965507505845		P(62) = 0.099	
	P(63) = 0.02104609056727139	
================================================================================

================================================================================

NUMBER OF ITERATIONS: 3

NUMBER OF OBJECTIVE FUNCTION EVALUATIONS: 190

OBJECTIVE FUNCTION VALUE:
	F = 45.56244418186131

LAGRANGIAN MULTIPLIERS VALUES:

PENALTY FACTOR:

BEST POSITION:
	P(0) = 0.099		P(1) = 0.09730742432748488		P(2) = 0	
	P(3) = 0.006044239622367789		P(4) = 0.05599947755658067		P(5) = 0.01151460836803192	
	P(6) = 0.076572564021157		P(7) = 0.05027081247754536		P(8) = 0.01213392996211646	
	P(9) = 0		P(10) = 0.03913232452907576		P(11) = 0.09879945546569296	
	P(12) = 0.06846052833516734		P(13) = 0.02400159658601718		P(14) = 0	
	P(15) = 0.08196095326882662		P(16) = 0.01401054826371186		P(17) = 0.02018826366309844	
	P(18) = 0.001609110933907351		P(19) = 0.01477002490629642		P(20) = 0.0509877626949697	
	P(21) = 0.02419654135094154		P(22) = 0.02444085483033334		P(23) = 0.01682531885180568	
	P(24) = 0.0676555367799514		P(25) = 0.02627290490293421		P(26) = 0.01929125338310676	
	P(27) = 0.02565300960047398		P(28) = 0.08759076932747151		P(29) = 0.007605259695196619	
	P(30) = 0.0454277007119081		P(31) = 0.06927958855149816		P(32) = 0.09801357531970806	
	P(33) = 0.099		P(34) = 0.05909871126306054		P(35) = 0.07041895410213524	
	P(36) = 0.01084949432029143		P(37) = 0.099		P(38) = 0.05756351775758613	
	P(39) = 0.02262534169653563		P(40) = 0.099		P(41) = 0.0861776355771246	
	P(42) = 0.01849758902636897		P(43) = 0.005746695141987078		P(44) = 0.07727485530719012	
	P(45) = 0.05983420580855794		P(46) = 0.01969855582953699		P(47) = 0.0002208583987163421	
	P(48) = 0.004780266868920295		P(49) = 0.0025940421559583		P(50) = 0.07027003658644469	
	P(51) = 0.099		P(52) = 0.0264344591837249		P(53) = 0.0409974636567351	
	P(54) = 0.01937779363787493		P(55) = 0.04027966267494668		P(56) = 0.07185290075790264	
	P(57) = 0.04776427854425153		P(58) = 0.04379950425951663		P(59) = 0.04784171273901178	
	P(60) = 0.05069108009577847		P(61) = 0.08932625942649053		P(62) = 0.09613971438780169	
	P(63) = 0.01078035456742579	
================================================================================

================================================================================

NUMBER OF ITERATIONS: 4

NUMBER OF OBJECTIVE FUNCTION EVALUATIONS: 250

OBJECTIVE FUNCTION VALUE:
	F = 43.10028057349651

LAGRANGIAN MULTIPLIERS VALUES:

PENALTY FACTOR:

BEST POSITION:
	P(0) = 0.099		P(1) = 0.099		P(2) = 0	
	P(3) = 0		P(4) = 0.05725719518387037		P(5) = 0.006042923680803572	
	P(6) = 0.0643568738084728		P(7) = 0.03233074508971706		P(8) = 0.004515143967102966	
	P(9) = 0		P(10) = 0.03687390167287471		P(11) = 0.09352628818037112	
	P(12) = 0.07589354612980911		P(13) = 0.01483083605963234		P(14) = 0	
	P(15) = 0.099		P(16) = 0.0150494086801186		P(17) = 0.02135110605011757	
	P(18) = 0		P(19) = 0.02266356894749868		P(20) = 0.06269998761865442	
	P(21) = 0.03222383832039866		P(22) = 0.007823055842504464		P(23) = 0.005727069337507731	
	P(24) = 0.05690792960415909		P(25) = 0.008532066692538434		P(26) = 0	
	P(27) = 0		P(28) = 0.08362281588647272		P(29) = 0.01177992173248258	
	P(30) = 0.02216059505571578		P(31) = 0.06778090415844268		P(32) = 0.099	
	P(33) = 0.09732410024923398		P(34) = 0.06128821675894083		P(35) = 0.0682900069229678	
	P(36) = 0.06376640896474127		P(37) = 0.099		P(38) = 0.05551750763215601	
	P(39) = 0.006320704758437941		P(40) = 0.06964126731711831		P(41) = 0.09694243399921004	
	P(42) = 0.008759521361172029		P(43) = 0.005384834930619038		P(44) = 0.01616356753109845	
	P(45) = 0.099		P(46) = 0.02223748749297435		P(47) = 0	
	P(48) = 0.02757347555395224		P(49) = 0.01115162008721605		P(50) = 0.06354117504158266	
	P(51) = 0.0532018568008893		P(52) = 0.0319681921263066		P(53) = 0.02824714209600378	
	P(54) = 0.02162469594065951		P(55) = 0		P(56) = 0.07153075159543154	
	P(57) = 0.009207103265221991		P(58) = 0.06100061262924135		P(59) = 0.07338414080895314	
	P(60) = 0.099		P(61) = 0.099		P(62) = 0.099	
	P(63) = 0	
================================================================================

================================================================================

NUMBER OF ITERATIONS: 5

NUMBER OF OBJECTIVE FUNCTION EVALUATIONS: 310

OBJECTIVE FUNCTION VALUE:
	F = 43.2920886906503

LAGRANGIAN MULTIPLIERS VALUES:

PENALTY FACTOR:

BEST POSITION:
	P(0) = 0.099		P(1) = 0.099		P(2) = 0	
	P(3) = 0		P(4) = 0.07595096697666047		P(5) = 0	
	P(6) = 0.09183190893550672		P(7) = 0.0438087960412098		P(8) = 0.005127955464055166	
	P(9) = 0		P(10) = 0.02910943065197702		P(11) = 0.099	
	P(12) = 0.08325777034001489		P(13) = 0		P(14) = 0	
	P(15) = 0.099		P(16) = 0		P(17) = 0	
	P(18) = 0		P(19) = 0.03613541948034324		P(20) = 0.08493167100157997	
	P(21) = 0.01769779205211607		P(22) = 0		P(23) = 0	
	P(24) = 0.06255178996047864		P(25) = 0		P(26) = 0	
	P(27) = 0.02387530077234148		P(28) = 0.09190105075141144		P(29) = 0	
	P(30) = 0.01184246194377217		P(31) = 0.05678845298546144		P(32) = 0.099	
	P(33) = 0.099		P(34) = 0.02043123582202513		P(35) = 0.04519141318287694	
	P(36) = 0.02848295412026608		P(37) = 0.099		P(38) = 0.06289867103202512	
	P(39) = 0.02261734956635408		P(40) = 0.08723273440848153		P(41) = 0.099	
	P(42) = 0.0009661313831113294		P(43) = 0.009189521952268506		P(44) = 0.05635550794382257	
	P(45) = 0.09122024480281929		P(46) = 0.03102825480984326		P(47) = 0	
	P(48) = 0.04697507960704961		P(49) = 0		P(50) = 0.05592781795456138	
	P(51) = 0.05521101508523829		P(52) = 0.006250401908437578		P(53) = 0.05775033168992378	
	P(54) = 0.02239898907269714		P(55) = 0		P(56) = 0.07952140864977357	
	P(57) = 0		P(58) = 0.04127200822063695		P(59) = 0.06294989686797106	
	P(60) = 0.099		P(61) = 0.099		P(62) = 0.09728137915987625	
	P(63) = 0.006188608228120597	
================================================================================

================================================================================

NUMBER OF ITERATIONS: 6

NUMBER OF OBJECTIVE FUNCTION EVALUATIONS: 370

OBJECTIVE FUNCTION VALUE:
	F = 41.70010683746614

LAGRANGIAN MULTIPLIERS VALUES:

PENALTY FACTOR:

BEST POSITION:
	P(0) = 0.099		P(1) = 0.08939078837048121		P(2) = 0	
	P(3) = 0.01184555184602329		P(4) = 0.05099747483642708		P(5) = 0	
	P(6) = 0.04520525369494191		P(7) = 0.05665143755041595		P(8) = 0.004023846058947886	
	P(9) = 0		P(10) = 0.06940114939651831		P(11) = 0.09691280002428497	
	P(12) = 0.0715823207169597		P(13) = 0.002563488019731379		P(14) = 0	
	P(15) = 0.099		P(16) = 0		P(17) = 0	
	P(18) = 0.02418013808493187		P(19) = 0.01617628951666097		P(20) = 0.07490871772027603	
	P(21) = 0		P(22) = 0		P(23) = 0	
	P(24) = 0		P(25) = 0		P(26) = 0	
	P(27) = 0.03199677353064893		P(28) = 0.08223020051507779		P(29) = 0	
	P(30) = 0		P(31) = 0.099		P(32) = 0.099	
	P(33) = 0.099		P(34) = 0.03110263616625646		P(35) = 0.02836055911896722	
	P(36) = 0.06678524343787462		P(37) = 0.099		P(38) = 0.0530580206219502	
	P(39) = 0.02203995587642563		P(40) = 0.099		P(41) = 0.099	
	P(42) = 0.007406962241712188		P(43) = 0		P(44) = 0.04465314947661991	
	P(45) = 0.08791300079126504		P(46) = 0		P(47) = 0	
	P(48) = 0.099		P(49) = 0		P(50) = 0.04721771567012603	
	P(51) = 0.07882402065206312		P(52) = 0		P(53) = 0.06769771578602637	
	P(54) = 0.01766969670764763		P(55) = 0.0004259375557500444		P(56) = 0.0887974129931148	
	P(57) = 0		P(58) = 0.07321440084793523		P(59) = 0.06264711885229624	
	P(60) = 0.09342611827194147		P(61) = 0.099		P(62) = 0.099	
	P(63) = 0.003229217088480937	
================================================================================

================================================================================

NUMBER OF ITERATIONS: 7

NUMBER OF OBJECTIVE FUNCTION EVALUATIONS: 430

OBJECTIVE FUNCTION VALUE:
	F = 41.46510560124547

LAGRANGIAN MULTIPLIERS VALUES:

PENALTY FACTOR:

BEST POSITION:
	P(0) = 0.099		P(1) = 0.07576448327543001		P(2) = 0	
	P(3) = 0		P(4) = 0.06704067656208096		P(5) = 0	
	P(6) = 0.05745749107190899		P(7) = 0.04489771136892105		P(8) = 0.001699725615652244	
	P(9) = 0		P(10) = 0.06037154840654998		P(11) = 0.099	
	P(12) = 0.08581010279143478		P(13) = 0.0002669719413163699		P(14) = 0	
	P(15) = 0.099		P(16) = 0		P(17) = 0.007458158832840962	
	P(18) = 0.01768417891037714		P(19) = 0.03200856694567578		P(20) = 0.07113674279974164	
	P(21) = 0.006915959679051342		P(22) = 0		P(23) = 0.003382333159997988	
	P(24) = 0.04201081084516955		P(25) = 0		P(26) = 0	
	P(27) = 0		P(28) = 0.07324527083110491		P(29) = 0.0003736060342777181	
	P(30) = 0.02749398204420697		P(31) = 0.08952651830541498		P(32) = 0.099	
	P(33) = 0.099		P(34) = 0.05086174803173729		P(35) = 0.001647378550828985	
	P(36) = 0.07493777758355681		P(37) = 0.099		P(38) = 0.05586045716647143	
	P(39) = 0.04916566414500761		P(40) = 0.07825684811611149		P(41) = 0.099	
	P(42) = 0.005786132267202135		P(43) = 0.002748263261436422		P(44) = 0.04855724953987833	
	P(45) = 0.099		P(46) = 0		P(47) = 0	
	P(48) = 0.07288610634196263		P(49) = 0		P(50) = 0.0919947655226602	
	P(51) = 0.06308084736543487		P(52) = 0.007228340077476844		P(53) = 0.04447183342334003	
	P(54) = 0.02282640705868991		P(55) = 0		P(56) = 0.09506244726172342	
	P(57) = 0		P(58) = 0.04504025854972007		P(59) = 0.05930403426742167	
	P(60) = 0.0595075218828141		P(61) = 0.099		P(62) = 0.09626340570684105	
	P(63) = 0.005140025025636479	
================================================================================

================================================================================

NUMBER OF ITERATIONS: 8

NUMBER OF OBJECTIVE FUNCTION EVALUATIONS: 490

OBJECTIVE FUNCTION VALUE:
	F = 40.78854977233795

LAGRANGIAN MULTIPLIERS VALUES:

PENALTY FACTOR:

BEST POSITION:
	P(0) = 0.099		P(1) = 0.07716146324972491		P(2) = 0	
	P(3) = 0.001870953236580028		P(4) = 0.0715564043180732		P(5) = 0	
	P(6) = 0.01603035415818074		P(7) = 0.0243462950099664		P(8) = 0	
	P(9) = 0.001522378895689451		P(10) = 0.06373731623602305		P(11) = 0.099	
	P(12) = 0.099		P(13) = 0		P(14) = 0	
	P(15) = 0.099		P(16) = 0.006304540812484133		P(17) = 0.004229210635591431	
	P(18) = 0.01473150345562695		P(19) = 0.01557720695079148		P(20) = 0.099	
	P(21) = 0		P(22) = 0		P(23) = 0.002142455685417106	
	P(24) = 0.03417103993479941		P(25) = 0		P(26) = 0	
	P(27) = 0		P(28) = 0.05444046601154038		P(29) = 0	
	P(30) = 0.03375037959068589		P(31) = 0.0896939306917449		P(32) = 0.099	
	P(33) = 0.099		P(34) = 0.07388939390098088		P(35) = 0	
	P(36) = 0.07269044512129505		P(37) = 0.099		P(38) = 0.05433714217119328	
	P(39) = 0.06815433737388485		P(40) = 0.08421734612833809		P(41) = 0.099	
	P(42) = 0.0007809729994787684		P(43) = 0.00770529197200398		P(44) = 0.04971446216384894	
	P(45) = 0.099		P(46) = 0		P(47) = 0	
	P(48) = 0.06464838263695843		P(49) = 1.201811149140197e-07		P(50) = 0.099	
	P(51) = 0.06613463376575611		P(52) = 0.0007624401004932002		P(53) = 0.05130713692435851	
	P(54) = 0.02968906212288982		P(55) = 0		P(56) = 0.099	
	P(57) = 0		P(58) = 0.05896974978728139		P(59) = 0.06667177978775857	
	P(60) = 0.07100991342915916		P(61) = 0.099		P(62) = 0.09885820039066411	
	P(63) = 0	
================================================================================

================================================================================

NUMBER OF ITERATIONS: 9

NUMBER OF OBJECTIVE FUNCTION EVALUATIONS: 550

OBJECTIVE FUNCTION VALUE:
	F = 40.91644577859466

LAGRANGIAN MULTIPLIERS VALUES:

PENALTY FACTOR:

BEST POSITION:
	P(0) = 0.09878716326606859		P(1) = 0.08446059778039537		P(2) = 0.0003735748402003067	
	P(3) = 0.006063492804188796		P(4) = 0.06126003417289339		P(5) = 0	
	P(6) = 0.0213144139164523		P(7) = 0.003099441762234666		P(8) = 0.0004775147136103081	
	P(9) = 0		P(10) = 0.0557914681081691		P(11) = 0.099	
	P(12) = 0.07810565742176273		P(13) = 0		P(14) = 0	
	P(15) = 0.09899960604543359		P(16) = 0		P(17) = 0.003674266042022166	
	P(18) = 0.0009936692689812565		P(19) = 0.003348679721730356		P(20) = 0.09840364949520286	
	P(21) = 0		P(22) = 3.821116842932237e-06		P(23) = 0	
	P(24) = 0.04081684640054158		P(25) = 1.90117753479449e-05		P(26) = 0	
	P(27) = 0.01092717307154103		P(28) = 0.04576795360879288		P(29) = 0.001474148721733785	
	P(30) = 0.04016416415954305		P(31) = 0.09370219593661058		P(32) = 0.099	
	P(33) = 0.099		P(34) = 0.01177431495772526		P(35) = 0	
	P(36) = 0.07033802106084622		P(37) = 0.099		P(38) = 0.06073590515597247	
	P(39) = 0.0655327071967183		P(40) = 0.09525278388083053		P(41) = 0.099	
	P(42) = 0		P(43) = 0.0004373731743024037		P(44) = 0.053191612417856	
	P(45) = 0.0984966222064837		P(46) = 0.0001061974611117483		P(47) = 1.511751707199138e-06	
	P(48) = 0.06927513061640103		P(49) = 0		P(50) = 0.08034409549771243	
	P(51) = 0.02658787669802713		P(52) = 0		P(53) = 0.05588802386613937	
	P(54) = 0.01709317932690502		P(55) = 2.227231895256948e-05		P(56) = 0.06559113850378503	
	P(57) = 0.006257298000882414		P(58) = 0.05123042046906311		P(59) = 0.05106606600407911	
	P(60) = 0.07080462934812576		P(61) = 0.09898458618184929		P(62) = 0.09881641288541632	
	P(63) = 0.001620915085554522	
================================================================================

================================================================================

NUMBER OF ITERATIONS: 10

NUMBER OF OBJECTIVE FUNCTION EVALUATIONS: 610

OBJECTIVE FUNCTION VALUE:
	F = 40.50582003396104

LAGRANGIAN MULTIPLIERS VALUES:

PENALTY FACTOR:

BEST POSITION:
	P(0) = 0.09894919943081346		P(1) = 0.08911406781330065		P(2) = 0.0003531265304987305	
	P(3) = 0.004966155864038424		P(4) = 0.06943700551865148		P(5) = 0	
	P(6) = 0.02358828171876796		P(7) = 0.001158259905647337		P(8) = 0.0001972194654733597	
	P(9) = 0		P(10) = 0.0642504648118782		P(11) = 0.099	
	P(12) = 0.05373065497253276		P(13) = 5.428938480420142e-06		P(14) = 0	
	P(15) = 0.099		P(16) = 0.002091590375799542		P(17) = 0.003140306901867118	
	P(18) = 0.006109292187089423		P(19) = 0.01216307329161874		P(20) = 0.09851898380933459	
	P(21) = 0		P(22) = 0		P(23) = 0	
	P(24) = 0.01415527271483304		P(25) = 3.214016261174346e-06		P(26) = 6.256301683799093e-07	
	P(27) = 0.0006134404724637832		P(28) = 0.06316147456179613		P(29) = 0.001743154176665207	
	P(30) = 0.03731412039477289		P(31) = 0.08912497866740277		P(32) = 0.09899592736634397	
	P(33) = 0.099		P(34) = 0.08815014201703139		P(35) = 0	
	P(36) = 0.09736309675596121		P(37) = 0.099		P(38) = 0.0669266065127421	
	P(39) = 0.0464732647670843		P(40) = 0.08639763346455552		P(41) = 0.099	
	P(42) = 0.002089034089895817		P(43) = 0.003396104700316524		P(44) = 0.05630327579641983	
	P(45) = 0.099		P(46) = 2.410591920845584e-05		P(47) = 5.320870523892185e-06	
	P(48) = 0.06647791046323162		P(49) = 0		P(50) = 0.099	
	P(51) = 0.03706033778542308		P(52) = 6.661979144999275e-06		P(53) = 0.05909584901959666	
	P(54) = 0.01861728153038507		P(55) = 5.559116616494358e-05		P(56) = 0.0942518887816252	
	P(57) = 0.001666968149064647		P(58) = 0.05625789912565969		P(59) = 0.04743454052787471	
	P(60) = 0.08105803900295658		P(61) = 0.09835573113272207		P(62) = 0.09879968556150015	
	P(63) = 0.00127400926078064	
================================================================================

================================================================================

NUMBER OF ITERATIONS: 11

NUMBER OF OBJECTIVE FUNCTION EVALUATIONS: 670

OBJECTIVE FUNCTION VALUE:
	F = 40.46279252684036

LAGRANGIAN MULTIPLIERS VALUES:

PENALTY FACTOR:

BEST POSITION:
	P(0) = 0.099		P(1) = 0.0948095835672029		P(2) = 0	
	P(3) = 0.01286646511087539		P(4) = 0.09017558118735579		P(5) = 0	
	P(6) = 0.023354235678659		P(7) = 0		P(8) = 0	
	P(9) = 0		P(10) = 0.08100924444640339		P(11) = 0.099	
	P(12) = 0.05586932653808241		P(13) = 0		P(14) = 0	
	P(15) = 0.099		P(16) = 0		P(17) = 0.002659977279347941	
	P(18) = 0.004075793389852402		P(19) = 0.001105761543201154		P(20) = 0.099	
	P(21) = 0		P(22) = 0		P(23) = 0	
	P(24) = 0.0001862865781751405		P(25) = 0		P(26) = 0	
	P(27) = 0		P(28) = 0.06846567632575457		P(29) = 0.000452061634514174	
	P(30) = 0.03916509396858395		P(31) = 0.09096582273905965		P(32) = 0.099	
	P(33) = 0.099		P(34) = 0.099		P(35) = 0	
	P(36) = 0.099		P(37) = 0.099		P(38) = 0.08107839759310181	
	P(39) = 0.04747477113036221		P(40) = 0.07812956380557334		P(41) = 0.099	
	P(42) = 0.000818602750817285		P(43) = 0.00117784844308183		P(44) = 0.02966326894993921	
	P(45) = 0.099		P(46) = 0		P(47) = 0	
	P(48) = 0.06579500493364329		P(49) = 0		P(50) = 0.099	
	P(51) = 0.0292469652806069		P(52) = 0		P(53) = 0.06175830737187034	
	P(54) = 0.03624215303110539		P(55) = 0		P(56) = 0.099	
	P(57) = 0		P(58) = 0.03893049683553394		P(59) = 0.04629450088178224	
	P(60) = 0.08397334902527734		P(61) = 0.099		P(62) = 0.099	
	P(63) = 0.0004813767405009925	
================================================================================

================================================================================

NUMBER OF ITERATIONS: 12

NUMBER OF OBJECTIVE FUNCTION EVALUATIONS: 730

OBJECTIVE FUNCTION VALUE:
	F = 40.39467651671946

LAGRANGIAN MULTIPLIERS VALUES:

PENALTY FACTOR:

BEST POSITION:
	P(0) = 0.09899406170708751		P(1) = 0.09004538595891608		P(2) = 0.0004520623456278211	
	P(3) = 0.01279101357931285		P(4) = 0.0915224713581024		P(5) = 0	
	P(6) = 0.02373251903685219		P(7) = 0		P(8) = 0.0001668917896061606	
	P(9) = 0		P(10) = 0.08224616772720152		P(11) = 0.099	
	P(12) = 0.0565370932616432		P(13) = 2.67327436510173e-06		P(14) = 0	
	P(15) = 0.09899928373405323		P(16) = 0.001406131430755596		P(17) = 0.002414747516213955	
	P(18) = 0.002960152966526963		P(19) = 0		P(20) = 0.099	
	P(21) = 0		P(22) = 0		P(23) = 0	
	P(24) = 0		P(25) = 0		P(26) = 0	
	P(27) = 0.001056515357048531		P(28) = 0.07012244109961768		P(29) = 0	
	P(30) = 0.04229604416274026		P(31) = 0.09234006557940785		P(32) = 0.099	
	P(33) = 0.099		P(34) = 0.09655452071345291		P(35) = 0	
	P(36) = 0.099		P(37) = 0.099		P(38) = 0.06323642080829589	
	P(39) = 0.05664717443798768		P(40) = 0.07741987282168972		P(41) = 0.099	
	P(42) = 0.003690010115321968		P(43) = 0		P(44) = 0.03673027562980024	
	P(45) = 0.09899840990024276		P(46) = 1.239667018274049e-07		P(47) = 0	
	P(48) = 0.0655525339442032		P(49) = 6.381110231747089e-06		P(50) = 0.099	
	P(51) = 0.02900056665872775		P(52) = 1.200822199042689e-05		P(53) = 0.05937475430947006	
	P(54) = 0.04228601031130844		P(55) = 6.898025352350401e-06		P(56) = 0.099	
	P(57) = 0		P(58) = 0.04214817077490445		P(59) = 0.04751079975964656	
	P(60) = 0.07605140233488331		P(61) = 0.099		P(62) = 0.0989101881408566	
	P(63) = 0.0008407080893618399	
================================================================================

================================================================================

NUMBER OF ITERATIONS: 13

NUMBER OF OBJECTIVE FUNCTION EVALUATIONS: 790

OBJECTIVE FUNCTION VALUE:
	F = 40.44086390126542

LAGRANGIAN MULTIPLIERS VALUES:

PENALTY FACTOR:

BEST POSITION:
	P(0) = 0.08605011758666442		P(1) = 0.099		P(2) = 0	
	P(3) = 0.01947672725305084		P(4) = 0.06619005655729318		P(5) = 0	
	P(6) = 0.0213168145885619		P(7) = 0.01090618106829627		P(8) = 0	
	P(9) = 0		P(10) = 0.08563637692732975		P(11) = 0.099	
	P(12) = 0.04297163963540065		P(13) = 0		P(14) = 0	
	P(15) = 0.099		P(16) = 0		P(17) = 0.002819757989908467	
	P(18) = 0		P(19) = 0		P(20) = 0.099	
	P(21) = 0		P(22) = 0		P(23) = 0	
	P(24) = 0		P(25) = 0		P(26) = 0	
	P(27) = 0		P(28) = 0.099		P(29) = 0	
	P(30) = 0.01773389507027146		P(31) = 0.08867616260119457		P(32) = 0.099	
	P(33) = 0.099		P(34) = 0.09819942051815991		P(35) = 0	
	P(36) = 0.099		P(37) = 0.08304347698775996		P(38) = 0.0622553780346799	
	P(39) = 0.05609959979365838		P(40) = 0.099		P(41) = 0.099	
	P(42) = 0		P(43) = 0		P(44) = 0.0373228862101739	
	P(45) = 0.08348064246692065		P(46) = 0		P(47) = 0	
	P(48) = 0.05533093746197409		P(49) = 0.04153013909048567		P(50) = 0.08467650749141653	
	P(51) = 0.04294674437952796		P(52) = 0		P(53) = 0.06113077856436566	
	P(54) = 0.02016863678843023		P(55) = 0		P(56) = 0.099	
	P(57) = 0		P(58) = 0.04307573092897378		P(59) = 0	
	P(60) = 0.07222997682677959		P(61) = 0.099		P(62) = 0.099	
	P(63) = 0	
================================================================================

================================================================================

NUMBER OF ITERATIONS: 14

NUMBER OF OBJECTIVE FUNCTION EVALUATIONS: 850

OBJECTIVE FUNCTION VALUE:
	F = 40.39404237646067

LAGRANGIAN MULTIPLIERS VALUES:

PENALTY FACTOR:

BEST POSITION:
	P(0) = 0.09553078742639207		P(1) = 0.07957459509814532		P(2) = 0	
	P(3) = 0.007537803032887695		P(4) = 0.09263741514884549		P(5) = 0	
	P(6) = 0.007305581751023346		P(7) = 0		P(8) = 0	
	P(9) = 0		P(10) = 0.08384685693874575		P(11) = 0.09858246469252518	
	P(12) = 0.004391446863104415		P(13) = 0		P(14) = 0	
	P(15) = 0.099		P(16) = 0		P(17) = 0.004010349211548178	
	P(18) = 0		P(19) = 0		P(20) = 0.09275526820658378	
	P(21) = 0		P(22) = 0.001091427974273904		P(23) = 0	
	P(24) = 0.01081081245282118		P(25) = 0		P(26) = 0	
	P(27) = 0		P(28) = 0.07115263178910126		P(29) = 0	
	P(30) = 0.01063342368881481		P(31) = 0.06893743087446377		P(32) = 0.099	
	P(33) = 0.099		P(34) = 0.09355245573336091		P(35) = 0	
	P(36) = 0.099		P(37) = 0.099		P(38) = 0.05400563549362009	
	P(39) = 0.03923049337776484		P(40) = 0.0840124799359048		P(41) = 0.099	
	P(42) = 0		P(43) = 0.004823695372609946		P(44) = 0.03357049004770918	
	P(45) = 0.08017654215305384		P(46) = 0.008439715224440113		P(47) = 0	
	P(48) = 0.04460037579100731		P(49) = 0.05402562427587753		P(50) = 0.07717814131240337	
	P(51) = 0.02630366062231657		P(52) = 0		P(53) = 0.06612618078664236	
	P(54) = 0.01723338658467694		P(55) = 0.009482829154828613		P(56) = 0.099	
	P(57) = 0		P(58) = 0.05471080819258305		P(59) = 0.001345293638045038	
	P(60) = 0.06900217855811651		P(61) = 0.099		P(62) = 0.099	
	P(63) = 0	
================================================================================

================================================================================

NUMBER OF ITERATIONS: 15

NUMBER OF OBJECTIVE FUNCTION EVALUATIONS: 910

OBJECTIVE FUNCTION VALUE:
	F = 40.01836890864773

LAGRANGIAN MULTIPLIERS VALUES:

PENALTY FACTOR:

BEST POSITION:
	P(0) = 0.099		P(1) = 0.09369178263929058		P(2) = 0	
	P(3) = 0.0446305855466653		P(4) = 0.09468967102412		P(5) = 0.007278223502694262	
	P(6) = 0		P(7) = 0.005736445617357644		P(8) = 0	
	P(9) = 0		P(10) = 0.0836179781686385		P(11) = 0.099	
	P(12) = 0.003682282114721644		P(13) = 0		P(14) = 0	
	P(15) = 0.099		P(16) = 0		P(17) = 0	
	P(18) = 0		P(19) = 0		P(20) = 0.07853533394475209	
	P(21) = 0		P(22) = 0.00485910663462117		P(23) = 0.011234379704291	
	P(24) = 0		P(25) = 0		P(26) = 0.004807107244037476	
	P(27) = 0		P(28) = 0.099		P(29) = 0.004739413978586841	
	P(30) = 0.01408663707363247		P(31) = 0.06053249008265761		P(32) = 0.099	
	P(33) = 0.099		P(34) = 0.09629083941356703		P(35) = 0	
	P(36) = 0.099		P(37) = 0.099		P(38) = 0.04780641820841321	
	P(39) = 0.04471885047349007		P(40) = 0.099		P(41) = 0.099	
	P(42) = 0		P(43) = 0		P(44) = 0.03276327841874307	
	P(45) = 0.07681077424171324		P(46) = 0		P(47) = 0	
	P(48) = 0.03860055970637583		P(49) = 0.01155024513856824		P(50) = 0.099	
	P(51) = 0.002517015833601172		P(52) = 0.005500605094121445		P(53) = 0.06698902216188771	
	P(54) = 0.03533218360241337		P(55) = 0.00368118525236797		P(56) = 0.099	
	P(57) = 0		P(58) = 0.05838812434816994		P(59) = 0	
	P(60) = 0.05618799422673518		P(61) = 0.099		P(62) = 0.09835188976159923	
	P(63) = 0	
================================================================================

================================================================================

NUMBER OF ITERATIONS: 16

NUMBER OF OBJECTIVE FUNCTION EVALUATIONS: 970

OBJECTIVE FUNCTION VALUE:
	F = 40.01540322281587

LAGRANGIAN MULTIPLIERS VALUES:

PENALTY FACTOR:

BEST POSITION:
	P(0) = 0.09640925398327492		P(1) = 0.08203478971218765		P(2) = 0	
	P(3) = 0.03343321222070809		P(4) = 0.0986769662960132		P(5) = 0.003826734075711248	
	P(6) = 0.01109855587819505		P(7) = 0.003330241775776073		P(8) = 2.32631675513989e-06	
	P(9) = 2.159901893145078e-06		P(10) = 0.08399064524628005		P(11) = 0.09851350368074542	
	P(12) = 0		P(13) = 0.0004362669423521384		P(14) = 0	
	P(15) = 0.099		P(16) = 0		P(17) = 0.0003016146298207567	
	P(18) = 0		P(19) = 0		P(20) = 0.07369188617058736	
	P(21) = 0		P(22) = 0.002352999244997253		P(23) = 0.006572982609772023	
	P(24) = 0.0004265499250803162		P(25) = 0		P(26) = 0.003263512323941523	
	P(27) = 0		P(28) = 0.099		P(29) = 0.005119689314914071	
	P(30) = 0.01460592290582487		P(31) = 0.0447110986298353		P(32) = 0.09899238302999792	
	P(33) = 0.099		P(34) = 0.09592378198905305		P(35) = 0	
	P(36) = 0.09899692184325903		P(37) = 0.099		P(38) = 0.04869231526405587	
	P(39) = 0.04249031562233643		P(40) = 0.09268372851997911		P(41) = 0.099	
	P(42) = 0		P(43) = 0.002352691759598728		P(44) = 0.03268709854230246	
	P(45) = 0.0734699381920539		P(46) = 0.01461341626664923		P(47) = 0	
	P(48) = 0.03772757928523561		P(49) = 0.02954857837649569		P(50) = 0.09376593153111049	
	P(51) = 0.00542903241024937		P(52) = 0.003972425675415524		P(53) = 0.06690370385976693	
	P(54) = 0.0516484469898171		P(55) = 0.003875156725045806		P(56) = 0.09899696119169155	
	P(57) = 0		P(58) = 0.05883627660450783		P(59) = 0.006689472172724496	
	P(60) = 0.06185410387802383		P(61) = 0.099		P(62) = 0.09850262200452295	
	P(63) = 0	
================================================================================

================================================================================

NUMBER OF ITERATIONS: 17

NUMBER OF OBJECTIVE FUNCTION EVALUATIONS: 1030

OBJECTIVE FUNCTION VALUE:
	F = 40.04110701410682

LAGRANGIAN MULTIPLIERS VALUES:

PENALTY FACTOR:

BEST POSITION:
	P(0) = 0.0967921377176609		P(1) = 0.07662761229088004		P(2) = 2.390923337945716e-06	
	P(3) = 0.02831753259576684		P(4) = 0.09837199251987015		P(5) = 0.004694728805496325	
	P(6) = 0.006655597563500253		P(7) = 0.004356133694918607		P(8) = 3.7808569568476e-06	
	P(9) = 1.401270861671466e-06		P(10) = 0.08398833321116549		P(11) = 0.09808525180342545	
	P(12) = 0.0004426151789203719		P(13) = 0.0001897775562790319		P(14) = 6.499755910091554e-07	
	P(15) = 0.09899923306290387		P(16) = 5.838395243228101e-06		P(17) = 0.0003205276790720218	
	P(18) = 4.949825560408849e-06		P(19) = 0		P(20) = 0.07645939751936665	
	P(21) = 3.117477637787358e-06		P(22) = 0.001846598074137028		P(23) = 0.010591655811222	
	P(24) = 0		P(25) = 1.985488602210261e-07		P(26) = 0.003681244371381856	
	P(27) = 0		P(28) = 0.099		P(29) = 0.006494993174031481	
	P(30) = 0.01525130046044008		P(31) = 0.05017538351443616		P(32) = 0.09899129999623718	
	P(33) = 0.099		P(34) = 0.09625977051817011		P(35) = 0	
	P(36) = 0.099		P(37) = 0.099		P(38) = 0.04530014030327769	
	P(39) = 0.0423535426665076		P(40) = 0.09433123507821105		P(41) = 0.099	
	P(42) = 0		P(43) = 0.001962858381612267		P(44) = 0.03269491138844394	
	P(45) = 0.07200284697540375		P(46) = 0.01056352831585092		P(47) = 0	
	P(48) = 0.03822072547119756		P(49) = 0.02960066078289789		P(50) = 0.0964553221926831	
	P(51) = 0.003131078899406024		P(52) = 0.004427663447831028		P(53) = 0.06687396215706411	
	P(54) = 0.04737930822702613		P(55) = 0.005456367792057416		P(56) = 0.09899764835369006	
	P(57) = 0		P(58) = 0.05820191544925048		P(59) = 0.006754138988037922	
	P(60) = 0.05513191032279535		P(61) = 0.09899644285679451		P(62) = 0.09828348505251766	
	P(63) = 0.0005692958498889067	
================================================================================

================================================================================

NUMBER OF ITERATIONS: 18

NUMBER OF OBJECTIVE FUNCTION EVALUATIONS: 1090

OBJECTIVE FUNCTION VALUE:
	F = 39.87849122595499

LAGRANGIAN MULTIPLIERS VALUES:

PENALTY FACTOR:

BEST POSITION:
	P(0) = 0.09517588242973488		P(1) = 0.07663104631271976		P(2) = 0	
	P(3) = 0.03050075473731404		P(4) = 0.09849113962286926		P(5) = 0.005467200671770173	
	P(6) = 0.008232495657233975		P(7) = 0.004186806599892276		P(8) = 0.001095898746522078	
	P(9) = 0		P(10) = 0.08775137483121456		P(11) = 0.09799371165234536	
	P(12) = 8.078770988329681e-05		P(13) = 0.0001560213056285981		P(14) = 0	
	P(15) = 0.099		P(16) = 0		P(17) = 0.001627223123630318	
	P(18) = 0		P(19) = 0		P(20) = 0.07622829321427348	
	P(21) = 0		P(22) = 0.001868619601595428		P(23) = 0.009596183165583416	
	P(24) = 0		P(25) = 0		P(26) = 0.0017685912321906	
	P(27) = 0		P(28) = 0.099		P(29) = 0.007428130154356144	
	P(30) = 0.05962293351758981		P(31) = 0.05310494912638212		P(32) = 0.09899106497296052	
	P(33) = 0.099		P(34) = 0.09492191818162857		P(35) = 0	
	P(36) = 0.099		P(37) = 0.099		P(38) = 0.05087386850895377	
	P(39) = 0.04357793677707372		P(40) = 0.09393040790443832		P(41) = 0.099	
	P(42) = 0		P(43) = 0.002238480268291501		P(44) = 0.02866140183182101	
	P(45) = 0.07087494653455914		P(46) = 0.00868206311549613		P(47) = 0	
	P(48) = 0.04764094092855045		P(49) = 0.04868384237466096		P(50) = 0.09509683327401701	
	P(51) = 0.002837646804253843		P(52) = 0.004857534104822252		P(53) = 0.06164075383704715	
	P(54) = 0.04602831033080367		P(55) = 0.005418680007122305		P(56) = 0.099	
	P(57) = 0		P(58) = 0.05974689387108398		P(59) = 0.007361792722093453	
	P(60) = 0.05920677137565606		P(61) = 0.099		P(62) = 0.09857849343393976	
	P(63) = 0.0006996413060433443	
================================================================================

================================================================================

NUMBER OF ITERATIONS: 19

NUMBER OF OBJECTIVE FUNCTION EVALUATIONS: 1150

OBJECTIVE FUNCTION VALUE:
	F = 39.998404999722

LAGRANGIAN MULTIPLIERS VALUES:

PENALTY FACTOR:

BEST POSITION:
	P(0) = 0.09607312261513612		P(1) = 0.07152777949759316		P(2) = 0	
	P(3) = 0.03089300510793709		P(4) = 0.09830563306489191		P(5) = 0.006059931455520147	
	P(6) = 0.008899445214378486		P(7) = 0.003921068807203311		P(8) = 0.0009225891318583451	
	P(9) = 0		P(10) = 0.08519761809046283		P(11) = 0.09808768605122442	
	P(12) = 0.0006229171977923872		P(13) = 0.0001296128987834377		P(14) = 0	
	P(15) = 0.099		P(16) = 1.322039255582941e-06		P(17) = 0.00117035475604961	
	P(18) = 0		P(19) = 2.792080792610174e-07		P(20) = 0.07609399410259325	
	P(21) = 0		P(22) = 0.002023187426889422		P(23) = 0	
	P(24) = 0		P(25) = 0		P(26) = 0.001082136612042782	
	P(27) = 0		P(28) = 0.099		P(29) = 0.005616625867687568	
	P(30) = 0.09461658132216941		P(31) = 0.05027398906200397		P(32) = 0.09898362258783891	
	P(33) = 0.09899990436724918		P(34) = 0.09523691372281574		P(35) = 0	
	P(36) = 0.099		P(37) = 0.099		P(38) = 0.05126512601864568	
	P(39) = 0.04193910544482699		P(40) = 0.09391503501511898		P(41) = 0.09899910509328605	
	P(42) = 0		P(43) = 0.003038156315538214		P(44) = 0.0257998165948661	
	P(45) = 0.07158159043704486		P(46) = 0.008793751644038353		P(47) = 0	
	P(48) = 0.04723518493441092		P(49) = 0.04980248971643806		P(50) = 0.0963933754875318	
	P(51) = 0.002770170378393104		P(52) = 0.004479951562980623		P(53) = 0.0639635316453829	
	P(54) = 0.04859314570607695		P(55) = 0.005578434184743478		P(56) = 0.099	
	P(57) = 0		P(58) = 0.05864932178856183		P(59) = 0.01126195919410167	
	P(60) = 0.06547350186637176		P(61) = 0.09899769294120829		P(62) = 0.09856672656031801	
	P(63) = 0.0006218874052115325	
================================================================================

================================================================================

NUMBER OF ITERATIONS: 20

NUMBER OF OBJECTIVE FUNCTION EVALUATIONS: 1210

OBJECTIVE FUNCTION VALUE:
	F = 39.41775682782006

LAGRANGIAN MULTIPLIERS VALUES:

PENALTY FACTOR:

BEST POSITION:
	P(0) = 0.09460258478252602		P(1) = 0.09488654532090746		P(2) = 0	
	P(3) = 0.03410742754249903		P(4) = 0.09871321780042451		P(5) = 0.008447686352226619	
	P(6) = 0.006806463670479428		P(7) = 0.01750453354671545		P(8) = 0.0005550061532671874	
	P(9) = 0		P(10) = 0.08762516994787113		P(11) = 0.09433439521686618	
	P(12) = 0.003007641809077533		P(13) = 0.0001030655587428361		P(14) = 0.039584780569917	
	P(15) = 0.09829118800463006		P(16) = 0.002669985827892844		P(17) = 0.007869017919894201	
	P(18) = 0		P(19) = 0		P(20) = 0.07644883488512418	
	P(21) = 0.0009197435510656313		P(22) = 0.001740778795696271		P(23) = 0.002122274362315817	
	P(24) = 0.01527617568244852		P(25) = 6.892307600932235e-06		P(26) = 0.0002160753261066239	
	P(27) = 0		P(28) = 0.09887271361134142		P(29) = 0.004043388980079485	
	P(30) = 0.099		P(31) = 0.04140375533417563		P(32) = 0.09899829279521485	
	P(33) = 0.09899910618832725		P(34) = 0.09727815382451316		P(35) = 0	
	P(36) = 0.09899816951394076		P(37) = 0.09085882374970078		P(38) = 0.06472969907395261	
	P(39) = 0.05199933000243458		P(40) = 0.09184492479714618		P(41) = 0.09899966223183412	
	P(42) = 2.508288249568336e-06		P(43) = 0.002406756817437114		P(44) = 0.02968845557936587	
	P(45) = 0.0702499544678845		P(46) = 0.00137376443412067		P(47) = 0	
	P(48) = 0.06023818406559393		P(49) = 0.04247983744057665		P(50) = 0.08609974951844	
	P(51) = 0.001297120051569851		P(52) = 0.003316354659260681		P(53) = 0.06226763527007473	
	P(54) = 0.02507240282362976		P(55) = 0.02597680755638027		P(56) = 0.099	
	P(57) = 0		P(58) = 0.0586817518871154		P(59) = 0.009855854985982272	
	P(60) = 0.06611700227376263		P(61) = 0.09899781891023572		P(62) = 0.09860224736492576	
	P(63) = 0.0005269023545004733	
================================================================================

================================================================================

NUMBER OF ITERATIONS: 21

NUMBER OF OBJECTIVE FUNCTION EVALUATIONS: 1270

OBJECTIVE FUNCTION VALUE:
	F = 39.41775682782006

LAGRANGIAN MULTIPLIERS VALUES:

PENALTY FACTOR:

BEST POSITION:
	P(0) = 0.09460258478252602		P(1) = 0.09488654532090746		P(2) = 0	
	P(3) = 0.03410742754249903		P(4) = 0.09871321780042451		P(5) = 0.008447686352226619	
	P(6) = 0.006806463670479428		P(7) = 0.01750453354671545		P(8) = 0.0005550061532671874	
	P(9) = 0		P(10) = 0.08762516994787113		P(11) = 0.09433439521686618	
	P(12) = 0.003007641809077533		P(13) = 0.0001030655587428361		P(14) = 0.039584780569917	
	P(15) = 0.09829118800463006		P(16) = 0.002669985827892844		P(17) = 0.007869017919894201	
	P(18) = 0		P(19) = 0		P(20) = 0.07644883488512418	
	P(21) = 0.0009197435510656313		P(22) = 0.001740778795696271		P(23) = 0.002122274362315817	
	P(24) = 0.01527617568244852		P(25) = 6.892307600932235e-06		P(26) = 0.0002160753261066239	
	P(27) = 0		P(28) = 0.09887271361134142		P(29) = 0.004043388980079485	
	P(30) = 0.099		P(31) = 0.04140375533417563		P(32) = 0.09899829279521485	
	P(33) = 0.09899910618832725		P(34) = 0.09727815382451316		P(35) = 0	
	P(36) = 0.09899816951394076		P(37) = 0.09085882374970078		P(38) = 0.06472969907395261	
	P(39) = 0.05199933000243458		P(40) = 0.09184492479714618		P(41) = 0.09899966223183412	
	P(42) = 2.508288249568336e-06		P(43) = 0.002406756817437114		P(44) = 0.02968845557936587	
	P(45) = 0.0702499544678845		P(46) = 0.00137376443412067		P(47) = 0	
	P(48) = 0.06023818406559393		P(49) = 0.04247983744057665		P(50) = 0.08609974951844	
	P(51) = 0.001297120051569851		P(52) = 0.003316354659260681		P(53) = 0.06226763527007473	
	P(54) = 0.02507240282362976		P(55) = 0.02597680755638027		P(56) = 0.099	
	P(57) = 0		P(58) = 0.0586817518871154		P(59) = 0.009855854985982272	
	P(60) = 0.06611700227376263		P(61) = 0.09899781891023572		P(62) = 0.09860224736492576	
	P(63) = 0.0005269023545004733	
================================================================================

================================================================================

NUMBER OF ITERATIONS: 22

NUMBER OF OBJECTIVE FUNCTION EVALUATIONS: 1330

OBJECTIVE FUNCTION VALUE:
	F = 39.29640700909211

LAGRANGIAN MULTIPLIERS VALUES:

PENALTY FACTOR:

BEST POSITION:
	P(0) = 0.09597493445184163		P(1) = 0.08602652337467934		P(2) = 3.117435797964085e-06	
	P(3) = 0.04022669382396313		P(4) = 0.09881562092564491		P(5) = 0.009004342568160267	
	P(6) = 0.005034605502526948		P(7) = 0.02072507818996549		P(8) = 0.0003327302581804109	
	P(9) = 0		P(10) = 0.08369920725014186		P(11) = 0.099	
	P(12) = 0.006731597503572731		P(13) = 0.0008309515487553501		P(14) = 0.05314580943758232	
	P(15) = 0.09863084168105579		P(16) = 0.001079797851383887		P(17) = 0.008078040775885878	
	P(18) = 0.000728531097812922		P(19) = 5.369983977210335e-07		P(20) = 0.07841182984366429	
	P(21) = 0.0008377423983172635		P(22) = 0.0002723629971548569		P(23) = 0.0007524811934030914	
	P(24) = 0.01611770739072768		P(25) = 0.0005556102003256777		P(26) = 5.857311096813672e-05	
	P(27) = 0		P(28) = 0.09874814900393389		P(29) = 0.009757021021351432	
	P(30) = 0.099		P(31) = 0.03660471538450931		P(32) = 0.09725846248146747	
	P(33) = 0.09765231578074346		P(34) = 0.09772745124551653		P(35) = 2.646084111129765e-06	
	P(36) = 0.09899885776193132		P(37) = 0.07659673866632423		P(38) = 0.08206242572134084	
	P(39) = 0.0542717369010129		P(40) = 0.09261236288192722		P(41) = 0.0989943672971654	
	P(42) = 0		P(43) = 0.004195352047489109		P(44) = 0.02256531574899758	
	P(45) = 0.06956864610737405		P(46) = 0.000452933297697064		P(47) = 1.518710473921714e-06	
	P(48) = 0.06492275796932612		P(49) = 0.03929944778811714		P(50) = 0.08441283212644304	
	P(51) = 0.0004508563633031717		P(52) = 0.004270776474197262		P(53) = 0.05731887983328171	
	P(54) = 0.0304731315005226		P(55) = 0.0256852273599838		P(56) = 0.099	
	P(57) = 4.741096383163029e-05		P(58) = 0.05633894210212448		P(59) = 0.002514437095325034	
	P(60) = 0.06669470427008431		P(61) = 0.099		P(62) = 0.09777957349732752	
	P(63) = 0.000512078573704243	
================================================================================

================================================================================

NUMBER OF ITERATIONS: 23

NUMBER OF OBJECTIVE FUNCTION EVALUATIONS: 1390

OBJECTIVE FUNCTION VALUE:
	F = 39.66434910273766

LAGRANGIAN MULTIPLIERS VALUES:

PENALTY FACTOR:

BEST POSITION:
	P(0) = 0.09491224077010843		P(1) = 0.09247381288103532		P(2) = 0	
	P(3) = 0.03540557442520459		P(4) = 0.099		P(5) = 0.004045388133157163	
	P(6) = 0.005235835797216572		P(7) = 0.0094482901303247		P(8) = 8.100781608154362e-05	
	P(9) = 0		P(10) = 0.07799362453808281		P(11) = 0.099	
	P(12) = 0.01003392835390452		P(13) = 0		P(14) = 0.05952981654864636	
	P(15) = 0.099		P(16) = 0.0001548420683258611		P(17) = 0	
	P(18) = 0.0003635611477634179		P(19) = 0		P(20) = 0.07706450486345885	
	P(21) = 0.0004164589506383265		P(22) = 0.0005179276708712072		P(23) = 0.0008478016011876227	
	P(24) = 0.01942108266058902		P(25) = 0.001718923093528953		P(26) = 8.396968884931411e-06	
	P(27) = 0		P(28) = 0.09896673660450742		P(29) = 0.009279543744028659	
	P(30) = 0.099		P(31) = 0.03701852295153388		P(32) = 0.0972889015696819	
	P(33) = 0.09707513367078197		P(34) = 0.09836727638916326		P(35) = 0	
	P(36) = 0.099		P(37) = 0.06258827545971189		P(38) = 0.08083265758808261	
	P(39) = 0.05544515697407495		P(40) = 0.09315071103335179		P(41) = 0.09896495303813466	
	P(42) = 0		P(43) = 0.005234172717156559		P(44) = 0.04309266165272412	
	P(45) = 0.05152189818046804		P(46) = 0.0002480549515789451		P(47) = 6.105372660068775e-06	
	P(48) = 0.04574547100131564		P(49) = 0.035885195702237		P(50) = 0.08411488176501389	
	P(51) = 0.0002059875556709445		P(52) = 0.02553017710507296		P(53) = 0.053399739941449	
	P(54) = 0.006024732782717472		P(55) = 0.02691722320096037		P(56) = 0.09899609017256378	
	P(57) = 6.227450638855714e-05		P(58) = 0.05514277360831119		P(59) = 0.002241205699671914	
	P(60) = 0.06608272078167651		P(61) = 0.09819097861951967		P(62) = 0.0973624752650256	
	P(63) = 0.000174432572879947	
================================================================================
