                                     ======================
                                        ALPSO 1.1 (Serial)
                                     ======================

Parameters:
-------------------------------------------------------------------------------------------------
Swarmsize           :       10    MaxOuterIters     :      200    Seed:       1519595603.33302999
Cognitive Parameter :    2.000    MaxInnerIters     :        6    Scaling            :          1
Social Parameter    :    1.000    MinInnerIters     :        6    Stopping Criteria  :          1
Initial Weight      :    0.990    DynInnerIters     :        0    Number of Failures :         15
Final Weight        :    0.550    StoppingIters     :        5    Number of Successes:          5

Absolute Tolerance  : 1.00e-02    Number Initial Pos:        0    Neighbourhood Model:      gbest
Relative Tolerance  : 1.00e-02    Initial Velocity  :        1    Neighbourhood Size :         40
Inequality Tolerance: 1.00e-03    Maximum Velocity  :        2    Selfless           :          1
Equality Tolerance  : 1.00e-03    Craziness Velocity: 1.00e-04    Fileout            :          1
Global Distance     : 1.00e-01    Initial Penalty   :     1.00    File Name          :  ALPSO.out
-------------------------------------------------------------------------------------------------


================================================================================

NUMBER OF ITERATIONS: 1

NUMBER OF OBJECTIVE FUNCTION EVALUATIONS: 70

OBJECTIVE FUNCTION VALUE:
	F = 35.06989590521806

LAGRANGIAN MULTIPLIERS VALUES:

PENALTY FACTOR:

BEST POSITION:
	P(0) = 0.099		P(1) = 0		P(2) = 0.03925435906330759	
	P(3) = 0.03894466987295399		P(4) = 0.02556694632148391		P(5) = 0.08230552461799626	
	P(6) = 0		P(7) = 0.09867798789164203		P(8) = 0.03032816552088011	
	P(9) = 0.0228261232260695		P(10) = 0.0695965828422048		P(11) = 0	
	P(12) = 0.08738023560308866		P(13) = 0.09080256398533745		P(14) = 0.04383576943492209	
	P(15) = 0		P(16) = 0.07012981700242513		P(17) = 0.08509576027060209	
	P(18) = 0.01718696110373233		P(19) = 0.07975579731550028		P(20) = 0.07734681999944941	
	P(21) = 0.02715573253064142		P(22) = 0.07608543179887937		P(23) = 0.02647809184287264	
	P(24) = 0.0752262639081016		P(25) = 0.099		P(26) = 0.02162685644623786	
	P(27) = 0.002234654466128534		P(28) = 0.09348887107345548		P(29) = 0.0353848374128134	
	P(30) = 0.04510416798030955		P(31) = 0.03846460109218501		P(32) = 0.005551780824360489	
	P(33) = 0.008592993245994648		P(34) = 0.05216765451883998		P(35) = 0.099	
	P(36) = 0.01044880906696975		P(37) = 0.00344534698075457		P(38) = 0.01527793020050115	
	P(39) = 0.02283928346622348		P(40) = 0.04711890537769475		P(41) = 0.01624579675422012	
	P(42) = 0.05386806493041351		P(43) = 0.04854196848255567		P(44) = 0.01095531597494628	
	P(45) = 0.07915227864704993		P(46) = 0.01875782599734297		P(47) = 0.06356237010641361	
	P(48) = 0		P(49) = 0.07657923058404062		P(50) = 0.03146108799304621	
	P(51) = 0.09602717934867758		P(52) = 0.07593424183151795		P(53) = 0.02138344781248755	
	P(54) = 0.06716678182927564		P(55) = 0.05968716524453885		P(56) = 0	
	P(57) = 0.006882964694995893		P(58) = 0.03915249676530126		P(59) = 0.006137899127943512	
	P(60) = 0.09436455683040523		P(61) = 0.06672011347973091		P(62) = 0.05791702878748201	
	P(63) = 0.04846511682947648	
================================================================================

================================================================================

NUMBER OF ITERATIONS: 2

NUMBER OF OBJECTIVE FUNCTION EVALUATIONS: 130

OBJECTIVE FUNCTION VALUE:
	F = 31.58437760975684

LAGRANGIAN MULTIPLIERS VALUES:

PENALTY FACTOR:

BEST POSITION:
	P(0) = 0.099		P(1) = 0		P(2) = 0.04176409163691036	
	P(3) = 0.06308884816039301		P(4) = 0.0195025219745878		P(5) = 0.08204403573203059	
	P(6) = 0		P(7) = 0.099		P(8) = 0.05030818737714083	
	P(9) = 0.01603854797500377		P(10) = 0.08927384425965802		P(11) = 0	
	P(12) = 0.08726640947865372		P(13) = 0.08535713296352485		P(14) = 0.04764809869054252	
	P(15) = 0		P(16) = 0.04853516949742805		P(17) = 0.08953747148826519	
	P(18) = 0.02708753536037052		P(19) = 0.09349012457417243		P(20) = 0.07164752851845789	
	P(21) = 0.01481690947751309		P(22) = 0.07452437974463594		P(23) = 0.03729756810593959	
	P(24) = 0.08749666850357385		P(25) = 0.09731966867390084		P(26) = 0	
	P(27) = 0.02249901854001437		P(28) = 0.09888085218748539		P(29) = 0.01511765539441525	
	P(30) = 0.05203176811374813		P(31) = 0.03188561702732559		P(32) = 0.004464643120156431	
	P(33) = 0.00627679902249733		P(34) = 0.05100089057105433		P(35) = 0.099	
	P(36) = 0.00364761920081013		P(37) = 0		P(38) = 0	
	P(39) = 0.01333673687359403		P(40) = 0.03343973636413676		P(41) = 0.02350786192195709	
	P(42) = 0.099		P(43) = 0.04415291173236514		P(44) = 0.020787825737501	
	P(45) = 0.03933746043739261		P(46) = 0.03028021097903442		P(47) = 0.06522437842281793	
	P(48) = 0		P(49) = 0.06957181933232545		P(50) = 0.01547491122035612	
	P(51) = 0.09633620453426277		P(52) = 0.07406423140758822		P(53) = 0.01450270377742451	
	P(54) = 0.08255542235966615		P(55) = 0.0619405885303849		P(56) = 0.05757233544030177	
	P(57) = 0.006473941735188844		P(58) = 0.03027555675243002		P(59) = 0.002558061729600963	
	P(60) = 0.09310722791465345		P(61) = 0.06771161042076207		P(62) = 0.05871480875188823	
	P(63) = 0.04489487076161374	
================================================================================

================================================================================

NUMBER OF ITERATIONS: 3

NUMBER OF OBJECTIVE FUNCTION EVALUATIONS: 190

OBJECTIVE FUNCTION VALUE:
	F = 30.09648606842632

LAGRANGIAN MULTIPLIERS VALUES:

PENALTY FACTOR:

BEST POSITION:
	P(0) = 0.099		P(1) = 0		P(2) = 0.07048003063200528	
	P(3) = 0.07180214572309018		P(4) = 0.02050514511662433		P(5) = 0.08196102127720367	
	P(6) = 0		P(7) = 0.099		P(8) = 0.03448800056143676	
	P(9) = 0.01488532017184603		P(10) = 0.06702845031445522		P(11) = 0	
	P(12) = 0.09377397602733931		P(13) = 0.08789386436930728		P(14) = 0.004426048919538572	
	P(15) = 0		P(16) = 0.0857938862889969		P(17) = 0.08742188106587973	
	P(18) = 0.02864368186131922		P(19) = 0.07929107370086817		P(20) = 0.08245278988598767	
	P(21) = 0.01963198510493966		P(22) = 0.07271473303625119		P(23) = 0.03861190400450319	
	P(24) = 0.08660812875022329		P(25) = 0.09702936379318591		P(26) = 0.001921486198609129	
	P(27) = 0.002429876085941286		P(28) = 0.099		P(29) = 0.03947637363747225	
	P(30) = 0.05202142082869683		P(31) = 0.06316465699829421		P(32) = 0.003121755732958802	
	P(33) = 0.007724380706900923		P(34) = 0.07476623769812903		P(35) = 0.099	
	P(36) = 0.007037291933508057		P(37) = 0		P(38) = 0	
	P(39) = 0.02495861141909983		P(40) = 0.03427133707675806		P(41) = 0.01955500628573992	
	P(42) = 0.07253255192838348		P(43) = 0.05126755235540337		P(44) = 0.01489008061938867	
	P(45) = 0.099		P(46) = 0.02328060107944996		P(47) = 0.06661181986389583	
	P(48) = 0		P(49) = 0.06748788650174443		P(50) = 0.0199327795431836	
	P(51) = 0.09477500940096106		P(52) = 0.07165597202288114		P(53) = 0.01554650400333822	
	P(54) = 0.05525139986966084		P(55) = 0.06824124592335007		P(56) = 0	
	P(57) = 0.004724924483318203		P(58) = 0.02964851958230659		P(59) = 0.002279070704779125	
	P(60) = 0.09091831904822911		P(61) = 0.03286327847259675		P(62) = 0.06180898345626891	
	P(63) = 0.042816774293093	
================================================================================

================================================================================

NUMBER OF ITERATIONS: 4

NUMBER OF OBJECTIVE FUNCTION EVALUATIONS: 250

OBJECTIVE FUNCTION VALUE:
	F = 29.79891060744925

LAGRANGIAN MULTIPLIERS VALUES:

PENALTY FACTOR:

BEST POSITION:
	P(0) = 0.099		P(1) = 0		P(2) = 0.06896732533035868	
	P(3) = 0.06981568122717723		P(4) = 0.01873549637814191		P(5) = 0.07929057092759384	
	P(6) = 0		P(7) = 0.09899934802603043		P(8) = 0.03685689817949999	
	P(9) = 0.01411796984886738		P(10) = 0.07434721349702934		P(11) = 0	
	P(12) = 0.09466289724224994		P(13) = 0.08739096017272943		P(14) = 0.01297917039711884	
	P(15) = 0		P(16) = 0.07200957693934858		P(17) = 0.08583542203051955	
	P(18) = 0.0251280907350896		P(19) = 0.07800242661606675		P(20) = 0.07762918967068522	
	P(21) = 0.02619663116143533		P(22) = 0.07314273756522702		P(23) = 0.03212807502584144	
	P(24) = 0.08709905452167147		P(25) = 0.09720006536621165		P(26) = 0.003614064235642062	
	P(27) = 0.005147465927579011		P(28) = 0.099		P(29) = 0.01855632253571104	
	P(30) = 0.04040470364905042		P(31) = 0.04238255464144147		P(32) = 0.003606779869833592	
	P(33) = 0.007730612651783535		P(34) = 0.07537670885269407		P(35) = 0.099	
	P(36) = 0.004499604990252044		P(37) = 2.527714657224456e-06		P(38) = 0	
	P(39) = 0.02134352009590025		P(40) = 0.03439313714184392		P(41) = 0.01992950646143719	
	P(42) = 0.09292730221678504		P(43) = 0.04463564540731526		P(44) = 0.02187408153692728	
	P(45) = 0.01614776269616293		P(46) = 0.02360697967752866		P(47) = 0.06487732421626356	
	P(48) = 0		P(49) = 0.06913821807951936		P(50) = 0.01914710659858532	
	P(51) = 0.09468665858657349		P(52) = 0.07174782961244175		P(53) = 0.01416777084236745	
	P(54) = 0.05403117447055875		P(55) = 0.0691076729656515		P(56) = 0.04168788424848671	
	P(57) = 0.007274651178171818		P(58) = 0.02405518018130639		P(59) = 0.002679101824835391	
	P(60) = 0.09307099736257628		P(61) = 0.05433340635029906		P(62) = 0.0556085530763169	
	P(63) = 0.0433441810314208	
================================================================================

================================================================================

NUMBER OF ITERATIONS: 5

NUMBER OF OBJECTIVE FUNCTION EVALUATIONS: 310

OBJECTIVE FUNCTION VALUE:
	F = 29.46193165013005

LAGRANGIAN MULTIPLIERS VALUES:

PENALTY FACTOR:

BEST POSITION:
	P(0) = 0.099		P(1) = 0		P(2) = 0.06971527151091172	
	P(3) = 0.07335248969473776		P(4) = 0.01592283283377752		P(5) = 0.078700085588329	
	P(6) = 0		P(7) = 0.099		P(8) = 0.03671557978054073	
	P(9) = 0.01437816240157812		P(10) = 0.07181439915643291		P(11) = 0	
	P(12) = 0.09449451960639296		P(13) = 0.08345307889492634		P(14) = 0.00516479139449677	
	P(15) = 0		P(16) = 0.07295006917257163		P(17) = 0.08623606763248265	
	P(18) = 0.01385951085435475		P(19) = 0.07651555367908577		P(20) = 0.07807126478569776	
	P(21) = 0.02635919873048964		P(22) = 0.0710219952934658		P(23) = 0.02670061461577578	
	P(24) = 0.08586371217374572		P(25) = 0.09751452956316539		P(26) = 0.003781355030979192	
	P(27) = 0.005632347122268073		P(28) = 0.099		P(29) = 0.01840624152454212	
	P(30) = 0.04243710916362581		P(31) = 0.04317354713270887		P(32) = 0.003253294069158558	
	P(33) = 0.006441103324951541		P(34) = 0.06877379454860273		P(35) = 0.099	
	P(36) = 0.004185725175076156		P(37) = 0		P(38) = 0	
	P(39) = 0.02197758731390751		P(40) = 0.03275741796599876		P(41) = 0.01997665307503873	
	P(42) = 0.0919293085182899		P(43) = 0.04937805322719592		P(44) = 0.002843927958489312	
	P(45) = 0.0300512693824264		P(46) = 0.03770450682720923		P(47) = 0.06443704502268872	
	P(48) = 0		P(49) = 0.06612100860724217		P(50) = 0.01241461432835837	
	P(51) = 0.09588698875397147		P(52) = 0.07084999874805802		P(53) = 0.01353871851200468	
	P(54) = 0.05017874012893378		P(55) = 0.0706224637530128		P(56) = 0.04780413521108828	
	P(57) = 0.007812949332822762		P(58) = 0.0231490125878853		P(59) = 0.002414083633350488	
	P(60) = 0.09356235455934758		P(61) = 0.03634169387202713		P(62) = 0.05045889709879491	
	P(63) = 0.03439154747190005	
================================================================================

================================================================================

NUMBER OF ITERATIONS: 6

NUMBER OF OBJECTIVE FUNCTION EVALUATIONS: 370

OBJECTIVE FUNCTION VALUE:
	F = 27.08520306061645

LAGRANGIAN MULTIPLIERS VALUES:

PENALTY FACTOR:

BEST POSITION:
	P(0) = 0.099		P(1) = 0.0002758355019823328		P(2) = 0.02515037289100235	
	P(3) = 0.0549941230585264		P(4) = 0.01561512394845067		P(5) = 0.07827807748096809	
	P(6) = 0.004098133920265971		P(7) = 0.09042471816233993		P(8) = 0.0637235375517578	
	P(9) = 0.01609629754579215		P(10) = 0.06983789951558055		P(11) = 0.01859453377322753	
	P(12) = 0.09752376728581968		P(13) = 0.08595224302071861		P(14) = 0	
	P(15) = 0		P(16) = 0.06374826184761055		P(17) = 0.099	
	P(18) = 0.01016295314791761		P(19) = 0.04030253547871952		P(20) = 0.06128349142852997	
	P(21) = 0.002974941252202004		P(22) = 0.04901994589375883		P(23) = 0	
	P(24) = 0.099		P(25) = 0.09654085505436055		P(26) = 0.00464456277746704	
	P(27) = 0.0003865514166003781		P(28) = 0.08613880472857656		P(29) = 0.003484334577996386	
	P(30) = 0.02053560772232178		P(31) = 0.04171449065250293		P(32) = 0	
	P(33) = 0.004708216567044315		P(34) = 0.03845606438783202		P(35) = 0.099	
	P(36) = 0		P(37) = 0		P(38) = 2.717395605360967e-05	
	P(39) = 0.007956351905001144		P(40) = 0.04088238287701804		P(41) = 0.03594087837959934	
	P(42) = 0.0691868449172843		P(43) = 0.02908012702474634		P(44) = 0.02120723486857151	
	P(45) = 0		P(46) = 0.03546591015389922		P(47) = 0.07748503304338822	
	P(48) = 0.002222505516234458		P(49) = 0.06324469563024686		P(50) = 0	
	P(51) = 0.06837480663275694		P(52) = 0.01912540379641523		P(53) = 0.003012838518582368	
	P(54) = 0.04818626863106531		P(55) = 0.09104988517452658		P(56) = 0.008330538151421582	
	P(57) = 0.02098051348466592		P(58) = 0.01161625712691668		P(59) = 0.002393666059861958	
	P(60) = 0.099		P(61) = 0.0005833843956902784		P(62) = 0.0402336350037172	
	P(63) = 0.005663005876955785	
================================================================================

================================================================================

NUMBER OF ITERATIONS: 7

NUMBER OF OBJECTIVE FUNCTION EVALUATIONS: 430

OBJECTIVE FUNCTION VALUE:
	F = 24.54065824562627

LAGRANGIAN MULTIPLIERS VALUES:

PENALTY FACTOR:

BEST POSITION:
	P(0) = 0.099		P(1) = 0		P(2) = 0	
	P(3) = 0.08682118993632887		P(4) = 0.003353795804342356		P(5) = 0.099	
	P(6) = 0.003644415441591463		P(7) = 0.08232410382982766		P(8) = 0.099	
	P(9) = 0.003603736654234087		P(10) = 0.06959814888247588		P(11) = 0.0499115863570273	
	P(12) = 0.099		P(13) = 0.08066919591268959		P(14) = 0	
	P(15) = 0		P(16) = 0.05410460246718789		P(17) = 0.099	
	P(18) = 0.05446881641771623		P(19) = 0.04248766849122564		P(20) = 0.05985802069761408	
	P(21) = 0		P(22) = 0		P(23) = 0	
	P(24) = 0.099		P(25) = 0.099		P(26) = 0.0004538102897313351	
	P(27) = 0		P(28) = 0.08761859195778099		P(29) = 0	
	P(30) = 0.005453737689962664		P(31) = 0.001660661857512034		P(32) = 0	
	P(33) = 0		P(34) = 0.01064168171576684		P(35) = 0.099	
	P(36) = 0		P(37) = 0		P(38) = 0	
	P(39) = 0.01408289544989075		P(40) = 0.05965581163114793		P(41) = 0	
	P(42) = 0.099		P(43) = 0.033344892716603		P(44) = 0	
	P(45) = 0		P(46) = 0.002343093631084217		P(47) = 0.08062408043217306	
	P(48) = 0.02192238994512229		P(49) = 0.06796405770334202		P(50) = 0	
	P(51) = 0.08002010639532202		P(52) = 0.0241029052941179		P(53) = 0	
	P(54) = 0.04382395770690387		P(55) = 0.099		P(56) = 0.01076074776043551	
	P(57) = 0.02587147833178551		P(58) = 0		P(59) = 0.002898220864624879	
	P(60) = 0.0528186812030545		P(61) = 0		P(62) = 0.03681053674761846	
	P(63) = 0.03013642084551713	
================================================================================

================================================================================

NUMBER OF ITERATIONS: 8

NUMBER OF OBJECTIVE FUNCTION EVALUATIONS: 490

OBJECTIVE FUNCTION VALUE:
	F = 22.83935107644424

LAGRANGIAN MULTIPLIERS VALUES:

PENALTY FACTOR:

BEST POSITION:
	P(0) = 0.099		P(1) = 0		P(2) = 0	
	P(3) = 0.08607737974015806		P(4) = 0		P(5) = 0.099	
	P(6) = 0		P(7) = 0.06952362472799653		P(8) = 0.09676987715391744	
	P(9) = 0		P(10) = 0.04477198829338654		P(11) = 0.03716695333289247	
	P(12) = 0.09899855083234571		P(13) = 0.0708758452913848		P(14) = 0	
	P(15) = 0		P(16) = 0.04231449153567777		P(17) = 0.099	
	P(18) = 0.06681412162375251		P(19) = 0.02334393467371203		P(20) = 0.06321755011004412	
	P(21) = 0		P(22) = 0		P(23) = 0	
	P(24) = 0.099		P(25) = 0.099		P(26) = 0.0004793536554667799	
	P(27) = 0		P(28) = 0.08926164357763042		P(29) = 0	
	P(30) = 0.002438087506447556		P(31) = 0		P(32) = 0	
	P(33) = 0.0003361922250412694		P(34) = 0.001021341085643848		P(35) = 0.099	
	P(36) = 0		P(37) = 0		P(38) = 0	
	P(39) = 0.009348809741476206		P(40) = 0.05153795695376304		P(41) = 0	
	P(42) = 0.099		P(43) = 0.02852258988992639		P(44) = 0	
	P(45) = 4.32616758389015e-08		P(46) = 0		P(47) = 0.099	
	P(48) = 0.03579548564303615		P(49) = 0.07281448660425981		P(50) = 0	
	P(51) = 0.06110655411843773		P(52) = 0.04231488783485682		P(53) = 0	
	P(54) = 0.03781765389157252		P(55) = 0.09874781057724299		P(56) = 0.009863392655864403	
	P(57) = 0.03175608351441452		P(58) = 0.0004852601294392384		P(59) = 0.005452736607718049	
	P(60) = 0.01819475240904812		P(61) = 0		P(62) = 0.04120888065702259	
	P(63) = 0.03543682992831856	
================================================================================

================================================================================

NUMBER OF ITERATIONS: 9

NUMBER OF OBJECTIVE FUNCTION EVALUATIONS: 550

OBJECTIVE FUNCTION VALUE:
	F = 22.27064856708163

LAGRANGIAN MULTIPLIERS VALUES:

PENALTY FACTOR:

BEST POSITION:
	P(0) = 0.099		P(1) = 3.107789150816331e-07		P(2) = 0	
	P(3) = 0.0819912425502585		P(4) = 0		P(5) = 0.099	
	P(6) = 0		P(7) = 0.06956173017227353		P(8) = 0.099	
	P(9) = 0		P(10) = 0.01911434361378527		P(11) = 0.0249686804012706	
	P(12) = 0.099		P(13) = 0.07156017710198088		P(14) = 1.322505161514831e-06	
	P(15) = 0		P(16) = 0.04512103257237512		P(17) = 0.099	
	P(18) = 0.07292714433674917		P(19) = 0.001535112977893646		P(20) = 0.05564712445794269	
	P(21) = 6.007366755364507e-07		P(22) = 0.0001835904760261187		P(23) = 5.037449222054791e-06	
	P(24) = 0.099		P(25) = 0.099		P(26) = 7.567263316798911e-06	
	P(27) = 0.00130964732164951		P(28) = 0.08394732430391418		P(29) = 0	
	P(30) = 0		P(31) = 0.001603320084106255		P(32) = 0	
	P(33) = 1.742742791022156e-06		P(34) = 0		P(35) = 0.099	
	P(36) = 0		P(37) = 0		P(38) = 0	
	P(39) = 0.01356822405833515		P(40) = 0.04683151689898871		P(41) = 0	
	P(42) = 0.09899858890059367		P(43) = 0.02947417449162487		P(44) = 0	
	P(45) = 0		P(46) = 0		P(47) = 0.099	
	P(48) = 0.008480945231155147		P(49) = 0.0587926365016034		P(50) = 3.911786734325795e-07	
	P(51) = 0.05532333378268264		P(52) = 0.04568835673419215		P(53) = 5.750947144125829e-07	
	P(54) = 0.03757565531181137		P(55) = 0.099		P(56) = 0.01062838340856648	
	P(57) = 0.02802732500941046		P(58) = 0		P(59) = 0.0002935776470567655	
	P(60) = 0		P(61) = 1.429497283475523e-06		P(62) = 0.04594988048156037	
	P(63) = 0.04405534433901713	
================================================================================
