                                     ======================
                                        ALPSO 1.1 (Serial)
                                     ======================

Parameters:
-------------------------------------------------------------------------------------------------
Swarmsize           :       10    MaxOuterIters     :      200    Seed:       1519595627.26214194
Cognitive Parameter :    2.000    MaxInnerIters     :        6    Scaling            :          1
Social Parameter    :    1.000    MinInnerIters     :        6    Stopping Criteria  :          1
Initial Weight      :    0.990    DynInnerIters     :        0    Number of Failures :         15
Final Weight        :    0.550    StoppingIters     :        5    Number of Successes:          5

Absolute Tolerance  : 1.00e-02    Number Initial Pos:        0    Neighbourhood Model:      gbest
Relative Tolerance  : 1.00e-02    Initial Velocity  :        1    Neighbourhood Size :         40
Inequality Tolerance: 1.00e-03    Maximum Velocity  :        2    Selfless           :          1
Equality Tolerance  : 1.00e-03    Craziness Velocity: 1.00e-04    Fileout            :          1
Global Distance     : 1.00e-01    Initial Penalty   :     1.00    File Name          :  ALPSO.out
-------------------------------------------------------------------------------------------------


================================================================================

NUMBER OF ITERATIONS: 1

NUMBER OF OBJECTIVE FUNCTION EVALUATIONS: 70

OBJECTIVE FUNCTION VALUE:
	F = 29.87488247966423

LAGRANGIAN MULTIPLIERS VALUES:

PENALTY FACTOR:

BEST POSITION:
	P(0) = 0.01884961758607172		P(1) = 0		P(2) = 0.03011520439144031	
	P(3) = 0.099		P(4) = 0.08149302423731941		P(5) = 0.07288850041667545	
	P(6) = 0.003912960179273998		P(7) = 0.02785939686502232		P(8) = 0.0614126887279031	
	P(9) = 0.01410793244909262		P(10) = 0		P(11) = 0	
	P(12) = 0.08692136775400851		P(13) = 0.05154853355973238		P(14) = 0.04205306209252299	
	P(15) = 0		P(16) = 0.05943057625781532		P(17) = 0.08077991601902962	
	P(18) = 0.01322023519405782		P(19) = 0.099		P(20) = 0.02979608916959045	
	P(21) = 0.09009798302089407		P(22) = 0.03769783865243867		P(23) = 0.02628981409309046	
	P(24) = 0.006910459869586383		P(25) = 0.09830814009290059		P(26) = 0	
	P(27) = 0.06169371729045323		P(28) = 0.0319661408766151		P(29) = 0	
	P(30) = 0.06717092047643461		P(31) = 0.01939006267457809		P(32) = 0.09808054795652785	
	P(33) = 0.03624624427950874		P(34) = 0.0456382854988948		P(35) = 0.03935062269952753	
	P(36) = 0.03004450397058842		P(37) = 0.0485799657876211		P(38) = 0.02909587036213613	
	P(39) = 0		P(40) = 0.05270008834963007		P(41) = 0.099	
	P(42) = 0.07633283409009503		P(43) = 0.02832510307449141		P(44) = 0.01553572447003862	
	P(45) = 0.03945318054295427		P(46) = 0.001514493748725622		P(47) = 0.02712091128992139	
	P(48) = 0.04836587272464699		P(49) = 0.03396909866853916		P(50) = 0	
	P(51) = 0.099		P(52) = 0.04197664626918204		P(53) = 0	
	P(54) = 0		P(55) = 0.03472413873863528		P(56) = 0.07600422187183932	
	P(57) = 0.05587011752674339		P(58) = 0.003160587873154076		P(59) = 0.0004349714026546173	
	P(60) = 0.08780049392196093		P(61) = 0		P(62) = 0.04247962324050562	
	P(63) = 0.099	
================================================================================

================================================================================

NUMBER OF ITERATIONS: 2

NUMBER OF OBJECTIVE FUNCTION EVALUATIONS: 130

OBJECTIVE FUNCTION VALUE:
	F = 27.70688827347374

LAGRANGIAN MULTIPLIERS VALUES:

PENALTY FACTOR:

BEST POSITION:
	P(0) = 0.0188501501207202		P(1) = 0		P(2) = 0.03333349256500893	
	P(3) = 0.099		P(4) = 0.07779036777154943		P(5) = 0.06905805630349571	
	P(6) = 0.002138341294882051		P(7) = 0.03611384384032224		P(8) = 0.07797875621863151	
	P(9) = 0.0007588874606432455		P(10) = 0		P(11) = 0	
	P(12) = 0.0850427129576177		P(13) = 0.04704386422748408		P(14) = 0.05510220150695246	
	P(15) = 0		P(16) = 0.02909565560199648		P(17) = 0.07712516931150104	
	P(18) = 0		P(19) = 0.099		P(20) = 0.08315104225342947	
	P(21) = 0.099		P(22) = 0.01352445413673428		P(23) = 0.01229070478102888	
	P(24) = 0.00791932448683811		P(25) = 0.09899956925673568		P(26) = 0	
	P(27) = 0.0898497892176455		P(28) = 0.02065599311482678		P(29) = 0	
	P(30) = 0.05241076855030231		P(31) = 0.01678011504017322		P(32) = 0.09693917649447634	
	P(33) = 0.01077043518867794		P(34) = 0.06307891224057603		P(35) = 0.06165386097928581	
	P(36) = 0.009167803757356964		P(37) = 0.09795584296391517		P(38) = 0	
	P(39) = 0		P(40) = 0.06051837118989167		P(41) = 0.099	
	P(42) = 0.08146938172031623		P(43) = 0.03906436624559125		P(44) = 0.0002598565492259175	
	P(45) = 0.02864082319180822		P(46) = 0.0007402983523509751		P(47) = 0.03849881920598445	
	P(48) = 0.04722173050110905		P(49) = 0.05315149450148924		P(50) = 0	
	P(51) = 0.099		P(52) = 0.0469755555386577		P(53) = 0	
	P(54) = 0		P(55) = 0.01898207410919309		P(56) = 0.06817233466415945	
	P(57) = 0		P(58) = 0.003916093589444024		P(59) = 0	
	P(60) = 0.08420803663899395		P(61) = 0		P(62) = 0.06012346916239527	
	P(63) = 0.09811249107076503	
================================================================================

================================================================================

NUMBER OF ITERATIONS: 3

NUMBER OF OBJECTIVE FUNCTION EVALUATIONS: 190

OBJECTIVE FUNCTION VALUE:
	F = 26.19192316679862

LAGRANGIAN MULTIPLIERS VALUES:

PENALTY FACTOR:

BEST POSITION:
	P(0) = 0.01468208648383126		P(1) = 0		P(2) = 0.0247781693998067	
	P(3) = 0.099		P(4) = 0.08460530826869034		P(5) = 0.07604778249273023	
	P(6) = 0.001074253308679496		P(7) = 0.02325764695827676		P(8) = 0.05902647575503845	
	P(9) = 0.003051497146598595		P(10) = 1.466955008683213e-05		P(11) = 0	
	P(12) = 0.08741669386976042		P(13) = 0.06956611562062755		P(14) = 0.06594851535407731	
	P(15) = 0		P(16) = 0.08775687317210112		P(17) = 0.06166113942352179	
	P(18) = 0		P(19) = 0.099		P(20) = 0.09123090150450738	
	P(21) = 0.099		P(22) = 0.03230325065893948		P(23) = 0.009810912558419253	
	P(24) = 0.003242270167705015		P(25) = 0.099		P(26) = 0	
	P(27) = 0.0925838037421487		P(28) = 0.02869808744996865		P(29) = 0	
	P(30) = 0.06769019091419975		P(31) = 0.01960234735075769		P(32) = 0.09657145305478007	
	P(33) = 0		P(34) = 0.010007035716619		P(35) = 0.06779211699872509	
	P(36) = 0.006329504852583288		P(37) = 0.03466733249127793		P(38) = 0	
	P(39) = 0		P(40) = 0.06340325335989166		P(41) = 0.099	
	P(42) = 0.09550124579794128		P(43) = 0.04554515309532328		P(44) = 0	
	P(45) = 0.02302297429153112		P(46) = 8.691385904556481e-06		P(47) = 0.0276866669653927	
	P(48) = 0.05056143669000474		P(49) = 0.05252511275961021		P(50) = 0	
	P(51) = 0.099		P(52) = 0.0336120462863851		P(53) = 0	
	P(54) = 0		P(55) = 0.009968570365705087		P(56) = 0.07434714662261564	
	P(57) = 0.01559367361778955		P(58) = 0.002536436138737476		P(59) = 2.334011379973022e-06	
	P(60) = 0.0894829926045356		P(61) = 0		P(62) = 0.0410990433466862	
	P(63) = 0.09816359094872716	
================================================================================

================================================================================

NUMBER OF ITERATIONS: 4

NUMBER OF OBJECTIVE FUNCTION EVALUATIONS: 250

OBJECTIVE FUNCTION VALUE:
	F = 24.80336487151664

LAGRANGIAN MULTIPLIERS VALUES:

PENALTY FACTOR:

BEST POSITION:
	P(0) = 0.0132475311346314		P(1) = 0		P(2) = 0.04966536160001883	
	P(3) = 0.099		P(4) = 0.07094378835089703		P(5) = 0.06899200562638855	
	P(6) = 0		P(7) = 0.01919057391411562		P(8) = 0.06670224577361361	
	P(9) = 0.01517577662927732		P(10) = 0		P(11) = 0	
	P(12) = 0.08130618686619942		P(13) = 0.06374068813874929		P(14) = 0.06830685868538072	
	P(15) = 0		P(16) = 0.09026558633431622		P(17) = 0.06501353277311811	
	P(18) = 0		P(19) = 0.099		P(20) = 0.09531283237657168	
	P(21) = 0.099		P(22) = 0.03805946885356695		P(23) = 0.0001193479701031147	
	P(24) = 0.0001647656350428212		P(25) = 0.099		P(26) = 0	
	P(27) = 0.09801566797295846		P(28) = 0.02191564724491593		P(29) = 0	
	P(30) = 0.04832803383575764		P(31) = 0.03149225971604495		P(32) = 0.09850373125206527	
	P(33) = 0.01444645127906666		P(34) = 0.005610119440060145		P(35) = 0.09717284258279296	
	P(36) = 0		P(37) = 0.02072113725083673		P(38) = 0	
	P(39) = 0		P(40) = 0.07052604177244623		P(41) = 0.099	
	P(42) = 0.07765777103453587		P(43) = 0.05302730998658041		P(44) = 6.947701971377063e-07	
	P(45) = 0.02002484046478588		P(46) = 0		P(47) = 0.0226959496794535	
	P(48) = 0.04746435095102119		P(49) = 0.06755628542484718		P(50) = 0	
	P(51) = 0.099		P(52) = 0.02636919356770166		P(53) = 0	
	P(54) = 0		P(55) = 0.0007019760018346574		P(56) = 0.099	
	P(57) = 0.01033066980466937		P(58) = 0		P(59) = 0	
	P(60) = 0.03993250410536123		P(61) = 1.400899226164376e-06		P(62) = 0.04812572493118253	
	P(63) = 0.09897506448567929	
================================================================================

================================================================================

NUMBER OF ITERATIONS: 5

NUMBER OF OBJECTIVE FUNCTION EVALUATIONS: 310

OBJECTIVE FUNCTION VALUE:
	F = 23.58513202630709

LAGRANGIAN MULTIPLIERS VALUES:

PENALTY FACTOR:

BEST POSITION:
	P(0) = 0.01375796214264738		P(1) = 0		P(2) = 0.04826608733074565	
	P(3) = 0.099		P(4) = 0.0543136320612291		P(5) = 0.07657547766563939	
	P(6) = 0		P(7) = 0.02533620304990446		P(8) = 0.08784543464407479	
	P(9) = 0.03576956156325423		P(10) = 3.203435141804767e-07		P(11) = 0	
	P(12) = 0.07216016428919203		P(13) = 0.05998737225275854		P(14) = 0.06385113276137255	
	P(15) = 0		P(16) = 0.08784707734147985		P(17) = 0.04761755141801035	
	P(18) = 0		P(19) = 0.099		P(20) = 0.099	
	P(21) = 0.09899832663170677		P(22) = 0.05359188012398981		P(23) = 0	
	P(24) = 0		P(25) = 0.09858175429043853		P(26) = 0	
	P(27) = 0.099		P(28) = 0		P(29) = 6.841034147185565e-06	
	P(30) = 0.01678170504617659		P(31) = 0.02405056857443597		P(32) = 0.099	
	P(33) = 0.009739885563083375		P(34) = 0		P(35) = 0.099	
	P(36) = 0.01014316883461898		P(37) = 0.02332873287950587		P(38) = 0	
	P(39) = 0		P(40) = 0.099		P(41) = 0.09899381092188103	
	P(42) = 0.07029938634930283		P(43) = 0.05986527581905954		P(44) = 0	
	P(45) = 0		P(46) = 2.485434436358402e-06		P(47) = 0.007996622595705924	
	P(48) = 0.03527939237794468		P(49) = 0.07517696302287571		P(50) = 0	
	P(51) = 0.099		P(52) = 0.0180079060958974		P(53) = 0	
	P(54) = 0		P(55) = 0.0007469443380904162		P(56) = 0.09659249960083309	
	P(57) = 0.01036313825412656		P(58) = 0		P(59) = 0	
	P(60) = 0.02366640542396693		P(61) = 0		P(62) = 0.06118855218929153	
	P(63) = 0.099	
================================================================================

================================================================================

NUMBER OF ITERATIONS: 6

NUMBER OF OBJECTIVE FUNCTION EVALUATIONS: 370

OBJECTIVE FUNCTION VALUE:
	F = 23.27599867778398

LAGRANGIAN MULTIPLIERS VALUES:

PENALTY FACTOR:

BEST POSITION:
	P(0) = 0.009726608278018634		P(1) = 0		P(2) = 0.06106704914574557	
	P(3) = 0.099		P(4) = 0.05655686954469574		P(5) = 0.08104478845538982	
	P(6) = 0		P(7) = 0.02261877237430404		P(8) = 0.099	
	P(9) = 0.04249397314806284		P(10) = 0		P(11) = 0	
	P(12) = 0.07464427916141912		P(13) = 0.05828605277222455		P(14) = 0.0617084767094313	
	P(15) = 0		P(16) = 0.08631051562804806		P(17) = 0.04440489672692241	
	P(18) = 0		P(19) = 0.099		P(20) = 0.099	
	P(21) = 0.099		P(22) = 0.0596732920847438		P(23) = 0	
	P(24) = 0		P(25) = 0.09875592932947296		P(26) = 0	
	P(27) = 0.09755052488777577		P(28) = 0		P(29) = 0	
	P(30) = 0.01841775031039446		P(31) = 0.01546506050913988		P(32) = 0.099	
	P(33) = 0.01075801127926754		P(34) = 0		P(35) = 0.09809360936815122	
	P(36) = 0.001790116122876918		P(37) = 0.02772667318357416		P(38) = 2.862635723535623e-06	
	P(39) = 0		P(40) = 0.099		P(41) = 0.099	
	P(42) = 0.06031574377778171		P(43) = 0.06960379688637937		P(44) = 0	
	P(45) = 0		P(46) = 0		P(47) = 0.01295797274451569	
	P(48) = 0.03220351743451098		P(49) = 0.07100920778126042		P(50) = 0	
	P(51) = 0.099		P(52) = 0.01211434831841721		P(53) = 0	
	P(54) = 0		P(55) = 0.0001859968584140628		P(56) = 0.09775109705116869	
	P(57) = 0.01240008139696402		P(58) = 0		P(59) = 0	
	P(60) = 0		P(61) = 0		P(62) = 0.06435826294393865	
	P(63) = 0.099	
================================================================================

================================================================================

NUMBER OF ITERATIONS: 7

NUMBER OF OBJECTIVE FUNCTION EVALUATIONS: 430

OBJECTIVE FUNCTION VALUE:
	F = 23.08547546745011

LAGRANGIAN MULTIPLIERS VALUES:

PENALTY FACTOR:

BEST POSITION:
	P(0) = 0.01359826960786173		P(1) = 0		P(2) = 0.06083869156226208	
	P(3) = 0.099		P(4) = 0.04803596804938853		P(5) = 0.0797595694449664	
	P(6) = 0		P(7) = 0.02777155748506163		P(8) = 0.099	
	P(9) = 0.0566445176018933		P(10) = 0		P(11) = 0	
	P(12) = 0.06779851959931518		P(13) = 0.05319370667180175		P(14) = 0.06807524356476813	
	P(15) = 0		P(16) = 0.09288963701090118		P(17) = 0.0398459953735945	
	P(18) = 0		P(19) = 0.099		P(20) = 0.099	
	P(21) = 0.099		P(22) = 0.0588870516632168		P(23) = 0	
	P(24) = 0		P(25) = 0.09877879719551294		P(26) = 0	
	P(27) = 0.09851446390723506		P(28) = 0		P(29) = 0	
	P(30) = 0.0245648274503346		P(31) = 0.01466636420666512		P(32) = 0.099	
	P(33) = 0.01081263755388053		P(34) = 0		P(35) = 0.09811639994663063	
	P(36) = 0.004381090819635475		P(37) = 0.0197808352012867		P(38) = 0	
	P(39) = 0		P(40) = 0.099		P(41) = 0.099	
	P(42) = 0.04370907692186361		P(43) = 0.0671679816068725		P(44) = 0	
	P(45) = 0		P(46) = 0		P(47) = 0.01122001467188948	
	P(48) = 0.002315270566233471		P(49) = 0.0696024477438522		P(50) = 0	
	P(51) = 0.099		P(52) = 0.002170811719189696		P(53) = 0	
	P(54) = 0		P(55) = 0		P(56) = 0.09894751796193246	
	P(57) = 0.01798747769412504		P(58) = 0		P(59) = 0.002884482352156	
	P(60) = 0		P(61) = 0		P(62) = 0.06396985139059443	
	P(63) = 0.099	
================================================================================
