                                     ======================
                                        ALPSO 1.1 (Serial)
                                     ======================

Parameters:
-------------------------------------------------------------------------------------------------
Swarmsize           :       10    MaxOuterIters     :      200    Seed:       1518225109.67331791
Cognitive Parameter :    2.000    MaxInnerIters     :        6    Scaling            :          1
Social Parameter    :    1.000    MinInnerIters     :        6    Stopping Criteria  :          1
Initial Weight      :    0.990    DynInnerIters     :        0    Number of Failures :         15
Final Weight        :    0.550    StoppingIters     :        5    Number of Successes:          5

Absolute Tolerance  : 1.00e-02    Number Initial Pos:        0    Neighbourhood Model:      gbest
Relative Tolerance  : 1.00e-02    Initial Velocity  :        1    Neighbourhood Size :         40
Inequality Tolerance: 1.00e-03    Maximum Velocity  :        2    Selfless           :          1
Equality Tolerance  : 1.00e-03    Craziness Velocity: 1.00e-04    Fileout            :          1
Global Distance     : 1.00e-01    Initial Penalty   :     1.00    File Name          :  ALPSO.out
-------------------------------------------------------------------------------------------------


================================================================================

NUMBER OF ITERATIONS: 1

NUMBER OF OBJECTIVE FUNCTION EVALUATIONS: 70

OBJECTIVE FUNCTION VALUE:
	F = 40.68351633885859

LAGRANGIAN MULTIPLIERS VALUES:

PENALTY FACTOR:

BEST POSITION:
	P(0) = 0.04529071866836416		P(1) = 0.07151550590412652		P(2) = 0.01445645305876003	
	P(3) = 0.05248159464935094		P(4) = 0.03942774475064848		P(5) = 0.04474651579819341	
	P(6) = 0.02709477656968821		P(7) = 0.05544973305825722		P(8) = 0	
	P(9) = 0.05906420491179973		P(10) = 0.099		P(11) = 0	
	P(12) = 0.05909672660977269		P(13) = 0		P(14) = 0.006321409699896988	
	P(15) = 0.06829535957284924		P(16) = 0		P(17) = 0	
	P(18) = 0.04209247976707026		P(19) = 0.099		P(20) = 0.07069323872660276	
	P(21) = 0.04442363978852291		P(22) = 0.02067860337982901		P(23) = 0	
	P(24) = 0.02740280738224075		P(25) = 0.09622572880802355		P(26) = 0.06098626840040478	
	P(27) = 0		P(28) = 0.00736486719538957		P(29) = 9.083976039483271e-05	
	P(30) = 0.07179527436026337		P(31) = 0.02422640709191115		P(32) = 0.09637195050139855	
	P(33) = 0.00865613941550699		P(34) = 0		P(35) = 0.05975958223709712	
	P(36) = 0		P(37) = 0.01600835325134257		P(38) = 0.08478520508395249	
	P(39) = 0.099		P(40) = 0.01680181609157646		P(41) = 0.008915574382385723	
	P(42) = 0		P(43) = 0.08505370328373216		P(44) = 0.06121875833782121	
	P(45) = 0		P(46) = 0.09710062590928747		P(47) = 0.08241435666148161	
	P(48) = 0.06660973398055439		P(49) = 0.03627906977316941		P(50) = 0.04472134232395097	
	P(51) = 0.004657503807103863		P(52) = 0.05135832426842528		P(53) = 0.09019994216912885	
	P(54) = 0.006735481236635789		P(55) = 0.02052730826223419		P(56) = 0.099	
	P(57) = 0.04653066421883825		P(58) = 0.09694602487355274		P(59) = 0	
	P(60) = 0		P(61) = 0		P(62) = 0	
	P(63) = 0.005638528853328752	
================================================================================

================================================================================

NUMBER OF ITERATIONS: 2

NUMBER OF OBJECTIVE FUNCTION EVALUATIONS: 130

OBJECTIVE FUNCTION VALUE:
	F = 28.67012967984626

LAGRANGIAN MULTIPLIERS VALUES:

PENALTY FACTOR:

BEST POSITION:
	P(0) = 0.05309025928575924		P(1) = 0.09216732827177102		P(2) = 0.0409198063206203	
	P(3) = 0		P(4) = 0		P(5) = 0.02627769978942799	
	P(6) = 0.03563568304522671		P(7) = 0.099		P(8) = 0.005582893817277626	
	P(9) = 0.07879848144317023		P(10) = 0.099		P(11) = 0	
	P(12) = 0.05750335940775769		P(13) = 0		P(14) = 0.002592912582796481	
	P(15) = 0.06990854315843179		P(16) = 0.002312864006308826		P(17) = 0.0249043790038034	
	P(18) = 0.02767734801621322		P(19) = 0.09051626568669732		P(20) = 0.06449176281729602	
	P(21) = 0.01147628387495573		P(22) = 0.009505763889742593		P(23) = 0	
	P(24) = 0.03253756894995105		P(25) = 0.09721013520571034		P(26) = 0.006994881399082602	
	P(27) = 0.001682229608141052		P(28) = 0.04095068084916892		P(29) = 0.005252186300468052	
	P(30) = 0.06062177798544535		P(31) = 0.003525732778724311		P(32) = 0.09673202868731423	
	P(33) = 0		P(34) = 0.00319603261243092		P(35) = 0.04143710456774355	
	P(36) = 0		P(37) = 0.01083827449190805		P(38) = 0.099	
	P(39) = 0.099		P(40) = 0.007621067791407199		P(41) = 0.00226549149848479	
	P(42) = 0		P(43) = 0.03836845214488798		P(44) = 0.099	
	P(45) = 0		P(46) = 0.06504139207137949		P(47) = 0.04778888621681589	
	P(48) = 0.04763153073682386		P(49) = 0		P(50) = 0.099	
	P(51) = 0		P(52) = 0.099		P(53) = 0.07931618087922954	
	P(54) = 0		P(55) = 0.01557344466178597		P(56) = 0.099	
	P(57) = 0.09769529013026299		P(58) = 0.09890107628788597		P(59) = 0	
	P(60) = 0		P(61) = 0		P(62) = 0	
	P(63) = 0.001645763310083717	
================================================================================

================================================================================

NUMBER OF ITERATIONS: 3

NUMBER OF OBJECTIVE FUNCTION EVALUATIONS: 190

OBJECTIVE FUNCTION VALUE:
	F = 20.42316088380283

LAGRANGIAN MULTIPLIERS VALUES:

PENALTY FACTOR:

BEST POSITION:
	P(0) = 0		P(1) = 0.099		P(2) = 0.02848072284271841	
	P(3) = 0.007945944523617278		P(4) = 0.0102263528048536		P(5) = 0.03698256484378219	
	P(6) = 0.01254143417741203		P(7) = 0.099		P(8) = 0	
	P(9) = 0.04611812776894506		P(10) = 0.09339146017754517		P(11) = 0	
	P(12) = 0.06891564246576548		P(13) = 0		P(14) = 0	
	P(15) = 0.02460503157224057		P(16) = 0.00280042037443063		P(17) = 0.008026336964513513	
	P(18) = 0		P(19) = 0.08587798433848882		P(20) = 0.0259484032069129	
	P(21) = 0		P(22) = 0.004907407190363616		P(23) = 0	
	P(24) = 0.09047769516029087		P(25) = 0.09372709634648936		P(26) = 0	
	P(27) = 0		P(28) = 0.08889472264536016		P(29) = 0.01761489081159572	
	P(30) = 0.099		P(31) = 0		P(32) = 0.099	
	P(33) = 0		P(34) = 0		P(35) = 0.01537919646799701	
	P(36) = 0.01439122373126833		P(37) = 0.005236341123995646		P(38) = 0.09275261385078566	
	P(39) = 0.09475676446038081		P(40) = 0		P(41) = 0	
	P(42) = 0.01292658624807438		P(43) = 0		P(44) = 0.08645446338667162	
	P(45) = 0		P(46) = 0.07375903293729044		P(47) = 0.02323945086561032	
	P(48) = 0.07508938493050597		P(49) = 0		P(50) = 0.08099467088367217	
	P(51) = 0		P(52) = 0.099		P(53) = 0.0616310484549714	
	P(54) = 0.001031961207072683		P(55) = 0		P(56) = 0.07865827236927823	
	P(57) = 0.099		P(58) = 0.099		P(59) = 0	
	P(60) = 0		P(61) = 0		P(62) = 0	
	P(63) = 0	
================================================================================

================================================================================

NUMBER OF ITERATIONS: 4

NUMBER OF OBJECTIVE FUNCTION EVALUATIONS: 250

OBJECTIVE FUNCTION VALUE:
	F = 16.75781948920235

LAGRANGIAN MULTIPLIERS VALUES:

PENALTY FACTOR:

BEST POSITION:
	P(0) = 0.002986865093101747		P(1) = 0.099		P(2) = 0.04817215944553031	
	P(3) = 0		P(4) = 0.01003681000958173		P(5) = 0.002898327770735773	
	P(6) = 0.01344281174534047		P(7) = 0.099		P(8) = 0	
	P(9) = 0.01554193021643848		P(10) = 0.099		P(11) = 0	
	P(12) = 0.0758364419036122		P(13) = 0		P(14) = 0	
	P(15) = 0		P(16) = 0		P(17) = 0	
	P(18) = 0		P(19) = 0.0759905049999951		P(20) = 0.08721876642460105	
	P(21) = 0		P(22) = 0		P(23) = 0	
	P(24) = 0.099		P(25) = 0.09263696804551919		P(26) = 0	
	P(27) = 0		P(28) = 0.099		P(29) = 0.007240894238825971	
	P(30) = 0.099		P(31) = 0		P(32) = 0.099	
	P(33) = 0		P(34) = 0		P(35) = 0	
	P(36) = 0.003954450974844308		P(37) = 0.002933342622728534		P(38) = 0.09461246972852617	
	P(39) = 0.09543432447393962		P(40) = 0.003689572591635888		P(41) = 6.681516509329799e-06	
	P(42) = 0.008576552474112167		P(43) = 0.0001095699279667628		P(44) = 0.099	
	P(45) = 0		P(46) = 0.09776513399197789		P(47) = 0	
	P(48) = 0.099		P(49) = 0		P(50) = 0.0876168552044195	
	P(51) = 0		P(52) = 0.099		P(53) = 0.05068335896708501	
	P(54) = 0		P(55) = 0		P(56) = 0.07407752165699606	
	P(57) = 0.099		P(58) = 0.099		P(59) = 0	
	P(60) = 0		P(61) = 0		P(62) = 0	
	P(63) = 0	
================================================================================

================================================================================

NUMBER OF ITERATIONS: 5

NUMBER OF OBJECTIVE FUNCTION EVALUATIONS: 310

OBJECTIVE FUNCTION VALUE:
	F = 15.48648026031404

LAGRANGIAN MULTIPLIERS VALUES:

PENALTY FACTOR:

BEST POSITION:
	P(0) = 0		P(1) = 0.099		P(2) = 0.04227855300481059	
	P(3) = 0		P(4) = 0.004008737832359936		P(5) = 0	
	P(6) = 0		P(7) = 0.099		P(8) = 0	
	P(9) = 0.02622536307144349		P(10) = 0.099		P(11) = 1.258764544584401e-06	
	P(12) = 0.08590195001996029		P(13) = 0		P(14) = 0	
	P(15) = 0		P(16) = 0		P(17) = 0	
	P(18) = 0		P(19) = 0.04093034180727425		P(20) = 0.08819865777609451	
	P(21) = 0		P(22) = 0.003358780970932111		P(23) = 0	
	P(24) = 0.099		P(25) = 0.09290487918212656		P(26) = 0	
	P(27) = 1.455620185962514e-06		P(28) = 0.099		P(29) = 0.006420724979906041	
	P(30) = 0.099		P(31) = 0.0007102058787442425		P(32) = 0.09899986923604889	
	P(33) = 0		P(34) = 0		P(35) = 0	
	P(36) = 0.001955350530819293		P(37) = 0.0006038583747058832		P(38) = 0.09832660168098092	
	P(39) = 0.099		P(40) = 0.003552474628687734		P(41) = 0	
	P(42) = 0		P(43) = 0		P(44) = 0.099	
	P(45) = 2.799539143324981e-06		P(46) = 0.09808011431668123		P(47) = 0	
	P(48) = 0.099		P(49) = 0		P(50) = 0.099	
	P(51) = 0		P(52) = 0.099		P(53) = 0.02830240590534503	
	P(54) = 0		P(55) = 0		P(56) = 0.07586967954960576	
	P(57) = 0.09899585065022987		P(58) = 0.099		P(59) = 8.659594054119535e-07	
	P(60) = 2.018891786699506e-06		P(61) = 5.403087854620459e-06		P(62) = 1.125380158437106e-06	
	P(63) = 0	
================================================================================

================================================================================

NUMBER OF ITERATIONS: 6

NUMBER OF OBJECTIVE FUNCTION EVALUATIONS: 370

OBJECTIVE FUNCTION VALUE:
	F = 14.90524525737795

LAGRANGIAN MULTIPLIERS VALUES:

PENALTY FACTOR:

BEST POSITION:
	P(0) = 0		P(1) = 0.099		P(2) = 0.04471049949299424	
	P(3) = 0		P(4) = 0.003591354705484849		P(5) = 1.323871043429348e-05	
	P(6) = 0		P(7) = 0.09899794971701152		P(8) = 5.183319690085786e-06	
	P(9) = 0.07740025737177401		P(10) = 0.099		P(11) = 0	
	P(12) = 0.08084525995635869		P(13) = 1.019820999800802e-06		P(14) = 0.0001493946565199258	
	P(15) = 0		P(16) = 0.0005616169186794112		P(17) = 2.431176887439379e-06	
	P(18) = 0.003002504188654276		P(19) = 0		P(20) = 0.07817367480661667	
	P(21) = 0		P(22) = 0.0009764170462545352		P(23) = 0	
	P(24) = 0.099		P(25) = 0.09773407948879151		P(26) = 3.42373723825895e-06	
	P(27) = 1.659820645441568e-06		P(28) = 0.09899720530020192		P(29) = 0.0008617559611673181	
	P(30) = 0.0989973948632257		P(31) = 5.961973081956146e-05		P(32) = 0.0984923959560661	
	P(33) = 0		P(34) = 0.0001226079482699524		P(35) = 0	
	P(36) = 0.001498457277181162		P(37) = 0.001508378411944629		P(38) = 0.0949842490743103	
	P(39) = 0.0961820973318093		P(40) = 0.001819462847221641		P(41) = 6.062869968778695e-06	
	P(42) = 0.007290493011908539		P(43) = 0		P(44) = 0.09899245077553331	
	P(45) = 0		P(46) = 0.09600728944690538		P(47) = 7.556231823119264e-05	
	P(48) = 0.099		P(49) = 0.0001498263526385699		P(50) = 0.099	
	P(51) = 0.0009035805886108486		P(52) = 0.09888847283190802		P(53) = 0.03102640941752897	
	P(54) = 0.001723617541975517		P(55) = 3.680929837185376e-07		P(56) = 0.06951491934196256	
	P(57) = 0.09017481154415141		P(58) = 0.09899846764299458		P(59) = 3.878544634079717e-06	
	P(60) = 0		P(61) = 8.66332258707414e-06		P(62) = 6.670456493787502e-06	
	P(63) = 3.695236288119019e-06	
================================================================================

================================================================================

NUMBER OF ITERATIONS: 7

NUMBER OF OBJECTIVE FUNCTION EVALUATIONS: 430

OBJECTIVE FUNCTION VALUE:
	F = 14.4015832339684

LAGRANGIAN MULTIPLIERS VALUES:

PENALTY FACTOR:

BEST POSITION:
	P(0) = 0		P(1) = 0.099		P(2) = 0	
	P(3) = 0		P(4) = 0.008620368798747599		P(5) = 0	
	P(6) = 0		P(7) = 0.08602400206818751		P(8) = 0	
	P(9) = 0.06427088378687575		P(10) = 0.099		P(11) = 0	
	P(12) = 0.08694441022378949		P(13) = 0		P(14) = 0.004281614309423872	
	P(15) = 0		P(16) = 0		P(17) = 0	
	P(18) = 0.01164346610824844		P(19) = 0.002391921835506974		P(20) = 0.07897647454130845	
	P(21) = 0		P(22) = 2.352068829481607e-05		P(23) = 0	
	P(24) = 0.099		P(25) = 0.099		P(26) = 0	
	P(27) = 0		P(28) = 0.099		P(29) = 0	
	P(30) = 0.099		P(31) = 0		P(32) = 0.099	
	P(33) = 0		P(34) = 0		P(35) = 0	
	P(36) = 0		P(37) = 0		P(38) = 0.08900694266666624	
	P(39) = 0.09657710971232705		P(40) = 0.000527469390356361		P(41) = 0	
	P(42) = 0.003630566115990837		P(43) = 0		P(44) = 0.099	
	P(45) = 0		P(46) = 0.09268021203697532		P(47) = 0	
	P(48) = 0.099		P(49) = 0		P(50) = 0.099	
	P(51) = 0.001272430330242283		P(52) = 0.099		P(53) = 0.03535250696320445	
	P(54) = 0		P(55) = 0		P(56) = 0.03952842906850797	
	P(57) = 0.07996683441039079		P(58) = 0.099		P(59) = 0	
	P(60) = 0		P(61) = 0		P(62) = 0	
	P(63) = 0	
================================================================================

================================================================================

NUMBER OF ITERATIONS: 8

NUMBER OF OBJECTIVE FUNCTION EVALUATIONS: 490

OBJECTIVE FUNCTION VALUE:
	F = 13.87586257233754

LAGRANGIAN MULTIPLIERS VALUES:

PENALTY FACTOR:

BEST POSITION:
	P(0) = 0.005522867667397326		P(1) = 0.09899569421151069		P(2) = 0	
	P(3) = 0.0008775979146847315		P(4) = 0.03085783623322209		P(5) = 5.146606206318793e-06	
	P(6) = 2.433402874410517e-07		P(7) = 0.07973526700802686		P(8) = 0.00616231055534705	
	P(9) = 0.09250505823258684		P(10) = 0.09881054877508916		P(11) = 0	
	P(12) = 0.099		P(13) = 0		P(14) = 0.0141416876622051	
	P(15) = 0.0001687814952951727		P(16) = 6.412093359810245e-06		P(17) = 8.048042343707096e-05	
	P(18) = 0.007499124099396688		P(19) = 0		P(20) = 0.099	
	P(21) = 0.001298054970227405		P(22) = 0.04679579023029157		P(23) = 0	
	P(24) = 0.09899420753355787		P(25) = 0.07887831094108784		P(26) = 1.426752479188886e-06	
	P(27) = 0		P(28) = 0.099		P(29) = 0	
	P(30) = 0.09899789875893805		P(31) = 3.944174502702735e-06		P(32) = 0.09263456442758447	
	P(33) = 4.835199730809925e-06		P(34) = 0		P(35) = 0	
	P(36) = 0.005043299123297144		P(37) = 0		P(38) = 0.09346059861516837	
	P(39) = 0.09750931952099534		P(40) = 0		P(41) = 5.442176117739783e-07	
	P(42) = 0.002107559884159511		P(43) = 0.0001422222156541031		P(44) = 0.099	
	P(45) = 0		P(46) = 0.09336268424723848		P(47) = 0	
	P(48) = 0.08500780745193365		P(49) = 0		P(50) = 0.09448215127207796	
	P(51) = 0.000600689658271869		P(52) = 0.0932686396355922		P(53) = 0.03557672847255033	
	P(54) = 0		P(55) = 0		P(56) = 0	
	P(57) = 0.06446669116987166		P(58) = 0.09899850721097339		P(59) = 0	
	P(60) = 0		P(61) = 0		P(62) = 0	
	P(63) = 0	
================================================================================

================================================================================

NUMBER OF ITERATIONS: 9

NUMBER OF OBJECTIVE FUNCTION EVALUATIONS: 550

OBJECTIVE FUNCTION VALUE:
	F = 13.23716081932852

LAGRANGIAN MULTIPLIERS VALUES:

PENALTY FACTOR:

BEST POSITION:
	P(0) = 0.003436962328629861		P(1) = 0.099		P(2) = 0	
	P(3) = 0		P(4) = 0.05189484399652641		P(5) = 0	
	P(6) = 0		P(7) = 0.07425937240594022		P(8) = 0.007216295800437783	
	P(9) = 0.099		P(10) = 0.099		P(11) = 0	
	P(12) = 0.099		P(13) = 0		P(14) = 0.0156493003108934	
	P(15) = 0		P(16) = 0		P(17) = 0	
	P(18) = 0		P(19) = 0		P(20) = 0.099	
	P(21) = 0.0009340642451463807		P(22) = 0.06743319650416188		P(23) = 0	
	P(24) = 0.099		P(25) = 0.07341039604717856		P(26) = 0	
	P(27) = 0		P(28) = 0.099		P(29) = 0	
	P(30) = 0.099		P(31) = 0		P(32) = 0.09832664910094061	
	P(33) = 0		P(34) = 0		P(35) = 0	
	P(36) = 0		P(37) = 0		P(38) = 0.09473600455502335	
	P(39) = 0.099		P(40) = 0		P(41) = 0	
	P(42) = 0		P(43) = 0		P(44) = 0.099	
	P(45) = 0		P(46) = 0.09334989405750639		P(47) = 0	
	P(48) = 0.08672165618443678		P(49) = 0		P(50) = 0.099	
	P(51) = 0		P(52) = 0.0895424745225871		P(53) = 0.04451345758652192	
	P(54) = 0		P(55) = 0		P(56) = 0	
	P(57) = 0.01791247599609212		P(58) = 0.099		P(59) = 0	
	P(60) = 0		P(61) = 0		P(62) = 0	
	P(63) = 0	
================================================================================

================================================================================

NUMBER OF ITERATIONS: 10

NUMBER OF OBJECTIVE FUNCTION EVALUATIONS: 610

OBJECTIVE FUNCTION VALUE:
	F = 12.25417484176606

LAGRANGIAN MULTIPLIERS VALUES:

PENALTY FACTOR:

BEST POSITION:
	P(0) = 0		P(1) = 0.05738590711768186		P(2) = 0	
	P(3) = 0		P(4) = 0.0668430266110072		P(5) = 0	
	P(6) = 0		P(7) = 0.08194430305663017		P(8) = 0.04903804284792055	
	P(9) = 0.09894545637845485		P(10) = 0.0544979459985668		P(11) = 0	
	P(12) = 0.099		P(13) = 0		P(14) = 0.007941372595128067	
	P(15) = 0		P(16) = 0.0004737351430769698		P(17) = 0	
	P(18) = 0.0004183067002562907		P(19) = 0		P(20) = 0.099	
	P(21) = 0		P(22) = 0.05012171260217332		P(23) = 0	
	P(24) = 0.099		P(25) = 0.05700240935532742		P(26) = 0	
	P(27) = 0		P(28) = 0.099		P(29) = 0	
	P(30) = 0.099		P(31) = 0		P(32) = 0.099	
	P(33) = 0		P(34) = 0		P(35) = 0	
	P(36) = 0		P(37) = 0.007001242326442246		P(38) = 0.09766002897365897	
	P(39) = 0.099		P(40) = 0		P(41) = 0	
	P(42) = 0		P(43) = 0.005121795683194277		P(44) = 0.099	
	P(45) = 0		P(46) = 0.09296656001895823		P(47) = 0	
	P(48) = 0.09679529992660219		P(49) = 0		P(50) = 0.099	
	P(51) = 0		P(52) = 0.08930084902996169		P(53) = 0.07335943178399901	
	P(54) = 0		P(55) = 0		P(56) = 0	
	P(57) = 0		P(58) = 0.08889484758610765		P(59) = 0	
	P(60) = 0.001456732171662298		P(61) = 0		P(62) = 0	
	P(63) = 0	
================================================================================

================================================================================

NUMBER OF ITERATIONS: 11

NUMBER OF OBJECTIVE FUNCTION EVALUATIONS: 670

OBJECTIVE FUNCTION VALUE:
	F = 11.49229013537564

LAGRANGIAN MULTIPLIERS VALUES:

PENALTY FACTOR:

BEST POSITION:
	P(0) = 0		P(1) = 0.01947456346288428		P(2) = 0	
	P(3) = 0		P(4) = 0.07604646908659951		P(5) = 0	
	P(6) = 0		P(7) = 0.07123461176137845		P(8) = 0.0865010164423293	
	P(9) = 0.099		P(10) = 0.02059966434923691		P(11) = 0	
	P(12) = 0.099		P(13) = 0.0003006408405921424		P(14) = 0.008793807092770223	
	P(15) = 0		P(16) = 0.00333656965756654		P(17) = 0	
	P(18) = 0		P(19) = 0		P(20) = 0.099	
	P(21) = 0		P(22) = 0.03777093944864734		P(23) = 0	
	P(24) = 0.099		P(25) = 0.06362436574379265		P(26) = 0	
	P(27) = 0		P(28) = 0.099		P(29) = 0	
	P(30) = 0.099		P(31) = 0		P(32) = 0.099	
	P(33) = 0		P(34) = 0		P(35) = 0	
	P(36) = 0		P(37) = 0.006392844921090178		P(38) = 0.099	
	P(39) = 0.099		P(40) = 0		P(41) = 0	
	P(42) = 0		P(43) = 0.02023266599233206		P(44) = 0.099	
	P(45) = 0		P(46) = 0.09446451180805326		P(47) = 0	
	P(48) = 0.09696667630427241		P(49) = 0		P(50) = 0.099	
	P(51) = 0		P(52) = 0.0846775399502904		P(53) = 0.07174274286876908	
	P(54) = 0		P(55) = 0		P(56) = 0	
	P(57) = 0		P(58) = 0.08719233289105544		P(59) = 0	
	P(60) = 0		P(61) = 0		P(62) = 0	
	P(63) = 0	
================================================================================

================================================================================

NUMBER OF ITERATIONS: 12

NUMBER OF OBJECTIVE FUNCTION EVALUATIONS: 730

OBJECTIVE FUNCTION VALUE:
	F = 10.88224643933447

LAGRANGIAN MULTIPLIERS VALUES:

PENALTY FACTOR:

BEST POSITION:
	P(0) = 0		P(1) = 0.01989391740543318		P(2) = 0	
	P(3) = 0		P(4) = 0.08550281935995238		P(5) = 0	
	P(6) = 0		P(7) = 0.04953604792840586		P(8) = 0.08046858310515723	
	P(9) = 0.099		P(10) = 0.002016238021992273		P(11) = 0	
	P(12) = 0.099		P(13) = 0		P(14) = 0.004652193278651073	
	P(15) = 0		P(16) = 0.0004354090762168916		P(17) = 0	
	P(18) = 0		P(19) = 0		P(20) = 0.099	
	P(21) = 0		P(22) = 0		P(23) = 0	
	P(24) = 0.099		P(25) = 0.04684386803410372		P(26) = 0	
	P(27) = 0		P(28) = 0.099		P(29) = 0	
	P(30) = 0.09665868470176864		P(31) = 0		P(32) = 0.099	
	P(33) = 0		P(34) = 0		P(35) = 0	
	P(36) = 0		P(37) = 0		P(38) = 0.099	
	P(39) = 0.099		P(40) = 0		P(41) = 0	
	P(42) = 0		P(43) = 0.0381414635823731		P(44) = 0.099	
	P(45) = 0		P(46) = 0.09781752959847592		P(47) = 0	
	P(48) = 0.09703618702109079		P(49) = 0		P(50) = 0.099	
	P(51) = 0		P(52) = 0.06791495110273306		P(53) = 0.06336074694852767	
	P(54) = 0		P(55) = 0		P(56) = 0	
	P(57) = 0		P(58) = 0.08558461950771412		P(59) = 0	
	P(60) = 0		P(61) = 0		P(62) = 0	
	P(63) = 0	
================================================================================

================================================================================

NUMBER OF ITERATIONS: 13

NUMBER OF OBJECTIVE FUNCTION EVALUATIONS: 790

OBJECTIVE FUNCTION VALUE:
	F = 10.41347878893384

LAGRANGIAN MULTIPLIERS VALUES:

PENALTY FACTOR:

BEST POSITION:
	P(0) = 0		P(1) = 0.0202090563891997		P(2) = 0	
	P(3) = 0		P(4) = 0.099		P(5) = 0	
	P(6) = 0		P(7) = 0.02713245794997754		P(8) = 0.08483536558473018	
	P(9) = 0.099		P(10) = 0		P(11) = 0	
	P(12) = 0.099		P(13) = 0		P(14) = 0	
	P(15) = 0		P(16) = 0		P(17) = 0	
	P(18) = 0		P(19) = 0		P(20) = 0.099	
	P(21) = 0		P(22) = 0.001015885228606218		P(23) = 0	
	P(24) = 0.099		P(25) = 0.01944285402478014		P(26) = 0	
	P(27) = 0		P(28) = 0.099		P(29) = 0	
	P(30) = 0.0975933168094352		P(31) = 0		P(32) = 0.099	
	P(33) = 0		P(34) = 0		P(35) = 0	
	P(36) = 0		P(37) = 0		P(38) = 0.099	
	P(39) = 0.099		P(40) = 0		P(41) = 0	
	P(42) = 0		P(43) = 0.05424689067972364		P(44) = 0.099	
	P(45) = 0		P(46) = 0.0979245693697687		P(47) = 0	
	P(48) = 0.099		P(49) = 0		P(50) = 0.099	
	P(51) = 0		P(52) = 0.008446002808960233		P(53) = 0.05688419026239017	
	P(54) = 0		P(55) = 0		P(56) = 0	
	P(57) = 0		P(58) = 0.09747070063896954		P(59) = 0	
	P(60) = 0		P(61) = 0		P(62) = 0	
	P(63) = 0	
================================================================================

================================================================================

NUMBER OF ITERATIONS: 14

NUMBER OF OBJECTIVE FUNCTION EVALUATIONS: 850

OBJECTIVE FUNCTION VALUE:
	F = 10.33481084185268

LAGRANGIAN MULTIPLIERS VALUES:

PENALTY FACTOR:

BEST POSITION:
	P(0) = 0		P(1) = 0.02442717989377261		P(2) = 0	
	P(3) = 0		P(4) = 0.099		P(5) = 0	
	P(6) = 0		P(7) = 0.01663663853524111		P(8) = 0.09344216872130344	
	P(9) = 0.099		P(10) = 0		P(11) = 0	
	P(12) = 0.099		P(13) = 0		P(14) = 0.0001213900986307623	
	P(15) = 0		P(16) = 0		P(17) = 0	
	P(18) = 0		P(19) = 0		P(20) = 0.099	
	P(21) = 0		P(22) = 0.001406739126392095		P(23) = 0	
	P(24) = 0.099		P(25) = 0.04352730993523903		P(26) = 0	
	P(27) = 0		P(28) = 0.099		P(29) = 0	
	P(30) = 0.09818031317986015		P(31) = 0		P(32) = 0.099	
	P(33) = 0		P(34) = 0		P(35) = 0	
	P(36) = 0		P(37) = 0		P(38) = 0.099	
	P(39) = 0.099		P(40) = 0		P(41) = 0	
	P(42) = 0		P(43) = 0.03932515695403063		P(44) = 0.099	
	P(45) = 0		P(46) = 0.09846310833908509		P(47) = 0	
	P(48) = 0.09835282310427862		P(49) = 0		P(50) = 0.099	
	P(51) = 0		P(52) = 0		P(53) = 0.0514367482010653	
	P(54) = 0		P(55) = 0		P(56) = 0	
	P(57) = 0		P(58) = 0.099		P(59) = 0	
	P(60) = 0		P(61) = 0		P(62) = 0	
	P(63) = 0	
================================================================================

================================================================================

NUMBER OF ITERATIONS: 15

NUMBER OF OBJECTIVE FUNCTION EVALUATIONS: 910

OBJECTIVE FUNCTION VALUE:
	F = 10.31217991204689

LAGRANGIAN MULTIPLIERS VALUES:

PENALTY FACTOR:

BEST POSITION:
	P(0) = 0		P(1) = 0.02148162592540702		P(2) = 0	
	P(3) = 0		P(4) = 0.099		P(5) = 0	
	P(6) = 0		P(7) = 0.01646913903632363		P(8) = 0.099	
	P(9) = 0.099		P(10) = 0		P(11) = 3.883972184565154e-07	
	P(12) = 0.099		P(13) = 0		P(14) = 0	
	P(15) = 0		P(16) = 0		P(17) = 0	
	P(18) = 0		P(19) = 0		P(20) = 0.099	
	P(21) = 0		P(22) = 0		P(23) = 0	
	P(24) = 0.099		P(25) = 0.04055005070912169		P(26) = 0	
	P(27) = 0		P(28) = 0.099		P(29) = 0	
	P(30) = 0.099		P(31) = 0		P(32) = 0.099	
	P(33) = 0		P(34) = 0		P(35) = 0	
	P(36) = 0		P(37) = 0		P(38) = 0.099	
	P(39) = 0.099		P(40) = 0		P(41) = 0	
	P(42) = 0		P(43) = 0.04483932780198119		P(44) = 0.099	
	P(45) = 0		P(46) = 0.099		P(47) = 0	
	P(48) = 0.09768040993582214		P(49) = 0		P(50) = 0.099	
	P(51) = 0		P(52) = 0		P(53) = 0.05062654309408902	
	P(54) = 0		P(55) = 0		P(56) = 0	
	P(57) = 0		P(58) = 0.099		P(59) = 0	
	P(60) = 0		P(61) = 0		P(62) = 0	
	P(63) = 0	
================================================================================

================================================================================

NUMBER OF ITERATIONS: 16

NUMBER OF OBJECTIVE FUNCTION EVALUATIONS: 970

OBJECTIVE FUNCTION VALUE:
	F = 10.30046977869686

LAGRANGIAN MULTIPLIERS VALUES:

PENALTY FACTOR:

BEST POSITION:
	P(0) = 0		P(1) = 0.02189791672257477		P(2) = 6.980071733726778e-06	
	P(3) = 5.301241280605828e-07		P(4) = 0.099		P(5) = 2.122302634105511e-06	
	P(6) = 0		P(7) = 0.01870389458497342		P(8) = 0.09860030448998605	
	P(9) = 0.099		P(10) = 6.438387757150277e-06		P(11) = 1.732488500050255e-06	
	P(12) = 0.09899774958473853		P(13) = 1.457413993086187e-06		P(14) = 0	
	P(15) = 0		P(16) = 0		P(17) = 0	
	P(18) = 6.634544503808515e-06		P(19) = 0		P(20) = 0.099	
	P(21) = 0		P(22) = 0.000412950570636221		P(23) = 2.782339659571087e-07	
	P(24) = 0.09899527571655094		P(25) = 0.03907936053112428		P(26) = 0	
	P(27) = 1.564131060401153e-06		P(28) = 0.099		P(29) = 1.324790290344047e-06	
	P(30) = 0.099		P(31) = 0		P(32) = 0.099	
	P(33) = 4.461377440402592e-06		P(34) = 1.600193588045806e-06		P(35) = 0	
	P(36) = 0		P(37) = 0		P(38) = 0.099	
	P(39) = 0.09898856348500794		P(40) = 3.486839540052522e-06		P(41) = 0	
	P(42) = 0		P(43) = 0.04212735139042174		P(44) = 0.099	
	P(45) = 2.203987140854402e-06		P(46) = 0.09888365126901741		P(47) = 2.894201570582955e-06	
	P(48) = 0.09773591847121094		P(49) = 0		P(50) = 0.099	
	P(51) = 1.34389755102049e-07		P(52) = 0		P(53) = 0.05302519085335829	
	P(54) = 0		P(55) = 0		P(56) = 0	
	P(57) = 0		P(58) = 0.099		P(59) = 0	
	P(60) = 0		P(61) = 4.261549867642933e-06		P(62) = 0	
	P(63) = 2.569085061937537e-06	
================================================================================

================================================================================

NUMBER OF ITERATIONS: 17

NUMBER OF OBJECTIVE FUNCTION EVALUATIONS: 1030

OBJECTIVE FUNCTION VALUE:
	F = 10.26831518009817

LAGRANGIAN MULTIPLIERS VALUES:

PENALTY FACTOR:

BEST POSITION:
	P(0) = 0		P(1) = 0.01765657673731561		P(2) = 2.26176708359449e-06	
	P(3) = 0		P(4) = 0.09899124947709664		P(5) = 0	
	P(6) = 0		P(7) = 0.01914107337816612		P(8) = 0.09246621822327139	
	P(9) = 0.099		P(10) = 4.423009537818379e-06		P(11) = 7.833434666620898e-07	
	P(12) = 0.099		P(13) = 0		P(14) = 0	
	P(15) = 2.784591456250762e-06		P(16) = 7.473278705705244e-06		P(17) = 0	
	P(18) = 4.376788179313862e-07		P(19) = 4.606339206111865e-07		P(20) = 0.08289810870505926	
	P(21) = 0		P(22) = 0.0001808346686629422		P(23) = 1.492118805249132e-07	
	P(24) = 0.09899800256758889		P(25) = 0.03762166891759482		P(26) = 0	
	P(27) = 9.814259457965879e-07		P(28) = 0.098999622914407		P(29) = 0	
	P(30) = 0.099		P(31) = 0		P(32) = 0.099	
	P(33) = 0		P(34) = 0		P(35) = 0	
	P(36) = 4.688662203419791e-07		P(37) = 2.029269290326763e-06		P(38) = 0.099	
	P(39) = 0.09899635943090135		P(40) = 0		P(41) = 0	
	P(42) = 0		P(43) = 0.04335121569258601		P(44) = 0.09898888121719457	
	P(45) = 7.562532909663466e-06		P(46) = 0.0988615026644015		P(47) = 0	
	P(48) = 0.09828069450147889		P(49) = 0		P(50) = 0.099	
	P(51) = 5.359221668041481e-07		P(52) = 0		P(53) = 0.05526519021351534	
	P(54) = 1.076683835027348e-05		P(55) = 0		P(56) = 0	
	P(57) = 0		P(58) = 0.099		P(59) = 1.640098296687431e-07	
	P(60) = 0		P(61) = 0		P(62) = 0	
	P(63) = 7.999392522571591e-06	
================================================================================

================================================================================

NUMBER OF ITERATIONS: 18

NUMBER OF OBJECTIVE FUNCTION EVALUATIONS: 1090

OBJECTIVE FUNCTION VALUE:
	F = 10.22785038553692

LAGRANGIAN MULTIPLIERS VALUES:

PENALTY FACTOR:

BEST POSITION:
	P(0) = 0		P(1) = 0.02427022068826685		P(2) = 0	
	P(3) = 0		P(4) = 0.099		P(5) = 0	
	P(6) = 0		P(7) = 0.01557526346802723		P(8) = 0.09826893139738195	
	P(9) = 0.099		P(10) = 0		P(11) = 0	
	P(12) = 0.099		P(13) = 0		P(14) = 0	
	P(15) = 0		P(16) = 0		P(17) = 0	
	P(18) = 0		P(19) = 0		P(20) = 0.07121793086392751	
	P(21) = 0		P(22) = 0.000156298790430151		P(23) = 0	
	P(24) = 0.099		P(25) = 0.03668521101199243		P(26) = 0	
	P(27) = 0		P(28) = 0.099		P(29) = 0	
	P(30) = 0.099		P(31) = 0		P(32) = 0.099	
	P(33) = 0		P(34) = 0		P(35) = 0	
	P(36) = 0		P(37) = 0		P(38) = 0.099	
	P(39) = 0.099		P(40) = 0		P(41) = 0	
	P(42) = 0		P(43) = 0.04196620510795501		P(44) = 0.099	
	P(45) = 0		P(46) = 0.0989110977668807		P(47) = 0	
	P(48) = 0.09842213215654469		P(49) = 0		P(50) = 0.099	
	P(51) = 0		P(52) = 0		P(53) = 0.05975249102094099	
	P(54) = 0		P(55) = 0		P(56) = 0	
	P(57) = 0		P(58) = 0.099		P(59) = 0	
	P(60) = 0		P(61) = 0		P(62) = 0	
	P(63) = 0	
================================================================================

================================================================================

NUMBER OF ITERATIONS: 19

NUMBER OF OBJECTIVE FUNCTION EVALUATIONS: 1150

OBJECTIVE FUNCTION VALUE:
	F = 10.21965451533405

LAGRANGIAN MULTIPLIERS VALUES:

PENALTY FACTOR:

BEST POSITION:
	P(0) = 0		P(1) = 0.021492330432543		P(2) = 0	
	P(3) = 0		P(4) = 0.099		P(5) = 0	
	P(6) = 0		P(7) = 0.01733710320005966		P(8) = 0.099	
	P(9) = 0.099		P(10) = 0		P(11) = 0	
	P(12) = 0.099		P(13) = 0		P(14) = 0	
	P(15) = 0		P(16) = 0		P(17) = 0	
	P(18) = 0		P(19) = 0		P(20) = 0.07163228704449726	
	P(21) = 0		P(22) = 0.0002428349599973845		P(23) = 0	
	P(24) = 0.099		P(25) = 0.03809687914225401		P(26) = 0	
	P(27) = 0		P(28) = 0.099		P(29) = 0	
	P(30) = 0.099		P(31) = 1.488946809180547e-07		P(32) = 0.09899702017618531	
	P(33) = 0		P(34) = 0		P(35) = 0	
	P(36) = 0		P(37) = 0		P(38) = 0.099	
	P(39) = 0.09899384947354098		P(40) = 0		P(41) = 0	
	P(42) = 0		P(43) = 0.04145550178908675		P(44) = 0.099	
	P(45) = 0		P(46) = 0.099		P(47) = 0	
	P(48) = 0.09836765616148813		P(49) = 0		P(50) = 0.099	
	P(51) = 0		P(52) = 0		P(53) = 0.062015983602216	
	P(54) = 0		P(55) = 0		P(56) = 0	
	P(57) = 0		P(58) = 0.099		P(59) = 0	
	P(60) = 0		P(61) = 0		P(62) = 0	
	P(63) = 0	
================================================================================

================================================================================

NUMBER OF ITERATIONS: 20

NUMBER OF OBJECTIVE FUNCTION EVALUATIONS: 1210

OBJECTIVE FUNCTION VALUE:
	F = 10.21181698113222

LAGRANGIAN MULTIPLIERS VALUES:

PENALTY FACTOR:

BEST POSITION:
	P(0) = 0		P(1) = 0.02212906384325239		P(2) = 0	
	P(3) = 2.111566982321289e-06		P(4) = 0.099		P(5) = 0	
	P(6) = 0		P(7) = 0.01535147022430165		P(8) = 0.099	
	P(9) = 0.099		P(10) = 0		P(11) = 0	
	P(12) = 0.099		P(13) = 0		P(14) = 0	
	P(15) = 0		P(16) = 0		P(17) = 0	
	P(18) = 0		P(19) = 0		P(20) = 0.06200201395167361	
	P(21) = 0		P(22) = 0.0002272863515596149		P(23) = 0	
	P(24) = 0.099		P(25) = 0.03504565301528435		P(26) = 0	
	P(27) = 0		P(28) = 0.099		P(29) = 0	
	P(30) = 0.099		P(31) = 0		P(32) = 0.099	
	P(33) = 0		P(34) = 0		P(35) = 0	
	P(36) = 0		P(37) = 0		P(38) = 0.099	
	P(39) = 0.099		P(40) = 0		P(41) = 0	
	P(42) = 0		P(43) = 0.0409312827682535		P(44) = 0.099	
	P(45) = 3.138342406505679e-07		P(46) = 0.09894664462315284		P(47) = 0	
	P(48) = 0.09844751671440514		P(49) = 0		P(50) = 0.099	
	P(51) = 0		P(52) = 0		P(53) = 0.06213137072936091	
	P(54) = 0		P(55) = 0		P(56) = 0	
	P(57) = 0		P(58) = 0.099		P(59) = 0	
	P(60) = 0		P(61) = 0		P(62) = 0	
	P(63) = 0	
================================================================================

================================================================================

NUMBER OF ITERATIONS: 21

NUMBER OF OBJECTIVE FUNCTION EVALUATIONS: 1270

OBJECTIVE FUNCTION VALUE:
	F = 10.14148574103925

LAGRANGIAN MULTIPLIERS VALUES:

PENALTY FACTOR:

BEST POSITION:
	P(0) = 0		P(1) = 0.01919218986300057		P(2) = 0	
	P(3) = 3.378266739489932e-06		P(4) = 0.09899105067542072		P(5) = 5.295704251187527e-06	
	P(6) = 5.796475661234979e-06		P(7) = 0.01944432107605468		P(8) = 0.09899802101956695	
	P(9) = 0.099		P(10) = 0		P(11) = 1.125736553087009e-06	
	P(12) = 0.099		P(13) = 0		P(14) = 0	
	P(15) = 2.102112787727428e-07		P(16) = 0.02692244784872108		P(17) = 6.288385959195286e-06	
	P(18) = 0		P(19) = 6.333407812017522e-07		P(20) = 0.06427404452161292	
	P(21) = 6.956179580637489e-06		P(22) = 5.880768778167983e-05		P(23) = 4.867020994142601e-07	
	P(24) = 0.099		P(25) = 0.03670246147119882		P(26) = 0	
	P(27) = 2.211244680347391e-07		P(28) = 0.09899504253059679		P(29) = 2.5596691646812e-07	
	P(30) = 0.09899681717968702		P(31) = 2.917255608546332e-06		P(32) = 0.099	
	P(33) = 1.243802412648209e-06		P(34) = 0		P(35) = 4.483601142080129e-06	
	P(36) = 0.04678594386659934		P(37) = 0		P(38) = 0.09898894966948929	
	P(39) = 0.099		P(40) = 2.884228793256782e-06		P(41) = 0	
	P(42) = 3.291587824874598e-07		P(43) = 0.04233179803702158		P(44) = 0.099	
	P(45) = 0		P(46) = 0.09898919090683098		P(47) = 1.522687308713744e-06	
	P(48) = 0.09866042552668594		P(49) = 0		P(50) = 0.099	
	P(51) = 2.213290401217871e-06		P(52) = 0		P(53) = 0.05782801654887628	
	P(54) = 3.17326619837105e-06		P(55) = 0		P(56) = 0	
	P(57) = 0		P(58) = 0.099		P(59) = 0	
	P(60) = 0		P(61) = 4.106492285473051e-06		P(62) = 0	
	P(63) = 5.937908416464577e-06	
================================================================================

================================================================================

NUMBER OF ITERATIONS: 22

NUMBER OF OBJECTIVE FUNCTION EVALUATIONS: 1330

OBJECTIVE FUNCTION VALUE:
	F = 9.831271407617933

LAGRANGIAN MULTIPLIERS VALUES:

PENALTY FACTOR:

BEST POSITION:
	P(0) = 6.07700497333441e-07		P(1) = 0.01083278656034185		P(2) = 0.003162046451012694	
	P(3) = 0.002153227782073386		P(4) = 0.099		P(5) = 0.002733577880758523	
	P(6) = 0		P(7) = 0.01602539806206253		P(8) = 0.099	
	P(9) = 0.09899811643293513		P(10) = 0		P(11) = 1.919235081832005e-07	
	P(12) = 0.099		P(13) = 3.074530852624491e-06		P(14) = 0	
	P(15) = 0.006744097938339133		P(16) = 0.03491002147520197		P(17) = 0	
	P(18) = 2.497320911606926e-06		P(19) = 2.588393437467917e-06		P(20) = 0.04087060434034567	
	P(21) = 1.73082058640972e-06		P(22) = 0.01222620256176229		P(23) = 0.008850372817248403	
	P(24) = 0.09899755035754054		P(25) = 0.03478172090873811		P(26) = 0	
	P(27) = 0		P(28) = 0.09899804765616729		P(29) = 0.0005916518218594402	
	P(30) = 0.099		P(31) = 7.19394906298354e-07		P(32) = 0.099	
	P(33) = 0		P(34) = 9.456910287711229e-07		P(35) = 0.0002119242144051001	
	P(36) = 0.0760486983757923		P(37) = 0		P(38) = 0.09899700469839473	
	P(39) = 0.06603789709412751		P(40) = 2.552618737876322e-06		P(41) = 0	
	P(42) = 0		P(43) = 0.03848155224592254		P(44) = 0.099	
	P(45) = 0.003091942234432835		P(46) = 0.099		P(47) = 6.82082862166894e-06	
	P(48) = 0.099		P(49) = 0		P(50) = 0.09899381325340628	
	P(51) = 1.237055232972128e-06		P(52) = 0		P(53) = 0.06936093769220192	
	P(54) = 0.009663237449252952		P(55) = 0		P(56) = 0	
	P(57) = 0		P(58) = 0.099		P(59) = 0.0003269192218616074	
	P(60) = 0		P(61) = 0		P(62) = 0	
	P(63) = 0	
================================================================================

================================================================================

NUMBER OF ITERATIONS: 23

NUMBER OF OBJECTIVE FUNCTION EVALUATIONS: 1390

OBJECTIVE FUNCTION VALUE:
	F = 9.62878774922569

LAGRANGIAN MULTIPLIERS VALUES:

PENALTY FACTOR:

BEST POSITION:
	P(0) = 0		P(1) = 0.02306111679044464		P(2) = 0	
	P(3) = 0.0005524087218295379		P(4) = 0.099		P(5) = 0.001674618292074131	
	P(6) = 0		P(7) = 0.01925834694313949		P(8) = 0.099	
	P(9) = 0.099		P(10) = 0		P(11) = 0	
	P(12) = 0.099		P(13) = 0		P(14) = 0	
	P(15) = 0.02305800962677545		P(16) = 0.0498498925333508		P(17) = 0	
	P(18) = 0		P(19) = 0		P(20) = 0.04589691477658007	
	P(21) = 0		P(22) = 0.0142445026886571		P(23) = 0.002436666561217625	
	P(24) = 0.099		P(25) = 0.0201540836212298		P(26) = 0	
	P(27) = 0		P(28) = 0.099		P(29) = 0.0003709977646431106	
	P(30) = 0.099		P(31) = 0		P(32) = 0.099	
	P(33) = 0		P(34) = 0		P(35) = 1.292796118916584e-05	
	P(36) = 0.09567168219014313		P(37) = 0		P(38) = 0.099	
	P(39) = 0.03698245069159253		P(40) = 0		P(41) = 0	
	P(42) = 0		P(43) = 0.03951996977756489		P(44) = 0.099	
	P(45) = 0		P(46) = 0.099		P(47) = 0	
	P(48) = 0.099		P(49) = 0		P(50) = 0.099	
	P(51) = 0		P(52) = 0		P(53) = 0.07899347234435816	
	P(54) = 0.007710140909055752		P(55) = 0		P(56) = 0	
	P(57) = 0		P(58) = 0.099		P(59) = 0	
	P(60) = 0		P(61) = 0		P(62) = 0	
	P(63) = 0	
================================================================================

================================================================================

NUMBER OF ITERATIONS: 24

NUMBER OF OBJECTIVE FUNCTION EVALUATIONS: 1450

OBJECTIVE FUNCTION VALUE:
	F = 9.530494581664401

LAGRANGIAN MULTIPLIERS VALUES:

PENALTY FACTOR:

BEST POSITION:
	P(0) = 0		P(1) = 0.03252605963159445		P(2) = 0.0007103189074764774	
	P(3) = 0.0007597494547078518		P(4) = 0.099		P(5) = 0	
	P(6) = 0		P(7) = 0.01660154293445		P(8) = 0.099	
	P(9) = 0.099		P(10) = 0		P(11) = 0	
	P(12) = 0.099		P(13) = 0		P(14) = 0	
	P(15) = 0.03353575026953753		P(16) = 0.0556642502705099		P(17) = 0	
	P(18) = 0		P(19) = 0		P(20) = 0.03980783806564455	
	P(21) = 0		P(22) = 0.02398201202721764		P(23) = 0.00299637353901084	
	P(24) = 0.099		P(25) = 0.03354401773216197		P(26) = 0	
	P(27) = 0		P(28) = 0.099		P(29) = 0.000840151033844265	
	P(30) = 0.099		P(31) = 0		P(32) = 0.099	
	P(33) = 0		P(34) = 0		P(35) = 0	
	P(36) = 0.07653445123388702		P(37) = 0		P(38) = 0.099	
	P(39) = 0.03692639240799891		P(40) = 0		P(41) = 0	
	P(42) = 0		P(43) = 0.03648442557746127		P(44) = 0.099	
	P(45) = 0		P(46) = 0.099		P(47) = 0	
	P(48) = 0.099		P(49) = 0		P(50) = 0.099	
	P(51) = 0		P(52) = 0		P(53) = 0.06407009266918991	
	P(54) = 0.009047168552697826		P(55) = 0		P(56) = 0	
	P(57) = 0		P(58) = 0.099		P(59) = 0	
	P(60) = 0		P(61) = 0		P(62) = 0	
	P(63) = 0	
================================================================================
