                                     ======================
                                        ALPSO 1.1 (Serial)
                                     ======================

Parameters:
-------------------------------------------------------------------------------------------------
Swarmsize           :       10    MaxOuterIters     :      200    Seed:       1519595565.21425796
Cognitive Parameter :    2.000    MaxInnerIters     :        6    Scaling            :          1
Social Parameter    :    1.000    MinInnerIters     :        6    Stopping Criteria  :          1
Initial Weight      :    0.990    DynInnerIters     :        0    Number of Failures :         15
Final Weight        :    0.550    StoppingIters     :        5    Number of Successes:          5

Absolute Tolerance  : 1.00e-02    Number Initial Pos:        0    Neighbourhood Model:      gbest
Relative Tolerance  : 1.00e-02    Initial Velocity  :        1    Neighbourhood Size :         40
Inequality Tolerance: 1.00e-03    Maximum Velocity  :        2    Selfless           :          1
Equality Tolerance  : 1.00e-03    Craziness Velocity: 1.00e-04    Fileout            :          1
Global Distance     : 1.00e-01    Initial Penalty   :     1.00    File Name          :  ALPSO.out
-------------------------------------------------------------------------------------------------


================================================================================

NUMBER OF ITERATIONS: 1

NUMBER OF OBJECTIVE FUNCTION EVALUATIONS: 70

OBJECTIVE FUNCTION VALUE:
	F = 36.34485046759368

LAGRANGIAN MULTIPLIERS VALUES:

PENALTY FACTOR:

BEST POSITION:
	P(0) = 0.02643081074479296		P(1) = 0		P(2) = 0.04337584870996038	
	P(3) = 0.06826901960443278		P(4) = 0.07606047004955863		P(5) = 0.099	
	P(6) = 0.09048457469211013		P(7) = 0.06337203556800787		P(8) = 0.06915128723888901	
	P(9) = 0.05738768894048901		P(10) = 0.099		P(11) = 0.07998776171607558	
	P(12) = 0.099		P(13) = 0.099		P(14) = 0.01950136960805513	
	P(15) = 0.01523237246085879		P(16) = 0.099		P(17) = 0	
	P(18) = 0.05129628623780572		P(19) = 0		P(20) = 0.06954317141909246	
	P(21) = 0.07509886120645205		P(22) = 0		P(23) = 0	
	P(24) = 0.05828149060048265		P(25) = 0.099		P(26) = 0.07985397020249822	
	P(27) = 0.08227707623238878		P(28) = 0.07359137557688364		P(29) = 0.09096484626566076	
	P(30) = 0.09813007593073586		P(31) = 0		P(32) = 0.06823700972543231	
	P(33) = 0.00472611349190695		P(34) = 0.06553438365814922		P(35) = 0.04747934536027667	
	P(36) = 0.06952573945533401		P(37) = 0		P(38) = 0	
	P(39) = 0.05537055102968172		P(40) = 0.099		P(41) = 0.03385716894179197	
	P(42) = 0		P(43) = 0.099		P(44) = 0.0256388066780892	
	P(45) = 0.00624454576057832		P(46) = 0.01637249063917854		P(47) = 0.05975499441563488	
	P(48) = 0.099		P(49) = 0.02435373985509659		P(50) = 0.02998606758548788	
	P(51) = 0.03018688404575929		P(52) = 0.09135557845557436		P(53) = 0.005619387798121371	
	P(54) = 0.02291052029057153		P(55) = 0.007684097689173101		P(56) = 0.0705378240241898	
	P(57) = 0		P(58) = 0.05174210672881213		P(59) = 0.005201847515579651	
	P(60) = 0.07528096167496869		P(61) = 0		P(62) = 0.099	
	P(63) = 0.09897183106150309	
================================================================================

================================================================================

NUMBER OF ITERATIONS: 2

NUMBER OF OBJECTIVE FUNCTION EVALUATIONS: 130

OBJECTIVE FUNCTION VALUE:
	F = 34.86430994448907

LAGRANGIAN MULTIPLIERS VALUES:

PENALTY FACTOR:

BEST POSITION:
	P(0) = 0.04969628506871827		P(1) = 0		P(2) = 0.02142500812113375	
	P(3) = 0.06244803008624905		P(4) = 0.08201008497716729		P(5) = 0.099	
	P(6) = 0.099		P(7) = 0.07775740708887953		P(8) = 0.09116079707952938	
	P(9) = 0.05419317726276664		P(10) = 0.099		P(11) = 0.07445865916952944	
	P(12) = 0.099		P(13) = 0.099		P(14) = 0.005782996317332249	
	P(15) = 0.003948311491426437		P(16) = 0.099		P(17) = 0	
	P(18) = 0.04320644185082118		P(19) = 0		P(20) = 0.06233238598912968	
	P(21) = 0.06722117837265859		P(22) = 0		P(23) = 0	
	P(24) = 0.06129827220661309		P(25) = 0.099		P(26) = 0.0926498814880399	
	P(27) = 0.099		P(28) = 0.0744960832725563		P(29) = 0.099	
	P(30) = 0.099		P(31) = 0		P(32) = 0.07614522437622163	
	P(33) = 0.005646776005251264		P(34) = 0.06746261724716315		P(35) = 0.06346083984433935	
	P(36) = 0.07246845545699253		P(37) = 0		P(38) = 0	
	P(39) = 0.04950076732725891		P(40) = 0.099		P(41) = 0.02098363972942562	
	P(42) = 0		P(43) = 0.099		P(44) = 0.032782056700163	
	P(45) = 0		P(46) = 0.0206758117740542		P(47) = 0.05461463132738929	
	P(48) = 0.099		P(49) = 0		P(50) = 0.03901888393175415	
	P(51) = 0.02567763370038614		P(52) = 0.099		P(53) = 0.003715941633915178	
	P(54) = 0.009591518744303661		P(55) = 0		P(56) = 0.05176531297191129	
	P(57) = 0		P(58) = 0.05720852924213125		P(59) = 0.003279659031760529	
	P(60) = 0.08585049161219943		P(61) = 0		P(62) = 0.099	
	P(63) = 0.099	
================================================================================

================================================================================

NUMBER OF ITERATIONS: 3

NUMBER OF OBJECTIVE FUNCTION EVALUATIONS: 190

OBJECTIVE FUNCTION VALUE:
	F = 31.68806563218866

LAGRANGIAN MULTIPLIERS VALUES:

PENALTY FACTOR:

BEST POSITION:
	P(0) = 0.03787669569503993		P(1) = 0		P(2) = 0.03826783501908694	
	P(3) = 0.06442625575047957		P(4) = 0.08540052131123291		P(5) = 0.099	
	P(6) = 0.099		P(7) = 0.06762471158981917		P(8) = 0.0778647184252045	
	P(9) = 0.05244402174869783		P(10) = 0.099		P(11) = 0.07522302824080371	
	P(12) = 0.099		P(13) = 0.099		P(14) = 0.009203142412937314	
	P(15) = 0.005417151211348829		P(16) = 0.099		P(17) = 0	
	P(18) = 0.04482982427594893		P(19) = 0		P(20) = 0.08478405321432966	
	P(21) = 0.06358860531719288		P(22) = 0		P(23) = 0	
	P(24) = 0.05913318481444139		P(25) = 0.099		P(26) = 0.08880848556270723	
	P(27) = 0.09854459032152675		P(28) = 0.0787203858673072		P(29) = 0.09699104846879214	
	P(30) = 0.09837018542677969		P(31) = 0		P(32) = 0.06976198553670956	
	P(33) = 0.005488410542200547		P(34) = 0.06941866945166335		P(35) = 0.05072452192949129	
	P(36) = 0.06379833029264605		P(37) = 0		P(38) = 0	
	P(39) = 0.04884640715578726		P(40) = 0.099		P(41) = 0.02173481973497396	
	P(42) = 0		P(43) = 0.099		P(44) = 0.02884167390531279	
	P(45) = 0		P(46) = 0.01720827785256678		P(47) = 0.05449097707866753	
	P(48) = 0.099		P(49) = 0.002427358244899723		P(50) = 0.04043821575698906	
	P(51) = 0.02457676919327235		P(52) = 0.099		P(53) = 0.004325748259598708	
	P(54) = 0.01158450245477611		P(55) = 0.002755753617876638		P(56) = 0.04813953577394713	
	P(57) = 0		P(58) = 0.05436933619043633		P(59) = 0.002684630912468483	
	P(60) = 0.08408550842386747		P(61) = 0		P(62) = 0.099	
	P(63) = 0.099	
================================================================================

================================================================================

NUMBER OF ITERATIONS: 4

NUMBER OF OBJECTIVE FUNCTION EVALUATIONS: 250

OBJECTIVE FUNCTION VALUE:
	F = 33.97259890679713

LAGRANGIAN MULTIPLIERS VALUES:

PENALTY FACTOR:

BEST POSITION:
	P(0) = 0.04491982116796536		P(1) = 0		P(2) = 0.05383608806453834	
	P(3) = 0.06830142558672948		P(4) = 0.08392225839829567		P(5) = 0.099	
	P(6) = 0.099		P(7) = 0.06086910358391005		P(8) = 0	
	P(9) = 0.04663486315574075		P(10) = 0.09899470322803086		P(11) = 0.07664463510043956	
	P(12) = 0.099		P(13) = 0.09899835668270077		P(14) = 0.01122892330684358	
	P(15) = 0		P(16) = 0.09899955842128612		P(17) = 0	
	P(18) = 0.04814457937326862		P(19) = 4.270198643012424e-06		P(20) = 0.07427389405705942	
	P(21) = 0.06472936623837409		P(22) = 0		P(23) = 0	
	P(24) = 0.05756646675515915		P(25) = 0.09899242283760759		P(26) = 0.07351608245759544	
	P(27) = 0.09809880102731224		P(28) = 0.0720846743967789		P(29) = 0.09720951500195585	
	P(30) = 0.09855270799553517		P(31) = 1.260969613184337e-06		P(32) = 0.06818048775279628	
	P(33) = 0.008601761477547987		P(34) = 0.06158613274979291		P(35) = 0.0391213705519899	
	P(36) = 0.06460327544240739		P(37) = 0		P(38) = 5.311459827885001e-06	
	P(39) = 0.05119517895456626		P(40) = 0.099		P(41) = 0.02098890636036664	
	P(42) = 5.068311316955287e-06		P(43) = 0.09899758832193187		P(44) = 0.02007476504908673	
	P(45) = 8.008369315026798e-06		P(46) = 0.005914146700237349		P(47) = 0.06429174086246747	
	P(48) = 0.099		P(49) = 0.006359211600644073		P(50) = 0.03502450784387126	
	P(51) = 0.02075655753060447		P(52) = 0.099		P(53) = 0.003655339617673774	
	P(54) = 0.006362221337699189		P(55) = 0.002854954241936068		P(56) = 0.04065420743246437	
	P(57) = 0		P(58) = 0.05426541675951953		P(59) = 0.001400361923801913	
	P(60) = 0.08954830798995261		P(61) = 0		P(62) = 0.099	
	P(63) = 0.099	
================================================================================

================================================================================

NUMBER OF ITERATIONS: 5

NUMBER OF OBJECTIVE FUNCTION EVALUATIONS: 310

OBJECTIVE FUNCTION VALUE:
	F = 32.23805690867168

LAGRANGIAN MULTIPLIERS VALUES:

PENALTY FACTOR:

BEST POSITION:
	P(0) = 0.02314253758213496		P(1) = 0		P(2) = 0.08775784484483483	
	P(3) = 0.07689038627411825		P(4) = 0.06927319857419088		P(5) = 0.099	
	P(6) = 0.099		P(7) = 0.07075159502413346		P(8) = 0	
	P(9) = 0.02296133063518279		P(10) = 0.099		P(11) = 0.05557259812621139	
	P(12) = 0.099		P(13) = 0.099		P(14) = 0.003822155210130532	
	P(15) = 0		P(16) = 0.099		P(17) = 0	
	P(18) = 0.03591750809156219		P(19) = 0		P(20) = 0.07318266486735403	
	P(21) = 0.07929324622980338		P(22) = 0		P(23) = 0	
	P(24) = 0.05328687888729183		P(25) = 0.099		P(26) = 0.05780049253638816	
	P(27) = 0.099		P(28) = 0.05783537299756386		P(29) = 0.099	
	P(30) = 0.099		P(31) = 0		P(32) = 0.06705625788703926	
	P(33) = 0.002384493829484552		P(34) = 0.05087694773242997		P(35) = 0.03167669986508116	
	P(36) = 0.0514275366868914		P(37) = 0		P(38) = 0	
	P(39) = 0.04140641937279191		P(40) = 0.099		P(41) = 0.004654530426937586	
	P(42) = 0		P(43) = 0.099		P(44) = 0.005717013870017017	
	P(45) = 0		P(46) = 0		P(47) = 0.08808600375071639	
	P(48) = 0.099		P(49) = 0.01300151142150555		P(50) = 0.01850126713497004	
	P(51) = 0.003485759099723103		P(52) = 0.099		P(53) = 0.004561716430080687	
	P(54) = 0.002410809375767473		P(55) = 0.00243851876598869		P(56) = 0.04824430647602406	
	P(57) = 0		P(58) = 0.0436033331647336		P(59) = 0	
	P(60) = 0.099		P(61) = 0		P(62) = 0.099	
	P(63) = 0.099	
================================================================================

================================================================================

NUMBER OF ITERATIONS: 6

NUMBER OF OBJECTIVE FUNCTION EVALUATIONS: 370

OBJECTIVE FUNCTION VALUE:
	F = 29.06239847566

LAGRANGIAN MULTIPLIERS VALUES:

PENALTY FACTOR:

BEST POSITION:
	P(0) = 0.01653088991239115		P(1) = 0		P(2) = 0.099	
	P(3) = 0.09195143879183576		P(4) = 0.07213652948718856		P(5) = 0.099	
	P(6) = 0.099		P(7) = 0.04208714800463231		P(8) = 0	
	P(9) = 0.0207726703341855		P(10) = 0.099		P(11) = 0.03664539017066477	
	P(12) = 0.099		P(13) = 0.099		P(14) = 0.002595942585458859	
	P(15) = 0		P(16) = 0.099		P(17) = 0	
	P(18) = 0.04174459804400674		P(19) = 0		P(20) = 0.06826272606648356	
	P(21) = 0.07762815748678537		P(22) = 0		P(23) = 0.0005516059686357655	
	P(24) = 0		P(25) = 0.07847257564646921		P(26) = 0.0391130566153342	
	P(27) = 0.08249483411467806		P(28) = 0		P(29) = 0.099	
	P(30) = 0.099		P(31) = 0		P(32) = 0.05122779119315039	
	P(33) = 0		P(34) = 0.03923522115392275		P(35) = 0.004166472029274795	
	P(36) = 0.03799958344081201		P(37) = 0		P(38) = 0	
	P(39) = 0.03624311216959599		P(40) = 0.099		P(41) = 0.00336560028060133	
	P(42) = 0.003244942417938504		P(43) = 0.099		P(44) = 0.001059601292594074	
	P(45) = 0		P(46) = 0		P(47) = 0.07950007713896654	
	P(48) = 0.09288315794200949		P(49) = 0.01047728565092865		P(50) = 0.009570425515626042	
	P(51) = 0		P(52) = 0.099		P(53) = 0.001233388046330094	
	P(54) = 0.000103789590325129		P(55) = 0		P(56) = 0	
	P(57) = 0		P(58) = 0.06792714634148887		P(59) = 0	
	P(60) = 0.09152807797928317		P(61) = 0		P(62) = 0.099	
	P(63) = 0.099	
================================================================================

================================================================================

NUMBER OF ITERATIONS: 7

NUMBER OF OBJECTIVE FUNCTION EVALUATIONS: 430

OBJECTIVE FUNCTION VALUE:
	F = 26.74476592223314

LAGRANGIAN MULTIPLIERS VALUES:

PENALTY FACTOR:

BEST POSITION:
	P(0) = 0.01805730601761693		P(1) = 0		P(2) = 0.09818267395219304	
	P(3) = 0.07957356030830619		P(4) = 0.07437849402519253		P(5) = 0.099	
	P(6) = 0.099		P(7) = 0.03006141096376041		P(8) = 0	
	P(9) = 0		P(10) = 0.099		P(11) = 0.02961168561741821	
	P(12) = 0.099		P(13) = 0.099		P(14) = 0	
	P(15) = 0.002772246082228404		P(16) = 0.099		P(17) = 0.0001214952178719211	
	P(18) = 0.01916839185795234		P(19) = 0		P(20) = 0.07157794345003934	
	P(21) = 0.09727540341000794		P(22) = 0		P(23) = 0	
	P(24) = 0.001762104591271317		P(25) = 0.09419038037637723		P(26) = 0.04944370129927456	
	P(27) = 0.07461755031906123		P(28) = 0		P(29) = 0.09384755947263679	
	P(30) = 0.099		P(31) = 0.008460883579857609		P(32) = 0.05435271749699269	
	P(33) = 0.02270188043140173		P(34) = 0		P(35) = 0	
	P(36) = 0.05226645350696428		P(37) = 0.0245036985041882		P(38) = 0	
	P(39) = 0		P(40) = 0.099		P(41) = 0	
	P(42) = 0		P(43) = 0.099		P(44) = 0	
	P(45) = 0		P(46) = 0		P(47) = 0.099	
	P(48) = 0.099		P(49) = 0.004596039768503583		P(50) = 0	
	P(51) = 0		P(52) = 0.09033873709619096		P(53) = 0	
	P(54) = 0		P(55) = 0.005478108805940442		P(56) = 0	
	P(57) = 0		P(58) = 0.01675004003307815		P(59) = 0	
	P(60) = 0.02882637706943509		P(61) = 0		P(62) = 0.099	
	P(63) = 0.08868674790348595	
================================================================================
