                                     ======================
                                        ALPSO 1.1 (Serial)
                                     ======================

Parameters:
-------------------------------------------------------------------------------------------------
Swarmsize           :        5    MaxOuterIters     :      200    Seed:       1505778884.41995502
Cognitive Parameter :    2.000    MaxInnerIters     :        6    Scaling            :          1
Social Parameter    :    1.000    MinInnerIters     :        6    Stopping Criteria  :          1
Initial Weight      :    0.990    DynInnerIters     :        0    Number of Failures :         15
Final Weight        :    0.550    StoppingIters     :        5    Number of Successes:          5

Absolute Tolerance  : 1.00e-02    Number Initial Pos:        0    Neighbourhood Model:      gbest
Relative Tolerance  : 1.00e-02    Initial Velocity  :        1    Neighbourhood Size :         40
Inequality Tolerance: 1.00e-03    Maximum Velocity  :        2    Selfless           :          1
Equality Tolerance  : 1.00e-03    Craziness Velocity: 1.00e-04    Fileout            :          1
Global Distance     : 1.00e-01    Initial Penalty   :     1.00    File Name          :  ALPSO.out
-------------------------------------------------------------------------------------------------


================================================================================

NUMBER OF ITERATIONS: 1

NUMBER OF OBJECTIVE FUNCTION EVALUATIONS: 35

OBJECTIVE FUNCTION VALUE:
	F = 1.080238604841826

LAGRANGIAN MULTIPLIERS VALUES:

PENALTY FACTOR:

BEST POSITION:
	P(0) = 0.01125730880810967		P(1) = 0.0161066244815525		P(2) = 0.0006577582946936781	
	P(3) = 0.01343290561879809		P(4) = 0.03484591039229382		P(5) = 1.000000000000003e-05	

================================================================================

================================================================================

NUMBER OF ITERATIONS: 2

NUMBER OF OBJECTIVE FUNCTION EVALUATIONS: 65

OBJECTIVE FUNCTION VALUE:
	F = 0.5337862023452055

LAGRANGIAN MULTIPLIERS VALUES:

PENALTY FACTOR:

BEST POSITION:
	P(0) = 0.006583525483972407		P(1) = 0.01192367940392487		P(2) = 0.0002072566091256659	
	P(3) = 0.01117898846974111		P(4) = 0.0392652850190931		P(5) = 1.000000000000003e-05	

================================================================================

================================================================================

NUMBER OF ITERATIONS: 3

NUMBER OF OBJECTIVE FUNCTION EVALUATIONS: 95

OBJECTIVE FUNCTION VALUE:
	F = 0.5426921606675988

LAGRANGIAN MULTIPLIERS VALUES:

PENALTY FACTOR:

BEST POSITION:
	P(0) = 0.002287942042279555		P(1) = 0.01388709676024504		P(2) = 0.0001762521394464658	
	P(3) = 0.013526817243378		P(4) = 0.03810175941957351		P(5) = 1.000000000000003e-05	

================================================================================

================================================================================

NUMBER OF ITERATIONS: 4

NUMBER OF OBJECTIVE FUNCTION EVALUATIONS: 125

OBJECTIVE FUNCTION VALUE:
	F = 0.3660566672221965

LAGRANGIAN MULTIPLIERS VALUES:

PENALTY FACTOR:

BEST POSITION:
	P(0) = 0.003806718371059922		P(1) = 0.01260933509101521		P(2) = 0.0003245367723029383	
	P(3) = 0.01502460741000726		P(4) = 0.03830571147649366		P(5) = 1.000000000000003e-05	

================================================================================

================================================================================

NUMBER OF ITERATIONS: 5

NUMBER OF OBJECTIVE FUNCTION EVALUATIONS: 155

OBJECTIVE FUNCTION VALUE:
	F = 0.3383979614584594

LAGRANGIAN MULTIPLIERS VALUES:

PENALTY FACTOR:

BEST POSITION:
	P(0) = 0.003827055718474855		P(1) = 0.01462720652316313		P(2) = 0.0002922582774170649	
	P(3) = 0.01560077080657372		P(4) = 0.03709581191357921		P(5) = 1.000000000000003e-05	

================================================================================

================================================================================

NUMBER OF ITERATIONS: 6

NUMBER OF OBJECTIVE FUNCTION EVALUATIONS: 185

OBJECTIVE FUNCTION VALUE:
	F = 0.2682409505626227

LAGRANGIAN MULTIPLIERS VALUES:

PENALTY FACTOR:

BEST POSITION:
	P(0) = 0.00504843613836228		P(1) = 0.01606749723264454		P(2) = 0.000298129923113925	
	P(3) = 0.01703275246246995		P(4) = 0.03375144591046605		P(5) = 1.000000000000003e-05	

================================================================================

================================================================================

NUMBER OF ITERATIONS: 7

NUMBER OF OBJECTIVE FUNCTION EVALUATIONS: 215

OBJECTIVE FUNCTION VALUE:
	F = 0.1150348432650284

LAGRANGIAN MULTIPLIERS VALUES:

PENALTY FACTOR:

BEST POSITION:
	P(0) = 0.005294215613545136		P(1) = 0.01401028460814099		P(2) = 0.0002376772304901605	
	P(3) = 0.01557896165888773		P(4) = 0.03473724806235289		P(5) = 1.000000000000003e-05	

================================================================================

================================================================================

NUMBER OF ITERATIONS: 8

NUMBER OF OBJECTIVE FUNCTION EVALUATIONS: 245

OBJECTIVE FUNCTION VALUE:
	F = 0.2211214673376817

LAGRANGIAN MULTIPLIERS VALUES:

PENALTY FACTOR:

BEST POSITION:
	P(0) = 0.004119898787476842		P(1) = 0.01280165318632267		P(2) = 0.0001917319151887253	
	P(3) = 0.01450948416450045		P(4) = 0.03673088649066991		P(5) = 1.000000000000003e-05	

================================================================================

================================================================================

NUMBER OF ITERATIONS: 9

NUMBER OF OBJECTIVE FUNCTION EVALUATIONS: 275

OBJECTIVE FUNCTION VALUE:
	F = 0.3970520584167767

LAGRANGIAN MULTIPLIERS VALUES:

PENALTY FACTOR:

BEST POSITION:
	P(0) = 0.004169386535194127		P(1) = 0.01171739271461092		P(2) = 0.0004760062862845138	
	P(3) = 0.01422073040729613		P(4) = 0.03764176293952631		P(5) = 1.000000000000003e-05	

================================================================================

================================================================================

NUMBER OF ITERATIONS: 10

NUMBER OF OBJECTIVE FUNCTION EVALUATIONS: 305

OBJECTIVE FUNCTION VALUE:
	F = 0.2044286557761811

LAGRANGIAN MULTIPLIERS VALUES:

PENALTY FACTOR:

BEST POSITION:
	P(0) = 0.004635352309159384		P(1) = 0.01299288986025184		P(2) = 0.0006143318821306999	
	P(3) = 0.01503452606660872		P(4) = 0.0376625122007478		P(5) = 1.00171877634443e-05	

================================================================================

================================================================================

NUMBER OF ITERATIONS: 11

NUMBER OF OBJECTIVE FUNCTION EVALUATIONS: 335

OBJECTIVE FUNCTION VALUE:
	F = 0.2044286557761811

LAGRANGIAN MULTIPLIERS VALUES:

PENALTY FACTOR:

BEST POSITION:
	P(0) = 0.004635352309159384		P(1) = 0.01299288986025184		P(2) = 0.0006143318821306999	
	P(3) = 0.01503452606660872		P(4) = 0.0376625122007478		P(5) = 1.00171877634443e-05	

================================================================================

================================================================================

NUMBER OF ITERATIONS: 12

NUMBER OF OBJECTIVE FUNCTION EVALUATIONS: 365

OBJECTIVE FUNCTION VALUE:
	F = 0.26361822884344

LAGRANGIAN MULTIPLIERS VALUES:

PENALTY FACTOR:

BEST POSITION:
	P(0) = 0.004905048461706427		P(1) = 0.01276638198730148		P(2) = 0.0006413645018769871	
	P(3) = 0.01526830570327547		P(4) = 0.03809481582872552		P(5) = 1.000000000000003e-05	

================================================================================

================================================================================

NUMBER OF ITERATIONS: 13

NUMBER OF OBJECTIVE FUNCTION EVALUATIONS: 395

OBJECTIVE FUNCTION VALUE:
	F = 0.2485100851860908

LAGRANGIAN MULTIPLIERS VALUES:

PENALTY FACTOR:

BEST POSITION:
	P(0) = 0.005128961831198196		P(1) = 0.0129983562678682		P(2) = 0.0006403526670577591	
	P(3) = 0.01477719203778795		P(4) = 0.03926881551774644		P(5) = 1.000000000000003e-05	

================================================================================

================================================================================

NUMBER OF ITERATIONS: 14

NUMBER OF OBJECTIVE FUNCTION EVALUATIONS: 425

OBJECTIVE FUNCTION VALUE:
	F = 0.2485100851860908

LAGRANGIAN MULTIPLIERS VALUES:

PENALTY FACTOR:

BEST POSITION:
	P(0) = 0.005128961831198196		P(1) = 0.0129983562678682		P(2) = 0.0006403526670577591	
	P(3) = 0.01477719203778795		P(4) = 0.03926881551774644		P(5) = 1.000000000000003e-05	

================================================================================

================================================================================

NUMBER OF ITERATIONS: 15

NUMBER OF OBJECTIVE FUNCTION EVALUATIONS: 455

OBJECTIVE FUNCTION VALUE:
	F = 0.2158560119746376

LAGRANGIAN MULTIPLIERS VALUES:

PENALTY FACTOR:

BEST POSITION:
	P(0) = 0.005115411278393789		P(1) = 0.01326471075153276		P(2) = 0.0004983293061057792	
	P(3) = 0.01497252684558405		P(4) = 0.03837025042756965		P(5) = 1.004347184708587e-05	

================================================================================

================================================================================

NUMBER OF ITERATIONS: 16

NUMBER OF OBJECTIVE FUNCTION EVALUATIONS: 485

OBJECTIVE FUNCTION VALUE:
	F = 0.2048209080024875

LAGRANGIAN MULTIPLIERS VALUES:

PENALTY FACTOR:

BEST POSITION:
	P(0) = 0.005209137829202968		P(1) = 0.01320824623913981		P(2) = 0.0004668991480471531	
	P(3) = 0.01553274284370813		P(4) = 0.03777162982448844		P(5) = 1.000000000000003e-05	

================================================================================

================================================================================

NUMBER OF ITERATIONS: 17

NUMBER OF OBJECTIVE FUNCTION EVALUATIONS: 515

OBJECTIVE FUNCTION VALUE:
	F = 0.1960004637775572

LAGRANGIAN MULTIPLIERS VALUES:

PENALTY FACTOR:

BEST POSITION:
	P(0) = 0.004810566540248893		P(1) = 0.01414392127957706		P(2) = 0.0004647314937693358	
	P(3) = 0.01529216012941773		P(4) = 0.03600800844916375		P(5) = 1.000000000000003e-05	

================================================================================

================================================================================

NUMBER OF ITERATIONS: 18

NUMBER OF OBJECTIVE FUNCTION EVALUATIONS: 545

OBJECTIVE FUNCTION VALUE:
	F = 0.1960004637775572

LAGRANGIAN MULTIPLIERS VALUES:

PENALTY FACTOR:

BEST POSITION:
	P(0) = 0.004810566540248893		P(1) = 0.01414392127957706		P(2) = 0.0004647314937693358	
	P(3) = 0.01529216012941773		P(4) = 0.03600800844916375		P(5) = 1.000000000000003e-05	

================================================================================

================================================================================

NUMBER OF ITERATIONS: 19

NUMBER OF OBJECTIVE FUNCTION EVALUATIONS: 575

OBJECTIVE FUNCTION VALUE:
	F = 0.197362251822845

LAGRANGIAN MULTIPLIERS VALUES:

PENALTY FACTOR:

BEST POSITION:
	P(0) = 0.004970231490478229		P(1) = 0.01405703631284252		P(2) = 0.0004728411924928744	
	P(3) = 0.01530901749503353		P(4) = 0.03658429593639759		P(5) = 1.006689202729012e-05	

================================================================================

================================================================================

NUMBER OF ITERATIONS: 20

NUMBER OF OBJECTIVE FUNCTION EVALUATIONS: 605

OBJECTIVE FUNCTION VALUE:
	F = 0.2024037713794457

LAGRANGIAN MULTIPLIERS VALUES:

PENALTY FACTOR:

BEST POSITION:
	P(0) = 0.005170161760314972		P(1) = 0.0138486291017379		P(2) = 0.0004831626085701989	
	P(3) = 0.01500738652672511		P(4) = 0.03631639668560109		P(5) = 1.000000000000003e-05	

================================================================================
