                                     ======================
                                        ALPSO 1.1 (Serial)
                                     ======================

Parameters:
-------------------------------------------------------------------------------------------------
Swarmsize           :       10    MaxOuterIters     :      200    Seed:       1518225850.70690393
Cognitive Parameter :    2.000    MaxInnerIters     :        6    Scaling            :          1
Social Parameter    :    1.000    MinInnerIters     :        6    Stopping Criteria  :          1
Initial Weight      :    0.990    DynInnerIters     :        0    Number of Failures :         15
Final Weight        :    0.550    StoppingIters     :        5    Number of Successes:          5

Absolute Tolerance  : 1.00e-02    Number Initial Pos:        0    Neighbourhood Model:      gbest
Relative Tolerance  : 1.00e-02    Initial Velocity  :        1    Neighbourhood Size :         40
Inequality Tolerance: 1.00e-03    Maximum Velocity  :        2    Selfless           :          1
Equality Tolerance  : 1.00e-03    Craziness Velocity: 1.00e-04    Fileout            :          1
Global Distance     : 1.00e-01    Initial Penalty   :     1.00    File Name          :  ALPSO.out
-------------------------------------------------------------------------------------------------


================================================================================

NUMBER OF ITERATIONS: 1

NUMBER OF OBJECTIVE FUNCTION EVALUATIONS: 70

OBJECTIVE FUNCTION VALUE:
	F = 38.59846123166365

LAGRANGIAN MULTIPLIERS VALUES:

PENALTY FACTOR:

BEST POSITION:
	P(0) = 0.07542920355373842		P(1) = 0		P(2) = 0	
	P(3) = 0.02161611369926906		P(4) = 0.09409420724607177		P(5) = 0.03218829689134209	
	P(6) = 0.07961885807758939		P(7) = 0.099		P(8) = 0.069608430835507	
	P(9) = 0.06427854275393581		P(10) = 0.0975634812436828		P(11) = 0.05659531770994007	
	P(12) = 0.06346496410045081		P(13) = 0.01064014339602926		P(14) = 0.03700011934408282	
	P(15) = 0.06895443042121012		P(16) = 0.03826154101951873		P(17) = 0	
	P(18) = 0.09621195820303294		P(19) = 0.002847916511201982		P(20) = 0.04444350508980907	
	P(21) = 0.005623974700150643		P(22) = 0.09888974205572545		P(23) = 0	
	P(24) = 0.01798503011385912		P(25) = 0.00132199522057623		P(26) = 0.09185401381116898	
	P(27) = 0.01738358814513367		P(28) = 0.01567711097198467		P(29) = 0.099	
	P(30) = 0		P(31) = 0		P(32) = 0	
	P(33) = 0.01810617839138178		P(34) = 0.04155843334880909		P(35) = 0.05917984473641132	
	P(36) = 0.003060023403304142		P(37) = 0		P(38) = 0.03950408597751587	
	P(39) = 0.01438224633516333		P(40) = 0		P(41) = 0.07612843637071576	
	P(42) = 0		P(43) = 0		P(44) = 0.06020737746189045	
	P(45) = 0.099		P(46) = 0		P(47) = 0.0910190145053317	
	P(48) = 0		P(49) = 0.0007649793196746746		P(50) = 0.02095685768149911	
	P(51) = 0.0359074910043498		P(52) = 0.001140563886223432		P(53) = 0.04886981389367193	
	P(54) = 0		P(55) = 0.0172651721997332		P(56) = 0.0110788335693278	
	P(57) = 0		P(58) = 0.03751713757361534		P(59) = 0	
	P(60) = 0.03303848471337544		P(61) = 0		P(62) = 0	
	P(63) = 0	
================================================================================

================================================================================

NUMBER OF ITERATIONS: 2

NUMBER OF OBJECTIVE FUNCTION EVALUATIONS: 130

OBJECTIVE FUNCTION VALUE:
	F = 28.79546762653389

LAGRANGIAN MULTIPLIERS VALUES:

PENALTY FACTOR:

BEST POSITION:
	P(0) = 0.07235367950721924		P(1) = 0		P(2) = 0	
	P(3) = 0		P(4) = 0.099		P(5) = 0.01511060325985799	
	P(6) = 0.07346179809517456		P(7) = 0.099		P(8) = 0.06149220231255259	
	P(9) = 0.08989682738058062		P(10) = 0.099		P(11) = 0.03568306724901289	
	P(12) = 0.0874729858453623		P(13) = 0.02700708612999822		P(14) = 0.03837376982901899	
	P(15) = 0.08432345194304122		P(16) = 0.099		P(17) = 0	
	P(18) = 0.099		P(19) = 0		P(20) = 0.03562432452578929	
	P(21) = 0.003881206360912659		P(22) = 0.099		P(23) = 0	
	P(24) = 0		P(25) = 0		P(26) = 0.099	
	P(27) = 0		P(28) = 0.001776544258250266		P(29) = 0.099	
	P(30) = 0		P(31) = 0		P(32) = 0	
	P(33) = 0		P(34) = 0.008909592831039224		P(35) = 0.004237537865852334	
	P(36) = 0		P(37) = 0		P(38) = 0.02621755868094884	
	P(39) = 0.01632884640341365		P(40) = 0		P(41) = 0.08052208070022787	
	P(42) = 0		P(43) = 0		P(44) = 0.07332501843438985	
	P(45) = 0.099		P(46) = 0		P(47) = 0.099	
	P(48) = 0		P(49) = 0		P(50) = 0	
	P(51) = 0		P(52) = 0		P(53) = 0.04158301322768299	
	P(54) = 0		P(55) = 0.01758356252805576		P(56) = 0.02327476814835534	
	P(57) = 0		P(58) = 0.05728598178341974		P(59) = 0	
	P(60) = 0.07240743239166098		P(61) = 0		P(62) = 0	
	P(63) = 0	
================================================================================

================================================================================

NUMBER OF ITERATIONS: 3

NUMBER OF OBJECTIVE FUNCTION EVALUATIONS: 190

OBJECTIVE FUNCTION VALUE:
	F = 25.19639854153022

LAGRANGIAN MULTIPLIERS VALUES:

PENALTY FACTOR:

BEST POSITION:
	P(0) = 0.099		P(1) = 0		P(2) = 0	
	P(3) = 0		P(4) = 0.099		P(5) = 0.009653327351895058	
	P(6) = 0.06220122878841271		P(7) = 0.099		P(8) = 0.07769910494246046	
	P(9) = 0.0892251399931544		P(10) = 0.099		P(11) = 0.02579999509505471	
	P(12) = 0.05506409893670029		P(13) = 0.02338258801170449		P(14) = 0.0348892308847903	
	P(15) = 0.09772530318993611		P(16) = 0.099		P(17) = 0	
	P(18) = 0.099		P(19) = 0		P(20) = 0.03433724596938802	
	P(21) = 0		P(22) = 0.099		P(23) = 0	
	P(24) = 0		P(25) = 0		P(26) = 0.099	
	P(27) = 0		P(28) = 0		P(29) = 0.099	
	P(30) = 0		P(31) = 0		P(32) = 0	
	P(33) = 0		P(34) = 0.02164003939989427		P(35) = 0.001579690067031694	
	P(36) = 0		P(37) = 0		P(38) = 0.03639904346662278	
	P(39) = 0.004471765987898418		P(40) = 0		P(41) = 0.05191870949483547	
	P(42) = 0		P(43) = 0		P(44) = 0.05149128827604281	
	P(45) = 0.099		P(46) = 0		P(47) = 0.0977810802233593	
	P(48) = 0		P(49) = 0		P(50) = 0	
	P(51) = 0		P(52) = 0		P(53) = 0.04126291688492263	
	P(54) = 0		P(55) = 0		P(56) = 0.03475334040376366	
	P(57) = 0		P(58) = 0.05922552962323134		P(59) = 0	
	P(60) = 0.07331179917240352		P(61) = 0		P(62) = 0	
	P(63) = 0	
================================================================================

================================================================================

NUMBER OF ITERATIONS: 4

NUMBER OF OBJECTIVE FUNCTION EVALUATIONS: 250

OBJECTIVE FUNCTION VALUE:
	F = 21.53132618363688

LAGRANGIAN MULTIPLIERS VALUES:

PENALTY FACTOR:

BEST POSITION:
	P(0) = 0.099		P(1) = 0		P(2) = 0	
	P(3) = 0		P(4) = 0.099		P(5) = 0.02019909608179029	
	P(6) = 0.06281752746151398		P(7) = 0.099		P(8) = 0	
	P(9) = 0.092647920169262		P(10) = 0.099		P(11) = 0.01280538177181324	
	P(12) = 0.03937379640245024		P(13) = 0.02640942700250671		P(14) = 0.02881821974960286	
	P(15) = 0.09580836168839825		P(16) = 0.099		P(17) = 0	
	P(18) = 0.099		P(19) = 0		P(20) = 0.0198771343513529	
	P(21) = 0		P(22) = 0.099		P(23) = 0	
	P(24) = 0		P(25) = 0		P(26) = 0.099	
	P(27) = 0		P(28) = 0		P(29) = 0.099	
	P(30) = 0		P(31) = 0		P(32) = 0	
	P(33) = 0		P(34) = 0.002757478788095256		P(35) = 0	
	P(36) = 0.0348385626272601		P(37) = 0		P(38) = 0.03001294892985444	
	P(39) = 0.0008642699880535565		P(40) = 0.004024735982055896		P(41) = 0.03953205086942618	
	P(42) = 0		P(43) = 0		P(44) = 0.04699631873321687	
	P(45) = 0.099		P(46) = 0		P(47) = 0.099	
	P(48) = 0		P(49) = 0		P(50) = 0	
	P(51) = 0		P(52) = 0		P(53) = 0	
	P(54) = 0		P(55) = 0		P(56) = 0.02587764006213092	
	P(57) = 0		P(58) = 0		P(59) = 0	
	P(60) = 0.08177180312164971		P(61) = 0		P(62) = 0	
	P(63) = 0	
================================================================================

================================================================================

NUMBER OF ITERATIONS: 5

NUMBER OF OBJECTIVE FUNCTION EVALUATIONS: 310

OBJECTIVE FUNCTION VALUE:
	F = 18.01299750682951

LAGRANGIAN MULTIPLIERS VALUES:

PENALTY FACTOR:

BEST POSITION:
	P(0) = 0.09899688077918455		P(1) = 0		P(2) = 0	
	P(3) = 0		P(4) = 0.099		P(5) = 0.004132764604187107	
	P(6) = 0.099		P(7) = 0.099		P(8) = 0	
	P(9) = 0.09598771923344032		P(10) = 0.099		P(11) = 0	
	P(12) = 0		P(13) = 0.005281888478897566		P(14) = 0.01561974993693869	
	P(15) = 0.09745520718137787		P(16) = 0.099		P(17) = 0	
	P(18) = 0.099		P(19) = 0		P(20) = 0	
	P(21) = 0		P(22) = 0.099		P(23) = 0	
	P(24) = 0		P(25) = 0		P(26) = 0.099	
	P(27) = 0		P(28) = 0.001992179358859855		P(29) = 0.099	
	P(30) = 0		P(31) = 0		P(32) = 0	
	P(33) = 0		P(34) = 0		P(35) = 0	
	P(36) = 0.001899696653205704		P(37) = 1.251623006741365e-05		P(38) = 0.003801862834391274	
	P(39) = 0		P(40) = 0		P(41) = 0	
	P(42) = 0.001351625797124605		P(43) = 0		P(44) = 0.04470090217362231	
	P(45) = 0.099		P(46) = 0		P(47) = 0.099	
	P(48) = 0.001184561018429633		P(49) = 0		P(50) = 0	
	P(51) = 0		P(52) = 0		P(53) = 0	
	P(54) = 0		P(55) = 0.0002567402682630143		P(56) = 0.0163887927126972	
	P(57) = 0		P(58) = 0		P(59) = 0	
	P(60) = 0.09725271350086043		P(61) = 0		P(62) = 0	
	P(63) = 0	
================================================================================

================================================================================

NUMBER OF ITERATIONS: 6

NUMBER OF OBJECTIVE FUNCTION EVALUATIONS: 370

OBJECTIVE FUNCTION VALUE:
	F = 17.68985971539674

LAGRANGIAN MULTIPLIERS VALUES:

PENALTY FACTOR:

BEST POSITION:
	P(0) = 0.099		P(1) = 0		P(2) = 0	
	P(3) = 0		P(4) = 0.099		P(5) = 0	
	P(6) = 0.099		P(7) = 0.099		P(8) = 0	
	P(9) = 0.09709594951106501		P(10) = 0.099		P(11) = 0	
	P(12) = 0		P(13) = 0		P(14) = 0	
	P(15) = 0.09899244144433088		P(16) = 0.099		P(17) = 0	
	P(18) = 0.099		P(19) = 0		P(20) = 0	
	P(21) = 0		P(22) = 0.099		P(23) = 0	
	P(24) = 0		P(25) = 0		P(26) = 0.099	
	P(27) = 0		P(28) = 0.0006211427172863257		P(29) = 0.099	
	P(30) = 0		P(31) = 0		P(32) = 0	
	P(33) = 0		P(34) = 0		P(35) = 0	
	P(36) = 0		P(37) = 0		P(38) = 0.002811422438967662	
	P(39) = 0		P(40) = 0		P(41) = 0	
	P(42) = 0		P(43) = 0		P(44) = 0.03523686913066649	
	P(45) = 0.099		P(46) = 0		P(47) = 0.099	
	P(48) = 0		P(49) = 0		P(50) = 0	
	P(51) = 0		P(52) = 0		P(53) = 0	
	P(54) = 0		P(55) = 0		P(56) = 0.01220167679266841	
	P(57) = 0		P(58) = 0		P(59) = 0	
	P(60) = 0.099		P(61) = 0		P(62) = 0	
	P(63) = 0	
================================================================================

================================================================================

NUMBER OF ITERATIONS: 7

NUMBER OF OBJECTIVE FUNCTION EVALUATIONS: 430

OBJECTIVE FUNCTION VALUE:
	F = 17.52477723188289

LAGRANGIAN MULTIPLIERS VALUES:

PENALTY FACTOR:

BEST POSITION:
	P(0) = 0.099		P(1) = 0		P(2) = 0	
	P(3) = 0		P(4) = 0.099		P(5) = 0	
	P(6) = 0.099		P(7) = 0.099		P(8) = 0	
	P(9) = 0.08557957301868947		P(10) = 0.099		P(11) = 0	
	P(12) = 0		P(13) = 0		P(14) = 0	
	P(15) = 0.09844275379756953		P(16) = 0.099		P(17) = 0	
	P(18) = 0.099		P(19) = 0		P(20) = 0	
	P(21) = 0		P(22) = 0.099		P(23) = 0	
	P(24) = 0		P(25) = 0		P(26) = 0.099	
	P(27) = 0		P(28) = 0		P(29) = 0.099	
	P(30) = 0		P(31) = 0		P(32) = 0	
	P(33) = 0		P(34) = 0		P(35) = 0	
	P(36) = 0		P(37) = 0		P(38) = 0.002403808019283797	
	P(39) = 0		P(40) = 0		P(41) = 0	
	P(42) = 0		P(43) = 0		P(44) = 0.01892396398716112	
	P(45) = 0.099		P(46) = 0		P(47) = 0.099	
	P(48) = 0		P(49) = 0		P(50) = 0	
	P(51) = 0		P(52) = 0		P(53) = 0	
	P(54) = 0		P(55) = 0		P(56) = 0.0001163215113360941	
	P(57) = 0		P(58) = 0		P(59) = 0	
	P(60) = 0.099		P(61) = 0		P(62) = 0	
	P(63) = 0	
================================================================================

================================================================================

NUMBER OF ITERATIONS: 8

NUMBER OF OBJECTIVE FUNCTION EVALUATIONS: 490

OBJECTIVE FUNCTION VALUE:
	F = 16.96938516276673

LAGRANGIAN MULTIPLIERS VALUES:

PENALTY FACTOR:

BEST POSITION:
	P(0) = 0.099		P(1) = 0		P(2) = 0	
	P(3) = 0		P(4) = 0.099		P(5) = 0	
	P(6) = 0.099		P(7) = 0.099		P(8) = 0.000261005526049303	
	P(9) = 0.03586340960686566		P(10) = 0.099		P(11) = 0	
	P(12) = 0		P(13) = 0		P(14) = 0	
	P(15) = 0.099		P(16) = 0.099		P(17) = 0	
	P(18) = 0.099		P(19) = 0		P(20) = 0	
	P(21) = 0		P(22) = 0.099		P(23) = 0	
	P(24) = 0		P(25) = 0		P(26) = 0.099	
	P(27) = 0		P(28) = 0		P(29) = 0.099	
	P(30) = 0		P(31) = 0		P(32) = 0	
	P(33) = 0		P(34) = 0		P(35) = 0	
	P(36) = 0		P(37) = 0		P(38) = 0	
	P(39) = 0		P(40) = 0		P(41) = 0	
	P(42) = 0		P(43) = 0		P(44) = 0.02204944611761003	
	P(45) = 0.099		P(46) = 0		P(47) = 0.099	
	P(48) = 0		P(49) = 0		P(50) = 0	
	P(51) = 0		P(52) = 0		P(53) = 0	
	P(54) = 0		P(55) = 0		P(56) = 0	
	P(57) = 0		P(58) = 0.00134381666164346		P(59) = 0	
	P(60) = 0.099		P(61) = 0		P(62) = 0	
	P(63) = 0	
================================================================================

================================================================================

NUMBER OF ITERATIONS: 9

NUMBER OF OBJECTIVE FUNCTION EVALUATIONS: 550

OBJECTIVE FUNCTION VALUE:
	F = 16.72850312864695

LAGRANGIAN MULTIPLIERS VALUES:

PENALTY FACTOR:

BEST POSITION:
	P(0) = 0.099		P(1) = 0		P(2) = 0	
	P(3) = 0		P(4) = 0.099		P(5) = 0	
	P(6) = 0.099		P(7) = 0.099		P(8) = 0	
	P(9) = 0		P(10) = 0.09753841755039412		P(11) = 0	
	P(12) = 0		P(13) = 0		P(14) = 0	
	P(15) = 0.099		P(16) = 0.099		P(17) = 0	
	P(18) = 0.099		P(19) = 0		P(20) = 0	
	P(21) = 0		P(22) = 0.099		P(23) = 0	
	P(24) = 0		P(25) = 0		P(26) = 0.099	
	P(27) = 0		P(28) = 0		P(29) = 0.099	
	P(30) = 0		P(31) = 0		P(32) = 0	
	P(33) = 0		P(34) = 0		P(35) = 0	
	P(36) = 0		P(37) = 0		P(38) = 0	
	P(39) = 0		P(40) = 0		P(41) = 0	
	P(42) = 0		P(43) = 0		P(44) = 0.05790059906581768	
	P(45) = 0.099		P(46) = 0		P(47) = 0.099	
	P(48) = 0		P(49) = 0		P(50) = 0	
	P(51) = 0		P(52) = 0		P(53) = 0	
	P(54) = 0		P(55) = 0		P(56) = 0	
	P(57) = 0		P(58) = 0.0002399498580831355		P(59) = 0	
	P(60) = 0.099		P(61) = 0		P(62) = 0	
	P(63) = 0	
================================================================================

================================================================================

NUMBER OF ITERATIONS: 10

NUMBER OF OBJECTIVE FUNCTION EVALUATIONS: 610

OBJECTIVE FUNCTION VALUE:
	F = 16.54513230127798

LAGRANGIAN MULTIPLIERS VALUES:

PENALTY FACTOR:

BEST POSITION:
	P(0) = 0.099		P(1) = 0		P(2) = 0	
	P(3) = 0		P(4) = 0.099		P(5) = 0	
	P(6) = 0.08033714198700032		P(7) = 0.099		P(8) = 0	
	P(9) = 0		P(10) = 0.099		P(11) = 0	
	P(12) = 0		P(13) = 0		P(14) = 0	
	P(15) = 0.09860414527979447		P(16) = 0.099		P(17) = 0.03548224033046035	
	P(18) = 0.06626048651295213		P(19) = 0.009665679537762997		P(20) = 0	
	P(21) = 0		P(22) = 0.099		P(23) = 0	
	P(24) = 0.001073039096823936		P(25) = 0		P(26) = 0.06621131583969377	
	P(27) = 0		P(28) = 0.006325447886776962		P(29) = 0.099	
	P(30) = 0		P(31) = 0		P(32) = 0	
	P(33) = 0		P(34) = 0		P(35) = 0	
	P(36) = 0.001058578331579275		P(37) = 0.02614977570706333		P(38) = 0	
	P(39) = 0		P(40) = 0		P(41) = 0.001520081206458627	
	P(42) = 0.01023780679462799		P(43) = 0		P(44) = 0.07513425612166406	
	P(45) = 0.06567335819337354		P(46) = 0		P(47) = 0.099	
	P(48) = 0		P(49) = 0		P(50) = 0	
	P(51) = 0.001299414505819579		P(52) = 0		P(53) = 0	
	P(54) = 0.01315975360356429		P(55) = 0		P(56) = 0	
	P(57) = 0		P(58) = 0.0155470665026531		P(59) = 0	
	P(60) = 0.099		P(61) = 0		P(62) = 0	
	P(63) = 0	
================================================================================

================================================================================

NUMBER OF ITERATIONS: 11

NUMBER OF OBJECTIVE FUNCTION EVALUATIONS: 670

OBJECTIVE FUNCTION VALUE:
	F = 15.02371282813589

LAGRANGIAN MULTIPLIERS VALUES:

PENALTY FACTOR:

BEST POSITION:
	P(0) = 0.099		P(1) = 0		P(2) = 0	
	P(3) = 0		P(4) = 0.099		P(5) = 4.70992876525772e-06	
	P(6) = 0.09561341206374568		P(7) = 0.09899468481503651		P(8) = 4.053196512365798e-06	
	P(9) = 0		P(10) = 0.09723170967973667		P(11) = 0	
	P(12) = 2.081719229815593e-06		P(13) = 0		P(14) = 0	
	P(15) = 0.099		P(16) = 0.09899733066866498		P(17) = 0.02418343285289125	
	P(18) = 0.08275441437535272		P(19) = 0.003895676070243534		P(20) = 8.539156305664708e-07	
	P(21) = 2.785490872680985e-06		P(22) = 0.099		P(23) = 0	
	P(24) = 0		P(25) = 4.674955701680639e-06		P(26) = 0.09634851904801828	
	P(27) = 3.037750358203528e-08		P(28) = 0		P(29) = 0.099	
	P(30) = 2.322894990490487e-06		P(31) = 0		P(32) = 0	
	P(33) = 0		P(34) = 0		P(35) = 5.164103350566163e-06	
	P(36) = 0		P(37) = 0		P(38) = 1.737462561379743e-06	
	P(39) = 0		P(40) = 7.668441154295991e-08		P(41) = 0	
	P(42) = 0.0008968670664101994		P(43) = 4.410577232993873e-06		P(44) = 0.09458695525547305	
	P(45) = 0.02461215235822261		P(46) = 0		P(47) = 0.09899891522873756	
	P(48) = 2.947222730725896e-07		P(49) = 7.541911604541651e-07		P(50) = 3.805235803899798e-06	
	P(51) = 0		P(52) = 7.315047688936926e-06		P(53) = 0	
	P(54) = 0		P(55) = 6.282349648070729e-07		P(56) = 0	
	P(57) = 8.648744039413403e-07		P(58) = 0		P(59) = 0	
	P(60) = 0.099		P(61) = 1.016195494377148e-06		P(62) = 3.506568353926764e-06	
	P(63) = 0	
================================================================================

================================================================================

NUMBER OF ITERATIONS: 12

NUMBER OF OBJECTIVE FUNCTION EVALUATIONS: 730

OBJECTIVE FUNCTION VALUE:
	F = 13.25168289437157

LAGRANGIAN MULTIPLIERS VALUES:

PENALTY FACTOR:

BEST POSITION:
	P(0) = 0.0696129278442372		P(1) = 0		P(2) = 0	
	P(3) = 0		P(4) = 0.099		P(5) = 0	
	P(6) = 0.099		P(7) = 0.099		P(8) = 0	
	P(9) = 0		P(10) = 0.0988821898420288		P(11) = 0	
	P(12) = 0		P(13) = 0		P(14) = 0	
	P(15) = 0.099		P(16) = 0.099		P(17) = 0.03068610784000126	
	P(18) = 0.0001364031793276502		P(19) = 0		P(20) = 0	
	P(21) = 0		P(22) = 0.099		P(23) = 0	
	P(24) = 0		P(25) = 0.001432843028206773		P(26) = 0.08215496532390226	
	P(27) = 0		P(28) = 0		P(29) = 0.099	
	P(30) = 0		P(31) = 0		P(32) = 0	
	P(33) = 0		P(34) = 0		P(35) = 0	
	P(36) = 0		P(37) = 0		P(38) = 0	
	P(39) = 0		P(40) = 0		P(41) = 0	
	P(42) = 0		P(43) = 0		P(44) = 0.099	
	P(45) = 0		P(46) = 0		P(47) = 0.099	
	P(48) = 0		P(49) = 0		P(50) = 0	
	P(51) = 0		P(52) = 0		P(53) = 0.001294302175567218	
	P(54) = 0		P(55) = 0		P(56) = 0	
	P(57) = 0		P(58) = 0		P(59) = 0	
	P(60) = 0.099		P(61) = 0.0007216714897500184		P(62) = 0	
	P(63) = 0	
================================================================================

================================================================================

NUMBER OF ITERATIONS: 13

NUMBER OF OBJECTIVE FUNCTION EVALUATIONS: 790

OBJECTIVE FUNCTION VALUE:
	F = 12.93431715921791

LAGRANGIAN MULTIPLIERS VALUES:

PENALTY FACTOR:

BEST POSITION:
	P(0) = 0.05197844640848295		P(1) = 0		P(2) = 0.00412875283207409	
	P(3) = 0.00277047970363184		P(4) = 0.09590726750125347		P(5) = 0	
	P(6) = 0.099		P(7) = 0.099		P(8) = 0.01328958732846719	
	P(9) = 5.732254769741374e-07		P(10) = 0.09899448611913909		P(11) = 0	
	P(12) = 0.0008818451046769815		P(13) = 0		P(14) = 0.003009078465314757	
	P(15) = 0.099		P(16) = 0.09576064624681516		P(17) = 0.03022264031182008	
	P(18) = 0		P(19) = 5.33152183464225e-07		P(20) = 1.517184000363048e-06	
	P(21) = 0		P(22) = 0.099		P(23) = 0	
	P(24) = 0.004048083573355822		P(25) = 0.001268698000675805		P(26) = 0.099	
	P(27) = 0.0001263926100386961		P(28) = 0.00611523741952804		P(29) = 0.0724138086738111	
	P(30) = 0.003375475432965243		P(31) = 0		P(32) = 0.02177942158019157	
	P(33) = 0		P(34) = 0		P(35) = 0	
	P(36) = 0		P(37) = 0		P(38) = 0	
	P(39) = 0		P(40) = 0		P(41) = 0.0006189406318296634	
	P(42) = 0		P(43) = 0		P(44) = 0.099	
	P(45) = 0		P(46) = 0.01335030701832151		P(47) = 0.099	
	P(48) = 0		P(49) = 0		P(50) = 0	
	P(51) = 3.907225672006298e-06		P(52) = 0		P(53) = 0.00806390224417889	
	P(54) = 0		P(55) = 0		P(56) = 0.06129442524746027	
	P(57) = 3.76808562004699e-06		P(58) = 0		P(59) = 0	
	P(60) = 0.099		P(61) = 0		P(62) = 0	
	P(63) = 0	
================================================================================

================================================================================

NUMBER OF ITERATIONS: 14

NUMBER OF OBJECTIVE FUNCTION EVALUATIONS: 850

OBJECTIVE FUNCTION VALUE:
	F = 12.28428940213746

LAGRANGIAN MULTIPLIERS VALUES:

PENALTY FACTOR:

BEST POSITION:
	P(0) = 0.05068333201921858		P(1) = 0		P(2) = 0	
	P(3) = 0		P(4) = 0.09750991486676905		P(5) = 0	
	P(6) = 0.099		P(7) = 0.099		P(8) = 0.007510512087823079	
	P(9) = 0		P(10) = 0.099		P(11) = 0	
	P(12) = 0		P(13) = 0		P(14) = 0	
	P(15) = 0.099		P(16) = 0.099		P(17) = 0.05809190502329378	
	P(18) = 0		P(19) = 0		P(20) = 0	
	P(21) = 0		P(22) = 0.099		P(23) = 0	
	P(24) = 0.009897513206910132		P(25) = 0		P(26) = 0.09817647751282081	
	P(27) = 0		P(28) = 0.005491446833671865		P(29) = 0.03882656815486189	
	P(30) = 0.001651405142280231		P(31) = 0		P(32) = 0.01187669456875753	
	P(33) = 0		P(34) = 0		P(35) = 0	
	P(36) = 0		P(37) = 0		P(38) = 0	
	P(39) = 0		P(40) = 0		P(41) = 0	
	P(42) = 0		P(43) = 0		P(44) = 0.099	
	P(45) = 0		P(46) = 0.006685970878549309		P(47) = 0.099	
	P(48) = 0		P(49) = 0		P(50) = 0	
	P(51) = 0		P(52) = 0		P(53) = 0.01083157852700196	
	P(54) = 0		P(55) = 0		P(56) = 0.01309322797425128	
	P(57) = 0		P(58) = 0		P(59) = 0	
	P(60) = 0.099		P(61) = 0		P(62) = 0	
	P(63) = 0	
================================================================================

================================================================================

NUMBER OF ITERATIONS: 15

NUMBER OF OBJECTIVE FUNCTION EVALUATIONS: 910

OBJECTIVE FUNCTION VALUE:
	F = 11.77338450648829

LAGRANGIAN MULTIPLIERS VALUES:

PENALTY FACTOR:

BEST POSITION:
	P(0) = 0.04552444566923088		P(1) = 0		P(2) = 0	
	P(3) = 0		P(4) = 0.09358606902873075		P(5) = 0	
	P(6) = 0.099		P(7) = 0.099		P(8) = 0.00384088938451331	
	P(9) = 0		P(10) = 0.099		P(11) = 0	
	P(12) = 0		P(13) = 0		P(14) = 0	
	P(15) = 0.099		P(16) = 0.099		P(17) = 0.06641308060871556	
	P(18) = 0		P(19) = 0		P(20) = 0	
	P(21) = 0		P(22) = 0.099		P(23) = 0	
	P(24) = 0.011352501285874		P(25) = 0		P(26) = 0.099	
	P(27) = 0		P(28) = 0.004696917890398639		P(29) = 0	
	P(30) = 0		P(31) = 0		P(32) = 0	
	P(33) = 0		P(34) = 0		P(35) = 0	
	P(36) = 0		P(37) = 0		P(38) = 0	
	P(39) = 0		P(40) = 0		P(41) = 0	
	P(42) = 0		P(43) = 0		P(44) = 0.099	
	P(45) = 0		P(46) = 0.006362666951165649		P(47) = 0.099	
	P(48) = 0		P(49) = 0		P(50) = 0	
	P(51) = 0		P(52) = 0		P(53) = 0.04111364899922833	
	P(54) = 0		P(55) = 0		P(56) = 0	
	P(57) = 0		P(58) = 0		P(59) = 0	
	P(60) = 0.099		P(61) = 0		P(62) = 0	
	P(63) = 0	
================================================================================

================================================================================

NUMBER OF ITERATIONS: 16

NUMBER OF OBJECTIVE FUNCTION EVALUATIONS: 970

OBJECTIVE FUNCTION VALUE:
	F = 11.7121919444094

LAGRANGIAN MULTIPLIERS VALUES:

PENALTY FACTOR:

BEST POSITION:
	P(0) = 0.02175778362197006		P(1) = 0		P(2) = 0	
	P(3) = 0		P(4) = 0.09396470424578812		P(5) = 0	
	P(6) = 0.099		P(7) = 0.099		P(8) = 0.0006642968838011173	
	P(9) = 0		P(10) = 0.099		P(11) = 0	
	P(12) = 0		P(13) = 0		P(14) = 0	
	P(15) = 0.099		P(16) = 0.099		P(17) = 0.05850798340846024	
	P(18) = 0		P(19) = 0		P(20) = 0	
	P(21) = 0		P(22) = 0.099		P(23) = 0	
	P(24) = 0.02412041770324515		P(25) = 0		P(26) = 0.0989324805771091	
	P(27) = 0		P(28) = 0.005845325940347555		P(29) = 0	
	P(30) = 0		P(31) = 0		P(32) = 0.005648896297885439	
	P(33) = 0		P(34) = 0		P(35) = 0	
	P(36) = 0		P(37) = 0		P(38) = 0	
	P(39) = 0		P(40) = 0		P(41) = 0	
	P(42) = 0		P(43) = 0		P(44) = 0.099	
	P(45) = 0		P(46) = 0.01115347065341541		P(47) = 0.099	
	P(48) = 0		P(49) = 0		P(50) = 0	
	P(51) = 0		P(52) = 0		P(53) = 0.03960972103758317	
	P(54) = 0		P(55) = 0		P(56) = 0	
	P(57) = 0		P(58) = 0		P(59) = 0	
	P(60) = 0.099		P(61) = 0		P(62) = 0	
	P(63) = 0	
================================================================================

================================================================================

NUMBER OF ITERATIONS: 17

NUMBER OF OBJECTIVE FUNCTION EVALUATIONS: 1030

OBJECTIVE FUNCTION VALUE:
	F = 11.63042845400535

LAGRANGIAN MULTIPLIERS VALUES:

PENALTY FACTOR:

BEST POSITION:
	P(0) = 0.0197270194457014		P(1) = 0		P(2) = 0	
	P(3) = 0		P(4) = 0.08825118450014693		P(5) = 0	
	P(6) = 0.099		P(7) = 0.099		P(8) = 0	
	P(9) = 0		P(10) = 0.099		P(11) = 0	
	P(12) = 0		P(13) = 0		P(14) = 0	
	P(15) = 0.099		P(16) = 0.099		P(17) = 0.07352031259279776	
	P(18) = 0		P(19) = 0		P(20) = 0	
	P(21) = 0		P(22) = 0.099		P(23) = 0	
	P(24) = 0.02759418496741002		P(25) = 0		P(26) = 0.099	
	P(27) = 0		P(28) = 0.0147307709265992		P(29) = 0	
	P(30) = 0		P(31) = 0		P(32) = 0.002303891408589401	
	P(33) = 0		P(34) = 0		P(35) = 0	
	P(36) = 0		P(37) = 0		P(38) = 0	
	P(39) = 0		P(40) = 0		P(41) = 0	
	P(42) = 0		P(43) = 0		P(44) = 0.099	
	P(45) = 0		P(46) = 0.01425314716601277		P(47) = 0.099	
	P(48) = 0		P(49) = 0		P(50) = 0	
	P(51) = 0.001564683658478845		P(52) = 0		P(53) = 0.03506110670733603	
	P(54) = 0		P(55) = 0		P(56) = 0	
	P(57) = 0		P(58) = 0		P(59) = 0	
	P(60) = 0.099		P(61) = 0		P(62) = 0	
	P(63) = 0	
================================================================================

================================================================================

NUMBER OF ITERATIONS: 18

NUMBER OF OBJECTIVE FUNCTION EVALUATIONS: 1090

OBJECTIVE FUNCTION VALUE:
	F = 11.17713710258405

LAGRANGIAN MULTIPLIERS VALUES:

PENALTY FACTOR:

BEST POSITION:
	P(0) = 0.01374173945698613		P(1) = 0		P(2) = 0	
	P(3) = 0		P(4) = 0.0807869330135394		P(5) = 0	
	P(6) = 0.099		P(7) = 0.07589170460788984		P(8) = 0	
	P(9) = 0		P(10) = 0.099		P(11) = 0	
	P(12) = 0		P(13) = 0		P(14) = 4.648010578363337e-05	
	P(15) = 0.099		P(16) = 0.099		P(17) = 0.05299128880922845	
	P(18) = 0		P(19) = 0		P(20) = 0	
	P(21) = 0		P(22) = 0.099		P(23) = 0	
	P(24) = 0.01787238919520733		P(25) = 0		P(26) = 0.099	
	P(27) = 0		P(28) = 0.03420251915992571		P(29) = 0	
	P(30) = 0		P(31) = 0		P(32) = 0	
	P(33) = 0		P(34) = 0		P(35) = 0	
	P(36) = 0.003077171134434183		P(37) = 0		P(38) = 0	
	P(39) = 0		P(40) = 0		P(41) = 0	
	P(42) = 0		P(43) = 0		P(44) = 0.099	
	P(45) = 0		P(46) = 0.01430272276579302		P(47) = 0.099	
	P(48) = 3.616667952781316e-06		P(49) = 0		P(50) = 3.11094923063221e-06	
	P(51) = 0.01268788942114344		P(52) = 0		P(53) = 0.04115918342607695	
	P(54) = 0		P(55) = 0		P(56) = 0	
	P(57) = 0		P(58) = 0		P(59) = 0	
	P(60) = 0.099		P(61) = 0		P(62) = 0	
	P(63) = 0	
================================================================================

================================================================================

NUMBER OF ITERATIONS: 19

NUMBER OF OBJECTIVE FUNCTION EVALUATIONS: 1150

OBJECTIVE FUNCTION VALUE:
	F = 10.6991107582102

LAGRANGIAN MULTIPLIERS VALUES:

PENALTY FACTOR:

BEST POSITION:
	P(0) = 0.02135120260155872		P(1) = 0		P(2) = 0	
	P(3) = 0		P(4) = 0.03830786531170362		P(5) = 0	
	P(6) = 0.099		P(7) = 0.05496795324626276		P(8) = 0	
	P(9) = 0		P(10) = 0.099		P(11) = 0	
	P(12) = 0		P(13) = 0		P(14) = 0	
	P(15) = 0.099		P(16) = 0.099		P(17) = 0.04551747696454686	
	P(18) = 0		P(19) = 0		P(20) = 0	
	P(21) = 0		P(22) = 0.099		P(23) = 0	
	P(24) = 0.05174162873105388		P(25) = 0		P(26) = 0.099	
	P(27) = 0		P(28) = 0.07317587348929026		P(29) = 0	
	P(30) = 0		P(31) = 0		P(32) = 0	
	P(33) = 0		P(34) = 0		P(35) = 0	
	P(36) = 0.002900726813590493		P(37) = 0		P(38) = 0	
	P(39) = 0		P(40) = 0		P(41) = 0	
	P(42) = 0		P(43) = 0		P(44) = 0.099	
	P(45) = 0		P(46) = 0		P(47) = 0.099	
	P(48) = 0		P(49) = 0		P(50) = 0	
	P(51) = 0.005381346075994276		P(52) = 0		P(53) = 0.06085161905178692	
	P(54) = 0		P(55) = 0		P(56) = 0	
	P(57) = 0		P(58) = 0		P(59) = 0	
	P(60) = 0.08422881663228318		P(61) = 0		P(62) = 0	
	P(63) = 0	
================================================================================

================================================================================

NUMBER OF ITERATIONS: 20

NUMBER OF OBJECTIVE FUNCTION EVALUATIONS: 1210

OBJECTIVE FUNCTION VALUE:
	F = 10.15533853974833

LAGRANGIAN MULTIPLIERS VALUES:

PENALTY FACTOR:

BEST POSITION:
	P(0) = 0.0217521886387512		P(1) = 0		P(2) = 0	
	P(3) = 0		P(4) = 0.04205775796523817		P(5) = 0	
	P(6) = 0.099		P(7) = 0.02426199442874701		P(8) = 0	
	P(9) = 0		P(10) = 0.099		P(11) = 0	
	P(12) = 0		P(13) = 0		P(14) = 0	
	P(15) = 0.099		P(16) = 0.099		P(17) = 0.03592233658618037	
	P(18) = 0		P(19) = 0		P(20) = 0	
	P(21) = 0		P(22) = 0.099		P(23) = 0	
	P(24) = 0.02628395714613328		P(25) = 0		P(26) = 0.099	
	P(27) = 0		P(28) = 0.08545707072643015		P(29) = 0	
	P(30) = 0		P(31) = 0		P(32) = 0	
	P(33) = 0		P(34) = 0		P(35) = 0	
	P(36) = 0.002829491722363561		P(37) = 0		P(38) = 0	
	P(39) = 0		P(40) = 0		P(41) = 0	
	P(42) = 0		P(43) = 0		P(44) = 0.099	
	P(45) = 0		P(46) = 0		P(47) = 0.099	
	P(48) = 0		P(49) = 0		P(50) = 0	
	P(51) = 0.01492782212546401		P(52) = 0		P(53) = 0.05404436320939592	
	P(54) = 0		P(55) = 0		P(56) = 0	
	P(57) = 0		P(58) = 0		P(59) = 0	
	P(60) = 0.06117421210969207		P(61) = 0		P(62) = 0	
	P(63) = 0	
================================================================================

================================================================================

NUMBER OF ITERATIONS: 21

NUMBER OF OBJECTIVE FUNCTION EVALUATIONS: 1270

OBJECTIVE FUNCTION VALUE:
	F = 9.754617310051808

LAGRANGIAN MULTIPLIERS VALUES:

PENALTY FACTOR:

BEST POSITION:
	P(0) = 0.007459010175218862		P(1) = 0.01226384747223843		P(2) = 7.663937518294361e-05	
	P(3) = 0		P(4) = 0.05749307948507392		P(5) = 3.725007120959634e-06	
	P(6) = 0.099		P(7) = 0		P(8) = 0.008177744097231147	
	P(9) = 0		P(10) = 0.09899984340713952		P(11) = 0	
	P(12) = 0		P(13) = 3.59308777002354e-07		P(14) = 0.005624422893470975	
	P(15) = 0.08452112084382055		P(16) = 0.09684757251654355		P(17) = 0.04800457396476993	
	P(18) = 0		P(19) = 1.006896458365797e-05		P(20) = 0.005840284036200835	
	P(21) = 1.108311901974746e-05		P(22) = 0.09044606546578621		P(23) = 0	
	P(24) = 0		P(25) = 0		P(26) = 0.099	
	P(27) = 0		P(28) = 0.099		P(29) = 0.001509298794802515	
	P(30) = 0		P(31) = 0		P(32) = 0	
	P(33) = 4.171132699216928e-05		P(34) = 0		P(35) = 0	
	P(36) = 0		P(37) = 0.00242640863098164		P(38) = 0.02797504645028813	
	P(39) = 3.726385959371137e-06		P(40) = 4.198856218946834e-06		P(41) = 0	
	P(42) = 1.917013743704676e-06		P(43) = 3.670461927916813e-06		P(44) = 0.09899720026495964	
	P(45) = 4.123028945805796e-06		P(46) = 0.002168786505138499		P(47) = 0.098996246437711	
	P(48) = 0		P(49) = 1.541342696421977e-05		P(50) = 4.68983815524876e-06	
	P(51) = 0.01914938917741908		P(52) = 0		P(53) = 0.04523189849984865	
	P(54) = 0.003514168749854635		P(55) = 1.056420044773243e-05		P(56) = 0.01172554247547704	
	P(57) = 6.229711844309149e-06		P(58) = 0		P(59) = 0.003586694952449933	
	P(60) = 0.05467346145162699		P(61) = 0		P(62) = 6.038406504052518e-07	
	P(63) = 0	
================================================================================

================================================================================

NUMBER OF ITERATIONS: 22

NUMBER OF OBJECTIVE FUNCTION EVALUATIONS: 1330

OBJECTIVE FUNCTION VALUE:
	F = 9.512443446299788

LAGRANGIAN MULTIPLIERS VALUES:

PENALTY FACTOR:

BEST POSITION:
	P(0) = 0.01453917458950352		P(1) = 0.01743800408747545		P(2) = 0	
	P(3) = 0		P(4) = 0.07898173072992487		P(5) = 4.011900036904326e-07	
	P(6) = 0.09899679954606073		P(7) = 0.000456224237543261		P(8) = 0.01545138110327207	
	P(9) = 0		P(10) = 0.09899174299454011		P(11) = 0	
	P(12) = 1.439116278784125e-07		P(13) = 6.571146718079013e-07		P(14) = 0	
	P(15) = 0.07961989847615437		P(16) = 0.099		P(17) = 0.06092839263446956	
	P(18) = 0		P(19) = 0		P(20) = 0.003607628725306754	
	P(21) = 3.207715971044467e-06		P(22) = 0.08784818234355282		P(23) = 0	
	P(24) = 0.007788203811973517		P(25) = 4.258360760754643e-06		P(26) = 0.09899618251808973	
	P(27) = 0		P(28) = 0.099		P(29) = 0.0002932973250358989	
	P(30) = 1.011839954894594e-05		P(31) = 0		P(32) = 4.527761598260849e-06	
	P(33) = 2.509687581093989e-06		P(34) = 0		P(35) = 3.313184306678874e-06	
	P(36) = 9.091051915317838e-05		P(37) = 0.001495411686296751		P(38) = 0.03639690622865158	
	P(39) = 0		P(40) = 0		P(41) = 0	
	P(42) = 2.425018401891466e-06		P(43) = 2.916387321312552e-06		P(44) = 0.09899279065371519	
	P(45) = 2.586570118381926e-06		P(46) = 0.0007745285525468382		P(47) = 0.09899627742027908	
	P(48) = 0		P(49) = 5.75618467862915e-06		P(50) = 7.554188093568392e-06	
	P(51) = 0.0239373811360719		P(52) = 0		P(53) = 0.03615143694339609	
	P(54) = 0		P(55) = 2.824546562626984e-06		P(56) = 0.01654961779800328	
	P(57) = 4.488704353725059e-06		P(58) = 0		P(59) = 0.005773490397127719	
	P(60) = 0.03089406992007089		P(61) = 0		P(62) = 0	
	P(63) = 0	
================================================================================

================================================================================

NUMBER OF ITERATIONS: 23

NUMBER OF OBJECTIVE FUNCTION EVALUATIONS: 1390

OBJECTIVE FUNCTION VALUE:
	F = 9.335941437991421

LAGRANGIAN MULTIPLIERS VALUES:

PENALTY FACTOR:

BEST POSITION:
	P(0) = 0.01482977326835192		P(1) = 0.01902519285447028		P(2) = 0	
	P(3) = 0		P(4) = 0.07512635229876007		P(5) = 0	
	P(6) = 0.099		P(7) = 0		P(8) = 0.005514723235728936	
	P(9) = 0		P(10) = 0.099		P(11) = 0	
	P(12) = 0		P(13) = 0		P(14) = 0	
	P(15) = 0.0772938121202399		P(16) = 0.099		P(17) = 0.05122903176817241	
	P(18) = 0		P(19) = 0		P(20) = 0.003684543092142507	
	P(21) = 0		P(22) = 0.08351805162590417		P(23) = 0	
	P(24) = 0.001868036250220688		P(25) = 0.006544666997136836		P(26) = 0.099	
	P(27) = 0		P(28) = 0.099		P(29) = 0	
	P(30) = 0		P(31) = 0.001623701519494841		P(32) = 0	
	P(33) = 0		P(34) = 0		P(35) = 0	
	P(36) = 0		P(37) = 0.0002167891131431565		P(38) = 0.04496713602760111	
	P(39) = 0		P(40) = 0		P(41) = 0	
	P(42) = 0		P(43) = 0		P(44) = 0.099	
	P(45) = 0		P(46) = 9.462964062706414e-05		P(47) = 0.099	
	P(48) = 0		P(49) = 3.225306164991726e-07		P(50) = 0	
	P(51) = 0.02769751001378402		P(52) = 0		P(53) = 0.0352061230610513	
	P(54) = 0		P(55) = 0		P(56) = 0.01558838188317243	
	P(57) = 0		P(58) = 0		P(59) = 0.003289277756595758	
	P(60) = 0.01503003509673163		P(61) = 0.0003374583732237632		P(62) = 0	
	P(63) = 0	
================================================================================

================================================================================

NUMBER OF ITERATIONS: 24

NUMBER OF OBJECTIVE FUNCTION EVALUATIONS: 1450

OBJECTIVE FUNCTION VALUE:
	F = 9.133200864613562

LAGRANGIAN MULTIPLIERS VALUES:

PENALTY FACTOR:

BEST POSITION:
	P(0) = 0.03262441957789528		P(1) = 0.005933593258387083		P(2) = 0	
	P(3) = 0		P(4) = 0.07206031648916675		P(5) = 0	
	P(6) = 0.099		P(7) = 0		P(8) = 0.004365450405076632	
	P(9) = 0		P(10) = 0.099		P(11) = 0	
	P(12) = 0		P(13) = 0		P(14) = 0	
	P(15) = 0.08173883761472496		P(16) = 0.09893752154784533		P(17) = 0.04835912797106477	
	P(18) = 2.509519405266558e-06		P(19) = 0		P(20) = 0.003635499479646899	
	P(21) = 0		P(22) = 0.06698066599764636		P(23) = 0	
	P(24) = 0.0006555061179562213		P(25) = 0.007636780181669772		P(26) = 0.099	
	P(27) = 0		P(28) = 0.099		P(29) = 0	
	P(30) = 0		P(31) = 0.00171971180598466		P(32) = 4.774724659609153e-07	
	P(33) = 0		P(34) = 0		P(35) = 0	
	P(36) = 0		P(37) = 0		P(38) = 0.05802574308341445	
	P(39) = 0		P(40) = 0		P(41) = 0	
	P(42) = 0		P(43) = 0		P(44) = 0.099	
	P(45) = 0		P(46) = 0.000400233280318546		P(47) = 0.09899824392931852	
	P(48) = 0		P(49) = 0		P(50) = 0	
	P(51) = 0.03153476172309268		P(52) = 0		P(53) = 0.03708565984135918	
	P(54) = 0		P(55) = 0		P(56) = 0.008254421633628453	
	P(57) = 0		P(58) = 0		P(59) = 0.001066509209901027	
	P(60) = 0		P(61) = 0		P(62) = 0	
	P(63) = 0	
================================================================================
