                                     ======================
                                        ALPSO 1.1 (Serial)
                                     ======================

Parameters:
-------------------------------------------------------------------------------------------------
Swarmsize           :       10    MaxOuterIters     :      200    Seed:       1518386146.42086005
Cognitive Parameter :    2.000    MaxInnerIters     :        6    Scaling            :          1
Social Parameter    :    1.000    MinInnerIters     :        6    Stopping Criteria  :          1
Initial Weight      :    0.990    DynInnerIters     :        0    Number of Failures :         15
Final Weight        :    0.550    StoppingIters     :        5    Number of Successes:          5

Absolute Tolerance  : 1.00e-02    Number Initial Pos:        0    Neighbourhood Model:      gbest
Relative Tolerance  : 1.00e-02    Initial Velocity  :        1    Neighbourhood Size :         40
Inequality Tolerance: 1.00e-03    Maximum Velocity  :        2    Selfless           :          1
Equality Tolerance  : 1.00e-03    Craziness Velocity: 1.00e-04    Fileout            :          1
Global Distance     : 1.00e-01    Initial Penalty   :     1.00    File Name          :  ALPSO.out
-------------------------------------------------------------------------------------------------


================================================================================

NUMBER OF ITERATIONS: 1

NUMBER OF OBJECTIVE FUNCTION EVALUATIONS: 70

OBJECTIVE FUNCTION VALUE:
	F = 72.69635342044648

LAGRANGIAN MULTIPLIERS VALUES:

PENALTY FACTOR:

BEST POSITION:
	P(0) = 0.06658790616265978		P(1) = 0.06566506369675514		P(2) = 0.08924517773100049	
	P(3) = 0.009925773531259001		P(4) = 0.04902235983938782		P(5) = 0.07121999695534759	
	P(6) = 0.008901097955246136		P(7) = 0		P(8) = 0.05456664981841799	
	P(9) = 0		P(10) = 0.03296299185143606		P(11) = 0	
	P(12) = 0.06983875734426688		P(13) = 0.05225018218594632		P(14) = 0.07644214890866724	
	P(15) = 0.099		P(16) = 0.08443260652503878		P(17) = 0	
	P(18) = 0.05694083744751596		P(19) = 0.04375228505092947		P(20) = 0.09301487794452395	
	P(21) = 0.099		P(22) = 0.099		P(23) = 0.07360524539605151	
	P(24) = 0.099		P(25) = 0		P(26) = 0.03076754300933558	
	P(27) = 0		P(28) = 0.01218241460148474		P(29) = 0	
	P(30) = 0.07008422760730172		P(31) = 0.09394373473883424		P(32) = 0.05883302695971189	
	P(33) = 0.004842645836981144		P(34) = 0.05545622161578548		P(35) = 0.099	
	P(36) = 0.08540549168733111		P(37) = 0.099		P(38) = 0	
	P(39) = 0		P(40) = 0		P(41) = 0	
	P(42) = 0.04478908545810256		P(43) = 0.0343610333369813		P(44) = 0	
	P(45) = 0.05357300526382313		P(46) = 0		P(47) = 0.08394365159789519	
	P(48) = 0.03859065199441897		P(49) = 0.07473303032881515		P(50) = 0.007880749041819707	
	P(51) = 0		P(52) = 0.004192571091770278		P(53) = 0.08001880683626243	
	P(54) = 0.06991034530416752		P(55) = 0.008138897417685212		P(56) = 0.099	
	P(57) = 0.01721788588706906		P(58) = 0.0650248041681311		P(59) = 0.02308038961017661	
	P(60) = 0.08978047548329207		P(61) = 0.06599569601292711		P(62) = 0.099	
	P(63) = 0.01126628243085853	
================================================================================

================================================================================

NUMBER OF ITERATIONS: 2

NUMBER OF OBJECTIVE FUNCTION EVALUATIONS: 130

OBJECTIVE FUNCTION VALUE:
	F = 66.64351327568342

LAGRANGIAN MULTIPLIERS VALUES:

PENALTY FACTOR:

BEST POSITION:
	P(0) = 0.0289366151442592		P(1) = 0.04150478770503604		P(2) = 0.099	
	P(3) = 0.02172123226608638		P(4) = 0.04933951156898943		P(5) = 0.0893304036035685	
	P(6) = 0		P(7) = 0		P(8) = 0.05797085022691163	
	P(9) = 0		P(10) = 0.008704041616699035		P(11) = 0	
	P(12) = 0.0377594357825017		P(13) = 0.05414688171247416		P(14) = 0.06923062054311613	
	P(15) = 0.099		P(16) = 0.07823030407360501		P(17) = 0	
	P(18) = 0.05410794062109845		P(19) = 0.05002196476705828		P(20) = 0.099	
	P(21) = 0.09877227533209801		P(22) = 0.07897487950731244		P(23) = 0.0892481188583	
	P(24) = 0.099		P(25) = 0.006420653252436154		P(26) = 0.04261084210407581	
	P(27) = 0		P(28) = 0.002709102639736824		P(29) = 0	
	P(30) = 0.0591550074446809		P(31) = 0.07080866576073118		P(32) = 0.09235769104186184	
	P(33) = 0		P(34) = 0.02546984067981536		P(35) = 0.099	
	P(36) = 0.099		P(37) = 0.099		P(38) = 0.0003490570683950742	
	P(39) = 0.004893854185565566		P(40) = 0		P(41) = 0	
	P(42) = 0.02479983561970102		P(43) = 0.03752348995554221		P(44) = 0.0001066920604253785	
	P(45) = 0.07150749373855395		P(46) = 0		P(47) = 0.07010578957967509	
	P(48) = 0.05996769633917182		P(49) = 0.099		P(50) = 0	
	P(51) = 0		P(52) = 0		P(53) = 0.099	
	P(54) = 0.07265659497447689		P(55) = 0.01092998741849052		P(56) = 0.099	
	P(57) = 0.02019035656727943		P(58) = 0.08659535806596835		P(59) = 0.04619849331168614	
	P(60) = 0.099		P(61) = 0.04877575490051063		P(62) = 0.099	
	P(63) = 0	
================================================================================

================================================================================

NUMBER OF ITERATIONS: 3

NUMBER OF OBJECTIVE FUNCTION EVALUATIONS: 190

OBJECTIVE FUNCTION VALUE:
	F = 66.58118187265528

LAGRANGIAN MULTIPLIERS VALUES:

PENALTY FACTOR:

BEST POSITION:
	P(0) = 0.03664786989334596		P(1) = 0.04502872668572951		P(2) = 0.099	
	P(3) = 0.0180202021691071		P(4) = 0.0517512333543132		P(5) = 0.09257633647687698	
	P(6) = 0.01201848605269318		P(7) = 0		P(8) = 0.05200262489208152	
	P(9) = 0		P(10) = 0.006612796394247153		P(11) = 0	
	P(12) = 0.04245549724453587		P(13) = 0.05419059161867297		P(14) = 0.07503476123484537	
	P(15) = 0.099		P(16) = 0.08191239887279185		P(17) = 0	
	P(18) = 0.0544660560472609		P(19) = 0.04916556053930799		P(20) = 0.099	
	P(21) = 0.09887488724932779		P(22) = 0.0872892257570051		P(23) = 0.09249109819974745	
	P(24) = 0.099		P(25) = 0.002468204714116108		P(26) = 0.04220813833981373	
	P(27) = 0		P(28) = 0.008195242181095727		P(29) = 0	
	P(30) = 0.06812403825873353		P(31) = 0.07024118931736363		P(32) = 0.09645299133707264	
	P(33) = 0		P(34) = 0.01754771498739086		P(35) = 0.099	
	P(36) = 0.099		P(37) = 0.099		P(38) = 0.0001350141913152164	
	P(39) = 0.00110856520823583		P(40) = 0		P(41) = 0	
	P(42) = 0.05778158804085806		P(43) = 0.03217745659740802		P(44) = 0	
	P(45) = 0.06954161578418537		P(46) = 0		P(47) = 0.07067234136863262	
	P(48) = 0.06037907041399579		P(49) = 0.09618488453025417		P(50) = 0	
	P(51) = 0		P(52) = 0.005123101518892212		P(53) = 0.099	
	P(54) = 0.07219520599314787		P(55) = 0.009110497715239828		P(56) = 0.099	
	P(57) = 0.01889805401192741		P(58) = 0.09175785830971181		P(59) = 0.02205061029464104	
	P(60) = 0.08711016365920432		P(61) = 0.0691507753738025		P(62) = 0.099	
	P(63) = 0	
================================================================================

================================================================================

NUMBER OF ITERATIONS: 4

NUMBER OF OBJECTIVE FUNCTION EVALUATIONS: 250

OBJECTIVE FUNCTION VALUE:
	F = 65.73128648997648

LAGRANGIAN MULTIPLIERS VALUES:

PENALTY FACTOR:

BEST POSITION:
	P(0) = 0.05096898416122981		P(1) = 0.01778348138004011		P(2) = 0.07485062376906707	
	P(3) = 0.04303483086624677		P(4) = 0.04457516862880826		P(5) = 0.099	
	P(6) = 0.05457276005295182		P(7) = 0		P(8) = 0.02346982738419234	
	P(9) = 0.03999081215645793		P(10) = 0		P(11) = 0	
	P(12) = 0.09800835912694783		P(13) = 0.04195284311598584		P(14) = 0.099	
	P(15) = 0.099		P(16) = 0.099		P(17) = 0	
	P(18) = 0.0008736153725286411		P(19) = 0.009596170949200941		P(20) = 0.099	
	P(21) = 0.099		P(22) = 0.06800388846458295		P(23) = 0.07923072424519009	
	P(24) = 0.099		P(25) = 0		P(26) = 0.01021604325402137	
	P(27) = 0		P(28) = 0.01605443498804367		P(29) = 0	
	P(30) = 0.006998732644359372		P(31) = 0.099		P(32) = 0.099	
	P(33) = 0.03356977782496202		P(34) = 0.003321251125146744		P(35) = 0.0612868766266329	
	P(36) = 0.099		P(37) = 0.06275855490018226		P(38) = 0	
	P(39) = 0		P(40) = 0		P(41) = 0	
	P(42) = 0.099		P(43) = 0.04428696664733651		P(44) = 0	
	P(45) = 0.07544452884896233		P(46) = 0.03001362198505145		P(47) = 0.08316529523451038	
	P(48) = 0.062981098449946		P(49) = 0.099		P(50) = 0	
	P(51) = 0.02451121379124035		P(52) = 0.03296415344971142		P(53) = 0.099	
	P(54) = 0.07172249605519752		P(55) = 0		P(56) = 0.07000764415781843	
	P(57) = 0		P(58) = 0.099		P(59) = 0.02043235011262069	
	P(60) = 0.099		P(61) = 0.099		P(62) = 0.099	
	P(63) = 0.03453715438319494	
================================================================================

================================================================================

NUMBER OF ITERATIONS: 5

NUMBER OF OBJECTIVE FUNCTION EVALUATIONS: 310

OBJECTIVE FUNCTION VALUE:
	F = 63.9948147890183

LAGRANGIAN MULTIPLIERS VALUES:

PENALTY FACTOR:

BEST POSITION:
	P(0) = 0.02750876212957885		P(1) = 0.07274645589083814		P(2) = 0.09835696011835671	
	P(3) = 0.01474446948163062		P(4) = 0.04977780612033617		P(5) = 0.0957179021095943	
	P(6) = 0.04058462690107811		P(7) = 2.99339502705942e-07		P(8) = 0.03405954705982425	
	P(9) = 0		P(10) = 0.002631428476282317		P(11) = 0	
	P(12) = 0.01412070734094711		P(13) = 0.06273982424388971		P(14) = 0.0854525271170028	
	P(15) = 0.099		P(16) = 0.08158297934069506		P(17) = 0	
	P(18) = 0.07229514888917492		P(19) = 0.01895903166122399		P(20) = 0.099	
	P(21) = 0.09878612759425862		P(22) = 0.07263791121619485		P(23) = 0.09286494173026573	
	P(24) = 0.099		P(25) = 0.006210478860394317		P(26) = 0.01449977967146668	
	P(27) = 0		P(28) = 0.006239418163547054		P(29) = 2.068565222258789e-06	
	P(30) = 0.05853427766812332		P(31) = 0.08102595829650161		P(32) = 0.09036688532637936	
	P(33) = 0		P(34) = 0.02096369237864725		P(35) = 0.07826480207335065	
	P(36) = 0.09899928431756347		P(37) = 0.099		P(38) = 0.0001398536882699156	
	P(39) = 0.001383310205683552		P(40) = 1.584029250864538e-06		P(41) = 1.639925208463122e-06	
	P(42) = 0.0292900045072329		P(43) = 0.02153668567947263		P(44) = 2.419022686661609e-06	
	P(45) = 0.04776938956420129		P(46) = 0		P(47) = 0.07421705398731401	
	P(48) = 0.07683593014175058		P(49) = 0.09875962971623745		P(50) = 0	
	P(51) = 0		P(52) = 0.01513213937053207		P(53) = 0.09899613315206032	
	P(54) = 0.07523037367656721		P(55) = 0.00595075022044602		P(56) = 0.09753031846397056	
	P(57) = 0.006211435884531949		P(58) = 0.09774968796656965		P(59) = 0.02038477385054215	
	P(60) = 0.09564900058603748		P(61) = 0.08176598448788017		P(62) = 0.09899299282206214	
	P(63) = 0.01781501344376615	
================================================================================

================================================================================

NUMBER OF ITERATIONS: 6

NUMBER OF OBJECTIVE FUNCTION EVALUATIONS: 370

OBJECTIVE FUNCTION VALUE:
	F = 63.9948147890183

LAGRANGIAN MULTIPLIERS VALUES:

PENALTY FACTOR:

BEST POSITION:
	P(0) = 0.02750876212957885		P(1) = 0.07274645589083814		P(2) = 0.09835696011835671	
	P(3) = 0.01474446948163062		P(4) = 0.04977780612033617		P(5) = 0.0957179021095943	
	P(6) = 0.04058462690107811		P(7) = 2.99339502705942e-07		P(8) = 0.03405954705982425	
	P(9) = 0		P(10) = 0.002631428476282317		P(11) = 0	
	P(12) = 0.01412070734094711		P(13) = 0.06273982424388971		P(14) = 0.0854525271170028	
	P(15) = 0.099		P(16) = 0.08158297934069506		P(17) = 0	
	P(18) = 0.07229514888917492		P(19) = 0.01895903166122399		P(20) = 0.099	
	P(21) = 0.09878612759425862		P(22) = 0.07263791121619485		P(23) = 0.09286494173026573	
	P(24) = 0.099		P(25) = 0.006210478860394317		P(26) = 0.01449977967146668	
	P(27) = 0		P(28) = 0.006239418163547054		P(29) = 2.068565222258789e-06	
	P(30) = 0.05853427766812332		P(31) = 0.08102595829650161		P(32) = 0.09036688532637936	
	P(33) = 0		P(34) = 0.02096369237864725		P(35) = 0.07826480207335065	
	P(36) = 0.09899928431756347		P(37) = 0.099		P(38) = 0.0001398536882699156	
	P(39) = 0.001383310205683552		P(40) = 1.584029250864538e-06		P(41) = 1.639925208463122e-06	
	P(42) = 0.0292900045072329		P(43) = 0.02153668567947263		P(44) = 2.419022686661609e-06	
	P(45) = 0.04776938956420129		P(46) = 0		P(47) = 0.07421705398731401	
	P(48) = 0.07683593014175058		P(49) = 0.09875962971623745		P(50) = 0	
	P(51) = 0		P(52) = 0.01513213937053207		P(53) = 0.09899613315206032	
	P(54) = 0.07523037367656721		P(55) = 0.00595075022044602		P(56) = 0.09753031846397056	
	P(57) = 0.006211435884531949		P(58) = 0.09774968796656965		P(59) = 0.02038477385054215	
	P(60) = 0.09564900058603748		P(61) = 0.08176598448788017		P(62) = 0.09899299282206214	
	P(63) = 0.01781501344376615	
================================================================================

================================================================================

NUMBER OF ITERATIONS: 7

NUMBER OF OBJECTIVE FUNCTION EVALUATIONS: 430

OBJECTIVE FUNCTION VALUE:
	F = 60.31841390861496

LAGRANGIAN MULTIPLIERS VALUES:

PENALTY FACTOR:

BEST POSITION:
	P(0) = 0.01785051082816706		P(1) = 0.08821426553820831		P(2) = 0.09852252705506477	
	P(3) = 0.01733652302413414		P(4) = 0.04758744124750452		P(5) = 0.09621689396076601	
	P(6) = 0.04159068096420214		P(7) = 1.378858822169426e-06		P(8) = 0.02988086336951825	
	P(9) = 0		P(10) = 0.01158505092774815		P(11) = 2.474189690300499e-06	
	P(12) = 0.03881445998468434		P(13) = 0.06216325286873563		P(14) = 0.08570015771795614	
	P(15) = 0.09899949663927164		P(16) = 0.0801799313092946		P(17) = 0	
	P(18) = 0.07050896541275398		P(19) = 0.01432430168523446		P(20) = 0.0989981803934635	
	P(21) = 0.09886805493227077		P(22) = 0.07124673425120703		P(23) = 0.08795224311798566	
	P(24) = 0.099		P(25) = 0.006207848246778357		P(26) = 0.01232959544688347	
	P(27) = 0		P(28) = 0.008423950479629884		P(29) = 0	
	P(30) = 0.0564507829088485		P(31) = 0.07795650793272893		P(32) = 0.08977354904809001	
	P(33) = 0		P(34) = 0.023423304066346		P(35) = 0.07313381839395697	
	P(36) = 0.09899867395736049		P(37) = 0.01263093198641538		P(38) = 0.0001553635129439013	
	P(39) = 0.001401990063101544		P(40) = 2.792257254552455e-06		P(41) = 1.821890492068046e-06	
	P(42) = 0.01189250606397918		P(43) = 0.01796902150510098		P(44) = 0	
	P(45) = 0.04348527713373732		P(46) = 0.00999652317259573		P(47) = 0.07253154147334676	
	P(48) = 0.07670499117641034		P(49) = 0.09889844107491105		P(50) = 2.554366673845898e-06	
	P(51) = 0.001774823141700591		P(52) = 0.01638351540872888		P(53) = 0.09899618777862379	
	P(54) = 0.07603968646595816		P(55) = 0.006556392191904348		P(56) = 0.09783067951621499	
	P(57) = 0.007968277707156482		P(58) = 0.09761045755951411		P(59) = 0.02246942127437718	
	P(60) = 0.09661120403556438		P(61) = 0.08194381146661271		P(62) = 0.09899660530368928	
	P(63) = 0.01205744352041401	
================================================================================

================================================================================

NUMBER OF ITERATIONS: 8

NUMBER OF OBJECTIVE FUNCTION EVALUATIONS: 490

OBJECTIVE FUNCTION VALUE:
	F = 45.71581470960999

LAGRANGIAN MULTIPLIERS VALUES:

PENALTY FACTOR:

BEST POSITION:
	P(0) = 0.0115959868842803		P(1) = 0.08991160627601892		P(2) = 0.099	
	P(3) = 0.0196452737579914		P(4) = 0.05437412294916786		P(5) = 0.099	
	P(6) = 0.05214241625398486		P(7) = 0		P(8) = 0.03148634383846492	
	P(9) = 0		P(10) = 0.006656801783677488		P(11) = 0	
	P(12) = 0.008314991507669595		P(13) = 0.06517178841788031		P(14) = 0.07635223241784095	
	P(15) = 0.099		P(16) = 0.07972006113246929		P(17) = 0	
	P(18) = 0.05334403740904779		P(19) = 0.01276315106999499		P(20) = 0.099	
	P(21) = 0.099		P(22) = 0.08064051312778926		P(23) = 0.08550345209456763	
	P(24) = 0.099		P(25) = 0.006250716771943526		P(26) = 0.01578312565868739	
	P(27) = 0		P(28) = 0.007725221750873895		P(29) = 0	
	P(30) = 0.07197023604039442		P(31) = 0.07543061704477227		P(32) = 0.09581319665041702	
	P(33) = 0		P(34) = 0.02321104999217636		P(35) = 0.06675234633278065	
	P(36) = 0.099		P(37) = 0		P(38) = 0	
	P(39) = 0		P(40) = 0		P(41) = 0	
	P(42) = 0		P(43) = 0.01077255185912473		P(44) = 0	
	P(45) = 0.04551567228020331		P(46) = 0.0122429074097998		P(47) = 0.06335539563967381	
	P(48) = 0.08043698129209606		P(49) = 0.099		P(50) = 0	
	P(51) = 0		P(52) = 0.0153475449662768		P(53) = 0.099	
	P(54) = 0.06482906830271269		P(55) = 0.005007721324850743		P(56) = 0.099	
	P(57) = 0.009474706042439371		P(58) = 0.09744345864210598		P(59) = 0.01706952034112223	
	P(60) = 0.09861766090838325		P(61) = 0.08362335632402834		P(62) = 0.09899821539758205	
	P(63) = 0.02016907607217927	
================================================================================

================================================================================

NUMBER OF ITERATIONS: 9

NUMBER OF OBJECTIVE FUNCTION EVALUATIONS: 550

OBJECTIVE FUNCTION VALUE:
	F = 45.67735796016795

LAGRANGIAN MULTIPLIERS VALUES:

PENALTY FACTOR:

BEST POSITION:
	P(0) = 0.02064589246625589		P(1) = 0.09373061853335432		P(2) = 0.09873422913089235	
	P(3) = 0.01725640200268166		P(4) = 0.05055179312931281		P(5) = 0.09862991874595259	
	P(6) = 0.04632128853832848		P(7) = 0		P(8) = 0.0318306370989702	
	P(9) = 2.476667582740344e-06		P(10) = 0.005889147944688505		P(11) = 0	
	P(12) = 0.0166033007719158		P(13) = 0.06427472981510333		P(14) = 0.07535038556438503	
	P(15) = 0.099		P(16) = 0.07962924428186778		P(17) = 0	
	P(18) = 0.05355447005012063		P(19) = 0.01322640612006258		P(20) = 0.09899906941808372	
	P(21) = 0.099		P(22) = 0.08224597336723988		P(23) = 0.07902927984108905	
	P(24) = 0.099		P(25) = 0.005067560815339524		P(26) = 0.01847447899981278	
	P(27) = 1.80921290955649e-07		P(28) = 0.008352629494273338		P(29) = 0	
	P(30) = 0.07548348194696847		P(31) = 0.07416443450077928		P(32) = 0.08925156548436193	
	P(33) = 0		P(34) = 0.02504330354752993		P(35) = 0.07161473512215547	
	P(36) = 0.09899803825036181		P(37) = 0.003257704032317954		P(38) = 4.36415018680858e-05	
	P(39) = 0.0001919401569022358		P(40) = 0		P(41) = 0	
	P(42) = 0.0005512136917044733		P(43) = 0.004496258157960398		P(44) = 0	
	P(45) = 0.04375787447592516		P(46) = 0.01327986282750276		P(47) = 0.06361214242651334	
	P(48) = 0.07991967134311466		P(49) = 0.09891752670182112		P(50) = 1.588347198787365e-06	
	P(51) = 0.0006745219619058301		P(52) = 0.0160055432579145		P(53) = 0.099	
	P(54) = 0.06790346651662874		P(55) = 0.003606962990735658		P(56) = 0.09888000293077316	
	P(57) = 0.008780687592308163		P(58) = 0.09723728156331132		P(59) = 0.01702595566580444	
	P(60) = 0.09794788476836055		P(61) = 0.08284352955405709		P(62) = 0.09899997801395988	
	P(63) = 0.022503198085831	
================================================================================

================================================================================

NUMBER OF ITERATIONS: 10

NUMBER OF OBJECTIVE FUNCTION EVALUATIONS: 610

OBJECTIVE FUNCTION VALUE:
	F = 47.32473110011072

LAGRANGIAN MULTIPLIERS VALUES:

PENALTY FACTOR:

BEST POSITION:
	P(0) = 0.001466646477046904		P(1) = 0.09559107692161768		P(2) = 0.09882326094032985	
	P(3) = 0.02228715996333167		P(4) = 0.05526679619784529		P(5) = 0.099	
	P(6) = 0.03896306329385579		P(7) = 0		P(8) = 0.02286155510487217	
	P(9) = 0		P(10) = 0.005060882483975342		P(11) = 0	
	P(12) = 0.01157062552761726		P(13) = 0.06969514265043492		P(14) = 0.06783009822132716	
	P(15) = 0.099		P(16) = 0.0825505109756868		P(17) = 0	
	P(18) = 0.05228458400168484		P(19) = 0.01630791134118343		P(20) = 0.099	
	P(21) = 0.099		P(22) = 0.08855234704926562		P(23) = 0.06702361383727601	
	P(24) = 0.099		P(25) = 0.005931703577492474		P(26) = 0.01123633826796518	
	P(27) = 0		P(28) = 0.006813229405029854		P(29) = 0	
	P(30) = 0.09020432805463463		P(31) = 0.07496514020935253		P(32) = 0.08797350835947056	
	P(33) = 0		P(34) = 0.02359233514375634		P(35) = 0.07868460087009646	
	P(36) = 0.099		P(37) = 0.003060446824020444		P(38) = 0	
	P(39) = 0		P(40) = 0		P(41) = 0	
	P(42) = 0		P(43) = 0.0005892550888598191		P(44) = 0	
	P(45) = 0.05042113298841228		P(46) = 0.01412333071194782		P(47) = 0.05958399001452255	
	P(48) = 0.08108217630444584		P(49) = 0.099		P(50) = 0	
	P(51) = 0.000175537097313154		P(52) = 0.01414033865887124		P(53) = 0.099	
	P(54) = 0.0732809908902182		P(55) = 0.004946090461742672		P(56) = 0.099	
	P(57) = 0.01457907222011121		P(58) = 0.099		P(59) = 0.008932384903834668	
	P(60) = 0.09812885538302765		P(61) = 0.08612760595506772		P(62) = 0.099	
	P(63) = 0.0165657651662948	
================================================================================
