



   ---------------------------------------------------------------------------
     START OF THE SEQUENTIAL LEAST SQUARES PROGRAMMING ALGORIT  
   ---------------------------------------------------------------------------

     PARAMETERS:
        ACC =   0.1000D-05
        MAXITER = 50
        IPRINT =   1
IOUT =   6




     ITER =    1     OBJ =  0.94232718E+01
      0.9890E-01
     -0.5259E-05
     -0.5259E-05
     -0.5256E-05
     -0.5257E-05
     -0.5258E-05
      0.9890E-01
     -0.5260E-05
     -0.5258E-05
     -0.5260E-05
     -0.5260E-05
     -0.5259E-05
     -0.5256E-05
     -0.5254E-05
     -0.5256E-05
     -0.5259E-05
     -0.5258E-05
     -0.5258E-05
     -0.5261E-05
     -0.5263E-05
     -0.5260E-05
      0.9890E-01
      0.8648E-01
     -0.5259E-05
     -0.5257E-05
      0.4992E-01
     -0.5258E-05
      0.5374E-01
     -0.5257E-05
     -0.5257E-05
     -0.5259E-05
     -0.5264E-05
     -0.5260E-05
      0.9890E-01
     -0.5260E-05
     -0.5259E-05
     -0.5254E-05
     -0.5258E-05
     -0.5258E-05
     -0.5255E-05
     -0.5253E-05
     -0.5255E-05
      0.9890E-01
     -0.5260E-05
     -0.5258E-05
      0.9890E-01
     -0.5263E-05
     -0.5259E-05
     -0.5262E-05
     -0.5268E-05
     -0.5260E-05
     -0.5252E-05
      0.4111E-01
     -0.5255E-05
     -0.5253E-05
      0.2421E-02
     -0.5256E-05
      0.9890E-01
     -0.5264E-05
     -0.5259E-05
     -0.5262E-05
     -0.5270E-05
     -0.5261E-05
      0.9890E-01
     -0.5250E-05
     -0.5255E-05
     -0.5255E-05
      0.4039E-02
     -0.5256E-05
      0.9700E-01
     -0.5270E-05
     -0.5260E-05
     -0.5260E-05
     -0.5269E-05
     -0.5260E-05
      0.9890E-01
      0.1177E-05
     -0.5256E-05
     -0.5261E-05
      0.9890E-01
     -0.5258E-05
      0.9890E-01
     -0.5272E-05
     -0.5261E-05
     -0.5259E-05
     -0.5266E-05
     -0.5259E-05
      0.4022E-01
     -0.5257E-05
     -0.5258E-05
     -0.5261E-05
     -0.5256E-05
     -0.5257E-05
     -0.5260E-05
     -0.5267E-05
     -0.5264E-05


     ITER =    2     OBJ =  0.94025322E+01
      0.9797E-01
     -0.5210E-05
     -0.5210E-05
     -0.5207E-05
     -0.5208E-05
     -0.5208E-05
      0.9797E-01
     -0.5211E-05
     -0.5208E-05
     -0.5210E-05
     -0.5211E-05
     -0.5210E-05
     -0.5206E-05
      0.9258E-03
     -0.5206E-05
     -0.5209E-05
     -0.5208E-05
     -0.5209E-05
     -0.5211E-05
     -0.5214E-05
     -0.5211E-05
      0.9797E-01
      0.8567E-01
     -0.5209E-05
     -0.5208E-05
      0.4945E-01
     -0.5208E-05
      0.5324E-01
     -0.5207E-05
     -0.5207E-05
     -0.5210E-05
     -0.5214E-05
     -0.5210E-05
      0.9797E-01
     -0.5210E-05
     -0.5209E-05
      0.9258E-03
     -0.5209E-05
     -0.5209E-05
      0.7155E-03
      0.9258E-03
     -0.5206E-05
      0.9797E-01
     -0.5211E-05
     -0.5209E-05
      0.9797E-01
     -0.5213E-05
     -0.5209E-05
     -0.5212E-05
     -0.5218E-05
     -0.5211E-05
      0.9258E-03
      0.4166E-01
      0.9258E-03
      0.9258E-03
      0.2398E-02
     -0.5207E-05
      0.9797E-01
     -0.5214E-05
     -0.5209E-05
     -0.5213E-05
     -0.5220E-05
     -0.5211E-05
      0.9797E-01
      0.9258E-03
      0.9258E-03
      0.9258E-03
      0.4932E-02
     -0.5207E-05
      0.9609E-01
     -0.5220E-05
     -0.5211E-05
     -0.5210E-05
     -0.5219E-05
     -0.5210E-05
      0.9797E-01
      0.9322E-03
      0.9258E-03
     -0.5212E-05
      0.9797E-01
     -0.5208E-05
      0.9797E-01
     -0.5222E-05
     -0.5211E-05
     -0.5209E-05
     -0.5216E-05
     -0.5210E-05
      0.3984E-01
     -0.5208E-05
     -0.5209E-05
     -0.5212E-05
      0.9258E-03
     -0.5208E-05
     -0.5210E-05
     -0.5218E-05
     -0.5214E-05


     ITER =    3     OBJ =  0.90542908E+01
      0.8538E-01
     -0.4541E-05
     -0.4540E-05
     -0.4538E-05
     -0.4539E-05
     -0.4539E-05
      0.8538E-01
     -0.4541E-05
     -0.4539E-05
     -0.4541E-05
     -0.4541E-05
     -0.4540E-05
      0.1271E-01
      0.1353E-01
      0.1271E-01
     -0.4540E-05
     -0.4539E-05
     -0.4540E-05
     -0.4542E-05
     -0.4544E-05
     -0.4541E-05
      0.8538E-01
      0.7466E-01
     -0.4540E-05
      0.1271E-01
      0.4310E-01
     -0.4539E-05
      0.4640E-01
     -0.4538E-05
     -0.4538E-05
     -0.4540E-05
     -0.4544E-05
     -0.4541E-05
      0.8538E-01
     -0.4541E-05
     -0.4540E-05
      0.1353E-01
     -0.4540E-05
     -0.4540E-05
      0.1334E-01
      0.8069E-03
      0.1271E-01
      0.9810E-01
     -0.4542E-05
     -0.4540E-05
      0.8538E-01
     -0.4543E-05
     -0.4540E-05
     -0.4543E-05
     -0.4548E-05
     -0.4541E-05
      0.1353E-01
      0.3630E-01
      0.1036E-01
      0.1353E-01
      0.2090E-02
     -0.4538E-05
      0.8538E-01
     -0.4544E-05
     -0.4540E-05
     -0.4543E-05
     -0.4550E-05
     -0.4542E-05
      0.8538E-01
      0.8842E-02
      0.8069E-03
      0.1353E-01
      0.4298E-02
      0.1271E-01
      0.9646E-01
     -0.4550E-05
     -0.4541E-05
     -0.4541E-05
     -0.4549E-05
     -0.4541E-05
      0.8538E-01
      0.8124E-03
      0.8069E-03
     -0.4542E-05
      0.8538E-01
     -0.4539E-05
      0.9038E-01
     -0.4551E-05
     -0.4542E-05
     -0.4540E-05
     -0.4546E-05
     -0.4541E-05
      0.3472E-01
     -0.4539E-05
     -0.4540E-05
     -0.4542E-05
      0.8069E-03
     -0.4539E-05
     -0.4541E-05
     -0.4547E-05
     -0.4544E-05
