                                     ======================
                                        ALPSO 1.1 (Serial)
                                     ======================

Parameters:
-------------------------------------------------------------------------------------------------
Swarmsize           :       10    MaxOuterIters     :      200    Seed:       1519680663.98138595
Cognitive Parameter :    2.000    MaxInnerIters     :        6    Scaling            :          1
Social Parameter    :    1.000    MinInnerIters     :        6    Stopping Criteria  :          1
Initial Weight      :    0.990    DynInnerIters     :        0    Number of Failures :         15
Final Weight        :    0.550    StoppingIters     :        5    Number of Successes:          5

Absolute Tolerance  : 1.00e-02    Number Initial Pos:        0    Neighbourhood Model:      gbest
Relative Tolerance  : 1.00e-02    Initial Velocity  :        1    Neighbourhood Size :         40
Inequality Tolerance: 1.00e-03    Maximum Velocity  :        2    Selfless           :          1
Equality Tolerance  : 1.00e-03    Craziness Velocity: 1.00e-04    Fileout            :          1
Global Distance     : 1.00e-01    Initial Penalty   :     1.00    File Name          :  ALPSO.out
-------------------------------------------------------------------------------------------------


================================================================================

NUMBER OF ITERATIONS: 1

NUMBER OF OBJECTIVE FUNCTION EVALUATIONS: 70

OBJECTIVE FUNCTION VALUE:
	F = 44.67265991287634

LAGRANGIAN MULTIPLIERS VALUES:

PENALTY FACTOR:

BEST POSITION:
	P(0) = 0.08121194063749104		P(1) = 0.099		P(2) = 0.03923775878365098	
	P(3) = 0.099		P(4) = 0.002936374729746498		P(5) = 0.03066133564177215	
	P(6) = 0.01260845204472046		P(7) = 0.04583815539384478		P(8) = 0.07890823862599951	
	P(9) = 0.07680050243630478		P(10) = 0.02515774147393774		P(11) = 0.007409084427493537	
	P(12) = 0		P(13) = 0.05995703383678175		P(14) = 0.02135476324488196	
	P(15) = 0.09892501176093557		P(16) = 0		P(17) = 0.05510462883667318	
	P(18) = 0.06165807958055232		P(19) = 0.04826042991780444		P(20) = 0.03747012374552387	
	P(21) = 0.02371672043325135		P(22) = 0.01606442885701816		P(23) = 0	
	P(24) = 0.06855058200522271		P(25) = 0.05411824417832063		P(26) = 0	
	P(27) = 0.01598228394253555		P(28) = 0		P(29) = 0	
	P(30) = 0.04537628647049097		P(31) = 0.09276718523420108		P(32) = 0.06093638030477656	
	P(33) = 0		P(34) = 0.02365108283804233		P(35) = 0.07626282267648363	
	P(36) = 0		P(37) = 0.03330114966509233		P(38) = 0.02837794939404726	
	P(39) = 0		P(40) = 0.04945605743025203		P(41) = 0.08992672502389679	
	P(42) = 0.099		P(43) = 0.0504928637093641		P(44) = 0.01841300749641462	
	P(45) = 0.03950972141709599		P(46) = 0		P(47) = 0.003357948421999317	
	P(48) = 0.008806856053113953		P(49) = 0.03214690683367186		P(50) = 0.09883561356379866	
	P(51) = 0.03003827747383842		P(52) = 0.01761634112471686		P(53) = 0.02166332545100196	
	P(54) = 0.08340041945237157		P(55) = 0.03390940969531431		P(56) = 0.02672449483557277	
	P(57) = 0		P(58) = 0.08449877217368698		P(59) = 0	
	P(60) = 0.003732651430259734		P(61) = 0		P(62) = 0.03783505127759666	
	P(63) = 0.06395125138410558	
================================================================================

================================================================================

NUMBER OF ITERATIONS: 2

NUMBER OF OBJECTIVE FUNCTION EVALUATIONS: 130

OBJECTIVE FUNCTION VALUE:
	F = 42.005271177795

LAGRANGIAN MULTIPLIERS VALUES:

PENALTY FACTOR:

BEST POSITION:
	P(0) = 0.08677396287909031		P(1) = 0.09165357785016201		P(2) = 0.08027714481760218	
	P(3) = 0.099		P(4) = 0		P(5) = 0.0739633809798772	
	P(6) = 0.04342021123121995		P(7) = 0.05154436210994685		P(8) = 0.099	
	P(9) = 0.05869417252375968		P(10) = 0.02537921721288259		P(11) = 0	
	P(12) = 0		P(13) = 0.04496371835216222		P(14) = 0.05136847239332812	
	P(15) = 0.05050276774105536		P(16) = 0.0198906351098713		P(17) = 0.05644038278356778	
	P(18) = 0.03360693835743855		P(19) = 0.04508407846375736		P(20) = 0.03202136396115031	
	P(21) = 0.01113169536600428		P(22) = 0.04645049579059266		P(23) = 0	
	P(24) = 0.05928019576434861		P(25) = 0.06009654941726233		P(26) = 0	
	P(27) = 0.01244861235414978		P(28) = 0		P(29) = 0	
	P(30) = 0.04405393254010868		P(31) = 0.09161782311793693		P(32) = 0.05813621386704731	
	P(33) = 0		P(34) = 0.04765152855031789		P(35) = 0.0285979584994166	
	P(36) = 0		P(37) = 0.07698120798295499		P(38) = 0.0456957880034943	
	P(39) = 0		P(40) = 0.05400506985604552		P(41) = 0.08289673466618704	
	P(42) = 0.08977044961219122		P(43) = 0.04998139987334681		P(44) = 0.005071276474090822	
	P(45) = 0.03565934547363122		P(46) = 0		P(47) = 0.01073281127819125	
	P(48) = 0.004328588345370865		P(49) = 0.0126205584707448		P(50) = 0.099	
	P(51) = 0.08169989872486409		P(52) = 0		P(53) = 0	
	P(54) = 0.07810599657935509		P(55) = 0.0413416270795255		P(56) = 0.02106016199210183	
	P(57) = 0		P(58) = 0.09332210292886942		P(59) = 0.0001826552780167454	
	P(60) = 0.004656335113149876		P(61) = 0		P(62) = 0.02365333440414695	
	P(63) = 0.07833290502608831	
================================================================================

================================================================================

NUMBER OF ITERATIONS: 3

NUMBER OF OBJECTIVE FUNCTION EVALUATIONS: 190

OBJECTIVE FUNCTION VALUE:
	F = 42.005271177795

LAGRANGIAN MULTIPLIERS VALUES:

PENALTY FACTOR:

BEST POSITION:
	P(0) = 0.08677396287909031		P(1) = 0.09165357785016201		P(2) = 0.08027714481760218	
	P(3) = 0.099		P(4) = 0		P(5) = 0.0739633809798772	
	P(6) = 0.04342021123121995		P(7) = 0.05154436210994685		P(8) = 0.099	
	P(9) = 0.05869417252375968		P(10) = 0.02537921721288259		P(11) = 0	
	P(12) = 0		P(13) = 0.04496371835216222		P(14) = 0.05136847239332812	
	P(15) = 0.05050276774105536		P(16) = 0.0198906351098713		P(17) = 0.05644038278356778	
	P(18) = 0.03360693835743855		P(19) = 0.04508407846375736		P(20) = 0.03202136396115031	
	P(21) = 0.01113169536600428		P(22) = 0.04645049579059266		P(23) = 0	
	P(24) = 0.05928019576434861		P(25) = 0.06009654941726233		P(26) = 0	
	P(27) = 0.01244861235414978		P(28) = 0		P(29) = 0	
	P(30) = 0.04405393254010868		P(31) = 0.09161782311793693		P(32) = 0.05813621386704731	
	P(33) = 0		P(34) = 0.04765152855031789		P(35) = 0.0285979584994166	
	P(36) = 0		P(37) = 0.07698120798295499		P(38) = 0.0456957880034943	
	P(39) = 0		P(40) = 0.05400506985604552		P(41) = 0.08289673466618704	
	P(42) = 0.08977044961219122		P(43) = 0.04998139987334681		P(44) = 0.005071276474090822	
	P(45) = 0.03565934547363122		P(46) = 0		P(47) = 0.01073281127819125	
	P(48) = 0.004328588345370865		P(49) = 0.0126205584707448		P(50) = 0.099	
	P(51) = 0.08169989872486409		P(52) = 0		P(53) = 0	
	P(54) = 0.07810599657935509		P(55) = 0.0413416270795255		P(56) = 0.02106016199210183	
	P(57) = 0		P(58) = 0.09332210292886942		P(59) = 0.0001826552780167454	
	P(60) = 0.004656335113149876		P(61) = 0		P(62) = 0.02365333440414695	
	P(63) = 0.07833290502608831	
================================================================================

================================================================================

NUMBER OF ITERATIONS: 4

NUMBER OF OBJECTIVE FUNCTION EVALUATIONS: 250

OBJECTIVE FUNCTION VALUE:
	F = 39.43118627312681

LAGRANGIAN MULTIPLIERS VALUES:

PENALTY FACTOR:

BEST POSITION:
	P(0) = 0.09239133610620823		P(1) = 0.099		P(2) = 0.09484005322951675	
	P(3) = 0.099		P(4) = 0		P(5) = 0.099	
	P(6) = 0.009586475826619492		P(7) = 0.02409679064971228		P(8) = 0.099	
	P(9) = 0.07295433075874293		P(10) = 0.01750490218993191		P(11) = 0	
	P(12) = 0		P(13) = 0.04844670338167906		P(14) = 0.03830195816167958	
	P(15) = 0.05162362742771973		P(16) = 0.01051394203296015		P(17) = 0.06076915192846222	
	P(18) = 0.03417344331387506		P(19) = 0.03031364314581203		P(20) = 0.017616687653108	
	P(21) = 0.005769154130226405		P(22) = 0.01032974546041639		P(23) = 0	
	P(24) = 0.05627472820984038		P(25) = 0.05037503792692696		P(26) = 0	
	P(27) = 0.001780938514774913		P(28) = 0.004482113753473488		P(29) = 0	
	P(30) = 0.04070990657620759		P(31) = 0.09185482000104675		P(32) = 0.03807291928221832	
	P(33) = 0		P(34) = 0.03309976530662184		P(35) = 0.01161541480162386	
	P(36) = 0		P(37) = 0.08299097384512816		P(38) = 0.02081267600859153	
	P(39) = 0		P(40) = 0.05140621434870296		P(41) = 0.0804058359714266	
	P(42) = 0.09576230710562905		P(43) = 0.04189034335572651		P(44) = 0.0007960459427009195	
	P(45) = 0.02654109902320324		P(46) = 0		P(47) = 0.0104242615446812	
	P(48) = 0.02092309104915235		P(49) = 0.002390918780599813		P(50) = 0.099	
	P(51) = 0.05814504463862542		P(52) = 0		P(53) = 0.005591973348640679	
	P(54) = 0.0759852270727841		P(55) = 0		P(56) = 0.02592406712567525	
	P(57) = 0		P(58) = 0.09717023365326984		P(59) = 0	
	P(60) = 0		P(61) = 0.005383852571964748		P(62) = 0.02788438277447018	
	P(63) = 0.07540827825120988	
================================================================================

================================================================================

NUMBER OF ITERATIONS: 5

NUMBER OF OBJECTIVE FUNCTION EVALUATIONS: 310

OBJECTIVE FUNCTION VALUE:
	F = 39.37551783677882

LAGRANGIAN MULTIPLIERS VALUES:

PENALTY FACTOR:

BEST POSITION:
	P(0) = 0.09098961373253706		P(1) = 0.09891462290982402		P(2) = 0.09568938517535922	
	P(3) = 0.099		P(4) = 0		P(5) = 0.099	
	P(6) = 0.0213445402501347		P(7) = 0.02964343228447531		P(8) = 0.099	
	P(9) = 0.07282105049957377		P(10) = 0.007776245288890767		P(11) = 0	
	P(12) = 0		P(13) = 0.05148893380282286		P(14) = 0.0383137323629401	
	P(15) = 0.04402251786733781		P(16) = 0.01390756247817043		P(17) = 0.05981402978720483	
	P(18) = 0.03081125099572249		P(19) = 0.03165341150663365		P(20) = 0.01642527010839927	
	P(21) = 0.004631004572399483		P(22) = 0.000784189832255533		P(23) = 0	
	P(24) = 0.05289043755304939		P(25) = 0.05018800858501133		P(26) = 0	
	P(27) = 0		P(28) = 0.005189246491333552		P(29) = 0	
	P(30) = 0.04089195729481337		P(31) = 0.09269613772884881		P(32) = 0.03737282438030573	
	P(33) = 0		P(34) = 0.03416313948032804		P(35) = 0.01628096655661555	
	P(36) = 0		P(37) = 0.0848668885380103		P(38) = 0.012761604486292	
	P(39) = 0		P(40) = 0.05159588660132564		P(41) = 0.0803859226110902	
	P(42) = 0.0961329348511243		P(43) = 0.04279225724051489		P(44) = 0.0007924915939993976	
	P(45) = 0.02677733557431468		P(46) = 0		P(47) = 0.009684942302352027	
	P(48) = 0.01729343666077841		P(49) = 0.002753570198793465		P(50) = 0.099	
	P(51) = 0.05819851949426755		P(52) = 0		P(53) = 0.01071948701480716	
	P(54) = 0.07809522187479841		P(55) = 0.01858492998100722		P(56) = 0.02757374684229702	
	P(57) = 0		P(58) = 0.09291767759001845		P(59) = 0	
	P(60) = 0		P(61) = 0.004084879190006323		P(62) = 0.03323495895448719	
	P(63) = 0.08309588451571023	
================================================================================

================================================================================

NUMBER OF ITERATIONS: 6

NUMBER OF OBJECTIVE FUNCTION EVALUATIONS: 370

OBJECTIVE FUNCTION VALUE:
	F = 38.99397895376621

LAGRANGIAN MULTIPLIERS VALUES:

PENALTY FACTOR:

BEST POSITION:
	P(0) = 0.08947076229352607		P(1) = 0.09896380800702029		P(2) = 0.09613815853525232	
	P(3) = 0.099		P(4) = 8.98683639720399e-07		P(5) = 0.09882847308831406	
	P(6) = 0.02244287227084841		P(7) = 0.03752746125357825		P(8) = 0.09899899336348017	
	P(9) = 0.06642783234963595		P(10) = 0		P(11) = 0	
	P(12) = 0		P(13) = 0.05729271620939691		P(14) = 0.026096433949628	
	P(15) = 0.04120726023379207		P(16) = 0.01679001954430072		P(17) = 0.05402601206129051	
	P(18) = 0.0236053235306199		P(19) = 0.03336342209969096		P(20) = 0.01878555438982254	
	P(21) = 0.009253296280243704		P(22) = 0.004922522115927093		P(23) = 4.157365116608247e-07	
	P(24) = 0.0526683730193125		P(25) = 0.04860474978161528		P(26) = 1.144130579976144e-05	
	P(27) = 0.0001671173807560045		P(28) = 0.00180164347505319		P(29) = 0	
	P(30) = 0.04278508532140819		P(31) = 0.0922797915890728		P(32) = 0.02446446403252556	
	P(33) = 1.440505028344613e-05		P(34) = 0.03453438139766035		P(35) = 0.02102965297852732	
	P(36) = 0		P(37) = 0.08959490438715936		P(38) = 0	
	P(39) = 0.0001502467608004224		P(40) = 0.05090118286299308		P(41) = 0.07927508864985941	
	P(42) = 0.09714050851459413		P(43) = 0.04689820680209552		P(44) = 0.0001122531042526825	
	P(45) = 0.02882830004014743		P(46) = 0		P(47) = 0.007128918309558849	
	P(48) = 0.01101087433044009		P(49) = 0.0009812784459609647		P(50) = 0.09899984541334592	
	P(51) = 0.05413456841227286		P(52) = 0.002563566161016634		P(53) = 0.0119199275001803	
	P(54) = 0.08145313956172362		P(55) = 0.02722708560412653		P(56) = 0.03392653950046324	
	P(57) = 0		P(58) = 0.09037819127961214		P(59) = 4.035087322135089e-06	
	P(60) = 0.001560318328814821		P(61) = 0.001782240922176478		P(62) = 0.0213562009609779	
	P(63) = 0.09323056905284423	
================================================================================

================================================================================

NUMBER OF ITERATIONS: 7

NUMBER OF OBJECTIVE FUNCTION EVALUATIONS: 430

OBJECTIVE FUNCTION VALUE:
	F = 38.70262961282093

LAGRANGIAN MULTIPLIERS VALUES:

PENALTY FACTOR:

BEST POSITION:
	P(0) = 0.08855763061941771		P(1) = 0.099		P(2) = 0.097394392893583	
	P(3) = 0.099		P(4) = 0		P(5) = 0.099	
	P(6) = 0.0194580680489038		P(7) = 0.05517094071614079		P(8) = 0.099	
	P(9) = 0.05862816619183018		P(10) = 0.001758358967153817		P(11) = 0	
	P(12) = 0		P(13) = 0.05720199753565938		P(14) = 0.02783454879786098	
	P(15) = 0.04070781416919379		P(16) = 0.01515272612824006		P(17) = 0.02316923225369835	
	P(18) = 0.02318479544737864		P(19) = 0.03234399972654346		P(20) = 0.01729944980459869	
	P(21) = 0.007805218516931986		P(22) = 0.004933548443395976		P(23) = 0	
	P(24) = 0.06449416600184738		P(25) = 0.06517757661035541		P(26) = 4.315641541546844e-06	
	P(27) = 0.001122050764054014		P(28) = 0.006846839535828257		P(29) = 0	
	P(30) = 0.04577094052831969		P(31) = 0.0932717756343574		P(32) = 0.02808284253167886	
	P(33) = 0		P(34) = 0.02430570130602975		P(35) = 0.02709344332807857	
	P(36) = 0		P(37) = 0.09553215794475733		P(38) = 0.002378225249679157	
	P(39) = 0		P(40) = 0.05220384998282047		P(41) = 0.07872526703360065	
	P(42) = 0.09667068092643567		P(43) = 0.03822022110116647		P(44) = 0	
	P(45) = 0.03123992339641493		P(46) = 0		P(47) = 0.008754618024462202	
	P(48) = 0.01552229129388773		P(49) = 0.0006140506174148186		P(50) = 0.099	
	P(51) = 0.04418861017839416		P(52) = 0.001529019411624422		P(53) = 0.01271115706634508	
	P(54) = 0.07996894802798782		P(55) = 0.01627187347668942		P(56) = 0.03078626447879405	
	P(57) = 0		P(58) = 0.09669287412897209		P(59) = 0	
	P(60) = 0.000658933792385949		P(61) = 0.0002477975095344989		P(62) = 0.02325740934107702	
	P(63) = 0.09372403653823308	
================================================================================

================================================================================

NUMBER OF ITERATIONS: 8

NUMBER OF OBJECTIVE FUNCTION EVALUATIONS: 490

OBJECTIVE FUNCTION VALUE:
	F = 38.38044205090883

LAGRANGIAN MULTIPLIERS VALUES:

PENALTY FACTOR:

BEST POSITION:
	P(0) = 0.08888593476280385		P(1) = 0.09898738089786173		P(2) = 0.09726942943240967	
	P(3) = 0.09899157357183654		P(4) = 1.802734594193167e-06		P(5) = 0.09864546455299553	
	P(6) = 0.01974132829631901		P(7) = 0.04810699498943258		P(8) = 0.099	
	P(9) = 0.06069329288055512		P(10) = 0.003973035104044363		P(11) = 0	
	P(12) = 0		P(13) = 0.0575941868373074		P(14) = 0.02633377824403573	
	P(15) = 0.03919499568706702		P(16) = 0.01680510104254753		P(17) = 0.02328641082347607	
	P(18) = 0.0204666084687572		P(19) = 0.03204194315276152		P(20) = 0.01334279442828876	
	P(21) = 0.008191664493845639		P(22) = 0.00479200895703559		P(23) = 2.576437904341922e-06	
	P(24) = 0.05645232308586089		P(25) = 0.05264621885711938		P(26) = 1.735496021027655e-05	
	P(27) = 0.000934734102111319		P(28) = 0.005766661321302338		P(29) = 0	
	P(30) = 0.04429616790608888		P(31) = 0.09322281805277524		P(32) = 0.03241655655927205	
	P(33) = 0		P(34) = 0.02867495264396986		P(35) = 0.01873267080643372	
	P(36) = 9.132417223764455e-07		P(37) = 0.09556397582024442		P(38) = 0.00235504866931871	
	P(39) = 0.0003052821262606656		P(40) = 0.05258489789241204		P(41) = 0.07851995734379696	
	P(42) = 0.09593738554132164		P(43) = 0.03847259087794529		P(44) = 0.0009393008025753713	
	P(45) = 0.01056204587079922		P(46) = 0		P(47) = 0.01034841137312353	
	P(48) = 0.01763479980780581		P(49) = 0.002741944117331765		P(50) = 0.099	
	P(51) = 0.04415807129812944		P(52) = 0.005622650671166719		P(53) = 0.01213278715525627	
	P(54) = 0.08338189127764975		P(55) = 0.01611343947408517		P(56) = 0.03116755389702544	
	P(57) = 3.502497353785605e-06		P(58) = 0.09759146820324696		P(59) = 3.306937351950368e-05	
	P(60) = 0.001758146896721102		P(61) = 0.000151983966887724		P(62) = 0.01711418207098937	
	P(63) = 0.09406025933346299	
================================================================================

================================================================================

NUMBER OF ITERATIONS: 9

NUMBER OF OBJECTIVE FUNCTION EVALUATIONS: 550

OBJECTIVE FUNCTION VALUE:
	F = 38.26053955596468

LAGRANGIAN MULTIPLIERS VALUES:

PENALTY FACTOR:

BEST POSITION:
	P(0) = 0.08863443350654937		P(1) = 0.09899978604868634		P(2) = 0.09697068959781899	
	P(3) = 0.0989884617171289		P(4) = 0		P(5) = 0.0985087898191426	
	P(6) = 0.0196917830744703		P(7) = 0.06944276348478937		P(8) = 0.099	
	P(9) = 0.0574058849602186		P(10) = 0.005501039699435259		P(11) = 9.388724291542472e-06	
	P(12) = 4.366862106017222e-06		P(13) = 0.0588649363627318		P(14) = 0.0245177571935862	
	P(15) = 0.02190908664028071		P(16) = 0.01856976254740888		P(17) = 0	
	P(18) = 0.02137979661594435		P(19) = 0.03117422825434846		P(20) = 0.01423804731585318	
	P(21) = 0.008685849676234904		P(22) = 0.004272669701871269		P(23) = 0	
	P(24) = 0.05940905249904967		P(25) = 0.06573413755928863		P(26) = 3.234170386082896e-05	
	P(27) = 0.0006068519877844916		P(28) = 0.006749591325562153		P(29) = 1.524773738638407e-06	
	P(30) = 0.04467880138670308		P(31) = 0.09317228453397433		P(32) = 0.03517662365441127	
	P(33) = 3.997165733952979e-06		P(34) = 0.02535688570112183		P(35) = 0.02109419526454248	
	P(36) = 1.731026616026698e-06		P(37) = 0.09412946225968558		P(38) = 0.00226034852944907	
	P(39) = 0.0004698443072274142		P(40) = 0.05342865386910071		P(41) = 0.07718310622140717	
	P(42) = 0.09488677717264891		P(43) = 0.03479244610736169		P(44) = 0.0007629957165774595	
	P(45) = 0.01019513171015685		P(46) = 0		P(47) = 0.009677395428683198	
	P(48) = 0.01761816905490651		P(49) = 0.004187440005218361		P(50) = 0.099	
	P(51) = 0.04545793648910015		P(52) = 0.01053830334384912		P(53) = 0.01270479403891528	
	P(54) = 0.08236086652458781		P(55) = 0.01226208308261299		P(56) = 0.0348827487366765	
	P(57) = 4.758468047247333e-06		P(58) = 0.09817272986115494		P(59) = 4.618587507417005e-05	
	P(60) = 0.001405171867206248		P(61) = 0		P(62) = 0.02063802146177027	
	P(63) = 0.096019245707061	
================================================================================

================================================================================

NUMBER OF ITERATIONS: 10

NUMBER OF OBJECTIVE FUNCTION EVALUATIONS: 610

OBJECTIVE FUNCTION VALUE:
	F = 37.85348819836945

LAGRANGIAN MULTIPLIERS VALUES:

PENALTY FACTOR:

BEST POSITION:
	P(0) = 0.08726935036935463		P(1) = 0.099		P(2) = 0.09557694394871809	
	P(3) = 0.099		P(4) = 0		P(5) = 0.09848616670249494	
	P(6) = 0.02055913177004512		P(7) = 0.07782021720293535		P(8) = 0.099	
	P(9) = 0.06428770163212347		P(10) = 0.004883939346841913		P(11) = 4.588427228932601e-07	
	P(12) = 0		P(13) = 0.05791423951292092		P(14) = 0.02632985546094828	
	P(15) = 0.02487833254203917		P(16) = 0.02054925816877672		P(17) = 0.0003313047537078923	
	P(18) = 0.02176489031693583		P(19) = 0.02985468896796659		P(20) = 0.01041504336151322	
	P(21) = 0.01300942527331029		P(22) = 0		P(23) = 0	
	P(24) = 0.05893126375892567		P(25) = 0.05438168298006281		P(26) = 0	
	P(27) = 0.0003845296296161593		P(28) = 0.005450689843544368		P(29) = 0	
	P(30) = 0.0490018450779446		P(31) = 0.09675446379901134		P(32) = 0.02728082180488394	
	P(33) = 2.31239060967392e-06		P(34) = 0.02821923901796214		P(35) = 0.01525506590718157	
	P(36) = 0		P(37) = 0.09682808958402767		P(38) = 0.002284833523870378	
	P(39) = 0.0001377416300263473		P(40) = 0.05282734399672519		P(41) = 0.08245974611009127	
	P(42) = 0.09240238555052785		P(43) = 0.03760530343443012		P(44) = 0.0006210538955462516	
	P(45) = 0.004802714232774938		P(46) = 0		P(47) = 0.00672446689230894	
	P(48) = 0.01644637357278151		P(49) = 0.002699330476566252		P(50) = 0.099	
	P(51) = 0.04419171974487358		P(52) = 0.009830772591763647		P(53) = 0.01209180960851778	
	P(54) = 0.08064048165228593		P(55) = 0.01266053061790578		P(56) = 0.03493154900423462	
	P(57) = 4.104967713039476e-07		P(58) = 0.09858749813842538		P(59) = 2.014811118465631e-06	
	P(60) = 2.076016984119827e-05		P(61) = 0.0002007294961079223		P(62) = 0.01955488514574818	
	P(63) = 0.09578876023990336	
================================================================================
