                                     ======================
                                        ALPSO 1.1 (Serial)
                                     ======================

Parameters:
-------------------------------------------------------------------------------------------------
Swarmsize           :       10    MaxOuterIters     :      200    Seed:       1518401768.30358410
Cognitive Parameter :    2.000    MaxInnerIters     :        6    Scaling            :          1
Social Parameter    :    1.000    MinInnerIters     :        6    Stopping Criteria  :          1
Initial Weight      :    0.990    DynInnerIters     :        0    Number of Failures :         15
Final Weight        :    0.550    StoppingIters     :        5    Number of Successes:          5

Absolute Tolerance  : 1.00e-02    Number Initial Pos:        0    Neighbourhood Model:      gbest
Relative Tolerance  : 1.00e-02    Initial Velocity  :        1    Neighbourhood Size :         40
Inequality Tolerance: 1.00e-03    Maximum Velocity  :        2    Selfless           :          1
Equality Tolerance  : 1.00e-03    Craziness Velocity: 1.00e-04    Fileout            :          1
Global Distance     : 1.00e-01    Initial Penalty   :     1.00    File Name          :  ALPSO.out
-------------------------------------------------------------------------------------------------


================================================================================

NUMBER OF ITERATIONS: 1

NUMBER OF OBJECTIVE FUNCTION EVALUATIONS: 70

OBJECTIVE FUNCTION VALUE:
	F = 61.96418623768403

LAGRANGIAN MULTIPLIERS VALUES:

PENALTY FACTOR:

BEST POSITION:
	P(0) = 0.03026144180750508		P(1) = 0.02097241151495739		P(2) = 0.05357636235681834	
	P(3) = 0		P(4) = 0.0447997672199896		P(5) = 0.09784371197432129	
	P(6) = 0.099		P(7) = 0.04448581461970284		P(8) = 0.09594414083770433	
	P(9) = 0.04967935139989706		P(10) = 0.02129657126300868		P(11) = 0.099	
	P(12) = 0.09250777599093303		P(13) = 0.07219707644329626		P(14) = 0.07555555149059814	
	P(15) = 0		P(16) = 0.09152073613082831		P(17) = 0.03034501116718119	
	P(18) = 0.05938455979386117		P(19) = 0.08968751123652131		P(20) = 0.03776866601269681	
	P(21) = 0.0228527400491455		P(22) = 0.06212087431109681		P(23) = 0.08086927507077384	
	P(24) = 0.06904751438285012		P(25) = 0.05279483308265548		P(26) = 0.02960820200183623	
	P(27) = 0.04613302388911871		P(28) = 0.04581577114436146		P(29) = 0.003848104079171653	
	P(30) = 0.06502426123256574		P(31) = 0.07113784877893534		P(32) = 0.05371758664807768	
	P(33) = 0.01817408389083173		P(34) = 0.05010467557097449		P(35) = 0.04720383371959347	
	P(36) = 0.099		P(37) = 0.08273954046397917		P(38) = 0.03128088380563841	
	P(39) = 0.08487360924861574		P(40) = 0.02746993326371608		P(41) = 0.03683359142809677	
	P(42) = 0.03491012551241365		P(43) = 0.03729929299778686		P(44) = 0.08949797047225577	
	P(45) = 0.05898465629028898		P(46) = 0.04826063039616626		P(47) = 0.02127545217823057	
	P(48) = 0.08591748080036915		P(49) = 0.06343981524231461		P(50) = 0.03398726735428241	
	P(51) = 0.01649599273386783		P(52) = 0.09714293539729117		P(53) = 0.03652023720314491	
	P(54) = 0.03093593261206961		P(55) = 0.07197407865588415		P(56) = 0.03018885166382626	
	P(57) = 0.01996418776392414		P(58) = 0.05984601549014253		P(59) = 0.0107395776098315	
	P(60) = 0.08274557037626683		P(61) = 0.06120145491187245		P(62) = 0.04144951390245064	
	P(63) = 0.0659658844820576	
================================================================================

================================================================================

NUMBER OF ITERATIONS: 2

NUMBER OF OBJECTIVE FUNCTION EVALUATIONS: 130

OBJECTIVE FUNCTION VALUE:
	F = 52.4102936706028

LAGRANGIAN MULTIPLIERS VALUES:

PENALTY FACTOR:

BEST POSITION:
	P(0) = 0.01582707076245544		P(1) = 0.05349849460858467		P(2) = 0.01849217210010311	
	P(3) = 0		P(4) = 0.05342299523794418		P(5) = 0.09638002087019912	
	P(6) = 0.09884042829681992		P(7) = 0.02962893007839478		P(8) = 0.05932178634470776	
	P(9) = 0.03931637782906981		P(10) = 0		P(11) = 0.01123310597990598	
	P(12) = 0.09695205183407513		P(13) = 0.06797640933584063		P(14) = 0.06816708877576003	
	P(15) = 0.006577880162991996		P(16) = 0.05660782555084499		P(17) = 0.01719279894538626	
	P(18) = 0.07346283095517016		P(19) = 0.08599634251259389		P(20) = 0.06395919408306112	
	P(21) = 0.003392587903649415		P(22) = 0.04263930023514905		P(23) = 0.06854113318812248	
	P(24) = 0.06327526685370402		P(25) = 0.03971195624619799		P(26) = 0.01135392128143147	
	P(27) = 0.02788869952693475		P(28) = 0.03130283242498337		P(29) = 0.007514522391446773	
	P(30) = 0.04918187404816627		P(31) = 0.07482547388237576		P(32) = 0.04412589528883204	
	P(33) = 0		P(34) = 0.07570009490525592		P(35) = 0.05453189630798472	
	P(36) = 0.09897596631820522		P(37) = 0.099		P(38) = 0.04201080155444326	
	P(39) = 0.09862561114701726		P(40) = 0		P(41) = 0.05206790832806162	
	P(42) = 0.03799853380631924		P(43) = 0.0324771402740809		P(44) = 0.09341829423696599	
	P(45) = 0.03581007540385939		P(46) = 0.02673080176182457		P(47) = 0	
	P(48) = 0.08269792959148509		P(49) = 0.08008427650813343		P(50) = 0.03008213939583328	
	P(51) = 0.02405401481151873		P(52) = 0.07317837070173289		P(53) = 0.02391309396145276	
	P(54) = 0.0234661176351871		P(55) = 0.08852018489357588		P(56) = 0.02457465981826668	
	P(57) = 0.01380010857260992		P(58) = 0.05195221886665523		P(59) = 0.004862837000935642	
	P(60) = 0.08194510257517337		P(61) = 0		P(62) = 0.02131966420621878	
	P(63) = 0.03532050413250197	
================================================================================

================================================================================

NUMBER OF ITERATIONS: 3

NUMBER OF OBJECTIVE FUNCTION EVALUATIONS: 190

OBJECTIVE FUNCTION VALUE:
	F = 43.81548657901912

LAGRANGIAN MULTIPLIERS VALUES:

PENALTY FACTOR:

BEST POSITION:
	P(0) = 0.008706873318534772		P(1) = 0.02145520418017496		P(2) = 0.02586643926237943	
	P(3) = 0.0004731138748519312		P(4) = 0.06711843807309663		P(5) = 0.099	
	P(6) = 0.099		P(7) = 0.07381899180396256		P(8) = 0.05025586817995691	
	P(9) = 0.04058030985530346		P(10) = 0		P(11) = 0.00723393812769315	
	P(12) = 0.099		P(13) = 0.06534082343267628		P(14) = 0.07812263290151576	
	P(15) = 0		P(16) = 0.08497961672466187		P(17) = 0	
	P(18) = 0.06430545927646483		P(19) = 0.099		P(20) = 0.05956238860470882	
	P(21) = 0.0009096062268460839		P(22) = 0.003498117365215249		P(23) = 0.09048728207268378	
	P(24) = 0.0972876250751743		P(25) = 0.03483517658340688		P(26) = 0	
	P(27) = 0		P(28) = 0.004564233107255969		P(29) = 0	
	P(30) = 0.05775489639491927		P(31) = 0.099		P(32) = 0.05711480007219143	
	P(33) = 0.0001666863956918396		P(34) = 0.06634362401684285		P(35) = 0.01407397800101079	
	P(36) = 0.099		P(37) = 0.04741410513879278		P(38) = 0.04066661898491043	
	P(39) = 0.099		P(40) = 0		P(41) = 0.06607514156987168	
	P(42) = 0.02970546513628475		P(43) = 0.032548679236012		P(44) = 0.099	
	P(45) = 0.08779386774748962		P(46) = 0.02398915172038532		P(47) = 0	
	P(48) = 0.09856661373927578		P(49) = 0.04359331503327329		P(50) = 0	
	P(51) = 0.0239986194112236		P(52) = 0.06274931869532113		P(53) = 0.03442155566353048	
	P(54) = 0.02354321057582885		P(55) = 0.09562474571587905		P(56) = 0	
	P(57) = 0		P(58) = 0.05243676599761523		P(59) = 0	
	P(60) = 0.09515156923086418		P(61) = 0.003576416469848034		P(62) = 0.0386258426599976	
	P(63) = 0.002124959234814698	
================================================================================

================================================================================

NUMBER OF ITERATIONS: 4

NUMBER OF OBJECTIVE FUNCTION EVALUATIONS: 250

OBJECTIVE FUNCTION VALUE:
	F = 37.43463477814714

LAGRANGIAN MULTIPLIERS VALUES:

PENALTY FACTOR:

BEST POSITION:
	P(0) = 0.002406510409339896		P(1) = 0.002214639527914293		P(2) = 0.01442396600745114	
	P(3) = 0.01522421209231464		P(4) = 0.07800774332728913		P(5) = 0.099	
	P(6) = 0.099		P(7) = 0		P(8) = 0.08542093163818104	
	P(9) = 0.08184040127190095		P(10) = 0		P(11) = 0.0220321793053616	
	P(12) = 0.099		P(13) = 0.02080085361198309		P(14) = 0.07573851401990461	
	P(15) = 0.02550926022277892		P(16) = 0.0802530243482284		P(17) = 0.02837994851124222	
	P(18) = 0.05833736745364268		P(19) = 0.099		P(20) = 0.02701597725952951	
	P(21) = 0		P(22) = 0		P(23) = 0.099	
	P(24) = 0.0852801143941439		P(25) = 0.0487591606217118		P(26) = 0.02219966972583367	
	P(27) = 0		P(28) = 0		P(29) = 0.02695068245255802	
	P(30) = 0.07277499403390461		P(31) = 0.099		P(32) = 0.0778314297841694	
	P(33) = 0		P(34) = 0.06863277039064386		P(35) = 0	
	P(36) = 0.099		P(37) = 0.02586515761568528		P(38) = 0.099	
	P(39) = 0.099		P(40) = 0		P(41) = 0.07220361914445372	
	P(42) = 0.099		P(43) = 0.07604150881639907		P(44) = 0.099	
	P(45) = 0.099		P(46) = 0		P(47) = 0.0403539423842725	
	P(48) = 0.099		P(49) = 0.02737913989191457		P(50) = 0.0234871845906153	
	P(51) = 0.0555541051553474		P(52) = 0.03980548894321045		P(53) = 0.03474717097557502	
	P(54) = 0.01953577022744074		P(55) = 0.099		P(56) = 0	
	P(57) = 0		P(58) = 0.06166789365225653		P(59) = 0.01410000298415687	
	P(60) = 0.099		P(61) = 0		P(62) = 0.06545284313519807	
	P(63) = 0	
================================================================================

================================================================================

NUMBER OF ITERATIONS: 5

NUMBER OF OBJECTIVE FUNCTION EVALUATIONS: 310

OBJECTIVE FUNCTION VALUE:
	F = 37.43463477814714

LAGRANGIAN MULTIPLIERS VALUES:

PENALTY FACTOR:

BEST POSITION:
	P(0) = 0.002406510409339896		P(1) = 0.002214639527914293		P(2) = 0.01442396600745114	
	P(3) = 0.01522421209231464		P(4) = 0.07800774332728913		P(5) = 0.099	
	P(6) = 0.099		P(7) = 0		P(8) = 0.08542093163818104	
	P(9) = 0.08184040127190095		P(10) = 0		P(11) = 0.0220321793053616	
	P(12) = 0.099		P(13) = 0.02080085361198309		P(14) = 0.07573851401990461	
	P(15) = 0.02550926022277892		P(16) = 0.0802530243482284		P(17) = 0.02837994851124222	
	P(18) = 0.05833736745364268		P(19) = 0.099		P(20) = 0.02701597725952951	
	P(21) = 0		P(22) = 0		P(23) = 0.099	
	P(24) = 0.0852801143941439		P(25) = 0.0487591606217118		P(26) = 0.02219966972583367	
	P(27) = 0		P(28) = 0		P(29) = 0.02695068245255802	
	P(30) = 0.07277499403390461		P(31) = 0.099		P(32) = 0.0778314297841694	
	P(33) = 0		P(34) = 0.06863277039064386		P(35) = 0	
	P(36) = 0.099		P(37) = 0.02586515761568528		P(38) = 0.099	
	P(39) = 0.099		P(40) = 0		P(41) = 0.07220361914445372	
	P(42) = 0.099		P(43) = 0.07604150881639907		P(44) = 0.099	
	P(45) = 0.099		P(46) = 0		P(47) = 0.0403539423842725	
	P(48) = 0.099		P(49) = 0.02737913989191457		P(50) = 0.0234871845906153	
	P(51) = 0.0555541051553474		P(52) = 0.03980548894321045		P(53) = 0.03474717097557502	
	P(54) = 0.01953577022744074		P(55) = 0.099		P(56) = 0	
	P(57) = 0		P(58) = 0.06166789365225653		P(59) = 0.01410000298415687	
	P(60) = 0.099		P(61) = 0		P(62) = 0.06545284313519807	
	P(63) = 0	
================================================================================

================================================================================

NUMBER OF ITERATIONS: 6

NUMBER OF OBJECTIVE FUNCTION EVALUATIONS: 370

OBJECTIVE FUNCTION VALUE:
	F = 39.66712651621452

LAGRANGIAN MULTIPLIERS VALUES:

PENALTY FACTOR:

BEST POSITION:
	P(0) = 0.001962735435096855		P(1) = 0.0030512983096928		P(2) = 0	
	P(3) = 0.007865926109897593		P(4) = 0.07527535235378592		P(5) = 0.09899865972178962	
	P(6) = 0.09840040850773127		P(7) = 0		P(8) = 0.06763797657297023	
	P(9) = 0.03676507736735006		P(10) = 0		P(11) = 0.001446373690035987	
	P(12) = 0.09885346150616842		P(13) = 0.03150772764809025		P(14) = 0.06851557423600753	
	P(15) = 0		P(16) = 0.05335104566940729		P(17) = 0	
	P(18) = 0.04626539482882538		P(19) = 0.09897172653268481		P(20) = 0.01975893798423392	
	P(21) = 0		P(22) = 0.004524333423517359		P(23) = 0.09557668062575572	
	P(24) = 0.07835913890587914		P(25) = 0.01555252332175878		P(26) = 0	
	P(27) = 0		P(28) = 0		P(29) = 0.01213538301369275	
	P(30) = 0.05365870503092321		P(31) = 0.099		P(32) = 0.06029479249313721	
	P(33) = 0		P(34) = 0.08169773880699825		P(35) = 0.006009184147318172	
	P(36) = 0.0953677170987		P(37) = 0.03416841017295386		P(38) = 0.06654198238539276	
	P(39) = 0.099		P(40) = 0.0009842742193191881		P(41) = 0.04247063954576142	
	P(42) = 0.0958292770822388		P(43) = 0.05865249605636615		P(44) = 0.09756422682750246	
	P(45) = 0.09643490399008864		P(46) = 0.005353301612738767		P(47) = 0	
	P(48) = 0.09836042803322548		P(49) = 0.02892213362287608		P(50) = 0.01260700227928291	
	P(51) = 0		P(52) = 0.06163056802240046		P(53) = 0	
	P(54) = 0.02365689372204541		P(55) = 0.099		P(56) = 1.403723938651208e-05	
	P(57) = 0.00162044318989845		P(58) = 0.05065952932667821		P(59) = 0.002872516313830703	
	P(60) = 0.099		P(61) = 0.0006903501323549666		P(62) = 0.0579537004204055	
	P(63) = 0	
================================================================================

================================================================================

NUMBER OF ITERATIONS: 7

NUMBER OF OBJECTIVE FUNCTION EVALUATIONS: 430

OBJECTIVE FUNCTION VALUE:
	F = 31.53878722920944

LAGRANGIAN MULTIPLIERS VALUES:

PENALTY FACTOR:

BEST POSITION:
	P(0) = 0		P(1) = 0.005147007379690344		P(2) = 0	
	P(3) = 0.004219072137272857		P(4) = 0.07222360249002388		P(5) = 0.099	
	P(6) = 0.0986041348781421		P(7) = 0		P(8) = 0.08969864797192809	
	P(9) = 0.06107328445075706		P(10) = 1.9054989771769e-05		P(11) = 0.004494753353948319	
	P(12) = 0.0982594178953492		P(13) = 0.03768401155986732		P(14) = 0.06658644019286425	
	P(15) = 0		P(16) = 0.03644122942316721		P(17) = 0	
	P(18) = 0.0430422399944236		P(19) = 0.099		P(20) = 0.01454926033370448	
	P(21) = 0		P(22) = 0.0008840273423173992		P(23) = 0.09260406551818159	
	P(24) = 0.07491763733251874		P(25) = 0.02013120276438057		P(26) = 0.002695791270582983	
	P(27) = 0		P(28) = 0		P(29) = 0.01850187292600958	
	P(30) = 0.04680974930086037		P(31) = 0.099		P(32) = 0.06091304235863795	
	P(33) = 0		P(34) = 0.06732138005919694		P(35) = 0.003675208415252186	
	P(36) = 0.09498395525443039		P(37) = 0.03144272705723666		P(38) = 0.07419155962433484	
	P(39) = 0.099		P(40) = 0		P(41) = 0.05556150264629894	
	P(42) = 0.099		P(43) = 0.06204167741328952		P(44) = 0.099	
	P(45) = 0.096626607296203		P(46) = 0.001217501296787583		P(47) = 0	
	P(48) = 0.09897824696959795		P(49) = 0.04531772814348525		P(50) = 0.009854386699663743	
	P(51) = 0		P(52) = 0.07517106944723406		P(53) = 0	
	P(54) = 0.01992154907384701		P(55) = 0.099		P(56) = 0	
	P(57) = 7.220612964690259e-05		P(58) = 0.04556257990395805		P(59) = 0.004280550625371936	
	P(60) = 0.09842935115880279		P(61) = 0		P(62) = 0.0546267680018962	
	P(63) = 0	
================================================================================

================================================================================

NUMBER OF ITERATIONS: 8

NUMBER OF OBJECTIVE FUNCTION EVALUATIONS: 490

OBJECTIVE FUNCTION VALUE:
	F = 32.03126237509435

LAGRANGIAN MULTIPLIERS VALUES:

PENALTY FACTOR:

BEST POSITION:
	P(0) = 0		P(1) = 0		P(2) = 0	
	P(3) = 0		P(4) = 0.08588061727650285		P(5) = 0.099	
	P(6) = 0.099		P(7) = 0		P(8) = 0.09763219951241842	
	P(9) = 0.07631236920564796		P(10) = 0.001422513236474771		P(11) = 0.005654363308832039	
	P(12) = 0.099		P(13) = 0		P(14) = 0.07287769571519792	
	P(15) = 0		P(16) = 0.02962240503397492		P(17) = 0	
	P(18) = 0.099		P(19) = 0.099		P(20) = 0.008002948463632871	
	P(21) = 0		P(22) = 0		P(23) = 0.09377392315150294	
	P(24) = 0.06898412958032847		P(25) = 0.01942827707184944		P(26) = 0	
	P(27) = 0		P(28) = 0		P(29) = 0.004709018206965898	
	P(30) = 0.04942378690124721		P(31) = 0.099		P(32) = 0.07703820740406697	
	P(33) = 0		P(34) = 0.06126433748187614		P(35) = 0	
	P(36) = 0.099		P(37) = 0.02790278271050185		P(38) = 0.08252823536638357	
	P(39) = 0.099		P(40) = 0		P(41) = 0.04120529827452205	
	P(42) = 0.099		P(43) = 0.08539402943923149		P(44) = 0.099	
	P(45) = 0.099		P(46) = 0		P(47) = 0	
	P(48) = 0.099		P(49) = 0.04384415121807537		P(50) = 0.01945244105472484	
	P(51) = 0		P(52) = 0.08281194055289956		P(53) = 0	
	P(54) = 0.02158787705643309		P(55) = 0.099		P(56) = 0.007769955656447974	
	P(57) = 0		P(58) = 0.06115840424051239		P(59) = 0	
	P(60) = 0.09877907945939368		P(61) = 0		P(62) = 0.05195875178582754	
	P(63) = 0	
================================================================================

================================================================================

NUMBER OF ITERATIONS: 9

NUMBER OF OBJECTIVE FUNCTION EVALUATIONS: 550

OBJECTIVE FUNCTION VALUE:
	F = 39.88283632733353

LAGRANGIAN MULTIPLIERS VALUES:

PENALTY FACTOR:

BEST POSITION:
	P(0) = 0		P(1) = 0.007556585720345732		P(2) = 0.002657020600983946	
	P(3) = 0.0003888033988519932		P(4) = 0.08899773525859828		P(5) = 0.09899795089067417	
	P(6) = 0.09898402497680764		P(7) = 0		P(8) = 0.099	
	P(9) = 0.02821218936647622		P(10) = 0.0001834437081316836		P(11) = 0.01556410275336607	
	P(12) = 0.09781078496413111		P(13) = 0		P(14) = 0.09712908025984651	
	P(15) = 0		P(16) = 0.01471620864368366		P(17) = 9.183797930646664e-05	
	P(18) = 0.099		P(19) = 0.099		P(20) = 0.02137068069939997	
	P(21) = 3.4366720133433e-06		P(22) = 0		P(23) = 0.09776091710157583	
	P(24) = 0.06747934777948426		P(25) = 0.02414115220574167		P(26) = 1.032633032158753e-05	
	P(27) = 0		P(28) = 0		P(29) = 0	
	P(30) = 0.05376603064149298		P(31) = 0.099		P(32) = 0.07038855911215725	
	P(33) = 4.834018505761595e-06		P(34) = 0.05660036140089111		P(35) = 0	
	P(36) = 0.09846480724472625		P(37) = 0.02531214166881985		P(38) = 0.03122580245015049	
	P(39) = 0.09899446285062742		P(40) = 2.676647778088181e-06		P(41) = 0.03628582985197235	
	P(42) = 0.09692845837299666		P(43) = 0.07243284164370292		P(44) = 0.099	
	P(45) = 0.09875768016965028		P(46) = 0		P(47) = 0	
	P(48) = 0.09899855020470158		P(49) = 0.04295954525094872		P(50) = 0.01945968527733126	
	P(51) = 1.001228816549515e-06		P(52) = 0.08457034153872718		P(53) = 0	
	P(54) = 0.02728520111556991		P(55) = 0.09899604203594894		P(56) = 0.01152127171285648	
	P(57) = 0		P(58) = 0.0647464937517479		P(59) = 0	
	P(60) = 0.099		P(61) = 0		P(62) = 0.05029094386752068	
	P(63) = 0.0006287324354206161	
================================================================================

================================================================================

NUMBER OF ITERATIONS: 10

NUMBER OF OBJECTIVE FUNCTION EVALUATIONS: 610

OBJECTIVE FUNCTION VALUE:
	F = 38.16622841666037

LAGRANGIAN MULTIPLIERS VALUES:

PENALTY FACTOR:

BEST POSITION:
	P(0) = 0		P(1) = 0.01591925197776584		P(2) = 0.001056653161516589	
	P(3) = 0		P(4) = 0.099		P(5) = 0.099	
	P(6) = 0.099		P(7) = 0		P(8) = 0.099	
	P(9) = 0.02972214062759645		P(10) = 0		P(11) = 0.01540391292062893	
	P(12) = 0.099		P(13) = 0		P(14) = 0.099	
	P(15) = 0		P(16) = 0.008149360817328817		P(17) = 0	
	P(18) = 0.099		P(19) = 0.099		P(20) = 0.01972539730555479	
	P(21) = 0		P(22) = 0		P(23) = 0.08027089237508561	
	P(24) = 0.07259545599994377		P(25) = 0		P(26) = 0	
	P(27) = 0		P(28) = 0		P(29) = 0	
	P(30) = 0.06267157847642867		P(31) = 0.099		P(32) = 0.07542194322008727	
	P(33) = 0		P(34) = 0.03970340004263535		P(35) = 0	
	P(36) = 0.099		P(37) = 0.02427277935444272		P(38) = 0.04250496136278088	
	P(39) = 0.099		P(40) = 0		P(41) = 0.03699623774897834	
	P(42) = 0.07642008813842804		P(43) = 0.0353873989101965		P(44) = 0.099	
	P(45) = 0.099		P(46) = 0		P(47) = 0.0002893833683154517	
	P(48) = 0.099		P(49) = 0.0514403301643525		P(50) = 0	
	P(51) = 0		P(52) = 0.08265385167170218		P(53) = 0.0008478381456259038	
	P(54) = 0.009037436692506291		P(55) = 0.099		P(56) = 0.009265105843343058	
	P(57) = 0		P(58) = 0.06469174497120338		P(59) = 0	
	P(60) = 0.099		P(61) = 0		P(62) = 0.0460684660040495	
	P(63) = 0	
================================================================================

================================================================================

NUMBER OF ITERATIONS: 11

NUMBER OF OBJECTIVE FUNCTION EVALUATIONS: 670

OBJECTIVE FUNCTION VALUE:
	F = 36.57573817755391

LAGRANGIAN MULTIPLIERS VALUES:

PENALTY FACTOR:

BEST POSITION:
	P(0) = 4.706124831138636e-06		P(1) = 0		P(2) = 0.0003610544842387597	
	P(3) = 0.0002144379336745453		P(4) = 0.09869916911862323		P(5) = 0.099	
	P(6) = 0.099		P(7) = 0.005768922655607953		P(8) = 0.09005697924248125	
	P(9) = 0		P(10) = 0		P(11) = 0	
	P(12) = 0.09511150836175214		P(13) = 0.002329162340588463		P(14) = 0.08877803161027026	
	P(15) = 0		P(16) = 0.001744583311134917		P(17) = 0.004607658543743773	
	P(18) = 0.099		P(19) = 0.08789303845951205		P(20) = 0	
	P(21) = 0		P(22) = 0		P(23) = 0.099	
	P(24) = 0.07858740522016905		P(25) = 0.02173751972331057		P(26) = 0	
	P(27) = 0.001714359211697894		P(28) = 0		P(29) = 0	
	P(30) = 0.0670437774340796		P(31) = 0.09305004016869801		P(32) = 0.06126425708985092	
	P(33) = 0.01557702583032779		P(34) = 0.02561567929995286		P(35) = 0.0004256600319119258	
	P(36) = 0.09712739228698117		P(37) = 0.02643029813907504		P(38) = 0.07419888080956397	
	P(39) = 0.099		P(40) = 0.01088205432121337		P(41) = 0.0246673581648113	
	P(42) = 0.07361765505988883		P(43) = 0.0395021460161453		P(44) = 0.099	
	P(45) = 0.09767904605233964		P(46) = 0.0006078515776023752		P(47) = 0	
	P(48) = 0.099		P(49) = 0.06179090527041956		P(50) = 0.009111114510267256	
	P(51) = 0.001672796816266864		P(52) = 0.06851270811149429		P(53) = 0.004300102418451648	
	P(54) = 0.02262928240461693		P(55) = 0.099		P(56) = 0.01290836607313014	
	P(57) = 2.847984807138881e-06		P(58) = 0.06402858553566523		P(59) = 0.0001802819625530416	
	P(60) = 0.09886441709959745		P(61) = 0		P(62) = 0.03748239184851514	
	P(63) = 0.001439323534295836	
================================================================================

================================================================================

NUMBER OF ITERATIONS: 12

NUMBER OF OBJECTIVE FUNCTION EVALUATIONS: 730

OBJECTIVE FUNCTION VALUE:
	F = 36.52363129959192

LAGRANGIAN MULTIPLIERS VALUES:

PENALTY FACTOR:

BEST POSITION:
	P(0) = 0		P(1) = 0		P(2) = 0	
	P(3) = 0		P(4) = 0.09881092333262889		P(5) = 0.099	
	P(6) = 0.099		P(7) = 0.002684024267165706		P(8) = 0.08440518695113278	
	P(9) = 0		P(10) = 0		P(11) = 0.01574769899101394	
	P(12) = 0.09666991988530416		P(13) = 0		P(14) = 0.09442610619780439	
	P(15) = 0		P(16) = 0.0002161802425897502		P(17) = 0.002016768638666878	
	P(18) = 0.099		P(19) = 0.09309710592590875		P(20) = 0	
	P(21) = 0		P(22) = 0		P(23) = 0.099	
	P(24) = 0.0791803716294289		P(25) = 0.01517226922416118		P(26) = 0	
	P(27) = 0.0006251787217050192		P(28) = 0		P(29) = 0	
	P(30) = 0.06909555840909021		P(31) = 0.09039749124255589		P(32) = 0.07114571256898111	
	P(33) = 0.01687514265312953		P(34) = 0.05183575328860006		P(35) = 0	
	P(36) = 0.099		P(37) = 0.02893155303128962		P(38) = 0.08576848870659733	
	P(39) = 0.099		P(40) = 0		P(41) = 0.02349959035222101	
	P(42) = 0.08096689442187702		P(43) = 0.03992757365383409		P(44) = 0.099	
	P(45) = 0.099		P(46) = 0.0002323850288822385		P(47) = 0	
	P(48) = 0.099		P(49) = 0.05826770029950652		P(50) = 0.002795097930710144	
	P(51) = 0		P(52) = 0.06966573740970364		P(53) = 0.003199875817922131	
	P(54) = 0.02853880475506291		P(55) = 0.099		P(56) = 0.01565933775516464	
	P(57) = 0		P(58) = 0.06644592481232907		P(59) = 0	
	P(60) = 0.099		P(61) = 0		P(62) = 0.02165503041275074	
	P(63) = 0	
================================================================================

================================================================================

NUMBER OF ITERATIONS: 13

NUMBER OF OBJECTIVE FUNCTION EVALUATIONS: 790

OBJECTIVE FUNCTION VALUE:
	F = 35.72100888718206

LAGRANGIAN MULTIPLIERS VALUES:

PENALTY FACTOR:

BEST POSITION:
	P(0) = 0.001116196658292323		P(1) = 0		P(2) = 0	
	P(3) = 0		P(4) = 0.0988974463578747		P(5) = 0.099	
	P(6) = 0.099		P(7) = 0.001827005232571184		P(8) = 0.08335984945899691	
	P(9) = 0		P(10) = 0		P(11) = 0.01362190916957367	
	P(12) = 0.09573609544263645		P(13) = 0.001623645447710542		P(14) = 0.09092171850483911	
	P(15) = 0		P(16) = 0.0003565535152085797		P(17) = 0.003379762585726483	
	P(18) = 0.099		P(19) = 0.09210885677670339		P(20) = 0	
	P(21) = 0		P(22) = 0		P(23) = 0.099	
	P(24) = 0.07667723437244321		P(25) = 0.01617625615563956		P(26) = 1.078942681052852e-06	
	P(27) = 0.0002210273004303459		P(28) = 2.327036997186449e-06		P(29) = 0	
	P(30) = 0.06876899922841825		P(31) = 0.08906845174545808		P(32) = 0.07944029702128265	
	P(33) = 0.01445422197420086		P(34) = 0.05356503875544352		P(35) = 0	
	P(36) = 0.099		P(37) = 0.02938571841844287		P(38) = 0.0848975495064246	
	P(39) = 0.099		P(40) = 0.005387620894890366		P(41) = 0.02264682489330152	
	P(42) = 0.08052280290956465		P(43) = 0.0397344478596659		P(44) = 0.099	
	P(45) = 0.09885004643425974		P(46) = 0.0006605058698079189		P(47) = 4.905142678742619e-05	
	P(48) = 0.09899993081921316		P(49) = 0.0498390645752215		P(50) = 0.003604152481130371	
	P(51) = 0		P(52) = 0.0709074433383779		P(53) = 0.00195832335102477	
	P(54) = 0.02794378696580119		P(55) = 0.099		P(56) = 0.005543997040445427	
	P(57) = 0		P(58) = 0.06505865140406711		P(59) = 5.54455139275406e-06	
	P(60) = 0.09899870840869857		P(61) = 0		P(62) = 0.02277645123410374	
	P(63) = 0	
================================================================================

================================================================================

NUMBER OF ITERATIONS: 14

NUMBER OF OBJECTIVE FUNCTION EVALUATIONS: 850

OBJECTIVE FUNCTION VALUE:
	F = 34.17729466667944

LAGRANGIAN MULTIPLIERS VALUES:

PENALTY FACTOR:

BEST POSITION:
	P(0) = 0.0006181319857816725		P(1) = 0.002857131440428234		P(2) = 0.0001729864255845814	
	P(3) = 0		P(4) = 0.09886962869305355		P(5) = 0.099	
	P(6) = 0.099		P(7) = 0.002356831587764105		P(8) = 0.08404950731367733	
	P(9) = 0		P(10) = 0		P(11) = 0.01511474097707564	
	P(12) = 0.09576238614522284		P(13) = 0.0024711652686163		P(14) = 0.09063352148021289	
	P(15) = 3.148398082249149e-06		P(16) = 0.0004366999389417286		P(17) = 0.003778299588945246	
	P(18) = 0.09899802891535583		P(19) = 0.09113189876457138		P(20) = 0.000521679960023648	
	P(21) = 0		P(22) = 3.881711960043721e-06		P(23) = 0.099	
	P(24) = 0.07644752493744575		P(25) = 0.01600216423372437		P(26) = 0	
	P(27) = 0.0001161717271263712		P(28) = 0		P(29) = 0.0008189845924255271	
	P(30) = 0.06900084364704623		P(31) = 0.08850010985384327		P(32) = 0.07651252444181203	
	P(33) = 0.01814387598486892		P(34) = 0.04305175524354617		P(35) = 0	
	P(36) = 0.0986697148452283		P(37) = 0.02870215349288105		P(38) = 0.08509621515302251	
	P(39) = 0.09899828482284316		P(40) = 0.005868922306789058		P(41) = 0.02499047460676055	
	P(42) = 0.07828170416189491		P(43) = 0.04065267973566729		P(44) = 0.099	
	P(45) = 0.099		P(46) = 0.0007594762062343163		P(47) = 1.485713473142053e-05	
	P(48) = 0.099		P(49) = 0.04656061771541131		P(50) = 0.002595017001437341	
	P(51) = 0		P(52) = 0.06988894520679688		P(53) = 0.00241876817087925	
	P(54) = 0.02472758577849163		P(55) = 0.09899746803344919		P(56) = 0	
	P(57) = 0		P(58) = 0.06477015967560272		P(59) = 0	
	P(60) = 0.09894348440338172		P(61) = 1.738282270244418e-05		P(62) = 0.02520373249287892	
	P(63) = 0.0007441928236955817	
================================================================================

================================================================================

NUMBER OF ITERATIONS: 15

NUMBER OF OBJECTIVE FUNCTION EVALUATIONS: 910

OBJECTIVE FUNCTION VALUE:
	F = 34.41890653773805

LAGRANGIAN MULTIPLIERS VALUES:

PENALTY FACTOR:

BEST POSITION:
	P(0) = 0.0003500705772624263		P(1) = 0.003327860774576946		P(2) = 0	
	P(3) = 0		P(4) = 0.09895642225417539		P(5) = 0.09484891271556742	
	P(6) = 0.09568729160850796		P(7) = 0.001084547916295552		P(8) = 0.08454516025764713	
	P(9) = 0		P(10) = 0		P(11) = 0.01482905634403366	
	P(12) = 0.09237484673098934		P(13) = 0.001803616692866217		P(14) = 0.08752797192938204	
	P(15) = 0		P(16) = 0.002429308235578902		P(17) = 0.008294611384274495	
	P(18) = 0.099		P(19) = 0.0914072230448631		P(20) = 0.000412968668051468	
	P(21) = 0		P(22) = 0		P(23) = 0.09873416425064767	
	P(24) = 0.07723110488973814		P(25) = 0.01668953026740247		P(26) = 0	
	P(27) = 0.00729718449925125		P(28) = 0		P(29) = 0.009073873936061468	
	P(30) = 0.06814131878599246		P(31) = 0.08956022894304475		P(32) = 0.07858398343436049	
	P(33) = 0.01523096905876651		P(34) = 0.0470374089808997		P(35) = 0	
	P(36) = 0.099		P(37) = 0.03204136107755648		P(38) = 0.09047642128423231	
	P(39) = 0.099		P(40) = 0.00815586190384366		P(41) = 0.03391182548066206	
	P(42) = 0.07306590481786648		P(43) = 0.03911657880518882		P(44) = 0.099	
	P(45) = 0.099		P(46) = 0.0008059533777071623		P(47) = 0	
	P(48) = 0.099		P(49) = 0.03928755414563691		P(50) = 0.003434133012342099	
	P(51) = 0		P(52) = 0.099		P(53) = 0	
	P(54) = 0.02626289560015072		P(55) = 0.099		P(56) = 0	
	P(57) = 0.01326500212873666		P(58) = 0.06229630359651875		P(59) = 0	
	P(60) = 0.09847574473800891		P(61) = 0		P(62) = 0.007852996935875996	
	P(63) = 0.001298359174457572	
================================================================================

================================================================================

NUMBER OF ITERATIONS: 16

NUMBER OF OBJECTIVE FUNCTION EVALUATIONS: 970

OBJECTIVE FUNCTION VALUE:
	F = 33.4930932152128

LAGRANGIAN MULTIPLIERS VALUES:

PENALTY FACTOR:

BEST POSITION:
	P(0) = 0.000554484712676509		P(1) = 0.003239721897654958		P(2) = 2.357333376384191e-05	
	P(3) = 0		P(4) = 0.0989898705752553		P(5) = 0.0955483380122579	
	P(6) = 0.09598667818204312		P(7) = 0.001978052290367037		P(8) = 0.08541839961341982	
	P(9) = 0		P(10) = 8.329138193000074e-06		P(11) = 0.01823943364363838	
	P(12) = 0.0928778983409216		P(13) = 0.002061505829305282		P(14) = 0.08430472184711754	
	P(15) = 0		P(16) = 0.001702581827843865		P(17) = 0.006833686048081301	
	P(18) = 0.09899931588139721		P(19) = 0.0903041741390895		P(20) = 0.0006099058996076739	
	P(21) = 2.191488687887377e-06		P(22) = 0		P(23) = 0.09879798879484043	
	P(24) = 0.07733843332973363		P(25) = 0.01625061565328945		P(26) = 0	
	P(27) = 0.01267182733870843		P(28) = 0		P(29) = 0.01568382264285884	
	P(30) = 0.07788431405348384		P(31) = 0.09089527031001461		P(32) = 0.08278126551502893	
	P(33) = 0.01437228950045322		P(34) = 0.03938530621083335		P(35) = 0	
	P(36) = 0.099		P(37) = 0.03188993170200803		P(38) = 0.08984241444596085	
	P(39) = 0.09899404464524995		P(40) = 0.01058637420820795		P(41) = 0.02680991016185286	
	P(42) = 0.07245352059509431		P(43) = 0.03789033649929043		P(44) = 0.099	
	P(45) = 0.099		P(46) = 0.0006858758161702103		P(47) = 0	
	P(48) = 0.099		P(49) = 0.03677019209029821		P(50) = 0.00422261441300599	
	P(51) = 0		P(52) = 0.099		P(53) = 7.383750206441803e-05	
	P(54) = 0.02869388748103319		P(55) = 0.099		P(56) = 0	
	P(57) = 0.01355192917567345		P(58) = 0.06140750923454452		P(59) = 0	
	P(60) = 0.09872276873302635		P(61) = 1.53745934990332e-05		P(62) = 0	
	P(63) = 0.001544095840852008	
================================================================================

================================================================================

NUMBER OF ITERATIONS: 17

NUMBER OF OBJECTIVE FUNCTION EVALUATIONS: 1030

OBJECTIVE FUNCTION VALUE:
	F = 30.35450840724523

LAGRANGIAN MULTIPLIERS VALUES:

PENALTY FACTOR:

BEST POSITION:
	P(0) = 0		P(1) = 0.00240689647847394		P(2) = 0	
	P(3) = 0		P(4) = 0.099		P(5) = 0.09466482149328945	
	P(6) = 0.09228919656988163		P(7) = 0.001919169800934768		P(8) = 0.09648683103479642	
	P(9) = 0		P(10) = 0		P(11) = 0.01730705604622319	
	P(12) = 0.08641312856980406		P(13) = 0.001065082660167097		P(14) = 0.09393870341603612	
	P(15) = 0		P(16) = 0		P(17) = 0.00952486431629302	
	P(18) = 0.099		P(19) = 0.08677573728887114		P(20) = 0	
	P(21) = 0		P(22) = 0		P(23) = 0.099	
	P(24) = 0.07796107378815999		P(25) = 0.008649959062476925		P(26) = 0	
	P(27) = 0.01545017871902395		P(28) = 0		P(29) = 0.008039621967632367	
	P(30) = 0.09313355785900723		P(31) = 0.08465989662763443		P(32) = 0.07236111619907254	
	P(33) = 0.02129772732529708		P(34) = 0.06062211184577029		P(35) = 0	
	P(36) = 0.099		P(37) = 0.03414721174450789		P(38) = 0.08652693563162059	
	P(39) = 0.099		P(40) = 0.003343529567268771		P(41) = 0.01334751398220659	
	P(42) = 0.08993556049448344		P(43) = 0.04045448492553607		P(44) = 0.099	
	P(45) = 0.099		P(46) = 0		P(47) = 0	
	P(48) = 0.099		P(49) = 0.01963868403481472		P(50) = 0.01120859446010292	
	P(51) = 0		P(52) = 0.099		P(53) = 0	
	P(54) = 0.01215067193502793		P(55) = 0.099		P(56) = 0	
	P(57) = 0.01804404163395661		P(58) = 0.05836942428219088		P(59) = 0	
	P(60) = 0.099		P(61) = 0		P(62) = 0.009449486822625391	
	P(63) = 0	
================================================================================

================================================================================

NUMBER OF ITERATIONS: 18

NUMBER OF OBJECTIVE FUNCTION EVALUATIONS: 1090

OBJECTIVE FUNCTION VALUE:
	F = 30.46749027778242

LAGRANGIAN MULTIPLIERS VALUES:

PENALTY FACTOR:

BEST POSITION:
	P(0) = 0		P(1) = 0.002140137855335351		P(2) = 0	
	P(3) = 0		P(4) = 0.09899409688582902		P(5) = 0.09451007661544969	
	P(6) = 0.0971704411358281		P(7) = 0.001335430932368716		P(8) = 0.099	
	P(9) = 0		P(10) = 2.647199841915304e-06		P(11) = 0.01735931075581353	
	P(12) = 0.09233820135329306		P(13) = 0		P(14) = 0.0904113001261321	
	P(15) = 2.495029931562365e-06		P(16) = 0.001261212748582756		P(17) = 0.01143179147959809	
	P(18) = 0.099		P(19) = 0.08723944045994729		P(20) = 0.0001916906744229285	
	P(21) = 6.501705742976982e-06		P(22) = 0		P(23) = 0.09890845640444548	
	P(24) = 0.07731801924494673		P(25) = 0.008716835415992129		P(26) = 0	
	P(27) = 0.0162408624164878		P(28) = 2.019321435946242e-06		P(29) = 0.00766131900496328	
	P(30) = 0.099		P(31) = 0.08294643652471802		P(32) = 0.07598788583755622	
	P(33) = 0.01834232759158677		P(34) = 0.05919555912415841		P(35) = 0	
	P(36) = 0.09899685166318907		P(37) = 0.03407477312991884		P(38) = 0.08519925679032569	
	P(39) = 0.099		P(40) = 0.009298902570005096		P(41) = 0.02635305621027908	
	P(42) = 0.08222201364224815		P(43) = 0.04015039626896297		P(44) = 0.099	
	P(45) = 0.099		P(46) = 0.0005580524191279232		P(47) = 0	
	P(48) = 0.09899841676004706		P(49) = 0.01069159283149522		P(50) = 0.009895486320272297	
	P(51) = 0		P(52) = 0.09365293026560154		P(53) = 0	
	P(54) = 0.005561163661767433		P(55) = 0.09899523144454374		P(56) = 0	
	P(57) = 0.01734071898985795		P(58) = 0.05942535123316164		P(59) = 3.395073298342877e-06	
	P(60) = 0.09886968831582602		P(61) = 0		P(62) = 0.02425694831585975	
	P(63) = 4.029242913661246e-05	
================================================================================

================================================================================

NUMBER OF ITERATIONS: 19

NUMBER OF OBJECTIVE FUNCTION EVALUATIONS: 1150

OBJECTIVE FUNCTION VALUE:
	F = 30.42722451280997

LAGRANGIAN MULTIPLIERS VALUES:

PENALTY FACTOR:

BEST POSITION:
	P(0) = 3.183907166165456e-06		P(1) = 0.002144794491273125		P(2) = 0	
	P(3) = 0		P(4) = 0.09899301958642345		P(5) = 0.09451983290392302	
	P(6) = 0.09657442232283994		P(7) = 0.001122103511257203		P(8) = 0.09892174207837653	
	P(9) = 4.124235187995262e-06		P(10) = 0		P(11) = 0.01722860215556972	
	P(12) = 0.09280967131514289		P(13) = 0		P(14) = 0.09762487589278335	
	P(15) = 5.723352661246572e-07		P(16) = 0.001002340409735271		P(17) = 0.01169046318459794	
	P(18) = 0.099		P(19) = 0.08713078060940341		P(20) = 0.0001564679251113352	
	P(21) = 0		P(22) = 0		P(23) = 0.09891344081595481	
	P(24) = 0.07751450661842504		P(25) = 0.008192155934449608		P(26) = 3.688913067984023e-06	
	P(27) = 0.01618583591747134		P(28) = 1.94996872657921e-06		P(29) = 0.007766630703752921	
	P(30) = 0.09688424098870965		P(31) = 0.08274183043467026		P(32) = 0.07222943291879368	
	P(33) = 0.01823013669536702		P(34) = 0.05925336359028729		P(35) = 0	
	P(36) = 0.09899704991503855		P(37) = 0.03371230336192697		P(38) = 0.08410089135690668	
	P(39) = 0.099		P(40) = 0.00941373855090151		P(41) = 0.01920679081903253	
	P(42) = 0.08856449149507829		P(43) = 0.03931912719482469		P(44) = 0.09899323654069389	
	P(45) = 0.09899915425990183		P(46) = 0.000595585961164373		P(47) = 0	
	P(48) = 0.099		P(49) = 0.01274970726410725		P(50) = 0.01137582962067481	
	P(51) = 8.105363820926081e-06		P(52) = 0.09595668539274652		P(53) = 0	
	P(54) = 0.005676723783028061		P(55) = 0.09899988918636292		P(56) = 2.826889673041011e-08	
	P(57) = 0.01774558167158731		P(58) = 0.05965940992488586		P(59) = 0	
	P(60) = 0.09884559144140544		P(61) = 0		P(62) = 0.02451638482691339	
	P(63) = 4.230803049349446e-05	
================================================================================

================================================================================

NUMBER OF ITERATIONS: 20

NUMBER OF OBJECTIVE FUNCTION EVALUATIONS: 1210

OBJECTIVE FUNCTION VALUE:
	F = 30.36722147774861

LAGRANGIAN MULTIPLIERS VALUES:

PENALTY FACTOR:

BEST POSITION:
	P(0) = 4.592363231411406e-05		P(1) = 0.002228478459975473		P(2) = 3.65573045320311e-06	
	P(3) = 2.254586029495909e-06		P(4) = 0.09899334328064391		P(5) = 0.09479359547321009	
	P(6) = 0.09523742259236206		P(7) = 0.001213249018897182		P(8) = 0.09895593244543775	
	P(9) = 0		P(10) = 0		P(11) = 0.01814483465488181	
	P(12) = 0.08993881028977935		P(13) = 1.801480645279019e-05		P(14) = 0.08716028764999011	
	P(15) = 0		P(16) = 0.001001382328601433		P(17) = 0.01158456017245685	
	P(18) = 0.09899833661499768		P(19) = 0.08619997234200182		P(20) = 0.0001530824051858004	
	P(21) = 0		P(22) = 8.658313750582736e-06		P(23) = 0.09887419864011482	
	P(24) = 0.07746928667989142		P(25) = 0.009234385294875788		P(26) = 6.721503084970715e-06	
	P(27) = 0.01735953311030366		P(28) = 1.619390722219782e-06		P(29) = 0.00762566973552254	
	P(30) = 0.0984406783080503		P(31) = 0.08283062315076622		P(32) = 0.07323453835243203	
	P(33) = 0.01869694903656343		P(34) = 0.05858355563311724		P(35) = 0	
	P(36) = 0.099		P(37) = 0.03376494633807089		P(38) = 0.08430619271221089	
	P(39) = 0.09899606535426222		P(40) = 0.008722075688677583		P(41) = 0.02178923658522675	
	P(42) = 0.07993574271709092		P(43) = 0.03868805648929977		P(44) = 0.099	
	P(45) = 0.09899901387941706		P(46) = 0.0006353775159614258		P(47) = 0	
	P(48) = 0.099		P(49) = 0.01183312377746639		P(50) = 0.0125011315616033	
	P(51) = 1.346165881585537e-06		P(52) = 0.09306509965085488		P(53) = 0	
	P(54) = 0.007451291285114653		P(55) = 0.099		P(56) = 8.807733122596917e-06	
	P(57) = 0.01741324836283854		P(58) = 0.06040508577850516		P(59) = 1.029373062907263e-05	
	P(60) = 0.09887795192017247		P(61) = 5.872270955699366e-06		P(62) = 0.03072725341965088	
	P(63) = 5.533770914622343e-05	
================================================================================

================================================================================

NUMBER OF ITERATIONS: 21

NUMBER OF OBJECTIVE FUNCTION EVALUATIONS: 1270

OBJECTIVE FUNCTION VALUE:
	F = 30.27771602330965

LAGRANGIAN MULTIPLIERS VALUES:

PENALTY FACTOR:

BEST POSITION:
	P(0) = 6.604334270549073e-05		P(1) = 0.002336020467465755		P(2) = 7.931567035344977e-06	
	P(3) = 3.013937636617281e-06		P(4) = 0.09899787897617152		P(5) = 0.09467430919970932	
	P(6) = 0.09617673706148518		P(7) = 0.001028554686104154		P(8) = 0.099	
	P(9) = 4.177755226104918e-06		P(10) = 7.458088998296697e-06		P(11) = 0.01812429445109072	
	P(12) = 0.09004997495115125		P(13) = 9.32071629933251e-07		P(14) = 0.08623677971551685	
	P(15) = 1.859673727094835e-07		P(16) = 0.0009879898822170025		P(17) = 0.01150301487870073	
	P(18) = 0.099		P(19) = 0.08641521085194637		P(20) = 0.0001444373583958866	
	P(21) = 0		P(22) = 1.024328952003301e-05		P(23) = 0.098888229647035	
	P(24) = 0.07741685426173905		P(25) = 0.009505631858095123		P(26) = 2.072634478419988e-06	
	P(27) = 0.0173566194245468		P(28) = 4.913466062697602e-06		P(29) = 0.006976599896383731	
	P(30) = 0.09884435603687662		P(31) = 0.08262534843867694		P(32) = 0.07321968179678287	
	P(33) = 0.01883455401543617		P(34) = 0.05922446107924217		P(35) = 0	
	P(36) = 0.099		P(37) = 0.03380122851333042		P(38) = 0.08356913105209715	
	P(39) = 0.09899392884308705		P(40) = 0.008736659154749964		P(41) = 0.02215403262659157	
	P(42) = 0.07703103202664766		P(43) = 0.03845576601936843		P(44) = 0.099	
	P(45) = 0.09899919355203775		P(46) = 0.0006528979945813404		P(47) = 2.381679884075338e-07	
	P(48) = 0.099		P(49) = 0.01172819814254236		P(50) = 0.01258264980779702	
	P(51) = 0		P(52) = 0.09658900143803795		P(53) = 0	
	P(54) = 0.007776872655905126		P(55) = 0.099		P(56) = 1.891364359768444e-05	
	P(57) = 0.01791759796238334		P(58) = 0.06028587600827323		P(59) = 1.720787468739021e-05	
	P(60) = 0.09889411542667495		P(61) = 6.425749647466505e-06		P(62) = 0.03215031725935798	
	P(63) = 5.60485087123877e-05	
================================================================================

================================================================================

NUMBER OF ITERATIONS: 22

NUMBER OF OBJECTIVE FUNCTION EVALUATIONS: 1330

OBJECTIVE FUNCTION VALUE:
	F = 30.56720022339506

LAGRANGIAN MULTIPLIERS VALUES:

PENALTY FACTOR:

BEST POSITION:
	P(0) = 2.991841101004922e-05		P(1) = 0.00255601762747109		P(2) = 0	
	P(3) = 0		P(4) = 0.099		P(5) = 0.09461280067021249	
	P(6) = 0.09565102695927501		P(7) = 0.0009240815982179199		P(8) = 0.099	
	P(9) = 0		P(10) = 0		P(11) = 0.01789948680802825	
	P(12) = 0.08938286088355127		P(13) = 2.604120916732677e-05		P(14) = 0.08577814100336539	
	P(15) = 0		P(16) = 6.911525483355857e-05		P(17) = 0.01147690118770606	
	P(18) = 0.099		P(19) = 0.07739218089345928		P(20) = 7.091464827058136e-05	
	P(21) = 0		P(22) = 0		P(23) = 0.0988712126757359	
	P(24) = 0.07976633904971503		P(25) = 0.0104418841519428		P(26) = 0	
	P(27) = 0.01824512491432279		P(28) = 0		P(29) = 0.007140346482943975	
	P(30) = 0.09872801268276549		P(31) = 0.08338696370487131		P(32) = 0.07165257997726081	
	P(33) = 0.02237455915036496		P(34) = 0.05137144312961891		P(35) = 0	
	P(36) = 0.099		P(37) = 0.0335133986368699		P(38) = 0.08327417410713545	
	P(39) = 0.099		P(40) = 0.009469064287486589		P(41) = 0.02212470317270393	
	P(42) = 0.07378698036013474		P(43) = 0.03944521151528074		P(44) = 0.099	
	P(45) = 0.099		P(46) = 6.065536153807699e-05		P(47) = 0	
	P(48) = 0.099		P(49) = 0.01427411463512362		P(50) = 0.01204519193328663	
	P(51) = 0		P(52) = 0.09521100627635762		P(53) = 0	
	P(54) = 0.007662315654648644		P(55) = 0.099		P(56) = 1.360549712198234e-06	
	P(57) = 0.01513448571613846		P(58) = 0.06217293029578112		P(59) = 0	
	P(60) = 0.09894057698898531		P(61) = 0		P(62) = 0.02848677399002425	
	P(63) = 5.120622328261965e-05	
================================================================================
