                                     ======================
                                        ALPSO 1.1 (Serial)
                                     ======================

Parameters:
-------------------------------------------------------------------------------------------------
Swarmsize           :       10    MaxOuterIters     :      200    Seed:       1519680712.80384302
Cognitive Parameter :    2.000    MaxInnerIters     :        6    Scaling            :          1
Social Parameter    :    1.000    MinInnerIters     :        6    Stopping Criteria  :          1
Initial Weight      :    0.990    DynInnerIters     :        0    Number of Failures :         15
Final Weight        :    0.550    StoppingIters     :        5    Number of Successes:          5

Absolute Tolerance  : 1.00e-02    Number Initial Pos:        0    Neighbourhood Model:      gbest
Relative Tolerance  : 1.00e-02    Initial Velocity  :        1    Neighbourhood Size :         40
Inequality Tolerance: 1.00e-03    Maximum Velocity  :        2    Selfless           :          1
Equality Tolerance  : 1.00e-03    Craziness Velocity: 1.00e-04    Fileout            :          1
Global Distance     : 1.00e-01    Initial Penalty   :     1.00    File Name          :  ALPSO.out
-------------------------------------------------------------------------------------------------


================================================================================

NUMBER OF ITERATIONS: 1

NUMBER OF OBJECTIVE FUNCTION EVALUATIONS: 70

OBJECTIVE FUNCTION VALUE:
	F = 43.50264494680123

LAGRANGIAN MULTIPLIERS VALUES:

PENALTY FACTOR:

BEST POSITION:
	P(0) = 0.06821713083615485		P(1) = 0.05342925447039376		P(2) = 0	
	P(3) = 0.099		P(4) = 0.08953531051204902		P(5) = 0.04858188595882127	
	P(6) = 0.01435927074391984		P(7) = 0.08918866866368491		P(8) = 0.02285216581390171	
	P(9) = 0.03083948050816462		P(10) = 0		P(11) = 0.00477373616010076	
	P(12) = 0		P(13) = 0.06787210358037152		P(14) = 0	
	P(15) = 0.05746164818238341		P(16) = 0.01558680552783611		P(17) = 0.04001096758433546	
	P(18) = 0.099		P(19) = 0.08705584814605345		P(20) = 0.05371534717148525	
	P(21) = 0.02788133823278371		P(22) = 0.01505727794597793		P(23) = 0.007080267868869922	
	P(24) = 0.004376097962387783		P(25) = 0		P(26) = 0.02439761044562762	
	P(27) = 0.04298392619047838		P(28) = 0.04033142485583559		P(29) = 0.07457716478229512	
	P(30) = 0		P(31) = 0.0349996381938302		P(32) = 0.02897361570001692	
	P(33) = 0.03274575689648104		P(34) = 0.02216816812077564		P(35) = 0.01147648434710082	
	P(36) = 0.08258071519028093		P(37) = 0.01480710984848818		P(38) = 0	
	P(39) = 0.099		P(40) = 0.06625193268287491		P(41) = 0.04264937633312015	
	P(42) = 0.07963368297301174		P(43) = 0.05511734540881123		P(44) = 0.05028122704171886	
	P(45) = 0.05843822582057501		P(46) = 0.04785358478112813		P(47) = 0.099	
	P(48) = 0.03535070820862635		P(49) = 0.07861789168641388		P(50) = 0.005081380385653034	
	P(51) = 0.05254255647186058		P(52) = 0.01955357832513641		P(53) = 0.01032865937777538	
	P(54) = 0.03235889722736389		P(55) = 0.0209395004997659		P(56) = 0.06802978809148955	
	P(57) = 0.07495910809368031		P(58) = 0.0748276372839915		P(59) = 0.03500771152171673	
	P(60) = 0.04223390342945482		P(61) = 0.02580662359522571		P(62) = 0.02414575923035077	
	P(63) = 0.02081260185828585	
================================================================================

================================================================================

NUMBER OF ITERATIONS: 2

NUMBER OF OBJECTIVE FUNCTION EVALUATIONS: 130

OBJECTIVE FUNCTION VALUE:
	F = 39.72911160320563

LAGRANGIAN MULTIPLIERS VALUES:

PENALTY FACTOR:

BEST POSITION:
	P(0) = 0.06672866887184895		P(1) = 0.05879167252014073		P(2) = 0	
	P(3) = 0.099		P(4) = 0.08925136736049771		P(5) = 0.06697095887786661	
	P(6) = 0		P(7) = 0.099		P(8) = 0.02807023999561268	
	P(9) = 0.03209620714111375		P(10) = 0		P(11) = 0.01955349977960523	
	P(12) = 0		P(13) = 0.06347759405532417		P(14) = 0	
	P(15) = 0.04104091389655259		P(16) = 0.0111156290638305		P(17) = 0.03919188458896439	
	P(18) = 0.099		P(19) = 0.0853065839987974		P(20) = 0.05141164334952181	
	P(21) = 0.05133038324884921		P(22) = 0.01508342271645238		P(23) = 0	
	P(24) = 0.002698077166513352		P(25) = 0		P(26) = 0	
	P(27) = 0.04538043508907105		P(28) = 0.0572625125035701		P(29) = 0.08301141510369021	
	P(30) = 0		P(31) = 0.03138391983725713		P(32) = 0.05555961349751113	
	P(33) = 0.04683831392280359		P(34) = 0.03086576948276893		P(35) = 0.02052022790213316	
	P(36) = 0.07795387299519795		P(37) = 0.01154185919461923		P(38) = 0	
	P(39) = 0.09105313401758913		P(40) = 0.05647096544027664		P(41) = 0.0468567579673227	
	P(42) = 0.099		P(43) = 0.05412641250354131		P(44) = 0.04714248928785252	
	P(45) = 0.05824197775202237		P(46) = 0.02985664274303697		P(47) = 0.099	
	P(48) = 0.05811740120520082		P(49) = 0.07531973012287126		P(50) = 0	
	P(51) = 0.04976511134701614		P(52) = 0		P(53) = 0.005867284921977259	
	P(54) = 0.01454091123717646		P(55) = 0		P(56) = 0.08368347325580172	
	P(57) = 0.08482914113462121		P(58) = 0.099		P(59) = 0.03561669957274607	
	P(60) = 0.05874361772858876		P(61) = 0.03107483123574277		P(62) = 0.02477736309303867	
	P(63) = 0.02008011502329713	
================================================================================

================================================================================

NUMBER OF ITERATIONS: 3

NUMBER OF OBJECTIVE FUNCTION EVALUATIONS: 190

OBJECTIVE FUNCTION VALUE:
	F = 44.25843844116593

LAGRANGIAN MULTIPLIERS VALUES:

PENALTY FACTOR:

BEST POSITION:
	P(0) = 0.06221739323141061		P(1) = 0.05959965474542279		P(2) = 0	
	P(3) = 0.09627807033461447		P(4) = 0.08933561806744059		P(5) = 0	
	P(6) = 0		P(7) = 0.09890811449759218		P(8) = 0.02546752216505375	
	P(9) = 0.03184762094215344		P(10) = 0.007417997412785371		P(11) = 0.02005643171116824	
	P(12) = 0		P(13) = 0.06627871744126543		P(14) = 0.001599994283767399	
	P(15) = 0.02738450807188282		P(16) = 0.01369378645195285		P(17) = 0.03318399421175475	
	P(18) = 0.099		P(19) = 0.099		P(20) = 0.0498842082293219	
	P(21) = 0.04124741354638761		P(22) = 0.01179346191110769		P(23) = 0.001550570707073276	
	P(24) = 0.05341676924959811		P(25) = 0.001281900018792956		P(26) = 0.007541592219818732	
	P(27) = 0.0759692533686587		P(28) = 0.05043988518011441		P(29) = 0.07921806963550006	
	P(30) = 0.008077533635230533		P(31) = 0.04214456615727437		P(32) = 0.05748570923923556	
	P(33) = 0.05153158722067375		P(34) = 0.02558862789686438		P(35) = 0.02418327945275896	
	P(36) = 0.0788463481038813		P(37) = 0.01057658218001228		P(38) = 0	
	P(39) = 0.09802715835370776		P(40) = 0.05753504073396556		P(41) = 0.04976917468994711	
	P(42) = 0.099		P(43) = 0.05298776145163386		P(44) = 0.04869776497027016	
	P(45) = 0.06030349227125791		P(46) = 0.03395497581016886		P(47) = 0.07832110402971004	
	P(48) = 0		P(49) = 0.07884539619319272		P(50) = 0.0007196631699556491	
	P(51) = 0.04987293886413238		P(52) = 0		P(53) = 0	
	P(54) = 0.0176259499699021		P(55) = 0		P(56) = 0.09057777280246287	
	P(57) = 0.08958331718608747		P(58) = 0.099		P(59) = 0.03791409928442035	
	P(60) = 0.05033811138486492		P(61) = 0.03404947666104503		P(62) = 0.03502829201766917	
	P(63) = 0.01458680758751689	
================================================================================

================================================================================

NUMBER OF ITERATIONS: 4

NUMBER OF OBJECTIVE FUNCTION EVALUATIONS: 250

OBJECTIVE FUNCTION VALUE:
	F = 38.97314077226298

LAGRANGIAN MULTIPLIERS VALUES:

PENALTY FACTOR:

BEST POSITION:
	P(0) = 0.05679255988990429		P(1) = 0.06000465155956029		P(2) = 1.374128299591604e-06	
	P(3) = 0.09761035444081159		P(4) = 0.08719199590623103		P(5) = 0.0907869624618157	
	P(6) = 6.93425365010103e-06		P(7) = 0.099		P(8) = 0.02189459535397171	
	P(9) = 0.03408288648620742		P(10) = 0		P(11) = 0.01837967633872243	
	P(12) = 5.780877142633201e-06		P(13) = 0.06301969120663017		P(14) = 0.0004808676831904099	
	P(15) = 0.04220381063047664		P(16) = 0.01869323500514557		P(17) = 0.01031013925602176	
	P(18) = 0.09899119006689186		P(19) = 0.099		P(20) = 0.05479346996849483	
	P(21) = 0.04366415628818818		P(22) = 0.01276807041373445		P(23) = 0.0006570328672196174	
	P(24) = 0.01547959245602475		P(25) = 0.0008711939586669298		P(26) = 0.0028263744676576	
	P(27) = 0.0564422687272935		P(28) = 0.05560855094901367		P(29) = 0.05366687418709154	
	P(30) = 0.007350512960764735		P(31) = 0.0408375153822447		P(32) = 0.06504578782917245	
	P(33) = 0.04861856230242492		P(34) = 0.02688394199960621		P(35) = 0.01495168485576324	
	P(36) = 0.08077827512116426		P(37) = 0.01420049531185421		P(38) = 0	
	P(39) = 0.09685792805790205		P(40) = 0.05554210152090391		P(41) = 0.04192063650742901	
	P(42) = 0.099		P(43) = 0.057718643630207		P(44) = 0.06991419277544167	
	P(45) = 0.03865024013601437		P(46) = 0.03961900043235474		P(47) = 0.0825842804668234	
	P(48) = 0		P(49) = 0.07738484322631861		P(50) = 0.001884415368100398	
	P(51) = 0.04601805577186116		P(52) = 0.0004404828900338095		P(53) = 0.0002927464416090791	
	P(54) = 0.0177110193533413		P(55) = 0		P(56) = 0.099	
	P(57) = 0.08929433312102336		P(58) = 0.099		P(59) = 0.04046694413837541	
	P(60) = 0.02002526902160449		P(61) = 0.03081143358003697		P(62) = 0.03484603757811944	
	P(63) = 0.01960983734214861	
================================================================================

================================================================================

NUMBER OF ITERATIONS: 5

NUMBER OF OBJECTIVE FUNCTION EVALUATIONS: 310

OBJECTIVE FUNCTION VALUE:
	F = 38.65022583037472

LAGRANGIAN MULTIPLIERS VALUES:

PENALTY FACTOR:

BEST POSITION:
	P(0) = 0.05505014478807654		P(1) = 0.05923081636327407		P(2) = 0	
	P(3) = 0.09739110013301529		P(4) = 0.08530167494413853		P(5) = 0.099	
	P(6) = 6.876145816320234e-06		P(7) = 0.09899553387121422		P(8) = 0.02366633407630438	
	P(9) = 0.03398498469146936		P(10) = 0.00241998394658284		P(11) = 0.02144061914712968	
	P(12) = 4.743608038162983e-06		P(13) = 0.06333137020467938		P(14) = 0	
	P(15) = 0.04622445073555183		P(16) = 0.01720114258062266		P(17) = 0.01012636801323771	
	P(18) = 0.09899191015142514		P(19) = 0.09772651569782223		P(20) = 0.05573452350560253	
	P(21) = 0.04021321449745371		P(22) = 0.01224912336344432		P(23) = 0.0005243610703026813	
	P(24) = 0.008105396702104556		P(25) = 0.0009029113597861099		P(26) = 0.002760739907890247	
	P(27) = 0.05298755482334792		P(28) = 0.05370415035710098		P(29) = 0.04927215090683881	
	P(30) = 0.005995838046122248		P(31) = 0.03784992866863911		P(32) = 0.06579285901154723	
	P(33) = 0.05002732386020999		P(34) = 0.02706973586197154		P(35) = 0.0148076951224874	
	P(36) = 0.08345412108198058		P(37) = 0.01433136582730246		P(38) = 0	
	P(39) = 0.09589419736965218		P(40) = 0.05577063921639042		P(41) = 0.04355746056376977	
	P(42) = 0.09899804704448356		P(43) = 0.06202064154044352		P(44) = 0.06673413961969432	
	P(45) = 0.04752590334511048		P(46) = 0.03874342425952021		P(47) = 0.0776817514684013	
	P(48) = 0		P(49) = 0.07635613481032862		P(50) = 0.001499856964958655	
	P(51) = 0.04664279749216383		P(52) = 0.0004180213390801296		P(53) = 0.0001897523362131281	
	P(54) = 0.01879802087214099		P(55) = 0		P(56) = 0.099	
	P(57) = 0.08921578166724566		P(58) = 0.09878296722115743		P(59) = 0.03931195831847947	
	P(60) = 0.02381320287427556		P(61) = 0.02947684489453214		P(62) = 0.02502213353982932	
	P(63) = 0.02183094897349964	
================================================================================

================================================================================

NUMBER OF ITERATIONS: 6

NUMBER OF OBJECTIVE FUNCTION EVALUATIONS: 370

OBJECTIVE FUNCTION VALUE:
	F = 39.00523859065219

LAGRANGIAN MULTIPLIERS VALUES:

PENALTY FACTOR:

BEST POSITION:
	P(0) = 0.05813472927232204		P(1) = 0.06668657966506004		P(2) = 3.359192440363645e-06	
	P(3) = 0.09775771280110922		P(4) = 0.08824346125762819		P(5) = 0.09687655227493296	
	P(6) = 7.063584586651517e-06		P(7) = 0.099		P(8) = 0.03226656793303893	
	P(9) = 0.03189291995760985		P(10) = 0.002157047401851679		P(11) = 0.02848567350240879	
	P(12) = 9.733520727389644e-06		P(13) = 0.05724590627921837		P(14) = 0	
	P(15) = 0.04897123896879878		P(16) = 0.01953205722757224		P(17) = 0.02122764338465629	
	P(18) = 0.09899835704240578		P(19) = 0.0974693923262695		P(20) = 0.05609926343267709	
	P(21) = 0.01578788254239314		P(22) = 0.01157727483604081		P(23) = 0.0006483495930819164	
	P(24) = 0.01178956123244956		P(25) = 0.0001965541300848958		P(26) = 0.003488477989890486	
	P(27) = 0.06945561485213851		P(28) = 0.05322127590739836		P(29) = 0.05631585901408306	
	P(30) = 0.006024082319421517		P(31) = 0.03788481360812454		P(32) = 0.07228493475212661	
	P(33) = 0.04862695560628174		P(34) = 0.03838088484366101		P(35) = 0.01510548754355807	
	P(36) = 0.08326341016932924		P(37) = 0.006420218108076962		P(38) = 0	
	P(39) = 0.09766974694450431		P(40) = 0.05660197952542875		P(41) = 0.04920211990296355	
	P(42) = 0.099		P(43) = 0.05981833373604241		P(44) = 0.0673810977790512	
	P(45) = 0.06829765791015542		P(46) = 0.04149189092076531		P(47) = 0.08356398740273183	
	P(48) = 0.003881109446812858		P(49) = 0.08122343678581576		P(50) = 0.001395467179396093	
	P(51) = 0.04970358482129832		P(52) = 0.0001679909296891657		P(53) = 0.000226647843781444	
	P(54) = 0.01740968369503253		P(55) = 0		P(56) = 0.099	
	P(57) = 0.08963138867449751		P(58) = 0.09887813621148427		P(59) = 0.04592303176925492	
	P(60) = 0.02619167954015741		P(61) = 0.02481242806814397		P(62) = 0.03025043075060271	
	P(63) = 0.01949921372020349	
================================================================================

================================================================================

NUMBER OF ITERATIONS: 7

NUMBER OF OBJECTIVE FUNCTION EVALUATIONS: 430

OBJECTIVE FUNCTION VALUE:
	F = 38.43479004775998

LAGRANGIAN MULTIPLIERS VALUES:

PENALTY FACTOR:

BEST POSITION:
	P(0) = 0.05864667292640545		P(1) = 0.06389237080718657		P(2) = 0	
	P(3) = 0.099		P(4) = 0.09476462670657834		P(5) = 0.099	
	P(6) = 0		P(7) = 0.099		P(8) = 0.03038103092324663	
	P(9) = 0		P(10) = 0		P(11) = 0.02302187493712766	
	P(12) = 0		P(13) = 0.05458904900521859		P(14) = 0	
	P(15) = 0.09762125233706542		P(16) = 0		P(17) = 0.01657281601951886	
	P(18) = 0.099		P(19) = 0.099		P(20) = 0.01492627312250262	
	P(21) = 0.02864707778381378		P(22) = 0.003986349020924936		P(23) = 0	
	P(24) = 0.007667346461861332		P(25) = 0		P(26) = 0.003109897138358589	
	P(27) = 0.09370589807716118		P(28) = 0.03942852887570428		P(29) = 0.03900602569727762	
	P(30) = 0.004838831184563595		P(31) = 0.05981485864319963		P(32) = 0.06932930353569663	
	P(33) = 0.07206589202875438		P(34) = 0.02447210476697966		P(35) = 0.04718745691414715	
	P(36) = 0.07402599213429728		P(37) = 0.007109277855725342		P(38) = 0	
	P(39) = 0.099		P(40) = 0.08827076606552638		P(41) = 0.03778550676354094	
	P(42) = 0.09819023541916087		P(43) = 0.099		P(44) = 0.05117993256349241	
	P(45) = 0.07605855755900194		P(46) = 0.04113704060408503		P(47) = 0.099	
	P(48) = 0		P(49) = 0.099		P(50) = 0	
	P(51) = 0.03860414904083759		P(52) = 0		P(53) = 0	
	P(54) = 0.01812516753393731		P(55) = 0		P(56) = 0.099	
	P(57) = 0.099		P(58) = 0.099		P(59) = 0.04000242659102454	
	P(60) = 0.02696897058109454		P(61) = 0.01976417946472824		P(62) = 0.04423032001190392	
	P(63) = 0.02366872275060301	
================================================================================

================================================================================

NUMBER OF ITERATIONS: 8

NUMBER OF OBJECTIVE FUNCTION EVALUATIONS: 490

OBJECTIVE FUNCTION VALUE:
	F = 41.14484661436747

LAGRANGIAN MULTIPLIERS VALUES:

PENALTY FACTOR:

BEST POSITION:
	P(0) = 0.0596175003117554		P(1) = 0.06806814461175024		P(2) = 0	
	P(3) = 0.099		P(4) = 0.09298341024721513		P(5) = 0.099	
	P(6) = 0		P(7) = 0.099		P(8) = 0.02678488541187587	
	P(9) = 0.01749328383450262		P(10) = 0		P(11) = 0.01230226963445367	
	P(12) = 0		P(13) = 0.09310025364938523		P(14) = 0	
	P(15) = 0.07552385442548429		P(16) = 0.00130363407305454		P(17) = 0.04419576843860294	
	P(18) = 0.099		P(19) = 0.099		P(20) = 0.0161993175934937	
	P(21) = 0.03538231151832436		P(22) = 0.003929465251239876		P(23) = 0	
	P(24) = 0.006677496297794246		P(25) = 0.0001138443529734995		P(26) = 0	
	P(27) = 0.08341933076568736		P(28) = 0.05080285018824709		P(29) = 0.04330874486242848	
	P(30) = 0.003995118117803335		P(31) = 0.04492403916983322		P(32) = 0.04366102549412246	
	P(33) = 0.08052971019772306		P(34) = 0.01073279070255501		P(35) = 0.04167512462156888	
	P(36) = 0.07295654928652429		P(37) = 0.005763546556363464		P(38) = 0	
	P(39) = 0.09876151863360939		P(40) = 0.099		P(41) = 0.02125457654696354	
	P(42) = 0.09815637199357397		P(43) = 0.099		P(44) = 0.04528786646263162	
	P(45) = 0.05799704967310589		P(46) = 0.03962385757729078		P(47) = 0.099	
	P(48) = 0		P(49) = 0.08048802093359295		P(50) = 0.00192749010663136	
	P(51) = 0.04824924598133223		P(52) = 0		P(53) = 0	
	P(54) = 0.01445640790844768		P(55) = 0		P(56) = 0.099	
	P(57) = 0.09558987654847216		P(58) = 0.099		P(59) = 0.04256358308602409	
	P(60) = 0.01581482837994747		P(61) = 0.02425531516987999		P(62) = 0.04835280753581764	
	P(63) = 0.0237075671940186	
================================================================================

================================================================================

NUMBER OF ITERATIONS: 9

NUMBER OF OBJECTIVE FUNCTION EVALUATIONS: 550

OBJECTIVE FUNCTION VALUE:
	F = 38.34317259706238

LAGRANGIAN MULTIPLIERS VALUES:

PENALTY FACTOR:

BEST POSITION:
	P(0) = 0.06574073529421789		P(1) = 0.06758666257920466		P(2) = 0.01392930314984184	
	P(3) = 0.09879261272456243		P(4) = 0.09079779696418307		P(5) = 0.099	
	P(6) = 5.625519357781161e-05		P(7) = 0.099		P(8) = 0.02442288018780671	
	P(9) = 0.03464186541653427		P(10) = 0.001583386220334812		P(11) = 0.02223198755190327	
	P(12) = 0.04235032913219239		P(13) = 0.09689147325355682		P(14) = 0	
	P(15) = 0.03730057071338479		P(16) = 0		P(17) = 0.01061508261491478	
	P(18) = 0.099		P(19) = 0.099		P(20) = 0.01214428460509417	
	P(21) = 0.02548743640745203		P(22) = 0.002841817236932227		P(23) = 0	
	P(24) = 0.007391937275266644		P(25) = 0		P(26) = 0.004661562985510945	
	P(27) = 0.07317668780795283		P(28) = 0.04193278557452259		P(29) = 0.04261071468516416	
	P(30) = 0		P(31) = 0.04020566178159244		P(32) = 0.03521586918956145	
	P(33) = 0.08132107943317637		P(34) = 0.01361456258351513		P(35) = 0.02792442260904777	
	P(36) = 0.0785596826735537		P(37) = 0.006657107224141368		P(38) = 0	
	P(39) = 0.09795518293121006		P(40) = 0.09609712841857279		P(41) = 0.02526548114154536	
	P(42) = 0.09800163204535794		P(43) = 0.09654290043991456		P(44) = 0.04686971654096995	
	P(45) = 0.05731813784123101		P(46) = 0.05032070331941602		P(47) = 0.099	
	P(48) = 0		P(49) = 0.06669305139536241		P(50) = 0	
	P(51) = 0.04501623846354556		P(52) = 0		P(53) = 0	
	P(54) = 0.01716415892488356		P(55) = 0		P(56) = 0.099	
	P(57) = 0.05753929030764428		P(58) = 0.099		P(59) = 0.05499877387009654	
	P(60) = 0.02013314716630988		P(61) = 0.01488998983473484		P(62) = 0.0208020457331439	
	P(63) = 0.04376261130307924	
================================================================================
