                                     ======================
                                        ALPSO 1.1 (Serial)
                                     ======================

Parameters:
-------------------------------------------------------------------------------------------------
Swarmsize           :       10    MaxOuterIters     :      200    Seed:       1518401816.87922001
Cognitive Parameter :    2.000    MaxInnerIters     :        6    Scaling            :          1
Social Parameter    :    1.000    MinInnerIters     :        6    Stopping Criteria  :          1
Initial Weight      :    0.990    DynInnerIters     :        0    Number of Failures :         15
Final Weight        :    0.550    StoppingIters     :        5    Number of Successes:          5

Absolute Tolerance  : 1.00e-02    Number Initial Pos:        0    Neighbourhood Model:      gbest
Relative Tolerance  : 1.00e-02    Initial Velocity  :        1    Neighbourhood Size :         40
Inequality Tolerance: 1.00e-03    Maximum Velocity  :        2    Selfless           :          1
Equality Tolerance  : 1.00e-03    Craziness Velocity: 1.00e-04    Fileout            :          1
Global Distance     : 1.00e-01    Initial Penalty   :     1.00    File Name          :  ALPSO.out
-------------------------------------------------------------------------------------------------


================================================================================

NUMBER OF ITERATIONS: 1

NUMBER OF OBJECTIVE FUNCTION EVALUATIONS: 70

OBJECTIVE FUNCTION VALUE:
	F = 56.84399043259197

LAGRANGIAN MULTIPLIERS VALUES:

PENALTY FACTOR:

BEST POSITION:
	P(0) = 0		P(1) = 0		P(2) = 0.04116049552405424	
	P(3) = 0.02571052869811006		P(4) = 0.03786454120794352		P(5) = 0.099	
	P(6) = 0.06516360811432731		P(7) = 0.03937448920908087		P(8) = 0.01852911899480072	
	P(9) = 0		P(10) = 0.099		P(11) = 0.04676210103239515	
	P(12) = 0.004834103270760587		P(13) = 0.003731235232562066		P(14) = 0	
	P(15) = 0		P(16) = 0.01388142956852592		P(17) = 0.05333703646117446	
	P(18) = 0.03607101907785013		P(19) = 0		P(20) = 0.05403530787038853	
	P(21) = 0.02456646402174405		P(22) = 0.099		P(23) = 0.009536255266351393	
	P(24) = 0.05732300909400906		P(25) = 0.04523176912477103		P(26) = 0.006677276452749827	
	P(27) = 0		P(28) = 0.02610152219418806		P(29) = 0.09583451656977837	
	P(30) = 0.02751368263498866		P(31) = 0.099		P(32) = 0.06219647061994654	
	P(33) = 0.00294536796017187		P(34) = 0.07422634997641614		P(35) = 0	
	P(36) = 0.099		P(37) = 0.07203878517614634		P(38) = 0.04746049103952402	
	P(39) = 0.04013234829651802		P(40) = 0.07382165319812078		P(41) = 0.04282318084167192	
	P(42) = 0.04258851699630029		P(43) = 0.06072600673670156		P(44) = 0.099	
	P(45) = 0.02622224324273732		P(46) = 0.03461182072703058		P(47) = 0	
	P(48) = 0.02866844951168464		P(49) = 0		P(50) = 0.08944748043742914	
	P(51) = 0		P(52) = 0.09888958719182343		P(53) = 0.03621343866836692	
	P(54) = 0.03603272300870988		P(55) = 0.099		P(56) = 0	
	P(57) = 0.006642510447056459		P(58) = 0.0928671549392108		P(59) = 0.0299718353043706	
	P(60) = 0.099		P(61) = 0		P(62) = 0.099	
	P(63) = 0.02237558700350532	
================================================================================

================================================================================

NUMBER OF ITERATIONS: 2

NUMBER OF OBJECTIVE FUNCTION EVALUATIONS: 130

OBJECTIVE FUNCTION VALUE:
	F = 38.94498583547799

LAGRANGIAN MULTIPLIERS VALUES:

PENALTY FACTOR:

BEST POSITION:
	P(0) = 0		P(1) = 0		P(2) = 0.001247757999795672	
	P(3) = 0		P(4) = 0.03493977221894295		P(5) = 0.099	
	P(6) = 0.07493224862050504		P(7) = 0.05320953812612513		P(8) = 0.01134308568467063	
	P(9) = 0		P(10) = 0.099		P(11) = 0.03360502811996487	
	P(12) = 0		P(13) = 0.00691411839942694		P(14) = 0	
	P(15) = 0		P(16) = 0.001159414199640316		P(17) = 0	
	P(18) = 0.005876576682030725		P(19) = 0		P(20) = 0.007034832546327023	
	P(21) = 0.02097673720137919		P(22) = 0.099		P(23) = 0.003946684589678999	
	P(24) = 0.02006565395532245		P(25) = 0.04237005894112935		P(26) = 0	
	P(27) = 0		P(28) = 0.03358426960270351		P(29) = 0.08580541010370142	
	P(30) = 0.02700372709318597		P(31) = 0.099		P(32) = 0.01563461089879256	
	P(33) = 0		P(34) = 0.08861970096570013		P(35) = 0	
	P(36) = 0.099		P(37) = 0.07558434393222684		P(38) = 0.04841673662501968	
	P(39) = 0.003951176558015905		P(40) = 0.06419871794526544		P(41) = 0	
	P(42) = 0.01234269550832125		P(43) = 0.05311321282082856		P(44) = 0.099	
	P(45) = 0.03942698672887181		P(46) = 0.03676364192251361		P(47) = 0	
	P(48) = 0.02719096763844293		P(49) = 0		P(50) = 0.08825777597561323	
	P(51) = 0		P(52) = 0.099		P(53) = 0.01930232286250952	
	P(54) = 0.0448715854163536		P(55) = 0.099		P(56) = 0.01474166657739489	
	P(57) = 0		P(58) = 0.09567964129724256		P(59) = 0.0001704384324081529	
	P(60) = 0.099		P(61) = 0		P(62) = 0.099	
	P(63) = 0	
================================================================================

================================================================================

NUMBER OF ITERATIONS: 3

NUMBER OF OBJECTIVE FUNCTION EVALUATIONS: 190

OBJECTIVE FUNCTION VALUE:
	F = 34.82731333997449

LAGRANGIAN MULTIPLIERS VALUES:

PENALTY FACTOR:

BEST POSITION:
	P(0) = 0		P(1) = 0		P(2) = 0.006778516779219111	
	P(3) = 0		P(4) = 0.03351627117930732		P(5) = 0.099	
	P(6) = 0.09483250486167263		P(7) = 0.05225126537950519		P(8) = 0.01778574738557806	
	P(9) = 0		P(10) = 0.099		P(11) = 0.01043148689704457	
	P(12) = 0		P(13) = 0.01581144063173873		P(14) = 0	
	P(15) = 0		P(16) = 0		P(17) = 0	
	P(18) = 0.006880105457146388		P(19) = 0		P(20) = 0	
	P(21) = 0		P(22) = 0.099		P(23) = 0	
	P(24) = 0.02192101978885715		P(25) = 0.02754707195107071		P(26) = 0.001584825440834936	
	P(27) = 0		P(28) = 0.05767865148937307		P(29) = 0.08529038926405197	
	P(30) = 0.06819154632015478		P(31) = 0.099		P(32) = 0	
	P(33) = 0		P(34) = 0.099		P(35) = 0	
	P(36) = 0.099		P(37) = 0.08197383304225181		P(38) = 0.05817298461207875	
	P(39) = 0		P(40) = 0.03768735243643424		P(41) = 0.01258637528916103	
	P(42) = 0		P(43) = 0.02400618872767987		P(44) = 0.099	
	P(45) = 0.04054360379179234		P(46) = 0		P(47) = 0	
	P(48) = 0.03577870028550628		P(49) = 0		P(50) = 0.08992548832536842	
	P(51) = 0		P(52) = 0.099		P(53) = 0.002712502892127502	
	P(54) = 0.03801866711164451		P(55) = 0.099		P(56) = 0.01520930050768848	
	P(57) = 0		P(58) = 0.099		P(59) = 0	
	P(60) = 0.099		P(61) = 0		P(62) = 0.099	
	P(63) = 0	
================================================================================

================================================================================

NUMBER OF ITERATIONS: 4

NUMBER OF OBJECTIVE FUNCTION EVALUATIONS: 250

OBJECTIVE FUNCTION VALUE:
	F = 30.72201762667296

LAGRANGIAN MULTIPLIERS VALUES:

PENALTY FACTOR:

BEST POSITION:
	P(0) = 0.006824340740307598		P(1) = 0		P(2) = 0	
	P(3) = 0		P(4) = 0.04778005376014415		P(5) = 0.099	
	P(6) = 0.099		P(7) = 0.0531161163848891		P(8) = 0.01793939335806206	
	P(9) = 0		P(10) = 0.099		P(11) = 0	
	P(12) = 0		P(13) = 0.02019655370930508		P(14) = 0	
	P(15) = 0		P(16) = 0		P(17) = 0	
	P(18) = 0		P(19) = 0		P(20) = 0	
	P(21) = 0		P(22) = 0.099		P(23) = 0	
	P(24) = 0.007639316484479394		P(25) = 0		P(26) = 0	
	P(27) = 0		P(28) = 0.03407240629421839		P(29) = 0.099	
	P(30) = 0.05067096895118497		P(31) = 0.099		P(32) = 0	
	P(33) = 0		P(34) = 0.07222377295351692		P(35) = 0	
	P(36) = 0.099		P(37) = 0.099		P(38) = 0.06566421463964792	
	P(39) = 0		P(40) = 0.05530912222687567		P(41) = 0.01453337173173827	
	P(42) = 0		P(43) = 0		P(44) = 0.09644874241479731	
	P(45) = 0.06083928828757366		P(46) = 0		P(47) = 0	
	P(48) = 0		P(49) = 0		P(50) = 0.03225661906092388	
	P(51) = 0.001673343107688845		P(52) = 0.099		P(53) = 0.003338855817247563	
	P(54) = 0.0288439038627359		P(55) = 0.099		P(56) = 0	
	P(57) = 0		P(58) = 0.099		P(59) = 0	
	P(60) = 0.099		P(61) = 0		P(62) = 0.09322991521224036	
	P(63) = 0	
================================================================================

================================================================================

NUMBER OF ITERATIONS: 5

NUMBER OF OBJECTIVE FUNCTION EVALUATIONS: 310

OBJECTIVE FUNCTION VALUE:
	F = 29.3831166915861

LAGRANGIAN MULTIPLIERS VALUES:

PENALTY FACTOR:

BEST POSITION:
	P(0) = 0.00825172462270566		P(1) = 0		P(2) = 0	
	P(3) = 0		P(4) = 0.03032135824514468		P(5) = 0.099	
	P(6) = 0.099		P(7) = 0.05767601020153478		P(8) = 0	
	P(9) = 0		P(10) = 0.099		P(11) = 0	
	P(12) = 0		P(13) = 0.005968270672708886		P(14) = 0	
	P(15) = 0		P(16) = 0		P(17) = 0.0008636564357199158	
	P(18) = 0		P(19) = 0		P(20) = 0	
	P(21) = 0		P(22) = 0.099		P(23) = 0	
	P(24) = 0.0014864873028567		P(25) = 0		P(26) = 0	
	P(27) = 0		P(28) = 0.02449684775421108		P(29) = 0.099	
	P(30) = 0.03939099992635504		P(31) = 0.099		P(32) = 0	
	P(33) = 0.001105914124798719		P(34) = 0.04631603968188987		P(35) = 0	
	P(36) = 0.099		P(37) = 0.099		P(38) = 0.03337495632198824	
	P(39) = 0		P(40) = 0.03237059758902364		P(41) = 0	
	P(42) = 0		P(43) = 0		P(44) = 0.08214245446405639	
	P(45) = 0.06577614658984779		P(46) = 0		P(47) = 0	
	P(48) = 0		P(49) = 0		P(50) = 0	
	P(51) = 0.001818756205413094		P(52) = 0.099		P(53) = 0	
	P(54) = 0.0275984682768712		P(55) = 0.099		P(56) = 0	
	P(57) = 0		P(58) = 0.099		P(59) = 0	
	P(60) = 0.099		P(61) = 0		P(62) = 0.09128543607627211	
	P(63) = 0	
================================================================================

================================================================================

NUMBER OF ITERATIONS: 6

NUMBER OF OBJECTIVE FUNCTION EVALUATIONS: 370

OBJECTIVE FUNCTION VALUE:
	F = 28.72796718626985

LAGRANGIAN MULTIPLIERS VALUES:

PENALTY FACTOR:

BEST POSITION:
	P(0) = 0.01303001405294958		P(1) = 0		P(2) = 0.03185876042061447	
	P(3) = 0		P(4) = 0.0539913632703559		P(5) = 0.08646243895760466	
	P(6) = 0.09875652442037301		P(7) = 0.01291078639143308		P(8) = 0	
	P(9) = 7.971354598533542e-06		P(10) = 0.09899737684968288		P(11) = 0	
	P(12) = 0		P(13) = 0		P(14) = 0	
	P(15) = 0		P(16) = 0		P(17) = 0	
	P(18) = 0		P(19) = 0.01694626150334672		P(20) = 0.001485723206474519	
	P(21) = 0		P(22) = 0.08815908006749221		P(23) = 0.01501663422422509	
	P(24) = 0		P(25) = 0		P(26) = 2.138166497279992e-06	
	P(27) = 0		P(28) = 0.02216201144434436		P(29) = 0.099	
	P(30) = 0.05314853642071343		P(31) = 0.099		P(32) = 0	
	P(33) = 0.001184112432117246		P(34) = 0.03911112188796441		P(35) = 0	
	P(36) = 0.09104365249479049		P(37) = 0.08496942115819758		P(38) = 0.05146058402296499	
	P(39) = 0		P(40) = 0.008087778952063918		P(41) = 0	
	P(42) = 2.27612751708961e-06		P(43) = 0		P(44) = 0.07445907010058124	
	P(45) = 0.07218304336537508		P(46) = 0		P(47) = 3.19252599174924e-06	
	P(48) = 0		P(49) = 0.008913962497933484		P(50) = 0.01159384882948872	
	P(51) = 0.001141815761867927		P(52) = 0.09899854677203929		P(53) = 0	
	P(54) = 0.01684239262418936		P(55) = 0.09899899335288516		P(56) = 0	
	P(57) = 0		P(58) = 0.09899407600448551		P(59) = 0.002639654380948445	
	P(60) = 0.0989925401255341		P(61) = 0		P(62) = 0.09746252468199652	
	P(63) = 0	
================================================================================

================================================================================

NUMBER OF ITERATIONS: 7

NUMBER OF OBJECTIVE FUNCTION EVALUATIONS: 430

OBJECTIVE FUNCTION VALUE:
	F = 28.11748077469807

LAGRANGIAN MULTIPLIERS VALUES:

PENALTY FACTOR:

BEST POSITION:
	P(0) = 0.02482655582348707		P(1) = 0		P(2) = 0.02096185368792011	
	P(3) = 0		P(4) = 0.02230366408163724		P(5) = 0.091473376856749	
	P(6) = 0.099		P(7) = 0		P(8) = 0	
	P(9) = 0		P(10) = 0.099		P(11) = 0	
	P(12) = 0		P(13) = 5.433511566517446e-06		P(14) = 0	
	P(15) = 0		P(16) = 0		P(17) = 0	
	P(18) = 0		P(19) = 0.01360051579842827		P(20) = 0	
	P(21) = 0		P(22) = 0.07338142794869099		P(23) = 0.04705172028476087	
	P(24) = 0		P(25) = 0		P(26) = 0	
	P(27) = 0		P(28) = 0.06362541241699951		P(29) = 0.099	
	P(30) = 0.06841333239487472		P(31) = 0.099		P(32) = 0	
	P(33) = 0		P(34) = 0.0364168688565001		P(35) = 0	
	P(36) = 0.09670526449570682		P(37) = 0.09007225153728285		P(38) = 0.0427553128547919	
	P(39) = 0		P(40) = 0		P(41) = 0	
	P(42) = 0		P(43) = 0		P(44) = 0.05842853119360997	
	P(45) = 0.08694304675280969		P(46) = 0		P(47) = 0	
	P(48) = 0		P(49) = 0		P(50) = 0.01714433313886719	
	P(51) = 0		P(52) = 0.099		P(53) = 0	
	P(54) = 0.02855404374190251		P(55) = 0.099		P(56) = 0	
	P(57) = 0		P(58) = 0.099		P(59) = 0.01164104773668806	
	P(60) = 0.099		P(61) = 0		P(62) = 0.099	
	P(63) = 0	
================================================================================

================================================================================

NUMBER OF ITERATIONS: 8

NUMBER OF OBJECTIVE FUNCTION EVALUATIONS: 490

OBJECTIVE FUNCTION VALUE:
	F = 27.35859003437245

LAGRANGIAN MULTIPLIERS VALUES:

PENALTY FACTOR:

BEST POSITION:
	P(0) = 0.03261518544981801		P(1) = 0		P(2) = 0.01493520317325679	
	P(3) = 2.489224299954962e-06		P(4) = 0.03094947953681581		P(5) = 0.09730047105943641	
	P(6) = 0.099		P(7) = 0		P(8) = 0	
	P(9) = 0		P(10) = 0.09899886031603466		P(11) = 0	
	P(12) = 0		P(13) = 0		P(14) = 0	
	P(15) = 0		P(16) = 0		P(17) = 0	
	P(18) = 0		P(19) = 0		P(20) = 0	
	P(21) = 5.575724831147211e-06		P(22) = 0.09780660142276079		P(23) = 0.05206845377276274	
	P(24) = 0		P(25) = 0		P(26) = 0	
	P(27) = 0.001485842750291913		P(28) = 0.03750092018876167		P(29) = 0.099	
	P(30) = 0.02246026670215507		P(31) = 0.099		P(32) = 0	
	P(33) = 0		P(34) = 0.005725111077256775		P(35) = 1.199277199749604e-06	
	P(36) = 0.08744244893721595		P(37) = 0.09087041596621774		P(38) = 0.052721089809427	
	P(39) = 0		P(40) = 0		P(41) = 1.849052492619574e-06	
	P(42) = 0		P(43) = 7.267266221716584e-06		P(44) = 0.08913734438373602	
	P(45) = 0.09824067488403068		P(46) = 0		P(47) = 0	
	P(48) = 3.482133226970219e-07		P(49) = 0		P(50) = 0	
	P(51) = 0		P(52) = 0.099		P(53) = 2.3651635326985e-06	
	P(54) = 0.01925087755530634		P(55) = 0.099		P(56) = 0	
	P(57) = 1.669322540788498e-06		P(58) = 0.09776574399175691		P(59) = 0.02878650028960248	
	P(60) = 0.099		P(61) = 0		P(62) = 0.099	
	P(63) = 1.303329086869975e-06	
================================================================================

================================================================================

NUMBER OF ITERATIONS: 9

NUMBER OF OBJECTIVE FUNCTION EVALUATIONS: 550

OBJECTIVE FUNCTION VALUE:
	F = 26.41356135858617

LAGRANGIAN MULTIPLIERS VALUES:

PENALTY FACTOR:

BEST POSITION:
	P(0) = 0.04436774915146913		P(1) = 0.000485848205456392		P(2) = 0.03707853560439553	
	P(3) = 0		P(4) = 0.04353802891571228		P(5) = 0.0510513777538208	
	P(6) = 0.099		P(7) = 0		P(8) = 0	
	P(9) = 0.00584108612398887		P(10) = 0.099		P(11) = 0	
	P(12) = 0		P(13) = 0		P(14) = 0.008409657264420244	
	P(15) = 0		P(16) = 0		P(17) = 0	
	P(18) = 0		P(19) = 0		P(20) = 0	
	P(21) = 0		P(22) = 0.099		P(23) = 0.0848892382563519	
	P(24) = 0		P(25) = 0		P(26) = 0.0001313163160099259	
	P(27) = 0		P(28) = 0.01535108545830844		P(29) = 0.08795248074419831	
	P(30) = 0.02909632420887059		P(31) = 0.099		P(32) = 0	
	P(33) = 0		P(34) = 0.01318755093334512		P(35) = 0.000227281816407944	
	P(36) = 0.09377816620708115		P(37) = 0.08228743572006347		P(38) = 0.05601803063629265	
	P(39) = 0.009282299841471352		P(40) = 0		P(41) = 0.002546862437254091	
	P(42) = 0		P(43) = 0		P(44) = 0.08690976511407622	
	P(45) = 0.09788403988187137		P(46) = 0.002750111045075464		P(47) = 0	
	P(48) = 0		P(49) = 0		P(50) = 0.0006244945347593372	
	P(51) = 0		P(52) = 0.099		P(53) = 0.009889915862881488	
	P(54) = 0.03207934383766843		P(55) = 0.099		P(56) = 0.00613278291873158	
	P(57) = 0.002999459837660867		P(58) = 0.099		P(59) = 0.02865498660120166	
	P(60) = 0.099		P(61) = 0		P(62) = 0.099	
	P(63) = 0	
================================================================================

================================================================================

NUMBER OF ITERATIONS: 10

NUMBER OF OBJECTIVE FUNCTION EVALUATIONS: 610

OBJECTIVE FUNCTION VALUE:
	F = 25.33362986418398

LAGRANGIAN MULTIPLIERS VALUES:

PENALTY FACTOR:

BEST POSITION:
	P(0) = 0.099		P(1) = 0		P(2) = 0.0131539944174559	
	P(3) = 0		P(4) = 0.05400086418365629		P(5) = 0.009825912980147976	
	P(6) = 0.099		P(7) = 0		P(8) = 0	
	P(9) = 0.01042613007469954		P(10) = 0.099		P(11) = 0	
	P(12) = 0		P(13) = 0		P(14) = 0.003296406928591004	
	P(15) = 0		P(16) = 0		P(17) = 0	
	P(18) = 0		P(19) = 0		P(20) = 0	
	P(21) = 0		P(22) = 0.099		P(23) = 0.099	
	P(24) = 0		P(25) = 0		P(26) = 0	
	P(27) = 0		P(28) = 0.01131031203200553		P(29) = 0.06678255489746066	
	P(30) = 0.0009375493199741611		P(31) = 0.099		P(32) = 0	
	P(33) = 0		P(34) = 0.006442827157774375		P(35) = 3.354373804235339e-05	
	P(36) = 0.099		P(37) = 0.07723423297189991		P(38) = 0.04522044131260108	
	P(39) = 0		P(40) = 0		P(41) = 0.0002402118537764703	
	P(42) = 0		P(43) = 0		P(44) = 0.09014480105199354	
	P(45) = 0.099		P(46) = 0		P(47) = 0	
	P(48) = 0		P(49) = 0		P(50) = 0	
	P(51) = 0		P(52) = 0.099		P(53) = 0.01730657571889584	
	P(54) = 0.06665391286237621		P(55) = 0.09887744332343315		P(56) = 0	
	P(57) = 0		P(58) = 0.099		P(59) = 0.02103846230219177	
	P(60) = 0.099		P(61) = 0		P(62) = 0.099	
	P(63) = 0	
================================================================================

================================================================================

NUMBER OF ITERATIONS: 11

NUMBER OF OBJECTIVE FUNCTION EVALUATIONS: 670

OBJECTIVE FUNCTION VALUE:
	F = 24.84471427533058

LAGRANGIAN MULTIPLIERS VALUES:

PENALTY FACTOR:

BEST POSITION:
	P(0) = 0.08942100323778526		P(1) = 0		P(2) = 0.01305823611557852	
	P(3) = 0		P(4) = 0.04996399889009955		P(5) = 0.009656902135524656	
	P(6) = 0.099		P(7) = 0		P(8) = 0	
	P(9) = 0.002284280502879141		P(10) = 0.099		P(11) = 0	
	P(12) = 0		P(13) = 0		P(14) = 0.005669337086144283	
	P(15) = 0		P(16) = 0		P(17) = 0	
	P(18) = 0		P(19) = 0		P(20) = 0	
	P(21) = 0		P(22) = 0.099		P(23) = 0.09643556383206783	
	P(24) = 0		P(25) = 0		P(26) = 0	
	P(27) = 0		P(28) = 0.009684697239103465		P(29) = 0.08428100913823949	
	P(30) = 0		P(31) = 0.099		P(32) = 0	
	P(33) = 0		P(34) = 0		P(35) = 0	
	P(36) = 0.099		P(37) = 0.08558515517056153		P(38) = 0.03815863505136348	
	P(39) = 0		P(40) = 0		P(41) = 0	
	P(42) = 0		P(43) = 0		P(44) = 0.0977086271956919	
	P(45) = 0.099		P(46) = 0		P(47) = 0	
	P(48) = 0		P(49) = 0		P(50) = 0	
	P(51) = 0		P(52) = 0.099		P(53) = 0.03219206826301459	
	P(54) = 0.09311379824013498		P(55) = 0.099		P(56) = 0	
	P(57) = 0		P(58) = 0.099		P(59) = 0.02117762892929369	
	P(60) = 0.099		P(61) = 0		P(62) = 0.099	
	P(63) = 0	
================================================================================

================================================================================

NUMBER OF ITERATIONS: 12

NUMBER OF OBJECTIVE FUNCTION EVALUATIONS: 730

OBJECTIVE FUNCTION VALUE:
	F = 23.36415518266916

LAGRANGIAN MULTIPLIERS VALUES:

PENALTY FACTOR:

BEST POSITION:
	P(0) = 0.09893225241461159		P(1) = 0		P(2) = 0.001985295707704123	
	P(3) = 0		P(4) = 0.099		P(5) = 0.004526404638481411	
	P(6) = 0.099		P(7) = 0		P(8) = 0	
	P(9) = 0		P(10) = 0.099		P(11) = 0	
	P(12) = 0		P(13) = 0		P(14) = 0.008853348523649773	
	P(15) = 0		P(16) = 0		P(17) = 0	
	P(18) = 0		P(19) = 0		P(20) = 0	
	P(21) = 0		P(22) = 0.099		P(23) = 0.099	
	P(24) = 0		P(25) = 0		P(26) = 0	
	P(27) = 0.0004807033043835521		P(28) = 0		P(29) = 0.06872121789568698	
	P(30) = 0		P(31) = 0.099		P(32) = 0	
	P(33) = 0		P(34) = 0		P(35) = 0	
	P(36) = 0.099		P(37) = 0.099		P(38) = 0.01859134710988206	
	P(39) = 0		P(40) = 0		P(41) = 0	
	P(42) = 0		P(43) = 0		P(44) = 0.099	
	P(45) = 0.099		P(46) = 0		P(47) = 0	
	P(48) = 0		P(49) = 0		P(50) = 0	
	P(51) = 0		P(52) = 0.099		P(53) = 0.099	
	P(54) = 0.07000095163171155		P(55) = 0.09869875261245287		P(56) = 0	
	P(57) = 0		P(58) = 0.099		P(59) = 0.02365946788237657	
	P(60) = 0.099		P(61) = 0		P(62) = 0.099	
	P(63) = 0	
================================================================================

================================================================================

NUMBER OF ITERATIONS: 13

NUMBER OF OBJECTIVE FUNCTION EVALUATIONS: 790

OBJECTIVE FUNCTION VALUE:
	F = 23.12822261299787

LAGRANGIAN MULTIPLIERS VALUES:

PENALTY FACTOR:

BEST POSITION:
	P(0) = 0.099		P(1) = 0		P(2) = 0.01198627585004225	
	P(3) = 0		P(4) = 0.06336324245786693		P(5) = 0.005302540678057223	
	P(6) = 0.099		P(7) = 0		P(8) = 0	
	P(9) = 0.0002026094139893561		P(10) = 0.099		P(11) = 0.000174859752931647	
	P(12) = 0		P(13) = 0		P(14) = 0.004864341392670432	
	P(15) = 0		P(16) = 1.514088169472794e-06		P(17) = 0	
	P(18) = 0		P(19) = 0		P(20) = 0	
	P(21) = 0		P(22) = 0.099		P(23) = 0.099	
	P(24) = 0		P(25) = 0		P(26) = 0	
	P(27) = 0		P(28) = 0		P(29) = 0.05138111836860229	
	P(30) = 0		P(31) = 0.099		P(32) = 0	
	P(33) = 0		P(34) = 0.003673763590464445		P(35) = 0	
	P(36) = 0.099		P(37) = 0.07166429365912205		P(38) = 0.03252096080128315	
	P(39) = 0		P(40) = 0		P(41) = 0	
	P(42) = 0		P(43) = 0		P(44) = 0.099	
	P(45) = 0.099		P(46) = 0		P(47) = 0	
	P(48) = 0		P(49) = 0		P(50) = 0	
	P(51) = 0		P(52) = 0.099		P(53) = 0.099	
	P(54) = 0.0717659031638887		P(55) = 0.099		P(56) = 0	
	P(57) = 0		P(58) = 0.099		P(59) = 0.02580445970901988	
	P(60) = 0.099		P(61) = 0		P(62) = 0.099	
	P(63) = 0	
================================================================================

================================================================================

NUMBER OF ITERATIONS: 14

NUMBER OF OBJECTIVE FUNCTION EVALUATIONS: 850

OBJECTIVE FUNCTION VALUE:
	F = 23.02747015760943

LAGRANGIAN MULTIPLIERS VALUES:

PENALTY FACTOR:

BEST POSITION:
	P(0) = 0.099		P(1) = 0		P(2) = 0.01189451417743338	
	P(3) = 0		P(4) = 0.05148693884669861		P(5) = 0.005885828793761518	
	P(6) = 0.099		P(7) = 0.002780745129035679		P(8) = 0	
	P(9) = 0		P(10) = 0.099		P(11) = 0.0001600613890897704	
	P(12) = 0		P(13) = 0		P(14) = 0.009646714483704563	
	P(15) = 0		P(16) = 0		P(17) = 0	
	P(18) = 0		P(19) = 0		P(20) = 0	
	P(21) = 0		P(22) = 0.0905354911341812		P(23) = 0.099	
	P(24) = 0		P(25) = 0		P(26) = 0	
	P(27) = 0		P(28) = 0		P(29) = 0.0488843232099846	
	P(30) = 0		P(31) = 0.099		P(32) = 0	
	P(33) = 0		P(34) = 0.003798942170841139		P(35) = 0	
	P(36) = 0.099		P(37) = 0.06769371546534694		P(38) = 0.04260780475857821	
	P(39) = 0		P(40) = 0		P(41) = 0	
	P(42) = 0		P(43) = 0		P(44) = 0.099	
	P(45) = 0.099		P(46) = 0		P(47) = 0	
	P(48) = 0		P(49) = 0		P(50) = 0	
	P(51) = 0		P(52) = 0.099		P(53) = 0.099	
	P(54) = 0.08034661376560318		P(55) = 0.099		P(56) = 0	
	P(57) = 0		P(58) = 0.099		P(59) = 0.01786270459653683	
	P(60) = 0.099		P(61) = 0		P(62) = 0.099	
	P(63) = 0	
================================================================================

================================================================================

NUMBER OF ITERATIONS: 15

NUMBER OF OBJECTIVE FUNCTION EVALUATIONS: 910

OBJECTIVE FUNCTION VALUE:
	F = 22.90224369984134

LAGRANGIAN MULTIPLIERS VALUES:

PENALTY FACTOR:

BEST POSITION:
	P(0) = 0.099		P(1) = 0		P(2) = 0.02104695108337314	
	P(3) = 0		P(4) = 0.05740924765060283		P(5) = 0.004632044163193627	
	P(6) = 0.099		P(7) = 0		P(8) = 0	
	P(9) = 0		P(10) = 0.099		P(11) = 0	
	P(12) = 0		P(13) = 0		P(14) = 0.01212725660257929	
	P(15) = 0		P(16) = 0		P(17) = 0	
	P(18) = 0		P(19) = 0		P(20) = 0	
	P(21) = 0		P(22) = 0.08028877146013844		P(23) = 0.099	
	P(24) = 0		P(25) = 0		P(26) = 0	
	P(27) = 0		P(28) = 0		P(29) = 0.03847803883653758	
	P(30) = 0		P(31) = 0.099		P(32) = 0	
	P(33) = 0		P(34) = 0.001351240887178619		P(35) = 0	
	P(36) = 0.099		P(37) = 0.06572841854484178		P(38) = 0.0430907849752491	
	P(39) = 0		P(40) = 0		P(41) = 0	
	P(42) = 0		P(43) = 0		P(44) = 0.099	
	P(45) = 0.099		P(46) = 0		P(47) = 0	
	P(48) = 0		P(49) = 0		P(50) = 0	
	P(51) = 0		P(52) = 0.099		P(53) = 0.099	
	P(54) = 0.0913434180772261		P(55) = 0.099		P(56) = 0	
	P(57) = 0		P(58) = 0.099		P(59) = 0.01688446025979054	
	P(60) = 0.099		P(61) = 0		P(62) = 0.099	
	P(63) = 0	
================================================================================

================================================================================

NUMBER OF ITERATIONS: 16

NUMBER OF OBJECTIVE FUNCTION EVALUATIONS: 970

OBJECTIVE FUNCTION VALUE:
	F = 22.83141698073053

LAGRANGIAN MULTIPLIERS VALUES:

PENALTY FACTOR:

BEST POSITION:
	P(0) = 0.099		P(1) = 0		P(2) = 0.0293815774352055	
	P(3) = 0		P(4) = 0.06392098180110661		P(5) = 0.002169965777140861	
	P(6) = 0.099		P(7) = 0.0001220921612350712		P(8) = 0.004423081565894917	
	P(9) = 0		P(10) = 0.099		P(11) = 0	
	P(12) = 0		P(13) = 0		P(14) = 0.0123665096496934	
	P(15) = 0		P(16) = 0		P(17) = 0	
	P(18) = 0		P(19) = 0		P(20) = 0	
	P(21) = 0		P(22) = 0.07330199993325653		P(23) = 0.099	
	P(24) = 0		P(25) = 0		P(26) = 0	
	P(27) = 0		P(28) = 0		P(29) = 0.02625639043649214	
	P(30) = 0		P(31) = 0.09647823973519587		P(32) = 0	
	P(33) = 0.0002350035429369776		P(34) = 0.0001524827823483205		P(35) = 0	
	P(36) = 0.099		P(37) = 0.03318280317534671		P(38) = 0.05000978892932496	
	P(39) = 0		P(40) = 0		P(41) = 0	
	P(42) = 0.00311295818738494		P(43) = 0		P(44) = 0.099	
	P(45) = 0.099		P(46) = 0		P(47) = 0	
	P(48) = 0		P(49) = 0		P(50) = 0	
	P(51) = 0		P(52) = 0.099		P(53) = 0.099	
	P(54) = 0.0986586392987108		P(55) = 0.099		P(56) = 0	
	P(57) = 0		P(58) = 0.099		P(59) = 0.01407487131466483	
	P(60) = 0.099		P(61) = 0		P(62) = 0.099	
	P(63) = 0	
================================================================================

================================================================================

NUMBER OF ITERATIONS: 17

NUMBER OF OBJECTIVE FUNCTION EVALUATIONS: 1030

OBJECTIVE FUNCTION VALUE:
	F = 22.60456000965235

LAGRANGIAN MULTIPLIERS VALUES:

PENALTY FACTOR:

BEST POSITION:
	P(0) = 0.09518994625766271		P(1) = 0		P(2) = 0.03091787979612839	
	P(3) = 0		P(4) = 0.06448045611398583		P(5) = 0.008170681378892777	
	P(6) = 0.099		P(7) = 0		P(8) = 0.01383208127379788	
	P(9) = 0		P(10) = 0.09234455633659061		P(11) = 0	
	P(12) = 0		P(13) = 0		P(14) = 0.01247185942555253	
	P(15) = 0		P(16) = 0		P(17) = 0	
	P(18) = 0		P(19) = 0		P(20) = 0	
	P(21) = 0		P(22) = 0.06200684472437459		P(23) = 0.099	
	P(24) = 0		P(25) = 0		P(26) = 0	
	P(27) = 0		P(28) = 0		P(29) = 0.002601173998906615	
	P(30) = 0		P(31) = 0.099		P(32) = 0	
	P(33) = 0		P(34) = 0		P(35) = 0	
	P(36) = 0.099		P(37) = 0.04840861542338754		P(38) = 0.03272741044384719	
	P(39) = 0.002712795669777966		P(40) = 0		P(41) = 0	
	P(42) = 0		P(43) = 0		P(44) = 0.099	
	P(45) = 0.099		P(46) = 0		P(47) = 0.0009748441279155903	
	P(48) = 0		P(49) = 0		P(50) = 0	
	P(51) = 0		P(52) = 0.099		P(53) = 0.099	
	P(54) = 0.09364051206911669		P(55) = 0.099		P(56) = 0	
	P(57) = 0		P(58) = 0.0962219437068471		P(59) = 0.01291498310410633	
	P(60) = 0.099		P(61) = 0		P(62) = 0.099	
	P(63) = 0.01254408873451174	
================================================================================
