                                     ======================
                                        ALPSO 1.1 (Serial)
                                     ======================

Parameters:
-------------------------------------------------------------------------------------------------
Swarmsize           :       10    MaxOuterIters     :      200    Seed:       1519680791.00338101
Cognitive Parameter :    2.000    MaxInnerIters     :        6    Scaling            :          1
Social Parameter    :    1.000    MinInnerIters     :        6    Stopping Criteria  :          1
Initial Weight      :    0.990    DynInnerIters     :        0    Number of Failures :         15
Final Weight        :    0.550    StoppingIters     :        5    Number of Successes:          5

Absolute Tolerance  : 1.00e-02    Number Initial Pos:        0    Neighbourhood Model:      gbest
Relative Tolerance  : 1.00e-02    Initial Velocity  :        1    Neighbourhood Size :         40
Inequality Tolerance: 1.00e-03    Maximum Velocity  :        2    Selfless           :          1
Equality Tolerance  : 1.00e-03    Craziness Velocity: 1.00e-04    Fileout            :          1
Global Distance     : 1.00e-01    Initial Penalty   :     1.00    File Name          :  ALPSO.out
-------------------------------------------------------------------------------------------------


================================================================================

NUMBER OF ITERATIONS: 1

NUMBER OF OBJECTIVE FUNCTION EVALUATIONS: 70

OBJECTIVE FUNCTION VALUE:
	F = 36.83956321278202

LAGRANGIAN MULTIPLIERS VALUES:

PENALTY FACTOR:

BEST POSITION:
	P(0) = 0.03897846198425367		P(1) = 0.06910788459782212		P(2) = 0	
	P(3) = 0.099		P(4) = 0.02196868687144093		P(5) = 0	
	P(6) = 0.003326208324363318		P(7) = 0.03731278726880394		P(8) = 0.03871648528983081	
	P(9) = 0		P(10) = 0.03628275336341989		P(11) = 0.08943795156530399	
	P(12) = 0.05174022847509603		P(13) = 0.08466847914837015		P(14) = 0.099	
	P(15) = 0.099		P(16) = 0.099		P(17) = 0.099	
	P(18) = 0.04133004501067834		P(19) = 0.099		P(20) = 0.07467089644239665	
	P(21) = 0		P(22) = 0		P(23) = 0.02248896361772595	
	P(24) = 0.06894236154558134		P(25) = 0.0144637670310822		P(26) = 0.07624342459583129	
	P(27) = 0.01115571525753508		P(28) = 0.01083380832267009		P(29) = 0.099	
	P(30) = 0.099		P(31) = 0.05411758513799716		P(32) = 0.08719469907564872	
	P(33) = 0		P(34) = 0.03947493325168999		P(35) = 0.008891063690377399	
	P(36) = 0.01407989220612597		P(37) = 0.02904794168182034		P(38) = 0.05845381312381091	
	P(39) = 0.06037448473261267		P(40) = 0.05696409192878417		P(41) = 0.009390656501219903	
	P(42) = 0.08182148650798908		P(43) = 0.01086443711011959		P(44) = 0.01661551902882905	
	P(45) = 0.05268828113304218		P(46) = 0.01588143172934058		P(47) = 0.099	
	P(48) = 0.080077156060141		P(49) = 0		P(50) = 0.04196310032162042	
	P(51) = 0.02921807772967559		P(52) = 0.08296245812131342		P(53) = 0.001565399139202131	
	P(54) = 0.08907215555528314		P(55) = 0.07263332993612628		P(56) = 0.07639634484754954	
	P(57) = 0.08325553949114399		P(58) = 0.02883995901598082		P(59) = 0	
	P(60) = 0.07687793289420478		P(61) = 0		P(62) = 0.09763699194667574	
	P(63) = 0.02081416133890716	
================================================================================

================================================================================

NUMBER OF ITERATIONS: 2

NUMBER OF OBJECTIVE FUNCTION EVALUATIONS: 130

OBJECTIVE FUNCTION VALUE:
	F = 35.52852134501206

LAGRANGIAN MULTIPLIERS VALUES:

PENALTY FACTOR:

BEST POSITION:
	P(0) = 0.04614299552776627		P(1) = 0.06690477358449599		P(2) = 0.006168692440060408	
	P(3) = 0.099		P(4) = 0.02140474197931587		P(5) = 0.03337425166416058	
	P(6) = 0.002132832422811898		P(7) = 0.0309440626624264		P(8) = 0.02772865298393283	
	P(9) = 0.01422751323504486		P(10) = 0.03234579764339951		P(11) = 0.07390489702584409	
	P(12) = 0.04634796055245274		P(13) = 0.04482088456315625		P(14) = 0.099	
	P(15) = 0.0978882483262182		P(16) = 0.099		P(17) = 0.099	
	P(18) = 0.04318248880412064		P(19) = 0.099		P(20) = 0.06023519875020013	
	P(21) = 0.004353976361839644		P(22) = 0		P(23) = 0.02975810595128006	
	P(24) = 0.09209632202911769		P(25) = 0.01643851987365851		P(26) = 0.07788717895123759	
	P(27) = 0.003751256251608458		P(28) = 0.02586395997042085		P(29) = 0.099	
	P(30) = 0.099		P(31) = 0.0477295374804195		P(32) = 0.07583189378313374	
	P(33) = 0.001676550456528696		P(34) = 0.03983346933840673		P(35) = 0.01962094481090794	
	P(36) = 0.02789896019626512		P(37) = 0.0510556202817762		P(38) = 0.06337218034663827	
	P(39) = 0.05982914484042343		P(40) = 0.05925289725104091		P(41) = 0	
	P(42) = 0.09034600402763582		P(43) = 0.02165058918215125		P(44) = 0.01138158145427889	
	P(45) = 0.05075598842551317		P(46) = 0		P(47) = 0.099	
	P(48) = 0.07437311842491441		P(49) = 0		P(50) = 0.02483487516228329	
	P(51) = 0.03144948249113431		P(52) = 0.0839934811120705		P(53) = 0.05903125772641742	
	P(54) = 0.09674676956771791		P(55) = 0.0657903989714574		P(56) = 0.07668676792985515	
	P(57) = 0.08384642168889636		P(58) = 0.005633351021275448		P(59) = 0	
	P(60) = 0.06897720606835984		P(61) = 0.003194653656363365		P(62) = 0.0779198794857159	
	P(63) = 0.02969003556530686	
================================================================================

================================================================================

NUMBER OF ITERATIONS: 3

NUMBER OF OBJECTIVE FUNCTION EVALUATIONS: 190

OBJECTIVE FUNCTION VALUE:
	F = 37.23006255245219

LAGRANGIAN MULTIPLIERS VALUES:

PENALTY FACTOR:

BEST POSITION:
	P(0) = 0.0572113003281041		P(1) = 0.07347893896912053		P(2) = 0	
	P(3) = 0.099		P(4) = 0.01756088395311245		P(5) = 0	
	P(6) = 0		P(7) = 0.02847823141019771		P(8) = 0.003037022117953155	
	P(9) = 0.01284672851092485		P(10) = 0.0271910601795412		P(11) = 0.06703745514510201	
	P(12) = 0.06420364158003392		P(13) = 0.06731750485180946		P(14) = 0.099	
	P(15) = 0.09278168069723763		P(16) = 0.09077311259509971		P(17) = 0.099	
	P(18) = 0.05286438576594603		P(19) = 0.099		P(20) = 0.05165036090027999	
	P(21) = 0.001803606653533074		P(22) = 0.001923255187973955		P(23) = 0.03138968185321084	
	P(24) = 0.09331693322123125		P(25) = 0.0224370254473848		P(26) = 0.0690842630581304	
	P(27) = 0.002951725676438123		P(28) = 0.03122706480796776		P(29) = 0.099	
	P(30) = 0.09844992336731356		P(31) = 0.02774962462408518		P(32) = 0.06005576376432612	
	P(33) = 0.002368863544181546		P(34) = 0.04346004579922406		P(35) = 0.01860303296491696	
	P(36) = 0.03452836421328399		P(37) = 0.05135352218661048		P(38) = 0.06425860029672642	
	P(39) = 0.05867038650767717		P(40) = 0.06655811547117915		P(41) = 0	
	P(42) = 0.09714095523319852		P(43) = 0.009565234732109226		P(44) = 0.004777693090815237	
	P(45) = 0.04777612129276987		P(46) = 0.01254881305595015		P(47) = 0.099	
	P(48) = 0.07067072155379873		P(49) = 0.001237635986668983		P(50) = 0.03378316527965025	
	P(51) = 0.03755402998333013		P(52) = 0.08725309921418416		P(53) = 0.02180498340066285	
	P(54) = 0.09678188950476704		P(55) = 0.06068860691138001		P(56) = 0.08655065356017866	
	P(57) = 0.0824349353860625		P(58) = 0.006175683927370487		P(59) = 0	
	P(60) = 0.05337637433496584		P(61) = 0		P(62) = 0.08421684358924465	
	P(63) = 0.03572737634236429	
================================================================================

================================================================================

NUMBER OF ITERATIONS: 4

NUMBER OF OBJECTIVE FUNCTION EVALUATIONS: 250

OBJECTIVE FUNCTION VALUE:
	F = 36.25438659733776

LAGRANGIAN MULTIPLIERS VALUES:

PENALTY FACTOR:

BEST POSITION:
	P(0) = 0.06168272606997285		P(1) = 0.07951691464200467		P(2) = 0.003044136622508152	
	P(3) = 0.09899526562721118		P(4) = 0.02073177632937978		P(5) = 0.03345100030812768	
	P(6) = 0.001965321659179176		P(7) = 0.019677382762898		P(8) = 0.01271324795128227	
	P(9) = 0.0150822097126675		P(10) = 0.03610263107190592		P(11) = 0.07423982493390749	
	P(12) = 0.03927569947479852		P(13) = 0.05908072477314086		P(14) = 0.099	
	P(15) = 0.09283932621427388		P(16) = 0.06123329826726596		P(17) = 0.099	
	P(18) = 0.04673528129796312		P(19) = 0.09846382591219603		P(20) = 0.03959381140936941	
	P(21) = 0.006691358711859448		P(22) = 0.0002318615028966062		P(23) = 0.03669264760947658	
	P(24) = 0.08562416119900118		P(25) = 0.02072032514251883		P(26) = 0.05362649880043807	
	P(27) = 0.002472496980308693		P(28) = 0.03046619781118885		P(29) = 0.099	
	P(30) = 0.09899626447975778		P(31) = 0.03181709097035976		P(32) = 0.05262934084749967	
	P(33) = 0.003006481269003256		P(34) = 0.04597004999132762		P(35) = 0.01635701552076855	
	P(36) = 0.04002087617319153		P(37) = 0.07578528588417222		P(38) = 0.06015530132668827	
	P(39) = 0.05974899829732824		P(40) = 0.06681737641030862		P(41) = 0.000133490869535749	
	P(42) = 0.08717261319921253		P(43) = 0.01625107696991553		P(44) = 0.002587817276324185	
	P(45) = 0.04670903633915174		P(46) = 0.01403703578224939		P(47) = 0.0989998383862381	
	P(48) = 0.07510733173617641		P(49) = 0		P(50) = 0.01764968690225899	
	P(51) = 0		P(52) = 0.08409025999826843		P(53) = 0.07166270813064121	
	P(54) = 0.09825344368524959		P(55) = 0.06812849092353823		P(56) = 0.0844582497995103	
	P(57) = 0.07846740889124933		P(58) = 0.0008659579267126863		P(59) = 0.01108883903795282	
	P(60) = 0.05293535790469185		P(61) = 0.0002366302570791165		P(62) = 0.08109740725316159	
	P(63) = 0.03758622425241984	
================================================================================

================================================================================

NUMBER OF ITERATIONS: 5

NUMBER OF OBJECTIVE FUNCTION EVALUATIONS: 310

OBJECTIVE FUNCTION VALUE:
	F = 35.18435903936638

LAGRANGIAN MULTIPLIERS VALUES:

PENALTY FACTOR:

BEST POSITION:
	P(0) = 0.06186004151858616		P(1) = 0.08163036995609912		P(2) = 0.002273640914686563	
	P(3) = 0.099		P(4) = 0.02097854355929936		P(5) = 0.04229981963668192	
	P(6) = 0.0006327638097253369		P(7) = 0.02103522003336692		P(8) = 0.004190844032342052	
	P(9) = 0.01087195949216922		P(10) = 0.04129354812842252		P(11) = 0.06414575995011543	
	P(12) = 0.04520859289552492		P(13) = 0.06262389328382621		P(14) = 0.099	
	P(15) = 0.09004827316753343		P(16) = 0.06336061214444778		P(17) = 0.099	
	P(18) = 0.04832198788839705		P(19) = 0.09840772104809092		P(20) = 0.04060186818044052	
	P(21) = 0.006560791891531831		P(22) = 0.0001286230247675296		P(23) = 0.03612304373402861	
	P(24) = 0.0856028677473086		P(25) = 0.02051758574617154		P(26) = 0.05746282002066539	
	P(27) = 0.0006762988731813663		P(28) = 0.02807821766931667		P(29) = 0.099	
	P(30) = 0.099		P(31) = 0.03197435112254562		P(32) = 0.04760624820846267	
	P(33) = 0.003621441286416949		P(34) = 0.0448373820937072		P(35) = 0.01652765261183337	
	P(36) = 0.03439551655195356		P(37) = 0.0750055952029262		P(38) = 0.05504130731722004	
	P(39) = 0.05671899147846486		P(40) = 0.06714786487746188		P(41) = 0.0003198659113397076	
	P(42) = 0.09020546874065313		P(43) = 0.0168529157937647		P(44) = 0.002111824385081479	
	P(45) = 0.03797761707801124		P(46) = 0.01662493492945152		P(47) = 0.099	
	P(48) = 0.07983693063569786		P(49) = 0		P(50) = 0	
	P(51) = 0		P(52) = 0.08478625910610676		P(53) = 0.09123962125755497	
	P(54) = 0.09837284962080547		P(55) = 0.07834540347345656		P(56) = 0.080776000114001	
	P(57) = 0.08074380817773985		P(58) = 0		P(59) = 0.0101489081835124	
	P(60) = 0.04966702687844958		P(61) = 4.110362998664685e-05		P(62) = 0.08219659871042753	
	P(63) = 0.04564308105051911	
================================================================================

================================================================================

NUMBER OF ITERATIONS: 6

NUMBER OF OBJECTIVE FUNCTION EVALUATIONS: 370

OBJECTIVE FUNCTION VALUE:
	F = 35.78979298103866

LAGRANGIAN MULTIPLIERS VALUES:

PENALTY FACTOR:

BEST POSITION:
	P(0) = 0.06091648101220382		P(1) = 0.07635503020131262		P(2) = 0.004523149696119867	
	P(3) = 0.099		P(4) = 0.0341633877167089		P(5) = 0.0295681609022293	
	P(6) = 0.01009486620820603		P(7) = 0.04910232632922348		P(8) = 0.00146570797748289	
	P(9) = 0.003769697187402041		P(10) = 0.08795455553525777		P(11) = 0.099	
	P(12) = 0.0565881840725899		P(13) = 0.05795239379566207		P(14) = 0.09899271542051491	
	P(15) = 0.06197573825467781		P(16) = 0.01951951369192846		P(17) = 0.099	
	P(18) = 0.04171148173541568		P(19) = 0.09690140825320059		P(20) = 0.02767748353268017	
	P(21) = 0.0321522199039246		P(22) = 0.02538668720073216		P(23) = 0.03945751125779583	
	P(24) = 0.09238986024862914		P(25) = 0.03613323717188431		P(26) = 0.07577600535603324	
	P(27) = 0.000614496751096559		P(28) = 0.02384781612837312		P(29) = 0.099	
	P(30) = 0.0857560850475961		P(31) = 0.0309787089716375		P(32) = 0.03926832011198104	
	P(33) = 0.05143085380054241		P(34) = 0.005036967281423513		P(35) = 0	
	P(36) = 0.04668085828465756		P(37) = 0.0892820160935235		P(38) = 0.05636699994250701	
	P(39) = 0.06401239795832638		P(40) = 0.08053331560803456		P(41) = 0.003474975650902101	
	P(42) = 0.09638434239350832		P(43) = 0.01705982389634454		P(44) = 0.0005194648940278282	
	P(45) = 0.05823200048791047		P(46) = 0.04050970724432414		P(47) = 0.09899902719483915	
	P(48) = 0.07502089938457589		P(49) = 0		P(50) = 0.03853164835659424	
	P(51) = 0.001867246385282219		P(52) = 0.07971947797290274		P(53) = 0.08621377679555778	
	P(54) = 0.09583626901600487		P(55) = 0.08257550572786687		P(56) = 0.07237724934956564	
	P(57) = 0.09536607071978231		P(58) = 0		P(59) = 0.0006502377590088884	
	P(60) = 0.08465548422244501		P(61) = 0		P(62) = 0.07018888780841095	
	P(63) = 0.09593687085636908	
================================================================================
