                                     ======================
                                        ALPSO 1.1 (Serial)
                                     ======================

Parameters:
-------------------------------------------------------------------------------------------------
Swarmsize           :       10    MaxOuterIters     :      200    Seed:       1518387523.84315991
Cognitive Parameter :    2.000    MaxInnerIters     :        6    Scaling            :          1
Social Parameter    :    1.000    MinInnerIters     :        6    Stopping Criteria  :          1
Initial Weight      :    0.990    DynInnerIters     :        0    Number of Failures :         15
Final Weight        :    0.550    StoppingIters     :        5    Number of Successes:          5

Absolute Tolerance  : 1.00e-02    Number Initial Pos:        0    Neighbourhood Model:      gbest
Relative Tolerance  : 1.00e-02    Initial Velocity  :        1    Neighbourhood Size :         40
Inequality Tolerance: 1.00e-03    Maximum Velocity  :        2    Selfless           :          1
Equality Tolerance  : 1.00e-03    Craziness Velocity: 1.00e-04    Fileout            :          1
Global Distance     : 1.00e-01    Initial Penalty   :     1.00    File Name          :  ALPSO.out
-------------------------------------------------------------------------------------------------


================================================================================

NUMBER OF ITERATIONS: 1

NUMBER OF OBJECTIVE FUNCTION EVALUATIONS: 70

OBJECTIVE FUNCTION VALUE:
	F = 57.86934324129936

LAGRANGIAN MULTIPLIERS VALUES:

PENALTY FACTOR:

BEST POSITION:
	P(0) = 0		P(1) = 0		P(2) = 0.01618899968679988	
	P(3) = 0.07266771015568758		P(4) = 0.03372677860926083		P(5) = 0	
	P(6) = 0.04350879157164957		P(7) = 0.08104260840495293		P(8) = 0.0310606048621985	
	P(9) = 0		P(10) = 0.09055222558755935		P(11) = 0.074906058975216	
	P(12) = 0.09431914731540511		P(13) = 0.05548685614239229		P(14) = 0.02468761482011048	
	P(15) = 0.099		P(16) = 0.01705749680264081		P(17) = 0	
	P(18) = 0.07297345514477099		P(19) = 0		P(20) = 0.06703396338046043	
	P(21) = 0		P(22) = 0.06178336553782025		P(23) = 0.03157503184955279	
	P(24) = 0.06970240924808986		P(25) = 0		P(26) = 0.06336866502794007	
	P(27) = 0.01776269485513368		P(28) = 0.02023565417109702		P(29) = 0	
	P(30) = 0.099		P(31) = 0		P(32) = 0.002944370706760215	
	P(33) = 0		P(34) = 0.08561178950448954		P(35) = 0	
	P(36) = 0.04177905856651693		P(37) = 0		P(38) = 0.05512700697535861	
	P(39) = 0.04380192785760076		P(40) = 0		P(41) = 0	
	P(42) = 0.099		P(43) = 0		P(44) = 0.01416015321762238	
	P(45) = 0.03625493291603904		P(46) = 0.07508997023488641		P(47) = 0.03313298223675119	
	P(48) = 0.099		P(49) = 0.01817209084412876		P(50) = 0.01748584574006995	
	P(51) = 0.03518713299992544		P(52) = 0.099		P(53) = 0	
	P(54) = 0.099		P(55) = 0.04182825150970018		P(56) = 0.01791120188789819	
	P(57) = 0		P(58) = 0.099		P(59) = 0.002927187891079486	
	P(60) = 0		P(61) = 0.02470911455377353		P(62) = 0.05031327291876295	
	P(63) = 0	
================================================================================

================================================================================

NUMBER OF ITERATIONS: 2

NUMBER OF OBJECTIVE FUNCTION EVALUATIONS: 130

OBJECTIVE FUNCTION VALUE:
	F = 50.63099793062249

LAGRANGIAN MULTIPLIERS VALUES:

PENALTY FACTOR:

BEST POSITION:
	P(0) = 0		P(1) = 0		P(2) = 0.05313821530359539	
	P(3) = 0.099		P(4) = 0.06153117088547914		P(5) = 0	
	P(6) = 0.04949170684934356		P(7) = 0.03736078078159393		P(8) = 0.02593152160639828	
	P(9) = 0.0006533536935793977		P(10) = 0.06054012563626304		P(11) = 0.09042020929983766	
	P(12) = 0.09129321776889629		P(13) = 0.08603915710184216		P(14) = 0.007719725037237994	
	P(15) = 0.099		P(16) = 0.01650830305652159		P(17) = 0	
	P(18) = 0.05858239075253949		P(19) = 0		P(20) = 0.06748660771295174	
	P(21) = 0		P(22) = 0.06317374154406676		P(23) = 0.06450241453489763	
	P(24) = 0.07266906626331286		P(25) = 0		P(26) = 0.04965490974945926	
	P(27) = 0		P(28) = 0.01147115894909852		P(29) = 0.005217971409307541	
	P(30) = 0.099		P(31) = 0.03040667711728823		P(32) = 0.0002471634211970858	
	P(33) = 0		P(34) = 0.08032217041625672		P(35) = 0	
	P(36) = 0.06017696909150533		P(37) = 0.003538339434694636		P(38) = 0.01756298967376357	
	P(39) = 0.099		P(40) = 0.004177648377409929		P(41) = 0	
	P(42) = 0.099		P(43) = 0		P(44) = 0.01161025927184348	
	P(45) = 0.0391167876790182		P(46) = 0.07038448549196463		P(47) = 0.02511386198975441	
	P(48) = 0.09851583838623526		P(49) = 0		P(50) = 0.008099112893329465	
	P(51) = 0		P(52) = 0.06362159968856713		P(53) = 0	
	P(54) = 0.099		P(55) = 0.006824328864522403		P(56) = 0.01351899089302094	
	P(57) = 0		P(58) = 0.099		P(59) = 0	
	P(60) = 0.004368005882688486		P(61) = 0.007251588562009581		P(62) = 0.02506586333379304	
	P(63) = 0.007085682789246511	
================================================================================

================================================================================

NUMBER OF ITERATIONS: 3

NUMBER OF OBJECTIVE FUNCTION EVALUATIONS: 190

OBJECTIVE FUNCTION VALUE:
	F = 42.57324616512734

LAGRANGIAN MULTIPLIERS VALUES:

PENALTY FACTOR:

BEST POSITION:
	P(0) = 0		P(1) = 0		P(2) = 0.003173578730611977	
	P(3) = 0.099		P(4) = 0.006285402865727686		P(5) = 0.006557941686654682	
	P(6) = 0.008019972511581784		P(7) = 0.03516375546999079		P(8) = 0.03138139641939525	
	P(9) = 0.007170042462363496		P(10) = 0.05385208590731739		P(11) = 0.09112307180094029	
	P(12) = 0.09602445618135677		P(13) = 0.08645171101980906		P(14) = 0.00873083888492459	
	P(15) = 0.099		P(16) = 0.0249137988131902		P(17) = 0	
	P(18) = 0.04823766511256668		P(19) = 0		P(20) = 0.06325099116034985	
	P(21) = 0		P(22) = 0.05049732165902725		P(23) = 0.07527998517761199	
	P(24) = 0.06694797800822018		P(25) = 0		P(26) = 0.05633910386708253	
	P(27) = 0		P(28) = 0.01018128087738577		P(29) = 0	
	P(30) = 0.099		P(31) = 0.03574316487957836		P(32) = 0	
	P(33) = 0		P(34) = 0.07583043746414903		P(35) = 0	
	P(36) = 0.04525177438620775		P(37) = 0.004466515072159429		P(38) = 0.03129869536316802	
	P(39) = 0.09827307229089086		P(40) = 0.002106537574381458		P(41) = 0	
	P(42) = 0.099		P(43) = 0		P(44) = 0.02065110073492449	
	P(45) = 0.03910351309039227		P(46) = 0.07504252591576568		P(47) = 0.09402736534622005	
	P(48) = 0.099		P(49) = 0		P(50) = 0.00346116237806831	
	P(51) = 0.005097148264136618		P(52) = 0.0499223018664312		P(53) = 0	
	P(54) = 0.099		P(55) = 0.01621719007293574		P(56) = 0.02523661689414065	
	P(57) = 0		P(58) = 0.099		P(59) = 0	
	P(60) = 0		P(61) = 0		P(62) = 0.03015892273476832	
	P(63) = 0	
================================================================================

================================================================================

NUMBER OF ITERATIONS: 4

NUMBER OF OBJECTIVE FUNCTION EVALUATIONS: 250

OBJECTIVE FUNCTION VALUE:
	F = 46.60185087565795

LAGRANGIAN MULTIPLIERS VALUES:

PENALTY FACTOR:

BEST POSITION:
	P(0) = 0		P(1) = 0		P(2) = 0	
	P(3) = 0.099		P(4) = 0.009530706093565017		P(5) = 0	
	P(6) = 0		P(7) = 0.01866731917080075		P(8) = 0.02438933829025788	
	P(9) = 0		P(10) = 0.01239460400225515		P(11) = 0.09088745197582873	
	P(12) = 0.09786304026985262		P(13) = 0.0508551148825639		P(14) = 0.0174045197094312	
	P(15) = 0.099		P(16) = 0.06369945070422883		P(17) = 0	
	P(18) = 0.05073050443401025		P(19) = 0		P(20) = 0.03551205164529443	
	P(21) = 0		P(22) = 0.057339902877398		P(23) = 0.04716540464165221	
	P(24) = 0.05321292563784747		P(25) = 0		P(26) = 0.05555686680868818	
	P(27) = 1.139754212425848e-06		P(28) = 0		P(29) = 0	
	P(30) = 0.099		P(31) = 0.03437638627038969		P(32) = 0	
	P(33) = 0		P(34) = 0.0966112387236466		P(35) = 0	
	P(36) = 0.04018222929160399		P(37) = 0.005072872428452786		P(38) = 0.04944843564537699	
	P(39) = 0.099		P(40) = 0.0003512544349751415		P(41) = 0	
	P(42) = 0.099		P(43) = 0		P(44) = 0.02178878303484258	
	P(45) = 0.04465231543627954		P(46) = 0.04792367326600022		P(47) = 0.08251220454189684	
	P(48) = 0.099		P(49) = 0.0007995288430430805		P(50) = 0.001683513263549964	
	P(51) = 0		P(52) = 0.01733489229803815		P(53) = 0.01053881146738824	
	P(54) = 0.099		P(55) = 0.02228962151230585		P(56) = 0.02270125790937291	
	P(57) = 0		P(58) = 0.099		P(59) = 0	
	P(60) = 0		P(61) = 0		P(62) = 0	
	P(63) = 0	
================================================================================

================================================================================

NUMBER OF ITERATIONS: 5

NUMBER OF OBJECTIVE FUNCTION EVALUATIONS: 310

OBJECTIVE FUNCTION VALUE:
	F = 35.5572151316825

LAGRANGIAN MULTIPLIERS VALUES:

PENALTY FACTOR:

BEST POSITION:
	P(0) = 0		P(1) = 0		P(2) = 0	
	P(3) = 0.09899381415025599		P(4) = 0		P(5) = 0	
	P(6) = 0		P(7) = 0		P(8) = 0.05283058764714459	
	P(9) = 0		P(10) = 0.005979743545450722		P(11) = 0.09247584360036418	
	P(12) = 0.099		P(13) = 0.009955179719480754		P(14) = 0.008648223749120616	
	P(15) = 0.099		P(16) = 0.04304722319265894		P(17) = 1.239107321970856e-06	
	P(18) = 0		P(19) = 9.083630496752038e-06		P(20) = 0.05420798317987249	
	P(21) = 4.100507123044883e-06		P(22) = 0.036086857063265		P(23) = 0.07557108067114762	
	P(24) = 0.01886973298465267		P(25) = 3.376242900442195e-06		P(26) = 0.05800129166472012	
	P(27) = 0		P(28) = 0		P(29) = 0	
	P(30) = 0.099		P(31) = 0.02423108377819611		P(32) = 0	
	P(33) = 0		P(34) = 0.08249190486895633		P(35) = 1.169886435670175e-06	
	P(36) = 0.06506998236556277		P(37) = 0.005198469151437797		P(38) = 0.05379828442511748	
	P(39) = 0.099		P(40) = 0		P(41) = 1.845963800435613e-06	
	P(42) = 0.099		P(43) = 0		P(44) = 0.02954901816089789	
	P(45) = 0.03704289329437017		P(46) = 0.02446362313312689		P(47) = 0.099	
	P(48) = 0.0989951746113174		P(49) = 0		P(50) = 0	
	P(51) = 0		P(52) = 0.099		P(53) = 0.004319847210573775	
	P(54) = 0.09899554715196632		P(55) = 0.009738655949221492		P(56) = 0.008437310744846133	
	P(57) = 1.939099761677499e-06		P(58) = 0.099		P(59) = 4.752584199345378e-06	
	P(60) = 0		P(61) = 0		P(62) = 0	
	P(63) = 9.868720742961523e-07	
================================================================================

================================================================================

NUMBER OF ITERATIONS: 6

NUMBER OF OBJECTIVE FUNCTION EVALUATIONS: 370

OBJECTIVE FUNCTION VALUE:
	F = 37.547879139995

LAGRANGIAN MULTIPLIERS VALUES:

PENALTY FACTOR:

BEST POSITION:
	P(0) = 0		P(1) = 0		P(2) = 0	
	P(3) = 0.05602989330472673		P(4) = 0		P(5) = 0	
	P(6) = 0		P(7) = 0		P(8) = 0.05007414025893007	
	P(9) = 0		P(10) = 0		P(11) = 0.09195324516984074	
	P(12) = 0.099		P(13) = 0		P(14) = 0	
	P(15) = 0.099		P(16) = 0.05133316174696517		P(17) = 0	
	P(18) = 0		P(19) = 0		P(20) = 0.02841805125360803	
	P(21) = 0		P(22) = 0.03730012102972061		P(23) = 0.04822986241584933	
	P(24) = 0.01916887203070665		P(25) = 0		P(26) = 0	
	P(27) = 0		P(28) = 0		P(29) = 0	
	P(30) = 0.099		P(31) = 0.06085692058446551		P(32) = 0	
	P(33) = 0		P(34) = 0.099		P(35) = 0	
	P(36) = 0.06715172328353038		P(37) = 0.001794720529603527		P(38) = 0.05240673615796923	
	P(39) = 0.09898768741547784		P(40) = 0		P(41) = 0	
	P(42) = 0.099		P(43) = 0		P(44) = 0.03672717581755797	
	P(45) = 0.03341906415160707		P(46) = 0		P(47) = 0.099	
	P(48) = 0.099		P(49) = 0		P(50) = 0	
	P(51) = 0		P(52) = 0.099		P(53) = 0.0002844305824323198	
	P(54) = 0.099		P(55) = 0		P(56) = 0.005298545985109829	
	P(57) = 0		P(58) = 0.099		P(59) = 0	
	P(60) = 0		P(61) = 0		P(62) = 0	
	P(63) = 0	
================================================================================

================================================================================

NUMBER OF ITERATIONS: 7

NUMBER OF OBJECTIVE FUNCTION EVALUATIONS: 430

OBJECTIVE FUNCTION VALUE:
	F = 36.24204270112777

LAGRANGIAN MULTIPLIERS VALUES:

PENALTY FACTOR:

BEST POSITION:
	P(0) = 0		P(1) = 0		P(2) = 0	
	P(3) = 0.04096521830421328		P(4) = 0.0008296856982048587		P(5) = 0	
	P(6) = 0		P(7) = 0		P(8) = 0.03119202580702521	
	P(9) = 0		P(10) = 0		P(11) = 0.09673890818877756	
	P(12) = 0.099		P(13) = 0		P(14) = 0	
	P(15) = 0.099		P(16) = 0.05603149911354501		P(17) = 0	
	P(18) = 0		P(19) = 0		P(20) = 0.0005501916385611122	
	P(21) = 0		P(22) = 0		P(23) = 0.04703432761918291	
	P(24) = 0.005711669063102949		P(25) = 0		P(26) = 0	
	P(27) = 0		P(28) = 0		P(29) = 0	
	P(30) = 0.099		P(31) = 0.04595065169057751		P(32) = 0	
	P(33) = 0		P(34) = 0.099		P(35) = 0	
	P(36) = 0.08270385450620764		P(37) = 0		P(38) = 0.07496979376020146	
	P(39) = 0.099		P(40) = 0		P(41) = 0	
	P(42) = 0.099		P(43) = 0		P(44) = 0.04437346281460866	
	P(45) = 0.0205162978187338		P(46) = 0		P(47) = 0.099	
	P(48) = 0.099		P(49) = 0		P(50) = 0	
	P(51) = 0		P(52) = 0.099		P(53) = 0.0002111765382105529	
	P(54) = 0.099		P(55) = 0		P(56) = 0.0004917101012964775	
	P(57) = 0		P(58) = 0.099		P(59) = 0	
	P(60) = 0		P(61) = 0		P(62) = 0	
	P(63) = 0	
================================================================================

================================================================================

NUMBER OF ITERATIONS: 8

NUMBER OF OBJECTIVE FUNCTION EVALUATIONS: 490

OBJECTIVE FUNCTION VALUE:
	F = 35.07175821028245

LAGRANGIAN MULTIPLIERS VALUES:

PENALTY FACTOR:

BEST POSITION:
	P(0) = 0		P(1) = 0		P(2) = 0	
	P(3) = 0		P(4) = 0.009470956515727144		P(5) = 0	
	P(6) = 0		P(7) = 0		P(8) = 0.005645553307660048	
	P(9) = 0		P(10) = 0		P(11) = 0.099	
	P(12) = 0.099		P(13) = 0		P(14) = 0	
	P(15) = 0.099		P(16) = 0.06930867126318292		P(17) = 0	
	P(18) = 0		P(19) = 0		P(20) = 0	
	P(21) = 0		P(22) = 0.0002351904484232809		P(23) = 0.05177757815763549	
	P(24) = 0		P(25) = 0		P(26) = 0	
	P(27) = 0		P(28) = 0		P(29) = 0	
	P(30) = 0.099		P(31) = 0.01693883813566412		P(32) = 0	
	P(33) = 0		P(34) = 0.099		P(35) = 0	
	P(36) = 0.08563606902834961		P(37) = 0		P(38) = 0.04318999961566726	
	P(39) = 0.099		P(40) = 0		P(41) = 0	
	P(42) = 0.099		P(43) = 0		P(44) = 0.06983895023214765	
	P(45) = 0.01269765390169732		P(46) = 0		P(47) = 0.099	
	P(48) = 0.099		P(49) = 0		P(50) = 0	
	P(51) = 0		P(52) = 0.09595013430655205		P(53) = 0	
	P(54) = 0.099		P(55) = 0		P(56) = 0	
	P(57) = 0		P(58) = 0.099		P(59) = 0	
	P(60) = 0		P(61) = 0		P(62) = 0	
	P(63) = 0	
================================================================================

================================================================================

NUMBER OF ITERATIONS: 9

NUMBER OF OBJECTIVE FUNCTION EVALUATIONS: 550

OBJECTIVE FUNCTION VALUE:
	F = 34.43345504947304

LAGRANGIAN MULTIPLIERS VALUES:

PENALTY FACTOR:

BEST POSITION:
	P(0) = 0		P(1) = 0		P(2) = 0	
	P(3) = 0		P(4) = 0.0280016663234672		P(5) = 0	
	P(6) = 0		P(7) = 0		P(8) = 0.01008069564339367	
	P(9) = 0		P(10) = 0		P(11) = 0.099	
	P(12) = 0.099		P(13) = 0		P(14) = 0	
	P(15) = 0.099		P(16) = 0.099		P(17) = 0	
	P(18) = 0		P(19) = 0		P(20) = 0	
	P(21) = 0		P(22) = 0		P(23) = 0.03154421536793016	
	P(24) = 0		P(25) = 0		P(26) = 0	
	P(27) = 0		P(28) = 0		P(29) = 0	
	P(30) = 0.099		P(31) = 0		P(32) = 0	
	P(33) = 0		P(34) = 0.099		P(35) = 0	
	P(36) = 0.08688480715281029		P(37) = 0		P(38) = 0.05564907810449611	
	P(39) = 0.099		P(40) = 0		P(41) = 0	
	P(42) = 0.099		P(43) = 0		P(44) = 0.09804986273079894	
	P(45) = 0.04114692534728848		P(46) = 0		P(47) = 0.099	
	P(48) = 0.09594473581546648		P(49) = 0		P(50) = 0	
	P(51) = 0		P(52) = 0.099		P(53) = 0	
	P(54) = 0.099		P(55) = 0		P(56) = 0	
	P(57) = 0		P(58) = 0.099		P(59) = 0	
	P(60) = 0		P(61) = 0		P(62) = 0	
	P(63) = 0	
================================================================================

================================================================================

NUMBER OF ITERATIONS: 10

NUMBER OF OBJECTIVE FUNCTION EVALUATIONS: 610

OBJECTIVE FUNCTION VALUE:
	F = 34.00471328728803

LAGRANGIAN MULTIPLIERS VALUES:

PENALTY FACTOR:

BEST POSITION:
	P(0) = 0		P(1) = 0		P(2) = 0	
	P(3) = 0		P(4) = 0.05517976364969058		P(5) = 0	
	P(6) = 0		P(7) = 0		P(8) = 0	
	P(9) = 0		P(10) = 0		P(11) = 0.099	
	P(12) = 0.099		P(13) = 0		P(14) = 0	
	P(15) = 0.099		P(16) = 0.099		P(17) = 0	
	P(18) = 0		P(19) = 0		P(20) = 0	
	P(21) = 0		P(22) = 0		P(23) = 0.06119612224323361	
	P(24) = 0		P(25) = 0		P(26) = 0	
	P(27) = 0		P(28) = 0.001774996399207078		P(29) = 0	
	P(30) = 0.099		P(31) = 0		P(32) = 0	
	P(33) = 0		P(34) = 0.099		P(35) = 0	
	P(36) = 0.08752205633970567		P(37) = 0		P(38) = 0.04117410214388204	
	P(39) = 0.099		P(40) = 0		P(41) = 0	
	P(42) = 0.099		P(43) = 0		P(44) = 0.099	
	P(45) = 0.08413215553268655		P(46) = 0		P(47) = 0.099	
	P(48) = 0.09432693185972105		P(49) = 0		P(50) = 0	
	P(51) = 0		P(52) = 0.099		P(53) = 0	
	P(54) = 0.099		P(55) = 0		P(56) = 0	
	P(57) = 0		P(58) = 0.099		P(59) = 0	
	P(60) = 0		P(61) = 0		P(62) = 0	
	P(63) = 0	
================================================================================

================================================================================

NUMBER OF ITERATIONS: 11

NUMBER OF OBJECTIVE FUNCTION EVALUATIONS: 670

OBJECTIVE FUNCTION VALUE:
	F = 33.69182134733852

LAGRANGIAN MULTIPLIERS VALUES:

PENALTY FACTOR:

BEST POSITION:
	P(0) = 0		P(1) = 0		P(2) = 0	
	P(3) = 0		P(4) = 0.07428061873162127		P(5) = 0	
	P(6) = 0		P(7) = 0		P(8) = 0	
	P(9) = 0		P(10) = 0		P(11) = 0.099	
	P(12) = 0.099		P(13) = 0		P(14) = 0	
	P(15) = 0.099		P(16) = 0.099		P(17) = 0	
	P(18) = 0		P(19) = 0		P(20) = 0	
	P(21) = 0.0004257279563613034		P(22) = 0		P(23) = 0.05264990042822427	
	P(24) = 0		P(25) = 0		P(26) = 0	
	P(27) = 0		P(28) = 0.0001075958534590832		P(29) = 0	
	P(30) = 0.099		P(31) = 0		P(32) = 0	
	P(33) = 0		P(34) = 0.099		P(35) = 0	
	P(36) = 0.099		P(37) = 0		P(38) = 0.01023622811663921	
	P(39) = 0.08365977933358276		P(40) = 0		P(41) = 0	
	P(42) = 0.099		P(43) = 0		P(44) = 0.099	
	P(45) = 0.099		P(46) = 0		P(47) = 0.099	
	P(48) = 0.08848775982405778		P(49) = 0		P(50) = 0.0002820364793784044	
	P(51) = 0		P(52) = 0.099		P(53) = 0	
	P(54) = 0.099		P(55) = 0		P(56) = 0	
	P(57) = 0		P(58) = 0.099		P(59) = 0	
	P(60) = 0		P(61) = 0		P(62) = 0	
	P(63) = 0	
================================================================================

================================================================================

NUMBER OF ITERATIONS: 12

NUMBER OF OBJECTIVE FUNCTION EVALUATIONS: 730

OBJECTIVE FUNCTION VALUE:
	F = 32.58170472278913

LAGRANGIAN MULTIPLIERS VALUES:

PENALTY FACTOR:

BEST POSITION:
	P(0) = 0.0005982252538990623		P(1) = 0		P(2) = 0	
	P(3) = 0		P(4) = 0.08851165104297712		P(5) = 0	
	P(6) = 0.003328218812508478		P(7) = 0		P(8) = 0	
	P(9) = 0		P(10) = 0		P(11) = 0.06879666582308773	
	P(12) = 0.099		P(13) = 0		P(14) = 0	
	P(15) = 0.099		P(16) = 0.099		P(17) = 0	
	P(18) = 0		P(19) = 0		P(20) = 0	
	P(21) = 0		P(22) = 0		P(23) = 0.03133214817975404	
	P(24) = 0		P(25) = 0		P(26) = 0	
	P(27) = 0		P(28) = 0.005029610362641934		P(29) = 0	
	P(30) = 0.099		P(31) = 0.00563761635360327		P(32) = 0	
	P(33) = 0		P(34) = 0.05951355189004574		P(35) = 0	
	P(36) = 0.099		P(37) = 0		P(38) = 0.003163907402257131	
	P(39) = 0.08284615275672548		P(40) = 0		P(41) = 0.0007421990873194562	
	P(42) = 0.099		P(43) = 0		P(44) = 0.099	
	P(45) = 0.06765394912293302		P(46) = 0		P(47) = 0.099	
	P(48) = 0.08404525695137269		P(49) = 0		P(50) = 0	
	P(51) = 0		P(52) = 0.09504915596510963		P(53) = 0	
	P(54) = 0.099		P(55) = 0		P(56) = 0	
	P(57) = 0		P(58) = 0.099		P(59) = 0	
	P(60) = 0		P(61) = 0		P(62) = 1.796054184716872e-05	
	P(63) = 0	
================================================================================

================================================================================

NUMBER OF ITERATIONS: 13

NUMBER OF OBJECTIVE FUNCTION EVALUATIONS: 790

OBJECTIVE FUNCTION VALUE:
	F = 31.91702411409708

LAGRANGIAN MULTIPLIERS VALUES:

PENALTY FACTOR:

BEST POSITION:
	P(0) = 0		P(1) = 0.002417111802938327		P(2) = 0	
	P(3) = 0		P(4) = 0.09783117486910733		P(5) = 0	
	P(6) = 0.003163929280280905		P(7) = 0		P(8) = 1.999623774374959e-06	
	P(9) = 0		P(10) = 0		P(11) = 0.04795891993555304	
	P(12) = 0.099		P(13) = 0		P(14) = 0	
	P(15) = 0.099		P(16) = 0.099		P(17) = 0	
	P(18) = 0		P(19) = 0		P(20) = 0	
	P(21) = 0		P(22) = 0		P(23) = 0.03622342141685189	
	P(24) = 0		P(25) = 0		P(26) = 0	
	P(27) = 0		P(28) = 0		P(29) = 0	
	P(30) = 0.099		P(31) = 0		P(32) = 0	
	P(33) = 0		P(34) = 0.03424305353465103		P(35) = 0	
	P(36) = 0.099		P(37) = 0		P(38) = 0	
	P(39) = 0.09772329257572204		P(40) = 0		P(41) = 0	
	P(42) = 0.099		P(43) = 0		P(44) = 0.099	
	P(45) = 0.08922882979362501		P(46) = 0		P(47) = 0.099	
	P(48) = 0.07755985915298341		P(49) = 0		P(50) = 0.01724848484351511	
	P(51) = 0		P(52) = 0.09688770035068667		P(53) = 0	
	P(54) = 0.099		P(55) = 0.001233392260100781		P(56) = 3.449702284656631e-06	
	P(57) = 0		P(58) = 0.099		P(59) = 0	
	P(60) = 0		P(61) = 0		P(62) = 0	
	P(63) = 0	
================================================================================

================================================================================

NUMBER OF ITERATIONS: 14

NUMBER OF OBJECTIVE FUNCTION EVALUATIONS: 850

OBJECTIVE FUNCTION VALUE:
	F = 31.52386884159876

LAGRANGIAN MULTIPLIERS VALUES:

PENALTY FACTOR:

BEST POSITION:
	P(0) = 0		P(1) = 0.003599953290323386		P(2) = 0	
	P(3) = 0		P(4) = 0.099		P(5) = 0	
	P(6) = 0.002442991619938363		P(7) = 0		P(8) = 0	
	P(9) = 0		P(10) = 2.388403996467225e-06		P(11) = 0.02963514939444761	
	P(12) = 0.099		P(13) = 0		P(14) = 0	
	P(15) = 0.099		P(16) = 0.0989993030817819		P(17) = 6.586813196347158e-05	
	P(18) = 0		P(19) = 0		P(20) = 0	
	P(21) = 0		P(22) = 0		P(23) = 0.05221637775142168	
	P(24) = 0		P(25) = 0		P(26) = 0	
	P(27) = 0		P(28) = 0		P(29) = 0	
	P(30) = 0.099		P(31) = 0		P(32) = 0	
	P(33) = 0		P(34) = 0.0001642713161130044		P(35) = 0	
	P(36) = 0.099		P(37) = 0		P(38) = 0	
	P(39) = 0.09840222334820709		P(40) = 0		P(41) = 0	
	P(42) = 0.099		P(43) = 3.225258059430525e-06		P(44) = 0.099	
	P(45) = 0.09611144291646403		P(46) = 0		P(47) = 0.099	
	P(48) = 0.07941378716464394		P(49) = 0		P(50) = 0.02230348483115522	
	P(51) = 0		P(52) = 0.09848003334978525		P(53) = 3.04746089002661e-07	
	P(54) = 0.099		P(55) = 0.03025312393055055		P(56) = 0	
	P(57) = 0		P(58) = 0.099		P(59) = 0	
	P(60) = 0		P(61) = 0		P(62) = 1.235316361009042e-07	
	P(63) = 0	
================================================================================

================================================================================

NUMBER OF ITERATIONS: 15

NUMBER OF OBJECTIVE FUNCTION EVALUATIONS: 910

OBJECTIVE FUNCTION VALUE:
	F = 30.7146078529983

LAGRANGIAN MULTIPLIERS VALUES:

PENALTY FACTOR:

BEST POSITION:
	P(0) = 0		P(1) = 0.02372327194999494		P(2) = 0	
	P(3) = 0		P(4) = 0.099		P(5) = 0	
	P(6) = 0		P(7) = 0		P(8) = 0	
	P(9) = 0		P(10) = 0.006848145123256745		P(11) = 0.05178115954204147	
	P(12) = 0.099		P(13) = 0		P(14) = 0	
	P(15) = 0.099		P(16) = 0.099		P(17) = 0	
	P(18) = 0		P(19) = 0		P(20) = 0	
	P(21) = 0		P(22) = 0		P(23) = 0.02227279087499414	
	P(24) = 0		P(25) = 0		P(26) = 0	
	P(27) = 0		P(28) = 0		P(29) = 0	
	P(30) = 0.099		P(31) = 0		P(32) = 0	
	P(33) = 0		P(34) = 0		P(35) = 0	
	P(36) = 0.099		P(37) = 0		P(38) = 0	
	P(39) = 0.099		P(40) = 0		P(41) = 9.393412243728638e-06	
	P(42) = 0.099		P(43) = 0		P(44) = 0.099	
	P(45) = 0.099		P(46) = 0		P(47) = 0.08378614421570436	
	P(48) = 0.0006016167617718185		P(49) = 0		P(50) = 0.03564324178303381	
	P(51) = 0		P(52) = 0.099		P(53) = 0	
	P(54) = 0.099		P(55) = 0.03823212465925646		P(56) = 0	
	P(57) = 0		P(58) = 0.099		P(59) = 0	
	P(60) = 0		P(61) = 0		P(62) = 0	
	P(63) = 0	
================================================================================

================================================================================

NUMBER OF ITERATIONS: 16

NUMBER OF OBJECTIVE FUNCTION EVALUATIONS: 970

OBJECTIVE FUNCTION VALUE:
	F = 30.08682543917392

LAGRANGIAN MULTIPLIERS VALUES:

PENALTY FACTOR:

BEST POSITION:
	P(0) = 0		P(1) = 0.04631522591338261		P(2) = 0	
	P(3) = 0		P(4) = 0.099		P(5) = 0	
	P(6) = 0		P(7) = 0		P(8) = 0	
	P(9) = 0		P(10) = 0.02720439593658967		P(11) = 0.03796551322447891	
	P(12) = 0.099		P(13) = 0		P(14) = 0	
	P(15) = 0.099		P(16) = 0.099		P(17) = 0	
	P(18) = 0		P(19) = 0		P(20) = 0	
	P(21) = 0		P(22) = 0		P(23) = 0	
	P(24) = 0.04945840137872595		P(25) = 0		P(26) = 0	
	P(27) = 0		P(28) = 0		P(29) = 0	
	P(30) = 0.099		P(31) = 0		P(32) = 0	
	P(33) = 0		P(34) = 0		P(35) = 0	
	P(36) = 0.099		P(37) = 0		P(38) = 0	
	P(39) = 0.099		P(40) = 0		P(41) = 0	
	P(42) = 0.099		P(43) = 0		P(44) = 0.099	
	P(45) = 0.099		P(46) = 0		P(47) = 0.04012759509096884	
	P(48) = 0		P(49) = 0		P(50) = 0.02404877764747307	
	P(51) = 0		P(52) = 0.099		P(53) = 0	
	P(54) = 0.099		P(55) = 0.04460888418706854		P(56) = 0	
	P(57) = 0		P(58) = 0.099		P(59) = 0	
	P(60) = 0		P(61) = 0		P(62) = 0	
	P(63) = 0	
================================================================================

================================================================================

NUMBER OF ITERATIONS: 17

NUMBER OF OBJECTIVE FUNCTION EVALUATIONS: 1030

OBJECTIVE FUNCTION VALUE:
	F = 29.62673455969891

LAGRANGIAN MULTIPLIERS VALUES:

PENALTY FACTOR:

BEST POSITION:
	P(0) = 0		P(1) = 0.05382073670611546		P(2) = 0	
	P(3) = 0		P(4) = 0.099		P(5) = 0	
	P(6) = 0		P(7) = 0		P(8) = 0	
	P(9) = 0		P(10) = 0.02494423702620522		P(11) = 0.0153853785592653	
	P(12) = 0.099		P(13) = 0		P(14) = 0	
	P(15) = 0.099		P(16) = 0.099		P(17) = 0	
	P(18) = 0		P(19) = 0		P(20) = 0	
	P(21) = 0		P(22) = 0		P(23) = 0	
	P(24) = 0.08952761897902325		P(25) = 0		P(26) = 0	
	P(27) = 0		P(28) = 0		P(29) = 0	
	P(30) = 0.099		P(31) = 0		P(32) = 0	
	P(33) = 0		P(34) = 0		P(35) = 0	
	P(36) = 0.099		P(37) = 0		P(38) = 0	
	P(39) = 0.099		P(40) = 0		P(41) = 0	
	P(42) = 0.099		P(43) = 0		P(44) = 0.099	
	P(45) = 0.099		P(46) = 0		P(47) = 0.001936592242515182	
	P(48) = 0		P(49) = 0		P(50) = 0.02211234407606915	
	P(51) = 0		P(52) = 0.099		P(53) = 0	
	P(54) = 0.099		P(55) = 0.0528069566313553		P(56) = 0	
	P(57) = 0		P(58) = 0.099		P(59) = 0	
	P(60) = 0		P(61) = 0		P(62) = 0	
	P(63) = 0	
================================================================================

================================================================================

NUMBER OF ITERATIONS: 18

NUMBER OF OBJECTIVE FUNCTION EVALUATIONS: 1090

OBJECTIVE FUNCTION VALUE:
	F = 29.37034990785887

LAGRANGIAN MULTIPLIERS VALUES:

PENALTY FACTOR:

BEST POSITION:
	P(0) = 0		P(1) = 0.08755686717886355		P(2) = 0	
	P(3) = 0		P(4) = 0.099		P(5) = 0	
	P(6) = 0		P(7) = 0		P(8) = 0	
	P(9) = 0		P(10) = 0.01807017931809227		P(11) = 0	
	P(12) = 0.099		P(13) = 0		P(14) = 0	
	P(15) = 0.099		P(16) = 0.099		P(17) = 0	
	P(18) = 0		P(19) = 0		P(20) = 0	
	P(21) = 0		P(22) = 0		P(23) = 0	
	P(24) = 0.099		P(25) = 0		P(26) = 0	
	P(27) = 0		P(28) = 0		P(29) = 0	
	P(30) = 0.099		P(31) = 0		P(32) = 0	
	P(33) = 0		P(34) = 0		P(35) = 0	
	P(36) = 0.099		P(37) = 0		P(38) = 0	
	P(39) = 0.099		P(40) = 0		P(41) = 0	
	P(42) = 0.099		P(43) = 0		P(44) = 0.099	
	P(45) = 0.099		P(46) = 0		P(47) = 0.005565729322421775	
	P(48) = 0		P(49) = 0		P(50) = 0.02503830094091939	
	P(51) = 0		P(52) = 0.099		P(53) = 0.01873727973474692	
	P(54) = 0.099		P(55) = 0.06203521771634114		P(56) = 0	
	P(57) = 0		P(58) = 0.099		P(59) = 0	
	P(60) = 0		P(61) = 0		P(62) = 0	
	P(63) = 0	
================================================================================

================================================================================

NUMBER OF ITERATIONS: 19

NUMBER OF OBJECTIVE FUNCTION EVALUATIONS: 1150

OBJECTIVE FUNCTION VALUE:
	F = 28.88706986851712

LAGRANGIAN MULTIPLIERS VALUES:

PENALTY FACTOR:

BEST POSITION:
	P(0) = 0		P(1) = 0.0666430334954832		P(2) = 0	
	P(3) = 0		P(4) = 0.099		P(5) = 1.298957864381833e-06	
	P(6) = 2.767797378295384e-05		P(7) = 0		P(8) = 0	
	P(9) = 0		P(10) = 0.02049301477413404		P(11) = 0	
	P(12) = 0.09899569450582893		P(13) = 0		P(14) = 5.150790690286455e-06	
	P(15) = 0.09899259238454423		P(16) = 0.09898985098922268		P(17) = 0.003336448072047797	
	P(18) = 0		P(19) = 0		P(20) = 0	
	P(21) = 0		P(22) = 0		P(23) = 2.468468116849365e-06	
	P(24) = 0.0989653361317967		P(25) = 7.778762039778453e-07		P(26) = 5.567880813961423e-06	
	P(27) = 0		P(28) = 0		P(29) = 2.165703577042266e-06	
	P(30) = 0.09899107341992483		P(31) = 6.734683418760379e-06		P(32) = 0	
	P(33) = 0		P(34) = 1.673431304820977e-05		P(35) = 0	
	P(36) = 0.09899967144214575		P(37) = 0		P(38) = 0	
	P(39) = 0.08588915837921401		P(40) = 0		P(41) = 0	
	P(42) = 0.099		P(43) = 0		P(44) = 0.09899249211728738	
	P(45) = 0.09899809542601282		P(46) = 0		P(47) = 0.00415250451947529	
	P(48) = 0		P(49) = 0		P(50) = 0.03239416764248473	
	P(51) = 2.536072336162265e-07		P(52) = 0.099		P(53) = 0.03713829839729384	
	P(54) = 0.099		P(55) = 0.03353209546338284		P(56) = 2.213973981556039e-06	
	P(57) = 4.434189303841041e-06		P(58) = 0.099		P(59) = 3.28887640933806e-07	
	P(60) = 7.747841055109894e-06		P(61) = 1.000422776349652e-06		P(62) = 6.83924523527113e-06	
	P(63) = 0.002130793128739171	
================================================================================

================================================================================

NUMBER OF ITERATIONS: 20

NUMBER OF OBJECTIVE FUNCTION EVALUATIONS: 1210

OBJECTIVE FUNCTION VALUE:
	F = 28.51412297827478

LAGRANGIAN MULTIPLIERS VALUES:

PENALTY FACTOR:

BEST POSITION:
	P(0) = 0		P(1) = 0.05373510835680759		P(2) = 0	
	P(3) = 0		P(4) = 0.099		P(5) = 0	
	P(6) = 0		P(7) = 0		P(8) = 0	
	P(9) = 0		P(10) = 0.01385908668740908		P(11) = 0	
	P(12) = 0.099		P(13) = 0		P(14) = 0	
	P(15) = 0.099		P(16) = 0.099		P(17) = 0.0010821997160885	
	P(18) = 0		P(19) = 0		P(20) = 0	
	P(21) = 0		P(22) = 0		P(23) = 0	
	P(24) = 0.099		P(25) = 0		P(26) = 0	
	P(27) = 0		P(28) = 0		P(29) = 0	
	P(30) = 0.099		P(31) = 0		P(32) = 0	
	P(33) = 0		P(34) = 0		P(35) = 0	
	P(36) = 0.099		P(37) = 0		P(38) = 0	
	P(39) = 0.07977827041444621		P(40) = 0		P(41) = 0	
	P(42) = 0.099		P(43) = 0		P(44) = 0.099	
	P(45) = 0.099		P(46) = 0		P(47) = 0.006713092293235398	
	P(48) = 0		P(49) = 0		P(50) = 0.04102261003549553	
	P(51) = 0		P(52) = 0.099		P(53) = 0.06535472311621224	
	P(54) = 0.099		P(55) = 0.01134808164394654		P(56) = 0	
	P(57) = 0		P(58) = 0.099		P(59) = 0	
	P(60) = 0		P(61) = 0		P(62) = 1.720377662828287e-07	
	P(63) = 0.001254953692316305	
================================================================================

================================================================================

NUMBER OF ITERATIONS: 21

NUMBER OF OBJECTIVE FUNCTION EVALUATIONS: 1270

OBJECTIVE FUNCTION VALUE:
	F = 27.99145637571308

LAGRANGIAN MULTIPLIERS VALUES:

PENALTY FACTOR:

BEST POSITION:
	P(0) = 0		P(1) = 0.06341098139786892		P(2) = 0	
	P(3) = 0		P(4) = 0.099		P(5) = 0	
	P(6) = 0.0142575458410502		P(7) = 0		P(8) = 0	
	P(9) = 0		P(10) = 0.0009107037884196409		P(11) = 0	
	P(12) = 0.099		P(13) = 0		P(14) = 0.001248197594417501	
	P(15) = 0.099		P(16) = 0.099		P(17) = 0	
	P(18) = 0		P(19) = 0		P(20) = 0	
	P(21) = 0		P(22) = 0		P(23) = 0	
	P(24) = 0.099		P(25) = 0		P(26) = 0	
	P(27) = 0		P(28) = 0		P(29) = 0	
	P(30) = 0.099		P(31) = 0		P(32) = 0	
	P(33) = 0		P(34) = 0		P(35) = 0	
	P(36) = 0.099		P(37) = 0		P(38) = 0	
	P(39) = 0.07065707884159712		P(40) = 0		P(41) = 0	
	P(42) = 0.099		P(43) = 0		P(44) = 0.099	
	P(45) = 0.099		P(46) = 0		P(47) = 0.004913580669895709	
	P(48) = 0		P(49) = 0		P(50) = 0.03753205775008405	
	P(51) = 0		P(52) = 0.099		P(53) = 0.08869733012190786	
	P(54) = 0.0810953968324248		P(55) = 0.008965637814233866		P(56) = 0	
	P(57) = 0		P(58) = 0.099		P(59) = 0	
	P(60) = 0		P(61) = 0		P(62) = 0	
	P(63) = 0	
================================================================================

================================================================================

NUMBER OF ITERATIONS: 22

NUMBER OF OBJECTIVE FUNCTION EVALUATIONS: 1330

OBJECTIVE FUNCTION VALUE:
	F = 27.79208181107217

LAGRANGIAN MULTIPLIERS VALUES:

PENALTY FACTOR:

BEST POSITION:
	P(0) = 0		P(1) = 0.05878646710508396		P(2) = 0	
	P(3) = 0		P(4) = 0.099		P(5) = 0	
	P(6) = 0.01810743609298659		P(7) = 0		P(8) = 0	
	P(9) = 0		P(10) = 0		P(11) = 0	
	P(12) = 0.099		P(13) = 0		P(14) = 0.0001110870308864628	
	P(15) = 0.099		P(16) = 0.099		P(17) = 0	
	P(18) = 0		P(19) = 0		P(20) = 0	
	P(21) = 0		P(22) = 0		P(23) = 0	
	P(24) = 0.099		P(25) = 0		P(26) = 0	
	P(27) = 0		P(28) = 0		P(29) = 0	
	P(30) = 0.099		P(31) = 0		P(32) = 0	
	P(33) = 0		P(34) = 0		P(35) = 0	
	P(36) = 0.099		P(37) = 0		P(38) = 0	
	P(39) = 0.05897688953706097		P(40) = 0		P(41) = 0	
	P(42) = 0.099		P(43) = 0		P(44) = 0.099	
	P(45) = 0.099		P(46) = 0		P(47) = 0.00208393920769151	
	P(48) = 0		P(49) = 0		P(50) = 0.02860095773315833	
	P(51) = 0		P(52) = 0.099		P(53) = 0.099	
	P(54) = 0.06449712243625935		P(55) = 0.01306805035365835		P(56) = 0	
	P(57) = 0		P(58) = 0.099		P(59) = 0	
	P(60) = 0		P(61) = 0		P(62) = 0	
	P(63) = 0	
================================================================================

================================================================================

NUMBER OF ITERATIONS: 23

NUMBER OF OBJECTIVE FUNCTION EVALUATIONS: 1390

OBJECTIVE FUNCTION VALUE:
	F = 27.45122637029548

LAGRANGIAN MULTIPLIERS VALUES:

PENALTY FACTOR:

BEST POSITION:
	P(0) = 0		P(1) = 0.07063635499975214		P(2) = 0	
	P(3) = 0		P(4) = 0.099		P(5) = 0	
	P(6) = 0.02903878771943202		P(7) = 0.004660909666696571		P(8) = 0	
	P(9) = 0		P(10) = 0		P(11) = 0	
	P(12) = 0.099		P(13) = 0		P(14) = 0	
	P(15) = 0.099		P(16) = 0.099		P(17) = 0	
	P(18) = 0		P(19) = 0		P(20) = 0	
	P(21) = 0		P(22) = 0		P(23) = 0	
	P(24) = 0.099		P(25) = 0		P(26) = 0	
	P(27) = 0		P(28) = 0.0009345878972960853		P(29) = 0	
	P(30) = 0.099		P(31) = 0		P(32) = 0	
	P(33) = 0		P(34) = 0		P(35) = 0	
	P(36) = 0.099		P(37) = 0		P(38) = 0	
	P(39) = 0.03581426014768835		P(40) = 0		P(41) = 0	
	P(42) = 0.099		P(43) = 0		P(44) = 0.099	
	P(45) = 0.099		P(46) = 0		P(47) = 0	
	P(48) = 0		P(49) = 0		P(50) = 0.02610672130558687	
	P(51) = 0		P(52) = 0.099		P(53) = 0.099	
	P(54) = 0.05034766927614061		P(55) = 0		P(56) = 0	
	P(57) = 0		P(58) = 0.099		P(59) = 0	
	P(60) = 0		P(61) = 0		P(62) = 0	
	P(63) = 0	
================================================================================
