                                     ======================
                                        ALPSO 1.1 (Serial)
                                     ======================

Parameters:
-------------------------------------------------------------------------------------------------
Swarmsize           :       10    MaxOuterIters     :      200    Seed:       1519680765.39100099
Cognitive Parameter :    2.000    MaxInnerIters     :        6    Scaling            :          1
Social Parameter    :    1.000    MinInnerIters     :        6    Stopping Criteria  :          1
Initial Weight      :    0.990    DynInnerIters     :        0    Number of Failures :         15
Final Weight        :    0.550    StoppingIters     :        5    Number of Successes:          5

Absolute Tolerance  : 1.00e-02    Number Initial Pos:        0    Neighbourhood Model:      gbest
Relative Tolerance  : 1.00e-02    Initial Velocity  :        1    Neighbourhood Size :         40
Inequality Tolerance: 1.00e-03    Maximum Velocity  :        2    Selfless           :          1
Equality Tolerance  : 1.00e-03    Craziness Velocity: 1.00e-04    Fileout            :          1
Global Distance     : 1.00e-01    Initial Penalty   :     1.00    File Name          :  ALPSO.out
-------------------------------------------------------------------------------------------------


================================================================================

NUMBER OF ITERATIONS: 1

NUMBER OF OBJECTIVE FUNCTION EVALUATIONS: 70

OBJECTIVE FUNCTION VALUE:
	F = 38.97114234992824

LAGRANGIAN MULTIPLIERS VALUES:

PENALTY FACTOR:

BEST POSITION:
	P(0) = 0.08714595273702361		P(1) = 0.099		P(2) = 0.099	
	P(3) = 0.099		P(4) = 0.06376119356718413		P(5) = 0.099	
	P(6) = 0.07709270865785699		P(7) = 0.04431095121712147		P(8) = 0.03186589702593579	
	P(9) = 0.01545296843424541		P(10) = 0.099		P(11) = 0.04809028409723428	
	P(12) = 0.09313473032268595		P(13) = 0.099		P(14) = 0.03784557546499752	
	P(15) = 0.03897085589900123		P(16) = 0.06944288752259957		P(17) = 0.09583549328039134	
	P(18) = 0.07924144436256714		P(19) = 0.02122295784904749		P(20) = 0.05618263198103997	
	P(21) = 0.02872386436741249		P(22) = 0.06768926528198679		P(23) = 0.02544680844615379	
	P(24) = 0.02211537298405315		P(25) = 0.03927941051069245		P(26) = 0.07849761117688037	
	P(27) = 0.04614497505036488		P(28) = 0.06262887036446674		P(29) = 0	
	P(30) = 0.07588889879306646		P(31) = 0.0808449879134488		P(32) = 0.05019631133592135	
	P(33) = 0.06437096196294545		P(34) = 0.099		P(35) = 0.002116106046220916	
	P(36) = 0.01432626228322118		P(37) = 0		P(38) = 0.02643617290141343	
	P(39) = 0		P(40) = 0.02203694489745812		P(41) = 0.0435141324887245	
	P(42) = 0.03566547187084652		P(43) = 0.08106246987568305		P(44) = 0.099	
	P(45) = 0.05454050689300453		P(46) = 0		P(47) = 0.06537295090324377	
	P(48) = 0.005329200865425487		P(49) = 0.02331727742782105		P(50) = 0.02153656076090912	
	P(51) = 0.07411806115178887		P(52) = 0.04342222592627685		P(53) = 0.07799278982967225	
	P(54) = 0.08185615079179408		P(55) = 0.06477511663289134		P(56) = 0.099	
	P(57) = 0		P(58) = 0		P(59) = 0.06681399329987889	
	P(60) = 0.08193798293520092		P(61) = 0		P(62) = 0.09656109510522087	
	P(63) = 0.057933684304137	
================================================================================

================================================================================

NUMBER OF ITERATIONS: 2

NUMBER OF OBJECTIVE FUNCTION EVALUATIONS: 130

OBJECTIVE FUNCTION VALUE:
	F = 38.97114234992824

LAGRANGIAN MULTIPLIERS VALUES:

PENALTY FACTOR:

BEST POSITION:
	P(0) = 0.08714595273702361		P(1) = 0.099		P(2) = 0.099	
	P(3) = 0.099		P(4) = 0.06376119356718413		P(5) = 0.099	
	P(6) = 0.07709270865785699		P(7) = 0.04431095121712147		P(8) = 0.03186589702593579	
	P(9) = 0.01545296843424541		P(10) = 0.099		P(11) = 0.04809028409723428	
	P(12) = 0.09313473032268595		P(13) = 0.099		P(14) = 0.03784557546499752	
	P(15) = 0.03897085589900123		P(16) = 0.06944288752259957		P(17) = 0.09583549328039134	
	P(18) = 0.07924144436256714		P(19) = 0.02122295784904749		P(20) = 0.05618263198103997	
	P(21) = 0.02872386436741249		P(22) = 0.06768926528198679		P(23) = 0.02544680844615379	
	P(24) = 0.02211537298405315		P(25) = 0.03927941051069245		P(26) = 0.07849761117688037	
	P(27) = 0.04614497505036488		P(28) = 0.06262887036446674		P(29) = 0	
	P(30) = 0.07588889879306646		P(31) = 0.0808449879134488		P(32) = 0.05019631133592135	
	P(33) = 0.06437096196294545		P(34) = 0.099		P(35) = 0.002116106046220916	
	P(36) = 0.01432626228322118		P(37) = 0		P(38) = 0.02643617290141343	
	P(39) = 0		P(40) = 0.02203694489745812		P(41) = 0.0435141324887245	
	P(42) = 0.03566547187084652		P(43) = 0.08106246987568305		P(44) = 0.099	
	P(45) = 0.05454050689300453		P(46) = 0		P(47) = 0.06537295090324377	
	P(48) = 0.005329200865425487		P(49) = 0.02331727742782105		P(50) = 0.02153656076090912	
	P(51) = 0.07411806115178887		P(52) = 0.04342222592627685		P(53) = 0.07799278982967225	
	P(54) = 0.08185615079179408		P(55) = 0.06477511663289134		P(56) = 0.099	
	P(57) = 0		P(58) = 0		P(59) = 0.06681399329987889	
	P(60) = 0.08193798293520092		P(61) = 0		P(62) = 0.09656109510522087	
	P(63) = 0.057933684304137	
================================================================================

================================================================================

NUMBER OF ITERATIONS: 3

NUMBER OF OBJECTIVE FUNCTION EVALUATIONS: 190

OBJECTIVE FUNCTION VALUE:
	F = 37.28910035712723

LAGRANGIAN MULTIPLIERS VALUES:

PENALTY FACTOR:

BEST POSITION:
	P(0) = 0.09103187144849242		P(1) = 0.09895204058595808		P(2) = 0.099	
	P(3) = 0.099		P(4) = 0.06910048472378406		P(5) = 0.099	
	P(6) = 0.07923937485656411		P(7) = 0.099		P(8) = 0.04105444706604069	
	P(9) = 0.02312404315217149		P(10) = 0.099		P(11) = 0.05916494270993528	
	P(12) = 0.09847489411854228		P(13) = 0.09869440953660295		P(14) = 0.04445860039536402	
	P(15) = 0.03208029279019813		P(16) = 0.08538496599371864		P(17) = 0.099	
	P(18) = 0.08511910973436249		P(19) = 0.03205846003727846		P(20) = 0.04744156497172197	
	P(21) = 0.02143692743388066		P(22) = 0.06334996031542696		P(23) = 0.01490067175680561	
	P(24) = 0.02309492656664906		P(25) = 0.02735210298837424		P(26) = 0.07426544405576628	
	P(27) = 0.06835632114777643		P(28) = 0.001772159299473011		P(29) = 0	
	P(30) = 0.02202541531586542		P(31) = 0.07540511763320705		P(32) = 0.03156337325607118	
	P(33) = 0.04005328103086558		P(34) = 0.0734232765110516		P(35) = 0	
	P(36) = 0.03628720220610944		P(37) = 0.02636909794941754		P(38) = 0.03627964367318917	
	P(39) = 0		P(40) = 0.01349436490954995		P(41) = 0.03676173242525958	
	P(42) = 0.02629132247779498		P(43) = 0.08487329333593396		P(44) = 0.099	
	P(45) = 0.0279341901644673		P(46) = 0.0001208321061813983		P(47) = 0.06513874935248037	
	P(48) = 0.06243719992995068		P(49) = 0.01174807321963622		P(50) = 0.04473423627835846	
	P(51) = 0.07616719384662311		P(52) = 0.04509878986494466		P(53) = 0.07418885696690453	
	P(54) = 0.07812591902044602		P(55) = 0.06407512520612819		P(56) = 0.0989545825368465	
	P(57) = 8.398622623334573e-07		P(58) = 0.01308958153950109		P(59) = 0.05228945143302934	
	P(60) = 0.07106727761599135		P(61) = 0		P(62) = 0.09882472947000775	
	P(63) = 0.05144489292511017	
================================================================================

================================================================================

NUMBER OF ITERATIONS: 4

NUMBER OF OBJECTIVE FUNCTION EVALUATIONS: 250

OBJECTIVE FUNCTION VALUE:
	F = 38.68741202825554

LAGRANGIAN MULTIPLIERS VALUES:

PENALTY FACTOR:

BEST POSITION:
	P(0) = 0.09531730168211509		P(1) = 0.099		P(2) = 0.099	
	P(3) = 0.099		P(4) = 0.07178473613919438		P(5) = 0.099	
	P(6) = 0.07743028941951745		P(7) = 0.099		P(8) = 0.03994957231502949	
	P(9) = 0.01643804353760939		P(10) = 0.099		P(11) = 0.04639896242850103	
	P(12) = 0.09523185719659623		P(13) = 0.099		P(14) = 0.04367657911024096	
	P(15) = 0.03248339653753889		P(16) = 0.08300063227756607		P(17) = 0.099	
	P(18) = 0.07930797197529918		P(19) = 0.02585116329998471		P(20) = 0.05605309340792682	
	P(21) = 0.02818312704903601		P(22) = 0.07209606273817078		P(23) = 0.005412647878826664	
	P(24) = 0.02041943098868262		P(25) = 0.03764228671594551		P(26) = 0.07773481433293107	
	P(27) = 0.07561901039152266		P(28) = 0.01457351058377355		P(29) = 0	
	P(30) = 0.04406352015919722		P(31) = 0.08892149547890482		P(32) = 0.04123355855358032	
	P(33) = 0.03880109335234056		P(34) = 0.07009100753891284		P(35) = 0	
	P(36) = 0.01913953449800619		P(37) = 0.02755870766742581		P(38) = 0.02203125816434406	
	P(39) = 0		P(40) = 0.01535428891053032		P(41) = 0.02638166222103085	
	P(42) = 0.02568742057453691		P(43) = 0.08573785210886009		P(44) = 0.09351274577577864	
	P(45) = 0.02403037553212807		P(46) = 0		P(47) = 0.06421391779282917	
	P(48) = 0.05702933160930979		P(49) = 0.02463778662050549		P(50) = 0.0373859208981742	
	P(51) = 0.04694213356566821		P(52) = 0.04458713555377192		P(53) = 0.06991208703684484	
	P(54) = 0.07556010388476944		P(55) = 0.0531304603299459		P(56) = 0.099	
	P(57) = 0		P(58) = 0.01074009665753305		P(59) = 0.06173563639460652	
	P(60) = 0.0754421442310579		P(61) = 0		P(62) = 0.09841830536075905	
	P(63) = 0.05132094052791444	
================================================================================

================================================================================

NUMBER OF ITERATIONS: 5

NUMBER OF OBJECTIVE FUNCTION EVALUATIONS: 310

OBJECTIVE FUNCTION VALUE:
	F = 38.64141773132751

LAGRANGIAN MULTIPLIERS VALUES:

PENALTY FACTOR:

BEST POSITION:
	P(0) = 0.09239634607614575		P(1) = 0.099		P(2) = 0.099	
	P(3) = 0.09898893549146161		P(4) = 0.06548132806182261		P(5) = 0.09899847972377412	
	P(6) = 0.07987576080211156		P(7) = 0.09896975104405775		P(8) = 0.04259790574630275	
	P(9) = 0.01587728016636257		P(10) = 0.098992667216033		P(11) = 0.05300899896013604	
	P(12) = 0.09601192487365887		P(13) = 0.099		P(14) = 0.0487609928603005	
	P(15) = 0.0326192668756546		P(16) = 0.08135629373260646		P(17) = 0.099	
	P(18) = 0.08023421644584092		P(19) = 0.02429312645183242		P(20) = 0.05342692498358541	
	P(21) = 0.02520695908717525		P(22) = 0.07401695356264258		P(23) = 0.003155514438406254	
	P(24) = 0.02109746099539297		P(25) = 0.03141700074079772		P(26) = 0.07864382972476495	
	P(27) = 0.0785573970308792		P(28) = 0.01746838339284437		P(29) = 0	
	P(30) = 0.04887902606231381		P(31) = 0.08460616264987059		P(32) = 0.04307913751248921	
	P(33) = 0.03965620286719138		P(34) = 0.07695238295662636		P(35) = 0.0002129678464004234	
	P(36) = 0.02250656935011908		P(37) = 0.02801407165320758		P(38) = 0.02312038971325156	
	P(39) = 6.572242879629431e-06		P(40) = 0.01867351953057685		P(41) = 0.02735255303406463	
	P(42) = 0.02056419941714171		P(43) = 0.08579079376598073		P(44) = 0.09308409902682774	
	P(45) = 0.02309805550814721		P(46) = 9.204882693075039e-05		P(47) = 0.06501138817806128	
	P(48) = 0.05943194595097515		P(49) = 0.009874183016981418		P(50) = 0.03928806594006647	
	P(51) = 0.04636658804912891		P(52) = 0.04472245325885887		P(53) = 0.06928370657189248	
	P(54) = 0.07550613605450736		P(55) = 0.05149251849503691		P(56) = 0.09897854317510216	
	P(57) = 0		P(58) = 0.01192647888429896		P(59) = 0.06113763509483192	
	P(60) = 0.07635883830711807		P(61) = 0		P(62) = 0.09857415952394916	
	P(63) = 0.04912372630522858	
================================================================================

================================================================================

NUMBER OF ITERATIONS: 6

NUMBER OF OBJECTIVE FUNCTION EVALUATIONS: 370

OBJECTIVE FUNCTION VALUE:
	F = 35.05692023184582

LAGRANGIAN MULTIPLIERS VALUES:

PENALTY FACTOR:

BEST POSITION:
	P(0) = 0.08645342797644223		P(1) = 0.09894738193939512		P(2) = 0.09884654344035582	
	P(3) = 0.09884379920301514		P(4) = 0.06783026302909154		P(5) = 0.099	
	P(6) = 0.07955602607802659		P(7) = 0.09899837582781405		P(8) = 0.01982617128658015	
	P(9) = 0.01481958720606743		P(10) = 0.0988724994755892		P(11) = 0.05441380806763517	
	P(12) = 0.09639233341944307		P(13) = 0.099		P(14) = 0.0129763841302032	
	P(15) = 0.03248866619432564		P(16) = 0.07487765549605528		P(17) = 0.099	
	P(18) = 0.07979346468102877		P(19) = 0.03069304582779849		P(20) = 0.05424597938184797	
	P(21) = 0.02234777890753831		P(22) = 0.07675503614209528		P(23) = 0.01565313900472109	
	P(24) = 0.02445546103334029		P(25) = 0.0326988299691558		P(26) = 0.07580136121209649	
	P(27) = 0.08111430302951433		P(28) = 0.004974894960782003		P(29) = 0	
	P(30) = 0.03623130133049109		P(31) = 0.08382397042940243		P(32) = 0.03328188127381593	
	P(33) = 0.04006954530702479		P(34) = 0.07541140986839044		P(35) = 0	
	P(36) = 0.02214491838801139		P(37) = 0.03328000526285865		P(38) = 0.008635866738202623	
	P(39) = 0		P(40) = 0.0218208882430662		P(41) = 0.0223157013725305	
	P(42) = 0.0169531977610204		P(43) = 0.0726231458226884		P(44) = 0.09749597732932244	
	P(45) = 0.01670554412733509		P(46) = 1.219594835121657e-05		P(47) = 0.06298154371592947	
	P(48) = 0.06608563385375206		P(49) = 0.009130084036601038		P(50) = 0.03482416201229376	
	P(51) = 0.04590801514524211		P(52) = 0.0422524237899279		P(53) = 0.0750620160454883	
	P(54) = 0.07475985368046879		P(55) = 0.05807230901225085		P(56) = 0.09899009665499417	
	P(57) = 0.00232145431376695		P(58) = 0.01510614215117082		P(59) = 0.04682897102558591	
	P(60) = 0.0827001771340834		P(61) = 0		P(62) = 0.09788043824636042	
	P(63) = 0.05118677077809002	
================================================================================

================================================================================

NUMBER OF ITERATIONS: 7

NUMBER OF OBJECTIVE FUNCTION EVALUATIONS: 430

OBJECTIVE FUNCTION VALUE:
	F = 35.78419718541678

LAGRANGIAN MULTIPLIERS VALUES:

PENALTY FACTOR:

BEST POSITION:
	P(0) = 0.0932255834380348		P(1) = 0.099		P(2) = 0.099	
	P(3) = 0.099		P(4) = 0.06661242257037021		P(5) = 0.099	
	P(6) = 0.074905085537674		P(7) = 0.099		P(8) = 0.00984364893639756	
	P(9) = 0.0176236424319126		P(10) = 0.099		P(11) = 0.03726633907338138	
	P(12) = 0.09123301064950951		P(13) = 0.08761832835025025		P(14) = 0	
	P(15) = 0.03167493321268913		P(16) = 0.0701184174989299		P(17) = 0.099	
	P(18) = 0.07068193723881265		P(19) = 0.03922901443710256		P(20) = 0.02509681761181042	
	P(21) = 0.000693460526884862		P(22) = 0.06700005288946434		P(23) = 0.02766680660621911	
	P(24) = 0.05009937977853774		P(25) = 0.03251583875500372		P(26) = 0.08499792493829582	
	P(27) = 0.07460402507248241		P(28) = 0.0129393723839385		P(29) = 0	
	P(30) = 0.0487479520592986		P(31) = 0.08899437999078855		P(32) = 0.03734055142444255	
	P(33) = 0.03994680609710093		P(34) = 0.0852743386282821		P(35) = 0	
	P(36) = 0.0216347092515434		P(37) = 0.09796634771988685		P(38) = 0.006441625738109698	
	P(39) = 0		P(40) = 0.0152528249148523		P(41) = 0.024309895265112	
	P(42) = 0.00970806403038732		P(43) = 0.06986727014464097		P(44) = 0.099	
	P(45) = 0.0248683611553682		P(46) = 0.0008598474844854903		P(47) = 0.0443785028007716	
	P(48) = 0.07293206265958062		P(49) = 0		P(50) = 0.01111235970153124	
	P(51) = 0.05977100835718344		P(52) = 0.00949481187366736		P(53) = 0.07218366712017096	
	P(54) = 0.099		P(55) = 0.099		P(56) = 0.09320097896330927	
	P(57) = 0		P(58) = 0.01025232357811185		P(59) = 0.0455208458231159	
	P(60) = 0.099		P(61) = 0		P(62) = 0.099	
	P(63) = 0.07995472451533819	
================================================================================

================================================================================

NUMBER OF ITERATIONS: 8

NUMBER OF OBJECTIVE FUNCTION EVALUATIONS: 490

OBJECTIVE FUNCTION VALUE:
	F = 32.32325028691562

LAGRANGIAN MULTIPLIERS VALUES:

PENALTY FACTOR:

BEST POSITION:
	P(0) = 0.09400145218531782		P(1) = 0.09899999020469866		P(2) = 0.09898982602005287	
	P(3) = 0.09899910146298138		P(4) = 0.07415242127425344		P(5) = 0.099	
	P(6) = 0.07979759975279922		P(7) = 0.09899709488487954		P(8) = 0.017183811956052	
	P(9) = 0.01632308817093467		P(10) = 0.099		P(11) = 0.04890729209797104	
	P(12) = 0.09414141206247315		P(13) = 0.08826179831392628		P(14) = 0	
	P(15) = 0.03105196935784851		P(16) = 0.0794475242532332		P(17) = 0.09899836612890331	
	P(18) = 0.08912328784529763		P(19) = 0.0376291871454616		P(20) = 0.08490134528478682	
	P(21) = 0.013429580822065		P(22) = 0.06866035554633367		P(23) = 0.01724231143597924	
	P(24) = 0.02402860483729789		P(25) = 0.03087640413271836		P(26) = 0.08424764276452275	
	P(27) = 0.07445985860306109		P(28) = 0.01819932724211658		P(29) = 0	
	P(30) = 0.04797469275945904		P(31) = 0.09341177203486735		P(32) = 0.03685197614734012	
	P(33) = 0.03738463104512987		P(34) = 0.08093753221594779		P(35) = 0	
	P(36) = 0.02195292227595987		P(37) = 0.0977735018720098		P(38) = 0.007486440786792566	
	P(39) = 8.603479382425505e-06		P(40) = 0.01772076872133013		P(41) = 0.02440342064736913	
	P(42) = 0.009043667909071976		P(43) = 0.07214527526682121		P(44) = 0.09826939975028542	
	P(45) = 0.02216089778966706		P(46) = 0.0005569930142531529		P(47) = 0.07163699018187927	
	P(48) = 0.0727940403397211		P(49) = 0.002568510069368334		P(50) = 0.01710673065556705	
	P(51) = 0.0309906923692136		P(52) = 0.01384847900056697		P(53) = 0.06751051382775226	
	P(54) = 0.099		P(55) = 0.08385178042876498		P(56) = 0.09836237761463057	
	P(57) = 0.0007369787526258151		P(58) = 0.01433357879869065		P(59) = 0.04779500749886668	
	P(60) = 0.099		P(61) = 0		P(62) = 0.09735040443792886	
	P(63) = 0.06189569943566643	
================================================================================

================================================================================

NUMBER OF ITERATIONS: 9

NUMBER OF OBJECTIVE FUNCTION EVALUATIONS: 550

OBJECTIVE FUNCTION VALUE:
	F = 34.76385279151886

LAGRANGIAN MULTIPLIERS VALUES:

PENALTY FACTOR:

BEST POSITION:
	P(0) = 0.08959712174502475		P(1) = 0.099		P(2) = 0.099	
	P(3) = 0.099		P(4) = 0.073261018271773		P(5) = 0.099	
	P(6) = 0.08825940629288589		P(7) = 0.099		P(8) = 0.01979117550423152	
	P(9) = 0.01745490178655255		P(10) = 0.099		P(11) = 0.03696054012569724	
	P(12) = 0.09004022691770754		P(13) = 0.08850075388553022		P(14) = 0	
	P(15) = 0.03108582991951907		P(16) = 0.07680093800600363		P(17) = 0.099	
	P(18) = 0.05512789610813473		P(19) = 0.0554015634167665		P(20) = 0.06901834495716191	
	P(21) = 0.0164420677164113		P(22) = 0.08583844258161341		P(23) = 0.01579959432376773	
	P(24) = 0.02873984863688573		P(25) = 0.02442330957503577		P(26) = 0.08013448135054962	
	P(27) = 0.07980246707710963		P(28) = 0.01622531627857213		P(29) = 0	
	P(30) = 0.04501748020913034		P(31) = 0.09375535118655233		P(32) = 0.03733742579992345	
	P(33) = 0.02901351091601971		P(34) = 0.06716843119211123		P(35) = 0	
	P(36) = 0.02879058437489129		P(37) = 0.09634966360864214		P(38) = 0	
	P(39) = 0		P(40) = 0.01889036103322494		P(41) = 0.05253469328810655	
	P(42) = 0.006720967125963755		P(43) = 0.0830504841782416		P(44) = 0.09892393346833064	
	P(45) = 0.01560630243869312		P(46) = 0		P(47) = 0.07388388111552217	
	P(48) = 0.08645273107433814		P(49) = 0.005332911155683302		P(50) = 0.02181674900566426	
	P(51) = 0.03001954390258665		P(52) = 0.003597586001180944		P(53) = 0.05980481044414891	
	P(54) = 0.099		P(55) = 0.09114979361145883		P(56) = 0.099	
	P(57) = 0.0004512836363090439		P(58) = 0.01303186467730245		P(59) = 0.04044341899841028	
	P(60) = 0.08135746265881069		P(61) = 0		P(62) = 0.09891871313969852	
	P(63) = 0.07351611017242943	
================================================================================

================================================================================

NUMBER OF ITERATIONS: 10

NUMBER OF OBJECTIVE FUNCTION EVALUATIONS: 610

OBJECTIVE FUNCTION VALUE:
	F = 34.97422347019718

LAGRANGIAN MULTIPLIERS VALUES:

PENALTY FACTOR:

BEST POSITION:
	P(0) = 0.09853992862961428		P(1) = 0.099		P(2) = 0.09899720507440077	
	P(3) = 0.08593258953899829		P(4) = 0.07055622989363862		P(5) = 0.09845435656981574	
	P(6) = 0.09207564274940946		P(7) = 0.099		P(8) = 0.03024421401215106	
	P(9) = 0.02075206846235107		P(10) = 0.09701755767375723		P(11) = 0.00934384478441725	
	P(12) = 0.0976451321929631		P(13) = 0.08653772421128943		P(14) = 0	
	P(15) = 0.03420501501981585		P(16) = 0.08110830850072126		P(17) = 0.08791143385434494	
	P(18) = 0.07489994525739899		P(19) = 0.03568027048976191		P(20) = 0.08130806556973998	
	P(21) = 0.007767217673844876		P(22) = 0.08683826573862023		P(23) = 0.01527788222842323	
	P(24) = 0.03997726052472975		P(25) = 0.03776496136049426		P(26) = 0.06576320260889017	
	P(27) = 0.06607067178927888		P(28) = 0.008583311433449106		P(29) = 0.008867095977013503	
	P(30) = 0.04702343890343868		P(31) = 0.09014469510336098		P(32) = 0.03185184404730018	
	P(33) = 0.04026263306675398		P(34) = 0.07299229043100751		P(35) = 0.005505886159419444	
	P(36) = 0.04884770895248945		P(37) = 0.09890372117472848		P(38) = 0	
	P(39) = 0.004404416712830317		P(40) = 0.0165851350954772		P(41) = 0.01769374092887441	
	P(42) = 0.005907266785174031		P(43) = 0.06075086906772303		P(44) = 0.09122623862109672	
	P(45) = 0.0300353020863121		P(46) = 0.01344869766698165		P(47) = 0.06866128005055333	
	P(48) = 0.08066953432857701		P(49) = 0.004130999240471833		P(50) = 0.02380662560677989	
	P(51) = 0.02726718477710412		P(52) = 0.01471027773270678		P(53) = 0.05910007595446407	
	P(54) = 0.09896647080629312		P(55) = 0.09136451314196743		P(56) = 0.0849614456301854	
	P(57) = 0.001642487594934953		P(58) = 0.01251468717610987		P(59) = 0.03947467306433092	
	P(60) = 0.076381431454112		P(61) = 0.008103896816822755		P(62) = 0.08617735228925483	
	P(63) = 0.070105058420738	
================================================================================
