                                     ======================
                                        ALPSO 1.1 (Serial)
                                     ======================

Parameters:
-------------------------------------------------------------------------------------------------
Swarmsize           :       10    MaxOuterIters     :      200    Seed:       1518224948.73915696
Cognitive Parameter :    2.000    MaxInnerIters     :        6    Scaling            :          1
Social Parameter    :    1.000    MinInnerIters     :        6    Stopping Criteria  :          1
Initial Weight      :    0.990    DynInnerIters     :        0    Number of Failures :         15
Final Weight        :    0.550    StoppingIters     :        5    Number of Successes:          5

Absolute Tolerance  : 1.00e-02    Number Initial Pos:        0    Neighbourhood Model:      gbest
Relative Tolerance  : 1.00e-02    Initial Velocity  :        1    Neighbourhood Size :         40
Inequality Tolerance: 1.00e-03    Maximum Velocity  :        2    Selfless           :          1
Equality Tolerance  : 1.00e-03    Craziness Velocity: 1.00e-04    Fileout            :          1
Global Distance     : 1.00e-01    Initial Penalty   :     1.00    File Name          :  ALPSO.out
-------------------------------------------------------------------------------------------------


================================================================================

NUMBER OF ITERATIONS: 1

NUMBER OF OBJECTIVE FUNCTION EVALUATIONS: 70

OBJECTIVE FUNCTION VALUE:
	F = 35.86676286222592

LAGRANGIAN MULTIPLIERS VALUES:

PENALTY FACTOR:

BEST POSITION:
	P(0) = 0.09551687996904043		P(1) = 0.08677165969794348		P(2) = 0.0695391844569169	
	P(3) = 0.0622626699170365		P(4) = 0.09369961271695229		P(5) = 0.01827513529307144	
	P(6) = 0.04794891815349809		P(7) = 0.0940241407606643		P(8) = 0.007519426091180254	
	P(9) = 0.01000532209156761		P(10) = 0.07247692685259954		P(11) = 0.06701952731580287	
	P(12) = 0.06067809474109105		P(13) = 0.099		P(14) = 0.06552265322300219	
	P(15) = 0.099		P(16) = 0.03714332800742233		P(17) = 0	
	P(18) = 0.0834443556350718		P(19) = 0		P(20) = 0	
	P(21) = 0.05684517636586342		P(22) = 0.099		P(23) = 0	
	P(24) = 0.018430725537965		P(25) = 0		P(26) = 0.01811790700032572	
	P(27) = 0		P(28) = 0.08283651836699342		P(29) = 0	
	P(30) = 0.099		P(31) = 0.06142303039138944		P(32) = 0.04107239219820723	
	P(33) = 0.06094452733374135		P(34) = 0.02026241624922226		P(35) = 0.06599421375784209	
	P(36) = 0.0009350022200473249		P(37) = 0		P(38) = 0.099	
	P(39) = 0.03410290275541953		P(40) = 0.04854747145048882		P(41) = 0.04852689582320309	
	P(42) = 0.07959140747589713		P(43) = 0		P(44) = 0	
	P(45) = 0.06204505522227096		P(46) = 0.03015160229396619		P(47) = 0	
	P(48) = 0.02327570197751273		P(49) = 0		P(50) = 0.04461956680502773	
	P(51) = 0		P(52) = 0.099		P(53) = 0.099	
	P(54) = 0.04022849679258621		P(55) = 0.01427055001239284		P(56) = 0	
	P(57) = 0.03157361687057786		P(58) = 0.01415646554824482		P(59) = 0	
	P(60) = 0.007121788228319305		P(61) = 0		P(62) = 0	
	P(63) = 0	
================================================================================

================================================================================

NUMBER OF ITERATIONS: 2

NUMBER OF OBJECTIVE FUNCTION EVALUATIONS: 130

OBJECTIVE FUNCTION VALUE:
	F = 28.35495440834187

LAGRANGIAN MULTIPLIERS VALUES:

PENALTY FACTOR:

BEST POSITION:
	P(0) = 0.099		P(1) = 0.06376594708941286		P(2) = 0.08427083303213115	
	P(3) = 0.04065191612682008		P(4) = 0.08926867293590537		P(5) = 0.002642357971874405	
	P(6) = 0.01161598419664035		P(7) = 0.099		P(8) = 0	
	P(9) = 0.007789783392533604		P(10) = 0.05807157579191269		P(11) = 0.08879356543452283	
	P(12) = 0.0458046853143863		P(13) = 0.099		P(14) = 0.09271606597323975	
	P(15) = 0.09558869844273497		P(16) = 0.03925025691065475		P(17) = 0	
	P(18) = 0.03020147468910286		P(19) = 0		P(20) = 0.002306841210387232	
	P(21) = 0.01327901578754683		P(22) = 0.09405288526873533		P(23) = 0	
	P(24) = 0.02169285662923758		P(25) = 0		P(26) = 0.01054407729080985	
	P(27) = 0		P(28) = 0.099		P(29) = 0	
	P(30) = 0.099		P(31) = 0.06259319258631491		P(32) = 0.04252634957332609	
	P(33) = 0		P(34) = 0.02186117574654987		P(35) = 0.08741591368245449	
	P(36) = 0		P(37) = 0.001494635088153715		P(38) = 0.099	
	P(39) = 0.04942216365169966		P(40) = 0.02191273211756999		P(41) = 0	
	P(42) = 0.07434557607623973		P(43) = 0		P(44) = 0	
	P(45) = 0.05152441706585884		P(46) = 0.02934496449249975		P(47) = 0	
	P(48) = 0.03407789180799698		P(49) = 0		P(50) = 0.01689528331003221	
	P(51) = 0.001517708761778702		P(52) = 0.099		P(53) = 0.099	
	P(54) = 0.04477077668760596		P(55) = 0.002209667996954684		P(56) = 0	
	P(57) = 0.03580806776259143		P(58) = 0.01677638662883612		P(59) = 0	
	P(60) = 0		P(61) = 0		P(62) = 0	
	P(63) = 0	
================================================================================

================================================================================

NUMBER OF ITERATIONS: 3

NUMBER OF OBJECTIVE FUNCTION EVALUATIONS: 190

OBJECTIVE FUNCTION VALUE:
	F = 22.73586102208248

LAGRANGIAN MULTIPLIERS VALUES:

PENALTY FACTOR:

BEST POSITION:
	P(0) = 0.099		P(1) = 0.06761443763448426		P(2) = 0.07901539115284624	
	P(3) = 0.02235866244548068		P(4) = 0.05003946018350006		P(5) = 0	
	P(6) = 0.0008409205825614802		P(7) = 0.0845747486794699		P(8) = 0	
	P(9) = 0.009920650131868256		P(10) = 0.07932257139175855		P(11) = 0.07591253668826659	
	P(12) = 0.03932213907951803		P(13) = 0.099		P(14) = 0.09235766216786778	
	P(15) = 0.099		P(16) = 0.02313367392633143		P(17) = 0	
	P(18) = 0.01059319172296962		P(19) = 0		P(20) = 0	
	P(21) = 0		P(22) = 0.099		P(23) = 0	
	P(24) = 0.01241210734225149		P(25) = 0		P(26) = 0.01485655784921528	
	P(27) = 0		P(28) = 0.099		P(29) = 0	
	P(30) = 0.099		P(31) = 0.02615793306346656		P(32) = 0.03306374237407279	
	P(33) = 0		P(34) = 0.0035334101251547		P(35) = 0.07867866963863775	
	P(36) = 0		P(37) = 0		P(38) = 0.099	
	P(39) = 0.04433473312896354		P(40) = 0.02054562150205198		P(41) = 0	
	P(42) = 0.07823227209507255		P(43) = 0		P(44) = 0	
	P(45) = 0.007926721126294549		P(46) = 0.01068661608212336		P(47) = 0	
	P(48) = 0		P(49) = 0		P(50) = 0.006679637694687879	
	P(51) = 0		P(52) = 0.099		P(53) = 0.099	
	P(54) = 0.09625645839686231		P(55) = 0		P(56) = 0	
	P(57) = 0.04059155951682375		P(58) = 0.03472720038775591		P(59) = 0	
	P(60) = 0		P(61) = 0		P(62) = 0	
	P(63) = 0	
================================================================================

================================================================================

NUMBER OF ITERATIONS: 4

NUMBER OF OBJECTIVE FUNCTION EVALUATIONS: 250

OBJECTIVE FUNCTION VALUE:
	F = 19.83477903534262

LAGRANGIAN MULTIPLIERS VALUES:

PENALTY FACTOR:

BEST POSITION:
	P(0) = 0.099		P(1) = 0.07732517591619691		P(2) = 0.08110108077906344	
	P(3) = 0.00267445899068218		P(4) = 0.05313764289926578		P(5) = 0.003879853590417176	
	P(6) = 0.00030872650251728		P(7) = 0.09465556745422002		P(8) = 0	
	P(9) = 0.007147927879925783		P(10) = 0.07179739882859815		P(11) = 0.07686387211509285	
	P(12) = 0.03816538500250783		P(13) = 0.08828832081619603		P(14) = 0.09739375203584325	
	P(15) = 0.099		P(16) = 0.01761838016574016		P(17) = 1.969222457029463e-06	
	P(18) = 0.002125530498636695		P(19) = 0		P(20) = 5.515931221916626e-07	
	P(21) = 0		P(22) = 0.099		P(23) = 0	
	P(24) = 0.009263075441753164		P(25) = 0		P(26) = 0.009254195123921477	
	P(27) = 6.486134412279909e-06		P(28) = 0.0989986582514322		P(29) = 0	
	P(30) = 0.09899817421885206		P(31) = 0.0325095469476117		P(32) = 0.01382358725602282	
	P(33) = 0		P(34) = 0.0001453963387755761		P(35) = 0.06425312324235627	
	P(36) = 0		P(37) = 0		P(38) = 0.09688216546901961	
	P(39) = 0.0128553149791102		P(40) = 0		P(41) = 0	
	P(42) = 0.06970550407923348		P(43) = 0		P(44) = 2.700162813056017e-06	
	P(45) = 0.00282415240347321		P(46) = 0.05107899960754794		P(47) = 0	
	P(48) = 0		P(49) = 0.01206589985114487		P(50) = 0.009075981295963674	
	P(51) = 0		P(52) = 0.09899664862542945		P(53) = 0.08749276563872749	
	P(54) = 0.08782833618834866		P(55) = 0		P(56) = 0	
	P(57) = 0.03269702285146436		P(58) = 0.01151617066777402		P(59) = 0	
	P(60) = 0		P(61) = 0		P(62) = 0	
	P(63) = 0	
================================================================================

================================================================================

NUMBER OF ITERATIONS: 5

NUMBER OF OBJECTIVE FUNCTION EVALUATIONS: 310

OBJECTIVE FUNCTION VALUE:
	F = 17.20377805047917

LAGRANGIAN MULTIPLIERS VALUES:

PENALTY FACTOR:

BEST POSITION:
	P(0) = 0.099		P(1) = 0.08629535082513901		P(2) = 0.05954427386143906	
	P(3) = 0.0007192706490327314		P(4) = 0.0735102045560815		P(5) = 0	
	P(6) = 0		P(7) = 0.099		P(8) = 0.02226221463468531	
	P(9) = 0		P(10) = 0.05353803969683542		P(11) = 0.07433916902638787	
	P(12) = 0.04898007598279532		P(13) = 0.06857835529897284		P(14) = 0.099	
	P(15) = 0.099		P(16) = 0		P(17) = 0	
	P(18) = 0.04719417547363922		P(19) = 0		P(20) = 0	
	P(21) = 0		P(22) = 0.099		P(23) = 0	
	P(24) = 0		P(25) = 0		P(26) = 0.002873761264294998	
	P(27) = 0		P(28) = 0.099		P(29) = 0	
	P(30) = 0.099		P(31) = 0		P(32) = 0	
	P(33) = 0		P(34) = 0		P(35) = 0.01825758632039204	
	P(36) = 0		P(37) = 0		P(38) = 0.099	
	P(39) = 0		P(40) = 0		P(41) = 0	
	P(42) = 0.06153473829304931		P(43) = 0		P(44) = 0.02031521562732573	
	P(45) = 0		P(46) = 0.09016666687046618		P(47) = 0	
	P(48) = 0		P(49) = 0		P(50) = 0.03030861918417681	
	P(51) = 0		P(52) = 0.09209087377013978		P(53) = 0.08478226340666623	
	P(54) = 0.099		P(55) = 0		P(56) = 0.009330023916981338	
	P(57) = 0.06996617160970836		P(58) = 0		P(59) = 0	
	P(60) = 0.03759651742430321		P(61) = 0		P(62) = 0	
	P(63) = 0	
================================================================================

================================================================================

NUMBER OF ITERATIONS: 6

NUMBER OF OBJECTIVE FUNCTION EVALUATIONS: 370

OBJECTIVE FUNCTION VALUE:
	F = 14.81720956054547

LAGRANGIAN MULTIPLIERS VALUES:

PENALTY FACTOR:

BEST POSITION:
	P(0) = 0.099		P(1) = 0.0769895862409299		P(2) = 0.02934136584587225	
	P(3) = 0		P(4) = 0.05678268700899043		P(5) = 0	
	P(6) = 0.01518071328980791		P(7) = 0.06030691525596691		P(8) = 0.01217993882527421	
	P(9) = 0		P(10) = 0.04073618337694308		P(11) = 0.05704413649493006	
	P(12) = 0.04604235362388833		P(13) = 0.05128808835064738		P(14) = 0.099	
	P(15) = 0.08411819411544991		P(16) = 0		P(17) = 0	
	P(18) = 0.04750650916456901		P(19) = 0		P(20) = 0	
	P(21) = 0		P(22) = 0.099		P(23) = 0	
	P(24) = 0		P(25) = 0		P(26) = 0.0001193491395758556	
	P(27) = 0		P(28) = 0.09306772221260071		P(29) = 0	
	P(30) = 0.099		P(31) = 0		P(32) = 0	
	P(33) = 0		P(34) = 0		P(35) = 0.04627377390768735	
	P(36) = 0		P(37) = 0		P(38) = 0.099	
	P(39) = 0		P(40) = 0		P(41) = 0	
	P(42) = 0.05605286328427632		P(43) = 0		P(44) = 0.02612765930089946	
	P(45) = 0		P(46) = 0.099		P(47) = 0	
	P(48) = 0		P(49) = 0		P(50) = 0.01195142465520244	
	P(51) = 0		P(52) = 0.099		P(53) = 0.09587937807356195	
	P(54) = 0.099		P(55) = 2.8913043649402e-05		P(56) = 0	
	P(57) = 0.05161423192458602		P(58) = 0		P(59) = 0	
	P(60) = 0.01614528817027563		P(61) = 0		P(62) = 0.008129033338043677	
	P(63) = 0	
================================================================================

================================================================================

NUMBER OF ITERATIONS: 7

NUMBER OF OBJECTIVE FUNCTION EVALUATIONS: 430

OBJECTIVE FUNCTION VALUE:
	F = 12.61531251946645

LAGRANGIAN MULTIPLIERS VALUES:

PENALTY FACTOR:

BEST POSITION:
	P(0) = 0.099		P(1) = 0.07303838313931649		P(2) = 0.01845666867022315	
	P(3) = 0		P(4) = 0.02572792347682054		P(5) = 0	
	P(6) = 0.001321467660912783		P(7) = 0.08080329541536722		P(8) = 0.009559746834432975	
	P(9) = 0		P(10) = 0.00931684743357148		P(11) = 0.03424084366110558	
	P(12) = 0.01376135739255539		P(13) = 0		P(14) = 0.099	
	P(15) = 0.08361084151386408		P(16) = 0		P(17) = 0	
	P(18) = 0.06777909345878841		P(19) = 0		P(20) = 0	
	P(21) = 0		P(22) = 0.099		P(23) = 0	
	P(24) = 0.00163138553853899		P(25) = 0		P(26) = 0	
	P(27) = 0		P(28) = 0.09730714543913044		P(29) = 0	
	P(30) = 0.099		P(31) = 0		P(32) = 0	
	P(33) = 0		P(34) = 0		P(35) = 0.06112294392813589	
	P(36) = 0		P(37) = 0		P(38) = 0.099	
	P(39) = 0		P(40) = 0		P(41) = 0	
	P(42) = 0.06344137164405303		P(43) = 0		P(44) = 0.02291045224216695	
	P(45) = 0		P(46) = 0.099		P(47) = 0	
	P(48) = 0.006801629046825408		P(49) = 0		P(50) = 0.01749696018754297	
	P(51) = 0		P(52) = 0.099		P(53) = 0.099	
	P(54) = 0.099		P(55) = 0		P(56) = 0	
	P(57) = 0.03501344786902724		P(58) = 0		P(59) = 0	
	P(60) = 0.008541983277904841		P(61) = 0		P(62) = 0	
	P(63) = 0	
================================================================================

================================================================================

NUMBER OF ITERATIONS: 8

NUMBER OF OBJECTIVE FUNCTION EVALUATIONS: 490

OBJECTIVE FUNCTION VALUE:
	F = 11.77098686171955

LAGRANGIAN MULTIPLIERS VALUES:

PENALTY FACTOR:

BEST POSITION:
	P(0) = 0.099		P(1) = 0.06973539653727941		P(2) = 0.01016244639896229	
	P(3) = 0		P(4) = 0.02600040121984336		P(5) = 0	
	P(6) = 0		P(7) = 0.07472334692930951		P(8) = 0.005075010361961445	
	P(9) = 0		P(10) = 0		P(11) = 0.0009041091281778643	
	P(12) = 0.01086081368348094		P(13) = 0.01084402384334979		P(14) = 0.099	
	P(15) = 0.06617071324138959		P(16) = 0		P(17) = 0	
	P(18) = 0.08266665488994351		P(19) = 0		P(20) = 0	
	P(21) = 0		P(22) = 0.099		P(23) = 0	
	P(24) = 0		P(25) = 0		P(26) = 0	
	P(27) = 0		P(28) = 0.099		P(29) = 0	
	P(30) = 0.099		P(31) = 0		P(32) = 0	
	P(33) = 0		P(34) = 0		P(35) = 0.05082061409754702	
	P(36) = 0		P(37) = 0		P(38) = 0.099	
	P(39) = 0		P(40) = 0		P(41) = 0	
	P(42) = 0.08070932414202631		P(43) = 0.01768798372084831		P(44) = 0.01739235405678882	
	P(45) = 0		P(46) = 0.099		P(47) = 0	
	P(48) = 0		P(49) = 0		P(50) = 0.05711139040067658	
	P(51) = 0		P(52) = 0.09298502951933135		P(53) = 0.099	
	P(54) = 0.099		P(55) = 0		P(56) = 0	
	P(57) = 0.002716648667984836		P(58) = 0		P(59) = 0	
	P(60) = 0		P(61) = 0		P(62) = 0	
	P(63) = 0	
================================================================================

================================================================================

NUMBER OF ITERATIONS: 9

NUMBER OF OBJECTIVE FUNCTION EVALUATIONS: 550

OBJECTIVE FUNCTION VALUE:
	F = 11.35290810511442

LAGRANGIAN MULTIPLIERS VALUES:

PENALTY FACTOR:

BEST POSITION:
	P(0) = 0.099		P(1) = 0.06833984686487939		P(2) = 0.00828753979870174	
	P(3) = 1.616721746720839e-06		P(4) = 0.03977229639806946		P(5) = 0	
	P(6) = 0		P(7) = 0.05928704214636948		P(8) = 0.0009843612264762852	
	P(9) = 0		P(10) = 0		P(11) = 0	
	P(12) = 0.01297807574058478		P(13) = 0		P(14) = 0.09899990844230067	
	P(15) = 0.05364902633529897		P(16) = 0		P(17) = 2.468031808408599e-06	
	P(18) = 0.08022909041854587		P(19) = 0		P(20) = 0	
	P(21) = 0		P(22) = 0.099		P(23) = 3.279736985134507e-06	
	P(24) = 0		P(25) = 0		P(26) = 0	
	P(27) = 1.44843947609552e-06		P(28) = 0.099		P(29) = 3.179349922194374e-06	
	P(30) = 0.099		P(31) = 6.902120204356488e-06		P(32) = 1.916266743749728e-06	
	P(33) = 2.013621929718157e-06		P(34) = 0		P(35) = 0.06234705849946515	
	P(36) = 1.03512069323658e-06		P(37) = 6.656573026397883e-07		P(38) = 0.09899921744178994	
	P(39) = 0		P(40) = 0		P(41) = 3.212434254509788e-06	
	P(42) = 0.09630528212253923		P(43) = 0.01641226415014691		P(44) = 0.01572787037049377	
	P(45) = 1.642786985750488e-07		P(46) = 0.09899517994395431		P(47) = 0	
	P(48) = 0.0001068258501926156		P(49) = 4.785889623194761e-06		P(50) = 0.09497865873594732	
	P(51) = 5.87423599651693e-06		P(52) = 0.07755705674191278		P(53) = 0.099	
	P(54) = 0.0989982246147669		P(55) = 0		P(56) = 0	
	P(57) = 0		P(58) = 0		P(59) = 3.101561852299206e-06	
	P(60) = 0		P(61) = 8.070161132481268e-07		P(62) = 0	
	P(63) = 0	
================================================================================

================================================================================

NUMBER OF ITERATIONS: 10

NUMBER OF OBJECTIVE FUNCTION EVALUATIONS: 610

OBJECTIVE FUNCTION VALUE:
	F = 10.70127407359349

LAGRANGIAN MULTIPLIERS VALUES:

PENALTY FACTOR:

BEST POSITION:
	P(0) = 0.099		P(1) = 0.03961208026060299		P(2) = 0.007504898502104618	
	P(3) = 0		P(4) = 0.07156139328584266		P(5) = 0	
	P(6) = 0		P(7) = 0.02856778688266033		P(8) = 0.002266571970471268	
	P(9) = 0		P(10) = 0		P(11) = 0	
	P(12) = 0.03585523002942314		P(13) = 0		P(14) = 0.09888180022325885	
	P(15) = 0.06189445845908334		P(16) = 0		P(17) = 0	
	P(18) = 0.08202407156309781		P(19) = 0		P(20) = 0	
	P(21) = 0		P(22) = 0.099		P(23) = 0	
	P(24) = 0		P(25) = 0		P(26) = 0	
	P(27) = 0		P(28) = 0.099		P(29) = 0	
	P(30) = 0.099		P(31) = 0		P(32) = 0	
	P(33) = 0		P(34) = 0		P(35) = 0.04002408686908408	
	P(36) = 0		P(37) = 0		P(38) = 0.099	
	P(39) = 0		P(40) = 0		P(41) = 0	
	P(42) = 0.0935061377328521		P(43) = 0.02514693589536768		P(44) = 0.000264894703860763	
	P(45) = 0		P(46) = 0.099		P(47) = 0	
	P(48) = 0		P(49) = 0		P(50) = 0.0950664113645565	
	P(51) = 0		P(52) = 0.0573737914864401		P(53) = 0.099	
	P(54) = 0.099		P(55) = 0		P(56) = 0	
	P(57) = 0		P(58) = 0		P(59) = 0	
	P(60) = 0		P(61) = 0		P(62) = 0	
	P(63) = 0	
================================================================================

================================================================================

NUMBER OF ITERATIONS: 11

NUMBER OF OBJECTIVE FUNCTION EVALUATIONS: 670

OBJECTIVE FUNCTION VALUE:
	F = 10.28837326199061

LAGRANGIAN MULTIPLIERS VALUES:

PENALTY FACTOR:

BEST POSITION:
	P(0) = 0.099		P(1) = 0.00213025178457691		P(2) = 0.01124685318525002	
	P(3) = 2.244045146926332e-07		P(4) = 0.0979716045921052		P(5) = 0	
	P(6) = 0		P(7) = 0.01551724749904848		P(8) = 0.001117533759792115	
	P(9) = 0		P(10) = 1.482230604990531e-07		P(11) = 0	
	P(12) = 0.04246080316743069		P(13) = 0		P(14) = 0.09837256321227722	
	P(15) = 0.05938864942616576		P(16) = 3.049078649751402e-06		P(17) = 0	
	P(18) = 0.08397688381594998		P(19) = 0		P(20) = 0	
	P(21) = 0		P(22) = 0.099		P(23) = 3.502650229872395e-06	
	P(24) = 0		P(25) = 0		P(26) = 0	
	P(27) = 0		P(28) = 0.099		P(29) = 0	
	P(30) = 0.099		P(31) = 0		P(32) = 0	
	P(33) = 2.612025451764755e-07		P(34) = 0		P(35) = 0.03312473847096653	
	P(36) = 0		P(37) = 0		P(38) = 0.099	
	P(39) = 0		P(40) = 0		P(41) = 2.672811995473034e-06	
	P(42) = 0.099		P(43) = 0.03719273047290011		P(44) = 0	
	P(45) = 0		P(46) = 0.099		P(47) = 0	
	P(48) = 0		P(49) = 2.496559518616603e-06		P(50) = 0.099	
	P(51) = 0		P(52) = 0.057429158253638		P(53) = 0.099	
	P(54) = 0.099		P(55) = 0		P(56) = 0	
	P(57) = 4.449340082195163e-06		P(58) = 0		P(59) = 0	
	P(60) = 0		P(61) = 0		P(62) = 0	
	P(63) = 0	
================================================================================

================================================================================

NUMBER OF ITERATIONS: 12

NUMBER OF OBJECTIVE FUNCTION EVALUATIONS: 730

OBJECTIVE FUNCTION VALUE:
	F = 10.00311207220857

LAGRANGIAN MULTIPLIERS VALUES:

PENALTY FACTOR:

BEST POSITION:
	P(0) = 0.099		P(1) = 0.001207591781427084		P(2) = 0.01128855415421398	
	P(3) = 3.442821586201184e-06		P(4) = 0.0989975263573154		P(5) = 0	
	P(6) = 0		P(7) = 0.006084131794126431		P(8) = 0.0001269045021165816	
	P(9) = 0		P(10) = 0		P(11) = 0	
	P(12) = 0		P(13) = 0		P(14) = 0.099	
	P(15) = 0.05400477274535398		P(16) = 0.00471680323334988		P(17) = 0	
	P(18) = 0.07550272652584561		P(19) = 0		P(20) = 0	
	P(21) = 0		P(22) = 0.099		P(23) = 0	
	P(24) = 0		P(25) = 0		P(26) = 0	
	P(27) = 0		P(28) = 0.099		P(29) = 0	
	P(30) = 0.099		P(31) = 0		P(32) = 0	
	P(33) = 0		P(34) = 1.673435370254384e-06		P(35) = 0.03194967218493895	
	P(36) = 0		P(37) = 0		P(38) = 0.099	
	P(39) = 0		P(40) = 0		P(41) = 0	
	P(42) = 0.09867407046670507		P(43) = 0.03942798443786824		P(44) = 0	
	P(45) = 0		P(46) = 0.099		P(47) = 0	
	P(48) = 0		P(49) = 0		P(50) = 0.099	
	P(51) = 0		P(52) = 0.02201187928818862		P(53) = 0.099	
	P(54) = 0.099		P(55) = 0		P(56) = 0	
	P(57) = 0		P(58) = 0		P(59) = 0	
	P(60) = 0		P(61) = 0		P(62) = 0	
	P(63) = 0	
================================================================================

================================================================================

NUMBER OF ITERATIONS: 13

NUMBER OF OBJECTIVE FUNCTION EVALUATIONS: 790

OBJECTIVE FUNCTION VALUE:
	F = 9.843160119303365

LAGRANGIAN MULTIPLIERS VALUES:

PENALTY FACTOR:

BEST POSITION:
	P(0) = 0.099		P(1) = 0		P(2) = 0.007704329766651884	
	P(3) = 0		P(4) = 0.099		P(5) = 1.95786341585652e-06	
	P(6) = 0		P(7) = 0.003450814835338392		P(8) = 0	
	P(9) = 2.678891411138362e-06		P(10) = 0		P(11) = 0	
	P(12) = 0.000263429051278935		P(13) = 1.076519833366485e-06		P(14) = 0.099	
	P(15) = 0.08444649622116134		P(16) = 0.0032778872273398		P(17) = 0	
	P(18) = 0.07414635326887768		P(19) = 0		P(20) = 5.192104802737019e-06	
	P(21) = 2.60116862136478e-06		P(22) = 0.099		P(23) = 0	
	P(24) = 0		P(25) = 0		P(26) = 6.187924695283398e-07	
	P(27) = 4.289462890695594e-06		P(28) = 0.099		P(29) = 7.865198119391681e-07	
	P(30) = 0.09899597223980713		P(31) = 1.471943739964066e-06		P(32) = 5.392641328011427e-06	
	P(33) = 0		P(34) = 7.258267801305007e-07		P(35) = 0.02849128453883347	
	P(36) = 7.960881015026122e-07		P(37) = 2.702737314091985e-07		P(38) = 0.0989991525680723	
	P(39) = 0		P(40) = 0		P(41) = 1.838739500936715e-07	
	P(42) = 0.09882956727459251		P(43) = 0.02954148051402791		P(44) = 2.65373682766662e-06	
	P(45) = 0		P(46) = 0.0989997605342709		P(47) = 0	
	P(48) = 0		P(49) = 1.297105044172076e-06		P(50) = 0.099	
	P(51) = 8.570151164150053e-07		P(52) = 0		P(53) = 0.09899261539694838	
	P(54) = 0.099		P(55) = 0		P(56) = 0	
	P(57) = 4.631853217362814e-06		P(58) = 8.516046045431436e-08		P(59) = 3.776800251611978e-06	
	P(60) = 5.441151174200021e-06		P(61) = 0		P(62) = 2.626284011805757e-06	
	P(63) = 1.537646967891826e-06	
================================================================================

================================================================================

NUMBER OF ITERATIONS: 14

NUMBER OF OBJECTIVE FUNCTION EVALUATIONS: 850

OBJECTIVE FUNCTION VALUE:
	F = 9.832144794362961

LAGRANGIAN MULTIPLIERS VALUES:

PENALTY FACTOR:

BEST POSITION:
	P(0) = 0.099		P(1) = 0		P(2) = 0.005430520936852264	
	P(3) = 0		P(4) = 0.099		P(5) = 0	
	P(6) = 0		P(7) = 0.00225975958322136		P(8) = 0	
	P(9) = 0		P(10) = 0		P(11) = 0	
	P(12) = 0		P(13) = 0		P(14) = 0.099	
	P(15) = 0.07901028439452659		P(16) = 0		P(17) = 0	
	P(18) = 0.07241475098440801		P(19) = 0		P(20) = 0	
	P(21) = 0		P(22) = 0.099		P(23) = 0	
	P(24) = 0		P(25) = 0		P(26) = 0	
	P(27) = 0		P(28) = 0.099		P(29) = 0	
	P(30) = 0.099		P(31) = 0		P(32) = 0	
	P(33) = 0		P(34) = 0		P(35) = 0.03396905432687757	
	P(36) = 0		P(37) = 0		P(38) = 0.099	
	P(39) = 3.064940035102381e-08		P(40) = 0		P(41) = 0	
	P(42) = 0.099		P(43) = 0.02478531970991349		P(44) = 0	
	P(45) = 0		P(46) = 0.099		P(47) = 0	
	P(48) = 0		P(49) = 0		P(50) = 0.099	
	P(51) = 0		P(52) = 0		P(53) = 0.099	
	P(54) = 0.099		P(55) = 0		P(56) = 0	
	P(57) = 0		P(58) = 0		P(59) = 0	
	P(60) = 0		P(61) = 0		P(62) = 0	
	P(63) = 0	
================================================================================

================================================================================

NUMBER OF ITERATIONS: 15

NUMBER OF OBJECTIVE FUNCTION EVALUATIONS: 910

OBJECTIVE FUNCTION VALUE:
	F = 9.693502744625629

LAGRANGIAN MULTIPLIERS VALUES:

PENALTY FACTOR:

BEST POSITION:
	P(0) = 0.099		P(1) = 0		P(2) = 0	
	P(3) = 0		P(4) = 0.099		P(5) = 0	
	P(6) = 0		P(7) = 0		P(8) = 0	
	P(9) = 0		P(10) = 0		P(11) = 0	
	P(12) = 0		P(13) = 0		P(14) = 0.099	
	P(15) = 0.08864193728808822		P(16) = 0		P(17) = 0.036668799488385	
	P(18) = 0.07223661642057046		P(19) = 0		P(20) = 0.01977629206240739	
	P(21) = 0		P(22) = 0.099		P(23) = 0	
	P(24) = 0		P(25) = 0		P(26) = 0	
	P(27) = 0		P(28) = 0.099		P(29) = 0	
	P(30) = 0.099		P(31) = 0		P(32) = 0	
	P(33) = 0		P(34) = 0		P(35) = 0.03199541057950473	
	P(36) = 0		P(37) = 0.005146769261893933		P(38) = 0.099	
	P(39) = 0		P(40) = 0		P(41) = 0	
	P(42) = 0.099		P(43) = 0.01321801030029182		P(44) = 0	
	P(45) = 0.002871807904191045		P(46) = 0.09137014874271682		P(47) = 0	
	P(48) = 0		P(49) = 0		P(50) = 0.099	
	P(51) = 0		P(52) = 0		P(53) = 0.099	
	P(54) = 0.099		P(55) = 0		P(56) = 0	
	P(57) = 0		P(58) = 0		P(59) = 0	
	P(60) = 0		P(61) = 0		P(62) = 0	
	P(63) = 0	
================================================================================

================================================================================

NUMBER OF ITERATIONS: 16

NUMBER OF OBJECTIVE FUNCTION EVALUATIONS: 970

OBJECTIVE FUNCTION VALUE:
	F = 9.524500681529871

LAGRANGIAN MULTIPLIERS VALUES:

PENALTY FACTOR:

BEST POSITION:
	P(0) = 0.099		P(1) = 0		P(2) = 0	
	P(3) = 0		P(4) = 0.099		P(5) = 0	
	P(6) = 0		P(7) = 0		P(8) = 0	
	P(9) = 0		P(10) = 0		P(11) = 0	
	P(12) = 0		P(13) = 0		P(14) = 0.099	
	P(15) = 0.099		P(16) = 0		P(17) = 0.05826643990845717	
	P(18) = 0.04999071005353659		P(19) = 0		P(20) = 0.001945041600473284	
	P(21) = 0		P(22) = 0.099		P(23) = 0	
	P(24) = 0		P(25) = 0		P(26) = 0	
	P(27) = 0		P(28) = 0.09899869761824634		P(29) = 0	
	P(30) = 0.099		P(31) = 0		P(32) = 4.780236459375753e-07	
	P(33) = 0		P(34) = 0		P(35) = 0.03783497106086502	
	P(36) = 0		P(37) = 0.002011923528025511		P(38) = 0.099	
	P(39) = 0		P(40) = 0		P(41) = 0	
	P(42) = 0.099		P(43) = 0		P(44) = 1.252978279499273e-06	
	P(45) = 0.002652529446996649		P(46) = 0.09124704024325439		P(47) = 0	
	P(48) = 0		P(49) = 2.622395763172969e-06		P(50) = 0.099	
	P(51) = 0		P(52) = 0		P(53) = 0.099	
	P(54) = 0.099		P(55) = 0		P(56) = 0	
	P(57) = 0		P(58) = 0.02382224740471299		P(59) = 0	
	P(60) = 0		P(61) = 2.578598241625984e-06		P(62) = 0	
	P(63) = 2.451081760938834e-06	
================================================================================

================================================================================

NUMBER OF ITERATIONS: 17

NUMBER OF OBJECTIVE FUNCTION EVALUATIONS: 1030

OBJECTIVE FUNCTION VALUE:
	F = 9.423657048241985

LAGRANGIAN MULTIPLIERS VALUES:

PENALTY FACTOR:

BEST POSITION:
	P(0) = 0.099		P(1) = 0		P(2) = 0	
	P(3) = 0		P(4) = 0.099		P(5) = 0	
	P(6) = 0		P(7) = 0		P(8) = 0	
	P(9) = 0		P(10) = 0		P(11) = 0	
	P(12) = 0		P(13) = 0		P(14) = 0.099	
	P(15) = 0.0865705001721371		P(16) = 0		P(17) = 0.04997423614652702	
	P(18) = 0.05376580528509074		P(19) = 0		P(20) = 0	
	P(21) = 0		P(22) = 0.099		P(23) = 0	
	P(24) = 0		P(25) = 0		P(26) = 0	
	P(27) = 0		P(28) = 0.099		P(29) = 0	
	P(30) = 0.099		P(31) = 0		P(32) = 0	
	P(33) = 0		P(34) = 0		P(35) = 0.04115657338672842	
	P(36) = 0		P(37) = 0.002428401537386833		P(38) = 0.099	
	P(39) = 0		P(40) = 0		P(41) = 0	
	P(42) = 0.099		P(43) = 0		P(44) = 0	
	P(45) = 0.004048058661160522		P(46) = 0.09714717412133955		P(47) = 0	
	P(48) = 0		P(49) = 0		P(50) = 0.099	
	P(51) = 6.438564033164895e-06		P(52) = 0		P(53) = 0.099	
	P(54) = 0.099		P(55) = 0		P(56) = 0	
	P(57) = 0		P(58) = 0.04025986424550859		P(59) = 0	
	P(60) = 0		P(61) = 0		P(62) = 0	
	P(63) = 0	
================================================================================

================================================================================

NUMBER OF ITERATIONS: 18

NUMBER OF OBJECTIVE FUNCTION EVALUATIONS: 1090

OBJECTIVE FUNCTION VALUE:
	F = 9.400003272946989

LAGRANGIAN MULTIPLIERS VALUES:

PENALTY FACTOR:

BEST POSITION:
	P(0) = 0.099		P(1) = 0		P(2) = 0	
	P(3) = 0		P(4) = 0.099		P(5) = 0	
	P(6) = 0		P(7) = 0		P(8) = 0	
	P(9) = 0		P(10) = 0		P(11) = 0	
	P(12) = 0		P(13) = 0		P(14) = 0.099	
	P(15) = 0.06797177205735502		P(16) = 0		P(17) = 0.05122097159638694	
	P(18) = 0.0485148901424797		P(19) = 0		P(20) = 0	
	P(21) = 0		P(22) = 0.099		P(23) = 0	
	P(24) = 0		P(25) = 0		P(26) = 0	
	P(27) = 0		P(28) = 0.099		P(29) = 0	
	P(30) = 0.099		P(31) = 0		P(32) = 0	
	P(33) = 0		P(34) = 0		P(35) = 0.04593432054864231	
	P(36) = 0		P(37) = 0.002595782503507095		P(38) = 0.099	
	P(39) = 0		P(40) = 0		P(41) = 0	
	P(42) = 0.099		P(43) = 0		P(44) = 0	
	P(45) = 0.003945290629915457		P(46) = 0.09657833624295918		P(47) = 0	
	P(48) = 0		P(49) = 0		P(50) = 0.099	
	P(51) = 0		P(52) = 0		P(53) = 0.099	
	P(54) = 0.099		P(55) = 0		P(56) = 0	
	P(57) = 0		P(58) = 0.04223083372754455		P(59) = 0	
	P(60) = 0		P(61) = 0		P(62) = 0	
	P(63) = 0	
================================================================================

================================================================================

NUMBER OF ITERATIONS: 19

NUMBER OF OBJECTIVE FUNCTION EVALUATIONS: 1150

OBJECTIVE FUNCTION VALUE:
	F = 9.400391016894337

LAGRANGIAN MULTIPLIERS VALUES:

PENALTY FACTOR:

BEST POSITION:
	P(0) = 0.09899580642480382		P(1) = 0		P(2) = 0	
	P(3) = 0		P(4) = 0.09899632267015197		P(5) = 4.857560446637488e-06	
	P(6) = 1.032222810087163e-05		P(7) = 0		P(8) = 0	
	P(9) = 1.663787876221567e-08		P(10) = 1.199990394319672e-05		P(11) = 4.258673071855235e-06	
	P(12) = 2.316306979291416e-06		P(13) = 4.147415747682293e-06		P(14) = 0.099	
	P(15) = 0.06635200880637469		P(16) = 1.12221019107836e-05		P(17) = 0.05127222507383322	
	P(18) = 0.04811847847366323		P(19) = 0		P(20) = 0	
	P(21) = 0		P(22) = 0.099		P(23) = 4.62703665063402e-07	
	P(24) = 1.678089055254239e-06		P(25) = 0		P(26) = 0	
	P(27) = 2.286697631199985e-06		P(28) = 0.099		P(29) = 0	
	P(30) = 0.0989967668053192		P(31) = 0		P(32) = 8.469102329294875e-07	
	P(33) = 0		P(34) = 0		P(35) = 0.04698921243219102	
	P(36) = 6.177846037042078e-06		P(37) = 0.002310495860552146		P(38) = 0.099	
	P(39) = 0		P(40) = 0		P(41) = 5.935308278887108e-07	
	P(42) = 0.099		P(43) = 3.73057585212333e-07		P(44) = 6.563010083324161e-06	
	P(45) = 0.003824159578704821		P(46) = 0.09587606871110846		P(47) = 0	
	P(48) = 0		P(49) = 2.072336550036635e-06		P(50) = 0.099	
	P(51) = 0		P(52) = 0		P(53) = 0.09899466325065956	
	P(54) = 0.09899635511225105		P(55) = 0		P(56) = 6.64479090480008e-07	
	P(57) = 2.720698293032231e-06		P(58) = 0.04195785821397379		P(59) = 0	
	P(60) = 0		P(61) = 0		P(62) = 9.051004626128845e-07	
	P(63) = 0	
================================================================================

================================================================================

NUMBER OF ITERATIONS: 20

NUMBER OF OBJECTIVE FUNCTION EVALUATIONS: 1210

OBJECTIVE FUNCTION VALUE:
	F = 9.38531606597936

LAGRANGIAN MULTIPLIERS VALUES:

PENALTY FACTOR:

BEST POSITION:
	P(0) = 0.09899825923179001		P(1) = 3.925570664295441e-07		P(2) = 1.450163528066151e-06	
	P(3) = 0		P(4) = 0.099		P(5) = 3.913120780352219e-06	
	P(6) = 2.993900126188609e-06		P(7) = 0		P(8) = 8.770210847872106e-06	
	P(9) = 0		P(10) = 1.156376493574585e-06		P(11) = 0	
	P(12) = 1.219853773479218e-06		P(13) = 8.834800013055033e-06		P(14) = 0.099	
	P(15) = 0.06482893625026753		P(16) = 0		P(17) = 0.05363334076267742	
	P(18) = 0.03459937802856761		P(19) = 2.291062973482083e-06		P(20) = 4.182149632929455e-06	
	P(21) = 0		P(22) = 0.099		P(23) = 0	
	P(24) = 1.888707048314231e-06		P(25) = 6.501693176987067e-06		P(26) = 1.566753452232617e-06	
	P(27) = 0		P(28) = 0.099		P(29) = 7.558186374975739e-06	
	P(30) = 0.099		P(31) = 3.354908054913064e-06		P(32) = 0	
	P(33) = 0		P(34) = 1.248287080993227e-07		P(35) = 0.04569424315954974	
	P(36) = 1.281203093404099e-05		P(37) = 0.002212842811562095		P(38) = 0.099	
	P(39) = 4.551560870300064e-06		P(40) = 0		P(41) = 0	
	P(42) = 0.099		P(43) = 1.151837170490499e-06		P(44) = 0	
	P(45) = 0.003715199935484796		P(46) = 0.09446370706266383		P(47) = 1.200814222661328e-06	
	P(48) = 0		P(49) = 0		P(50) = 0.099	
	P(51) = 7.760475698587177e-07		P(52) = 0		P(53) = 0.099	
	P(54) = 0.09899401661108614		P(55) = 0		P(56) = 0	
	P(57) = 0		P(58) = 0.04469158220238664		P(59) = 5.048978048011188e-06	
	P(60) = 6.463183421304142e-07		P(61) = 0		P(62) = 6.68162761149893e-06	
	P(63) = 4.591715744017844e-07	
================================================================================

================================================================================

NUMBER OF ITERATIONS: 21

NUMBER OF OBJECTIVE FUNCTION EVALUATIONS: 1270

OBJECTIVE FUNCTION VALUE:
	F = 9.38531606597936

LAGRANGIAN MULTIPLIERS VALUES:

PENALTY FACTOR:

BEST POSITION:
	P(0) = 0.09899825923179001		P(1) = 3.925570664295441e-07		P(2) = 1.450163528066151e-06	
	P(3) = 0		P(4) = 0.099		P(5) = 3.913120780352219e-06	
	P(6) = 2.993900126188609e-06		P(7) = 0		P(8) = 8.770210847872106e-06	
	P(9) = 0		P(10) = 1.156376493574585e-06		P(11) = 0	
	P(12) = 1.219853773479218e-06		P(13) = 8.834800013055033e-06		P(14) = 0.099	
	P(15) = 0.06482893625026753		P(16) = 0		P(17) = 0.05363334076267742	
	P(18) = 0.03459937802856761		P(19) = 2.291062973482083e-06		P(20) = 4.182149632929455e-06	
	P(21) = 0		P(22) = 0.099		P(23) = 0	
	P(24) = 1.888707048314231e-06		P(25) = 6.501693176987067e-06		P(26) = 1.566753452232617e-06	
	P(27) = 0		P(28) = 0.099		P(29) = 7.558186374975739e-06	
	P(30) = 0.099		P(31) = 3.354908054913064e-06		P(32) = 0	
	P(33) = 0		P(34) = 1.248287080993227e-07		P(35) = 0.04569424315954974	
	P(36) = 1.281203093404099e-05		P(37) = 0.002212842811562095		P(38) = 0.099	
	P(39) = 4.551560870300064e-06		P(40) = 0		P(41) = 0	
	P(42) = 0.099		P(43) = 1.151837170490499e-06		P(44) = 0	
	P(45) = 0.003715199935484796		P(46) = 0.09446370706266383		P(47) = 1.200814222661328e-06	
	P(48) = 0		P(49) = 0		P(50) = 0.099	
	P(51) = 7.760475698587177e-07		P(52) = 0		P(53) = 0.099	
	P(54) = 0.09899401661108614		P(55) = 0		P(56) = 0	
	P(57) = 0		P(58) = 0.04469158220238664		P(59) = 5.048978048011188e-06	
	P(60) = 6.463183421304142e-07		P(61) = 0		P(62) = 6.68162761149893e-06	
	P(63) = 4.591715744017844e-07	
================================================================================

================================================================================

NUMBER OF ITERATIONS: 22

NUMBER OF OBJECTIVE FUNCTION EVALUATIONS: 1330

OBJECTIVE FUNCTION VALUE:
	F = 9.379775749169333

LAGRANGIAN MULTIPLIERS VALUES:

PENALTY FACTOR:

BEST POSITION:
	P(0) = 0.09899511984467683		P(1) = 7.306596022244038e-07		P(2) = 0	
	P(3) = 0		P(4) = 0.099		P(5) = 0	
	P(6) = 1.750309950435125e-06		P(7) = 0		P(8) = 0	
	P(9) = 8.000946243390261e-06		P(10) = 5.869591368293237e-07		P(11) = 0	
	P(12) = 0		P(13) = 0		P(14) = 0.099	
	P(15) = 0.06201031704308489		P(16) = 3.200248176023213e-06		P(17) = 0.05645361278139534	
	P(18) = 0.03229557238176836		P(19) = 0		P(20) = 4.070104703012001e-06	
	P(21) = 0		P(22) = 0.099		P(23) = 5.304263760080863e-06	
	P(24) = 0		P(25) = 0		P(26) = 0	
	P(27) = 0		P(28) = 0.09899489766037559		P(29) = 0	
	P(30) = 0.0989960647087286		P(31) = 0		P(32) = 0	
	P(33) = 0		P(34) = 3.300091934312077e-06		P(35) = 0.04591827704337385	
	P(36) = 8.599979373774547e-07		P(37) = 0.002369975320831441		P(38) = 0.099	
	P(39) = 1.246094235796136e-06		P(40) = 2.693503589709656e-06		P(41) = 0	
	P(42) = 0.099		P(43) = 4.008030464512646e-06		P(44) = 1.985316678068672e-07	
	P(45) = 0.004735631375212088		P(46) = 0.09625482940361903		P(47) = 2.273965487735452e-06	
	P(48) = 0		P(49) = 7.929714212033534e-06		P(50) = 0.09899488826670015	
	P(51) = 2.265874688385516e-06		P(52) = 8.225773280648441e-06		P(53) = 0.09899490205065545	
	P(54) = 0.09899891812835865		P(55) = 4.119944941087528e-06		P(56) = 4.613974495824846e-06	
	P(57) = 3.060974162596986e-06		P(58) = 0.04333972603444574		P(59) = 4.967938829397722e-06	
	P(60) = 6.615894435041403e-06		P(61) = 4.978007523512296e-06		P(62) = 0	
	P(63) = 0	
================================================================================

================================================================================

NUMBER OF ITERATIONS: 23

NUMBER OF OBJECTIVE FUNCTION EVALUATIONS: 1390

OBJECTIVE FUNCTION VALUE:
	F = 9.378646061382728

LAGRANGIAN MULTIPLIERS VALUES:

PENALTY FACTOR:

BEST POSITION:
	P(0) = 0.099		P(1) = 0		P(2) = 0	
	P(3) = 0		P(4) = 0.099		P(5) = 0	
	P(6) = 0		P(7) = 0		P(8) = 0	
	P(9) = 0		P(10) = 0		P(11) = 0	
	P(12) = 0		P(13) = 0		P(14) = 0.099	
	P(15) = 0.06415300934261566		P(16) = 0		P(17) = 0.0575299004577295	
	P(18) = 0.02788609579466388		P(19) = 0		P(20) = 0	
	P(21) = 0		P(22) = 0.099		P(23) = 0	
	P(24) = 0		P(25) = 0		P(26) = 0	
	P(27) = 0		P(28) = 0.099		P(29) = 0	
	P(30) = 0.099		P(31) = 0		P(32) = 0	
	P(33) = 0		P(34) = 0		P(35) = 0.04547684527901009	
	P(36) = 0		P(37) = 0.001879395327625343		P(38) = 0.099	
	P(39) = 0		P(40) = 1.55251235029602e-06		P(41) = 0	
	P(42) = 0.099		P(43) = 0		P(44) = 0	
	P(45) = 0.004715513995661662		P(46) = 0.09706711401938223		P(47) = 0	
	P(48) = 0		P(49) = 0		P(50) = 0.099	
	P(51) = 0		P(52) = 0		P(53) = 0.099	
	P(54) = 0.099		P(55) = 0		P(56) = 0	
	P(57) = 0		P(58) = 0.03730619514400264		P(59) = 0	
	P(60) = 0		P(61) = 0		P(62) = 0	
	P(63) = 0	
================================================================================

================================================================================

NUMBER OF ITERATIONS: 24

NUMBER OF OBJECTIVE FUNCTION EVALUATIONS: 1450

OBJECTIVE FUNCTION VALUE:
	F = 9.373681008672047

LAGRANGIAN MULTIPLIERS VALUES:

PENALTY FACTOR:

BEST POSITION:
	P(0) = 0.099		P(1) = 0		P(2) = 0	
	P(3) = 0		P(4) = 0.099		P(5) = 0	
	P(6) = 5.702926124465102e-07		P(7) = 0		P(8) = 0	
	P(9) = 0		P(10) = 0		P(11) = 0	
	P(12) = 0		P(13) = 0		P(14) = 0.099	
	P(15) = 0.06278072830010176		P(16) = 0		P(17) = 0.05756748522089246	
	P(18) = 0.02517912475424436		P(19) = 0		P(20) = 0	
	P(21) = 0		P(22) = 0.099		P(23) = 0	
	P(24) = 0		P(25) = 0		P(26) = 0	
	P(27) = 0		P(28) = 0.09899815378695659		P(29) = 0	
	P(30) = 0.099		P(31) = 0		P(32) = 0	
	P(33) = 0		P(34) = 0		P(35) = 0.04585499816694048	
	P(36) = 0		P(37) = 0.00207193904397944		P(38) = 0.099	
	P(39) = 2.96246843336373e-06		P(40) = 0		P(41) = 0	
	P(42) = 0.099		P(43) = 0		P(44) = 1.126542477782044e-06	
	P(45) = 0.004926571505914586		P(46) = 0.09684101634016487		P(47) = 0	
	P(48) = 0		P(49) = 0		P(50) = 0.099	
	P(51) = 0		P(52) = 0		P(53) = 0.099	
	P(54) = 0.099		P(55) = 0		P(56) = 0	
	P(57) = 0		P(58) = 0.04170170640696306		P(59) = 0	
	P(60) = 0		P(61) = 0		P(62) = 0	
	P(63) = 0	
================================================================================
