                                     ======================
                                        ALPSO 1.1 (Serial)
                                     ======================

Parameters:
-------------------------------------------------------------------------------------------------
Swarmsize           :       10    MaxOuterIters     :      200    Seed:       1518225402.07552099
Cognitive Parameter :    2.000    MaxInnerIters     :        6    Scaling            :          1
Social Parameter    :    1.000    MinInnerIters     :        6    Stopping Criteria  :          1
Initial Weight      :    0.990    DynInnerIters     :        0    Number of Failures :         15
Final Weight        :    0.550    StoppingIters     :        5    Number of Successes:          5

Absolute Tolerance  : 1.00e-02    Number Initial Pos:        0    Neighbourhood Model:      gbest
Relative Tolerance  : 1.00e-02    Initial Velocity  :        1    Neighbourhood Size :         40
Inequality Tolerance: 1.00e-03    Maximum Velocity  :        2    Selfless           :          1
Equality Tolerance  : 1.00e-03    Craziness Velocity: 1.00e-04    Fileout            :          1
Global Distance     : 1.00e-01    Initial Penalty   :     1.00    File Name          :  ALPSO.out
-------------------------------------------------------------------------------------------------


================================================================================

NUMBER OF ITERATIONS: 1

NUMBER OF OBJECTIVE FUNCTION EVALUATIONS: 70

OBJECTIVE FUNCTION VALUE:
	F = 33.25254331477426

LAGRANGIAN MULTIPLIERS VALUES:

PENALTY FACTOR:

BEST POSITION:
	P(0) = 0.06272410042382458		P(1) = 0.006348359124162463		P(2) = 0.03545568512699779	
	P(3) = 0.01831833246721647		P(4) = 0.02900353169459748		P(5) = 0.01843880385016922	
	P(6) = 0.08493635717407533		P(7) = 0.04148698932221011		P(8) = 0.099	
	P(9) = 0.04596071147381901		P(10) = 0.06433226831371704		P(11) = 0.07760507379911143	
	P(12) = 0.06935830740048687		P(13) = 0		P(14) = 0.09508161903642864	
	P(15) = 0.09453803292413243		P(16) = 0		P(17) = 0.05811636669838306	
	P(18) = 0.0809122045715648		P(19) = 0		P(20) = 0	
	P(21) = 0.07189308971825159		P(22) = 0.06478964138680529		P(23) = 0.09332535356494934	
	P(24) = 0.01843556657558995		P(25) = 0.02039353664037627		P(26) = 0.05148987917783579	
	P(27) = 0.00824710659522588		P(28) = 0.06859054590420505		P(29) = 0	
	P(30) = 0.09425317534632688		P(31) = 0.05178398343125062		P(32) = 0.0989026747026463	
	P(33) = 0.02367046428961402		P(34) = 0.099		P(35) = 0.06273534917839392	
	P(36) = 0.05685351936001822		P(37) = 0.009123742902816409		P(38) = 0.08761326373164185	
	P(39) = 0.05372431233049409		P(40) = 0.06783689019151742		P(41) = 0.099	
	P(42) = 0.04875279300206615		P(43) = 0.07629078783582782		P(44) = 0.06828591771991249	
	P(45) = 0.07858137262441106		P(46) = 0.05874508601899205		P(47) = 0.08855098574646748	
	P(48) = 0.07181674601974339		P(49) = 0.0391865958928358		P(50) = 0.03811972629173487	
	P(51) = 0.02283702707688652		P(52) = 0.09594489401945994		P(53) = 0	
	P(54) = 0.099		P(55) = 0.02951272899080778		P(56) = 0.09168696714829022	
	P(57) = 0.06858574093148001		P(58) = 0.004679238413744305		P(59) = 0	
	P(60) = 0.09329032314874647		P(61) = 0.05594882084088862		P(62) = 0	
	P(63) = 0.04121261535106018	
================================================================================

================================================================================

NUMBER OF ITERATIONS: 2

NUMBER OF OBJECTIVE FUNCTION EVALUATIONS: 130

OBJECTIVE FUNCTION VALUE:
	F = 32.78248491895907

LAGRANGIAN MULTIPLIERS VALUES:

PENALTY FACTOR:

BEST POSITION:
	P(0) = 0.04216502422703995		P(1) = 0.002339503924259967		P(2) = 0.04749082818582985	
	P(3) = 0.01036658776296662		P(4) = 0.02846654220005938		P(5) = 0.00286355762076148	
	P(6) = 0.0670600112650733		P(7) = 0.02147215642506723		P(8) = 0.099	
	P(9) = 0.0533779287226286		P(10) = 0.05333471804370499		P(11) = 0.06333170820710717	
	P(12) = 0.05622927437917465		P(13) = 0		P(14) = 0.07185518375126328	
	P(15) = 0.09843028276142771		P(16) = 0.004429917821287113		P(17) = 0.06203576782294	
	P(18) = 0.08612212111412682		P(19) = 0.0005481854615465159		P(20) = 0	
	P(21) = 0.08183920684713951		P(22) = 0.05572525721451582		P(23) = 0.08263277470247102	
	P(24) = 0.01095376103119352		P(25) = 0.02657378106693409		P(26) = 0.05664336197247424	
	P(27) = 0.001839638296080318		P(28) = 0.05997381192425139		P(29) = 0	
	P(30) = 0.09164309362657538		P(31) = 0.06845656536470857		P(32) = 0.09611698162132193	
	P(33) = 0.04352183283732398		P(34) = 0.09070004805906666		P(35) = 0.068616205975199	
	P(36) = 0.06021843490600548		P(37) = 0.001463866419020854		P(38) = 0.09749412955426864	
	P(39) = 0.05987341326081402		P(40) = 0.06325352499508992		P(41) = 0.099	
	P(42) = 0.009089382025801861		P(43) = 0.076446319815251		P(44) = 0.07413113490342381	
	P(45) = 0.08066737497003532		P(46) = 0.07021687909648011		P(47) = 0.09021719888107949	
	P(48) = 0.08365391938064232		P(49) = 0.02804316988908414		P(50) = 0.03310821997116091	
	P(51) = 0.0199642116340762		P(52) = 0.0932354936438519		P(53) = 0	
	P(54) = 0.099		P(55) = 0.04313474479334727		P(56) = 0	
	P(57) = 0.05642396739518957		P(58) = 0.002881547881768212		P(59) = 0	
	P(60) = 0.09450336716793681		P(61) = 0.04695917194471642		P(62) = 0.0009972741244883981	
	P(63) = 0.04074307877708042	
================================================================================

================================================================================

NUMBER OF ITERATIONS: 3

NUMBER OF OBJECTIVE FUNCTION EVALUATIONS: 190

OBJECTIVE FUNCTION VALUE:
	F = 32.32920980297756

LAGRANGIAN MULTIPLIERS VALUES:

PENALTY FACTOR:

BEST POSITION:
	P(0) = 0.04125551391699461		P(1) = 0.003533422259261745		P(2) = 0.04871776468792846	
	P(3) = 0.01194316876179164		P(4) = 0.02635167591541704		P(5) = 0.01127025801163045	
	P(6) = 0.07003381280835103		P(7) = 0.04385208638723533		P(8) = 0.099	
	P(9) = 0.05023251565934314		P(10) = 0.05051142993735382		P(11) = 0.06139695459745696	
	P(12) = 0.05154800338748755		P(13) = 0		P(14) = 0.08087900710126235	
	P(15) = 0.09349036021623697		P(16) = 0.01486052485995087		P(17) = 0.06454709269703432	
	P(18) = 0.08492668825704512		P(19) = 0.000619176476557376		P(20) = 0.02240226585217572	
	P(21) = 0.07648740265265705		P(22) = 0.0569496376562013		P(23) = 0.08239648212451256	
	P(24) = 0.009369651594309691		P(25) = 0.01992508054739226		P(26) = 0.02976355617873374	
	P(27) = 0.0008752430214733972		P(28) = 0.06023634903451255		P(29) = 0	
	P(30) = 0.09347433077057124		P(31) = 0.05080885527898704		P(32) = 0.0952199330280349	
	P(33) = 0.06489393943119602		P(34) = 0.09738520039563127		P(35) = 0.06828292857129352	
	P(36) = 0.06879005193781874		P(37) = 0.02393034567275956		P(38) = 0.09119418622792347	
	P(39) = 0.04180078922330727		P(40) = 0.06413119698978788		P(41) = 0.099	
	P(42) = 0.0255953596148049		P(43) = 0.05732427704568093		P(44) = 0.07354089370188238	
	P(45) = 0.07785344793370809		P(46) = 0.05479630038936789		P(47) = 0.08830253408714712	
	P(48) = 0.07709986323155585		P(49) = 0.04666263299480846		P(50) = 0.02198092954561182	
	P(51) = 0.01891744305465989		P(52) = 0.09557721296907587		P(53) = 0	
	P(54) = 0.099		P(55) = 0.03625034685498849		P(56) = 0	
	P(57) = 0.06116223735967165		P(58) = 0.003432261886957548		P(59) = 0	
	P(60) = 0.07500169994754464		P(61) = 0.06500651285222345		P(62) = 0.0001274711349015731	
	P(63) = 0.04289153165264982	
================================================================================

================================================================================

NUMBER OF ITERATIONS: 4

NUMBER OF OBJECTIVE FUNCTION EVALUATIONS: 250

OBJECTIVE FUNCTION VALUE:
	F = 32.00344034038965

LAGRANGIAN MULTIPLIERS VALUES:

PENALTY FACTOR:

BEST POSITION:
	P(0) = 0.04079866894802605		P(1) = 0.0006583189463064826		P(2) = 0.03293357796765987	
	P(3) = 0.01502884025884989		P(4) = 0.0276239858082513		P(5) = 0.009842485444906693	
	P(6) = 0.06577300325790512		P(7) = 0.04697197689958885		P(8) = 0.09899730449816525	
	P(9) = 0.05766047300953092		P(10) = 0.05083495077865401		P(11) = 0.06633453074914897	
	P(12) = 0.04631824997685827		P(13) = 5.5708956349515e-06		P(14) = 0.08417742719108749	
	P(15) = 0.05881226187897809		P(16) = 0.01358965692601248		P(17) = 0.05866619818923689	
	P(18) = 0.08405109959888885		P(19) = 0		P(20) = 0.002993131592830718	
	P(21) = 0.07606860612890966		P(22) = 0.05078710071594653		P(23) = 0.09578193910010858	
	P(24) = 0		P(25) = 0.01453575905552167		P(26) = 0.08186640319601657	
	P(27) = 0.000812365819609237		P(28) = 0.06691019300564116		P(29) = 0	
	P(30) = 0.09225200588081742		P(31) = 0.08898068936286224		P(32) = 0.099	
	P(33) = 0.05643550953035674		P(34) = 0.09328964567565948		P(35) = 0.0696054221740622	
	P(36) = 0.06527142180178572		P(37) = 0.03139193575331004		P(38) = 0.099	
	P(39) = 0.05270155131526214		P(40) = 0.0528599086684242		P(41) = 0.09899932996170935	
	P(42) = 0.0270182624902213		P(43) = 0.04070826053248797		P(44) = 0.06628051916265934	
	P(45) = 0.07534828664367758		P(46) = 0.06224996022284726		P(47) = 0.08489480822472203	
	P(48) = 0.08228613667970852		P(49) = 0.0423674128411512		P(50) = 0.03388230000657024	
	P(51) = 0.007086776722019003		P(52) = 0.09134629421627957		P(53) = 1.59065631159111e-06	
	P(54) = 0.09899547805507597		P(55) = 0.03062808946444815		P(56) = 0.009557719949724666	
	P(57) = 0.0547160014253594		P(58) = 0.002584397980571126		P(59) = 0	
	P(60) = 0.06837275790223232		P(61) = 0.06777085052081733		P(62) = 0.0001160349482915921	
	P(63) = 0.0626987331538717	
================================================================================

================================================================================

NUMBER OF ITERATIONS: 5

NUMBER OF OBJECTIVE FUNCTION EVALUATIONS: 310

OBJECTIVE FUNCTION VALUE:
	F = 31.85343230545121

LAGRANGIAN MULTIPLIERS VALUES:

PENALTY FACTOR:

BEST POSITION:
	P(0) = 0.03499403748636212		P(1) = 0		P(2) = 0.03406451902733464	
	P(3) = 0.01510173057937433		P(4) = 0.03288695791392098		P(5) = 0.007606663108411453	
	P(6) = 0.07481760817715503		P(7) = 0.04752202853277794		P(8) = 0.099	
	P(9) = 0.0600813219564986		P(10) = 0.05114066053630008		P(11) = 0.06407289214927406	
	P(12) = 0.03886132221361854		P(13) = 0		P(14) = 0.08351961695725857	
	P(15) = 0.07513765353589814		P(16) = 0.01356647359291271		P(17) = 0.05319577371124237	
	P(18) = 0.07658427437872867		P(19) = 0		P(20) = 0.003057378548489517	
	P(21) = 0.07307904187144725		P(22) = 0.07800474357759077		P(23) = 0.09535877255470078	
	P(24) = 0		P(25) = 0.006202997228896334		P(26) = 0.08544792928725378	
	P(27) = 0.000902395245005648		P(28) = 0.05904400517293089		P(29) = 0	
	P(30) = 0.09628572903282212		P(31) = 0.0647143446833936		P(32) = 0.099	
	P(33) = 0.05764636397951431		P(34) = 0.09348966958652821		P(35) = 0.05867933761639636	
	P(36) = 0.06945197316588472		P(37) = 0.02960846007838188		P(38) = 0.099	
	P(39) = 0.04776030683535133		P(40) = 0.05204762608021535		P(41) = 0.099	
	P(42) = 0.03240442438246745		P(43) = 0.04438776157979624		P(44) = 0.06309307175399496	
	P(45) = 0.07513625151145516		P(46) = 0.05902799717975953		P(47) = 0.08676139965474006	
	P(48) = 0.08257221574171994		P(49) = 0.04000891074470858		P(50) = 0.02729806518943346	
	P(51) = 0.006576792706697976		P(52) = 0.09128291556628532		P(53) = 0	
	P(54) = 0.099		P(55) = 0.029623509875595		P(56) = 0.003961603567331259	
	P(57) = 0.05477089367896693		P(58) = 0.001864062970333674		P(59) = 0	
	P(60) = 0.08106397761595127		P(61) = 0.07124802532366672		P(62) = 4.18152878278108e-05	
	P(63) = 0.06736105932828206	
================================================================================

================================================================================

NUMBER OF ITERATIONS: 6

NUMBER OF OBJECTIVE FUNCTION EVALUATIONS: 370

OBJECTIVE FUNCTION VALUE:
	F = 25.44864182051295

LAGRANGIAN MULTIPLIERS VALUES:

PENALTY FACTOR:

BEST POSITION:
	P(0) = 0.03761803327044112		P(1) = 0.0008531290580046091		P(2) = 0.03429607735727401	
	P(3) = 0.01556708726766234		P(4) = 0.0282705037186233		P(5) = 0.008428586029414244	
	P(6) = 0.07513386322888253		P(7) = 0.04503168190448754		P(8) = 0.099	
	P(9) = 0.05919192690642854		P(10) = 0.05194578618340184		P(11) = 0.06736115108065707	
	P(12) = 0.08561978504737022		P(13) = 0		P(14) = 0.08803882818183828	
	P(15) = 0.07162229266796787		P(16) = 0.01339759223656124		P(17) = 0.05920256716746845	
	P(18) = 0.08957255007226603		P(19) = 0		P(20) = 0.001740582567312986	
	P(21) = 0.0777332053397623		P(22) = 0.0936320298662358		P(23) = 0.09776475753512595	
	P(24) = 0		P(25) = 0.005779676290439746		P(26) = 0.09392892683473458	
	P(27) = 0.000337597394941512		P(28) = 0.02938091253428808		P(29) = 0	
	P(30) = 0.09562425354712599		P(31) = 0.07118673312510525		P(32) = 0.099	
	P(33) = 0.06121744031934421		P(34) = 0.09177880143394143		P(35) = 0.06803794214188486	
	P(36) = 0.06776147783162934		P(37) = 0.03312609210893726		P(38) = 0.09523545010337711	
	P(39) = 0.04521752149447657		P(40) = 0.02818882825859262		P(41) = 0.09683900450181288	
	P(42) = 0.03328513193258643		P(43) = 0.04093634250416258		P(44) = 0.06923643494888958	
	P(45) = 0.09638688702765068		P(46) = 0.05587212980940545		P(47) = 0.08534110421672826	
	P(48) = 0.07999349987974919		P(49) = 0.04578693533678106		P(50) = 0.03034495381441836	
	P(51) = 0.005412472506291545		P(52) = 0.09155332616247724		P(53) = 0	
	P(54) = 0.099		P(55) = 0.03075413535110134		P(56) = 0.01289042025420558	
	P(57) = 0.07928742925985051		P(58) = 0.004442729023846674		P(59) = 0	
	P(60) = 0.07334833246019119		P(61) = 0.06837025870701577		P(62) = 8.836012642129965e-05	
	P(63) = 0.05173590711317524	
================================================================================

================================================================================

NUMBER OF ITERATIONS: 7

NUMBER OF OBJECTIVE FUNCTION EVALUATIONS: 430

OBJECTIVE FUNCTION VALUE:
	F = 25.99555989015161

LAGRANGIAN MULTIPLIERS VALUES:

PENALTY FACTOR:

BEST POSITION:
	P(0) = 0.03353159410936388		P(1) = 0.0007428073427834248		P(2) = 0.03529321047014472	
	P(3) = 0.0168207701588036		P(4) = 0.02594809648952068		P(5) = 0.006788305993755656	
	P(6) = 0.06848123577993452		P(7) = 0.04510019090059574		P(8) = 0.099	
	P(9) = 0.05319635558713763		P(10) = 0.05238910512979478		P(11) = 0.06690604638816122	
	P(12) = 0.06073951370964442		P(13) = 0		P(14) = 0.08430291374435459	
	P(15) = 0.07156706437574085		P(16) = 0.01286418503839716		P(17) = 0.06520679929896069	
	P(18) = 0.08290089990354367		P(19) = 0		P(20) = 0.002338909539221667	
	P(21) = 0.0761739452343002		P(22) = 0.09251887713593296		P(23) = 0.0957025366200375	
	P(24) = 0		P(25) = 0.01059424668018027		P(26) = 0.08572064954886258	
	P(27) = 0.0008673279273102297		P(28) = 0.0560648388979299		P(29) = 1.026746723732652e-06	
	P(30) = 0.09601491676470643		P(31) = 0.06720294962767676		P(32) = 0.09719582101491521	
	P(33) = 0.06047015340662217		P(34) = 0.09631850700298071		P(35) = 0.05830228767422235	
	P(36) = 0.08706520197540552		P(37) = 0.03387279179423208		P(38) = 0.099	
	P(39) = 0.03733212988073813		P(40) = 0.02743275689771166		P(41) = 0.0968414935378322	
	P(42) = 0.03574160921382161		P(43) = 0.03052445808026094		P(44) = 0.06426005844862218	
	P(45) = 0.09145412177157744		P(46) = 0.05797395460055264		P(47) = 0.08811821660529687	
	P(48) = 0.0812066680994788		P(49) = 0.04645044015173694		P(50) = 0.02594197561757518	
	P(51) = 0.008871839542603809		P(52) = 0.09152134416524828		P(53) = 1.169585599404555e-06	
	P(54) = 0.09899784520565207		P(55) = 0.03080190112658202		P(56) = 0.00647182308432559	
	P(57) = 0.0732235227951793		P(58) = 0.003860293307877703		P(59) = 0	
	P(60) = 0.07393552507884461		P(61) = 0.07683873175378721		P(62) = 5.955105290121609e-05	
	P(63) = 0.06514329216860923	
================================================================================

================================================================================

NUMBER OF ITERATIONS: 8

NUMBER OF OBJECTIVE FUNCTION EVALUATIONS: 490

OBJECTIVE FUNCTION VALUE:
	F = 25.48865103807036

LAGRANGIAN MULTIPLIERS VALUES:

PENALTY FACTOR:

BEST POSITION:
	P(0) = 0.03208441496368908		P(1) = 0.0007845559703577656		P(2) = 0.03470796020652007	
	P(3) = 0.01554169211267616		P(4) = 0.02724729685116314		P(5) = 0.006687521949073939	
	P(6) = 0.07056640296451011		P(7) = 0.04497925204116203		P(8) = 0.099	
	P(9) = 0.05857994443707065		P(10) = 0.05284801647179058		P(11) = 0.06681644956786877	
	P(12) = 0.0554728282837884		P(13) = 9.902256314857361e-06		P(14) = 0.08587034455582224	
	P(15) = 0.08666372756418894		P(16) = 0.01243993307999835		P(17) = 0.06464955258699756	
	P(18) = 0.08602131234576879		P(19) = 3.666401641802541e-06		P(20) = 0.001930311585750223	
	P(21) = 0.07622315074546783		P(22) = 0.09276061237503846		P(23) = 0.09637436552606857	
	P(24) = 0.0004523579443953263		P(25) = 0.005077137883758215		P(26) = 0.08264794065434514	
	P(27) = 0.0005908822342440834		P(28) = 0.04755019379805283		P(29) = 0	
	P(30) = 0.09598297159107153		P(31) = 0.06764893436151896		P(32) = 0.099	
	P(33) = 0.05846627798928392		P(34) = 0.09585252764775251		P(35) = 0.07229682062905013	
	P(36) = 0.04829831889939742		P(37) = 0.03519834984364388		P(38) = 0.09871208048451811	
	P(39) = 0.0285696060601906		P(40) = 0.05140812095197155		P(41) = 0.09698246172096792	
	P(42) = 0.03716284891266875		P(43) = 0.02838122482696862		P(44) = 0.06695148793649196	
	P(45) = 0.09091234078348179		P(46) = 0.05851811341292731		P(47) = 0.08596310097125305	
	P(48) = 0.07988389147713369		P(49) = 0.04581349098687444		P(50) = 0.02709507110697667	
	P(51) = 0.003973096589194106		P(52) = 0.09179157285942846		P(53) = 3.311984292715675e-06	
	P(54) = 0.099		P(55) = 0.03074760801436986		P(56) = 0.003481397293805762	
	P(57) = 0.07159797978740443		P(58) = 0.005448028591113672		P(59) = 6.701176455112257e-06	
	P(60) = 0.07196279164758591		P(61) = 0.07272578860245348		P(62) = 2.963724851511029e-05	
	P(63) = 0.05212575473229965	
================================================================================

================================================================================

NUMBER OF ITERATIONS: 9

NUMBER OF OBJECTIVE FUNCTION EVALUATIONS: 550

OBJECTIVE FUNCTION VALUE:
	F = 22.98227821838364

LAGRANGIAN MULTIPLIERS VALUES:

PENALTY FACTOR:

BEST POSITION:
	P(0) = 0.03546703364039833		P(1) = 0.0007288084520918683		P(2) = 0.03747067984613946	
	P(3) = 0.01562872324068984		P(4) = 0.03087973970283703		P(5) = 0.006601190280258261	
	P(6) = 0.02941210535548782		P(7) = 0.04390524115204823		P(8) = 0.099	
	P(9) = 0.08020416896981497		P(10) = 0.06422050648510612		P(11) = 0.05669935726291551	
	P(12) = 0.06898339690817459		P(13) = 0		P(14) = 0.08199842547639655	
	P(15) = 0.0847995433232307		P(16) = 0.01234478620861896		P(17) = 0.06658495013584939	
	P(18) = 0.0951169959012812		P(19) = 0		P(20) = 0.001762488876664893	
	P(21) = 0.01918250251177999		P(22) = 0.08799751841969924		P(23) = 0.09662074818018801	
	P(24) = 0.0004151296458036954		P(25) = 0.005508805338558548		P(26) = 0.08332353523637126	
	P(27) = 0.000391423985576296		P(28) = 0.05059064295469758		P(29) = 4.116521008581953e-07	
	P(30) = 0.09596318910829731		P(31) = 0.06935917394101353		P(32) = 0.099	
	P(33) = 0.05970401851675632		P(34) = 0.09496710045382088		P(35) = 0.06512803620730248	
	P(36) = 0.099		P(37) = 0.03540084786686709		P(38) = 0.09894501275792714	
	P(39) = 0.02325999208635843		P(40) = 0.03663103194469205		P(41) = 0.09708352392092989	
	P(42) = 0.04884419603129751		P(43) = 0.02483283110301626		P(44) = 0.06384180057947227	
	P(45) = 0.09424435864175242		P(46) = 0.07807661922552518		P(47) = 0.08332694107426772	
	P(48) = 0.08319864997099177		P(49) = 0.04626055834881698		P(50) = 0.02374489922016957	
	P(51) = 0.008590180964071159		P(52) = 0.099		P(53) = 1.881958426243335e-06	
	P(54) = 0.099		P(55) = 0.03640825684233041		P(56) = 0	
	P(57) = 0.0671308967503107		P(58) = 0.006200757410611726		P(59) = 0	
	P(60) = 0.07158700506664413		P(61) = 0.07261346832762021		P(62) = 9.969689606544041e-06	
	P(63) = 0.04494685878532368	
================================================================================
